2017-12-18 02:10:05,645 DEBUG [main] e.p.w.d.DistributionLoader - Scanning for distributions with BundledDistributionScanner
2017-12-18 02:10:05,648 DEBUG [main] e.p.w.d.b.BundledDistributionScanner - Determined bundled distribution: version 17.11.28.5587 path plumbr-agent-17.11.28.5587.jar.
2017-12-18 02:10:05,648 DEBUG [main] e.p.w.d.b.BundledDistributionScanner - Bundled distribution JAR present in classpath.
2017-12-18 02:10:05,648 DEBUG [main] e.p.w.d.DistributionRegistry - Builder for version 17.11.28.5587 created.
2017-12-18 02:10:05,649 DEBUG [main] e.p.w.d.DistributionBuilder - Assigned bundled distribution BundledDistribution{version=17.11.28.5587,path=/plumbr-agent-17.11.28.5587.jar,hash=f801c4d660b0707ada9743ed0f0ca703b8b5382dd5a10d8918af9e8493394d52}.
2017-12-18 02:10:05,649 DEBUG [main] e.p.w.d.DistributionLoader - Scanning for distributions with ExtractedDistributionScanner
2017-12-18 02:10:05,649 DEBUG [main] e.p.w.d.DistributionLoader - Version to use is not explicitly specified, choosing latest valid version.
2017-12-18 02:10:05,649 DEBUG [main] e.p.w.d.DistributionRegistry - Choosing latest version among 1 detected versions.
2017-12-18 02:10:05,650 DEBUG [main] e.p.w.d.DistributionRegistry - Attempting to prepare version 17.11.28.5587.
2017-12-18 02:10:05,650 DEBUG [main] e.p.w.d.DistributionBuilder - Extracting bundled distribution BundledDistribution{version=17.11.28.5587,path=/plumbr-agent-17.11.28.5587.jar,hash=f801c4d660b0707ada9743ed0f0ca703b8b5382dd5a10d8918af9e8493394d52}.
2017-12-18 02:10:05,697 DEBUG [main] e.p.w.d.e.DistributionValidator - Validation file does not exist, not performing weak validation.
2017-12-18 02:10:05,697 DEBUG [main] e.p.w.d.e.DistributionValidator - Performing strong validation on BundledDistribution{version=17.11.28.5587,jarLocation=/home/gunjan/Immovables/plumbr/plumbr/version-17.11.28.5587/plumbr-agent.jar,hash=f801c4d660b0707ada9743ed0f0ca703b8b5382dd5a10d8918af9e8493394d52}
2017-12-18 02:10:15,999 DEBUG [main] e.p.w.d.e.DistributionValidator - Distribution BundledDistribution{version=17.11.28.5587,jarLocation=/home/gunjan/Immovables/plumbr/plumbr/version-17.11.28.5587/plumbr-agent.jar,hash=f801c4d660b0707ada9743ed0f0ca703b8b5382dd5a10d8918af9e8493394d52} is valid (strong validation).
2017-12-18 02:10:16,007 DEBUG [main] e.p.w.d.DistributionBuilder - Bundled distribution BundledDistribution{version=17.11.28.5587,path=/plumbr-agent-17.11.28.5587.jar,hash=f801c4d660b0707ada9743ed0f0ca703b8b5382dd5a10d8918af9e8493394d52} validation successful.
2017-12-18 02:10:16,007 INFO  [main] eu.plumbr.wrapper.AgentEntryPoint - Selected extracted distribution BundledDistribution{version=17.11.28.5587,jarLocation=/home/gunjan/Immovables/plumbr/plumbr/version-17.11.28.5587/plumbr-agent.jar,hash=f801c4d660b0707ada9743ed0f0ca703b8b5382dd5a10d8918af9e8493394d52}.
2017-12-18 02:10:16,008 DEBUG [main] eu.plumbr.wrapper.AgentEntryPoint - System property sun.boot.class.path set to: /usr/lib/jvm/java-8-jdk/jre/lib/resources.jar:/usr/lib/jvm/java-8-jdk/jre/lib/rt.jar:/usr/lib/jvm/java-8-jdk/jre/lib/sunrsasign.jar:/usr/lib/jvm/java-8-jdk/jre/lib/jsse.jar:/usr/lib/jvm/java-8-jdk/jre/lib/jce.jar:/usr/lib/jvm/java-8-jdk/jre/lib/charsets.jar:/usr/lib/jvm/java-8-jdk/jre/lib/jfr.jar:/usr/lib/jvm/java-8-jdk/jre/classes:/home/gunjan/Immovables/plumbr/plumbr/plumbr.jar:/home/gunjan/Immovables/plumbr/plumbr/version-17.11.28.5587/plumbr-agent.jar
2017-12-18 02:10:16,009 DEBUG [main] eu.plumbr.wrapper.AgentEntryPoint - Added agent JAR to launcher boot class path.
2017-12-18 02:10:16,009 DEBUG [main] eu.plumbr.wrapper.AgentEntryPoint - System classloader is sun.misc.Launcher$AppClassLoader@18b4aac2 (an instance of class sun.misc.Launcher$AppClassLoader)
2017-12-18 02:10:25,491 INFO  [main] eu.plumbr.wrapper.AgentEntryPoint - Synchronous agent bootstrap finished.
2017-12-18 02:11:13,959 DEBUG [main] e.p.w.d.DistributionLoader - Scanning for distributions with BundledDistributionScanner
2017-12-18 02:11:13,961 DEBUG [main] e.p.w.d.b.BundledDistributionScanner - Determined bundled distribution: version 17.11.28.5587 path plumbr-agent-17.11.28.5587.jar.
2017-12-18 02:11:13,962 DEBUG [main] e.p.w.d.b.BundledDistributionScanner - Bundled distribution JAR present in classpath.
2017-12-18 02:11:13,962 DEBUG [main] e.p.w.d.DistributionRegistry - Builder for version 17.11.28.5587 created.
2017-12-18 02:11:13,962 DEBUG [main] e.p.w.d.DistributionBuilder - Assigned bundled distribution BundledDistribution{version=17.11.28.5587,path=/plumbr-agent-17.11.28.5587.jar,hash=f801c4d660b0707ada9743ed0f0ca703b8b5382dd5a10d8918af9e8493394d52}.
2017-12-18 02:11:13,963 DEBUG [main] e.p.w.d.DistributionLoader - Scanning for distributions with ExtractedDistributionScanner
2017-12-18 02:11:13,963 DEBUG [main] e.p.w.d.DistributionBuilder - Assigned extracted distribution BundledDistribution{version=17.11.28.5587,jarLocation=/home/gunjan/Immovables/plumbr/plumbr/version-17.11.28.5587/plumbr-agent.jar,hash=f801c4d660b0707ada9743ed0f0ca703b8b5382dd5a10d8918af9e8493394d52}.
2017-12-18 02:11:13,963 DEBUG [main] e.p.w.d.DistributionLoader - Version to use is not explicitly specified, choosing latest valid version.
2017-12-18 02:11:13,964 DEBUG [main] e.p.w.d.DistributionRegistry - Choosing latest version among 1 detected versions.
2017-12-18 02:11:13,964 DEBUG [main] e.p.w.d.DistributionRegistry - Attempting to prepare version 17.11.28.5587.
2017-12-18 02:11:13,968 DEBUG [main] e.p.w.d.e.DistributionValidator - Distribution BundledDistribution{version=17.11.28.5587,jarLocation=/home/gunjan/Immovables/plumbr/plumbr/version-17.11.28.5587/plumbr-agent.jar,hash=f801c4d660b0707ada9743ed0f0ca703b8b5382dd5a10d8918af9e8493394d52} is valid (weak validation).
2017-12-18 02:11:13,968 INFO  [main] eu.plumbr.wrapper.AgentEntryPoint - Selected extracted distribution BundledDistribution{version=17.11.28.5587,jarLocation=/home/gunjan/Immovables/plumbr/plumbr/version-17.11.28.5587/plumbr-agent.jar,hash=f801c4d660b0707ada9743ed0f0ca703b8b5382dd5a10d8918af9e8493394d52}.
2017-12-18 02:11:13,969 DEBUG [main] eu.plumbr.wrapper.AgentEntryPoint - System property sun.boot.class.path set to: /usr/lib/jvm/java-8-jdk/jre/lib/resources.jar:/usr/lib/jvm/java-8-jdk/jre/lib/rt.jar:/usr/lib/jvm/java-8-jdk/jre/lib/sunrsasign.jar:/usr/lib/jvm/java-8-jdk/jre/lib/jsse.jar:/usr/lib/jvm/java-8-jdk/jre/lib/jce.jar:/usr/lib/jvm/java-8-jdk/jre/lib/charsets.jar:/usr/lib/jvm/java-8-jdk/jre/lib/jfr.jar:/usr/lib/jvm/java-8-jdk/jre/classes:/home/gunjan/Immovables/plumbr/plumbr/plumbr.jar:/home/gunjan/Immovables/plumbr/plumbr/version-17.11.28.5587/plumbr-agent.jar
2017-12-18 02:11:13,972 DEBUG [main] eu.plumbr.wrapper.AgentEntryPoint - Added agent JAR to launcher boot class path.
2017-12-18 02:11:13,973 DEBUG [main] eu.plumbr.wrapper.AgentEntryPoint - System classloader is sun.misc.Launcher$AppClassLoader@18b4aac2 (an instance of class sun.misc.Launcher$AppClassLoader)
2017-12-18 02:11:23,817 INFO  [main] eu.plumbr.wrapper.AgentEntryPoint - Synchronous agent bootstrap finished.
2017-12-18 02:17:28,757 DEBUG [main] e.p.w.d.DistributionLoader - Scanning for distributions with BundledDistributionScanner
2017-12-18 02:17:28,759 DEBUG [main] e.p.w.d.b.BundledDistributionScanner - Determined bundled distribution: version 17.11.28.5587 path plumbr-agent-17.11.28.5587.jar.
2017-12-18 02:17:28,759 DEBUG [main] e.p.w.d.b.BundledDistributionScanner - Bundled distribution JAR present in classpath.
2017-12-18 02:17:28,759 DEBUG [main] e.p.w.d.DistributionRegistry - Builder for version 17.11.28.5587 created.
2017-12-18 02:17:28,760 DEBUG [main] e.p.w.d.DistributionBuilder - Assigned bundled distribution BundledDistribution{version=17.11.28.5587,path=/plumbr-agent-17.11.28.5587.jar,hash=f801c4d660b0707ada9743ed0f0ca703b8b5382dd5a10d8918af9e8493394d52}.
2017-12-18 02:17:28,760 DEBUG [main] e.p.w.d.DistributionLoader - Scanning for distributions with ExtractedDistributionScanner
2017-12-18 02:17:28,761 DEBUG [main] e.p.w.d.DistributionBuilder - Assigned extracted distribution BundledDistribution{version=17.11.28.5587,jarLocation=/home/gunjan/Immovables/plumbr/plumbr/version-17.11.28.5587/plumbr-agent.jar,hash=f801c4d660b0707ada9743ed0f0ca703b8b5382dd5a10d8918af9e8493394d52}.
2017-12-18 02:17:28,761 DEBUG [main] e.p.w.d.DistributionLoader - Version to use is not explicitly specified, choosing latest valid version.
2017-12-18 02:17:28,761 DEBUG [main] e.p.w.d.DistributionRegistry - Choosing latest version among 1 detected versions.
2017-12-18 02:17:28,761 DEBUG [main] e.p.w.d.DistributionRegistry - Attempting to prepare version 17.11.28.5587.
2017-12-18 02:17:28,765 DEBUG [main] e.p.w.d.e.DistributionValidator - Distribution BundledDistribution{version=17.11.28.5587,jarLocation=/home/gunjan/Immovables/plumbr/plumbr/version-17.11.28.5587/plumbr-agent.jar,hash=f801c4d660b0707ada9743ed0f0ca703b8b5382dd5a10d8918af9e8493394d52} is valid (weak validation).
2017-12-18 02:17:28,765 INFO  [main] eu.plumbr.wrapper.AgentEntryPoint - Selected extracted distribution BundledDistribution{version=17.11.28.5587,jarLocation=/home/gunjan/Immovables/plumbr/plumbr/version-17.11.28.5587/plumbr-agent.jar,hash=f801c4d660b0707ada9743ed0f0ca703b8b5382dd5a10d8918af9e8493394d52}.
2017-12-18 02:17:28,767 DEBUG [main] eu.plumbr.wrapper.AgentEntryPoint - System property sun.boot.class.path set to: /usr/lib/jvm/java-8-jdk/jre/lib/resources.jar:/usr/lib/jvm/java-8-jdk/jre/lib/rt.jar:/usr/lib/jvm/java-8-jdk/jre/lib/sunrsasign.jar:/usr/lib/jvm/java-8-jdk/jre/lib/jsse.jar:/usr/lib/jvm/java-8-jdk/jre/lib/jce.jar:/usr/lib/jvm/java-8-jdk/jre/lib/charsets.jar:/usr/lib/jvm/java-8-jdk/jre/lib/jfr.jar:/usr/lib/jvm/java-8-jdk/jre/classes:/home/gunjan/Immovables/plumbr/plumbr/plumbr.jar:/home/gunjan/Immovables/plumbr/plumbr/version-17.11.28.5587/plumbr-agent.jar
2017-12-18 02:17:28,768 DEBUG [main] eu.plumbr.wrapper.AgentEntryPoint - Added agent JAR to launcher boot class path.
2017-12-18 02:17:28,769 DEBUG [main] eu.plumbr.wrapper.AgentEntryPoint - System classloader is sun.misc.Launcher$AppClassLoader@18b4aac2 (an instance of class sun.misc.Launcher$AppClassLoader)
2017-12-18 02:17:38,927 INFO  [main] eu.plumbr.wrapper.AgentEntryPoint - Synchronous agent bootstrap finished.
2017-12-18 02:32:42,068 DEBUG [main] e.p.w.d.DistributionLoader - Scanning for distributions with BundledDistributionScanner
2017-12-18 02:32:42,070 DEBUG [main] e.p.w.d.b.BundledDistributionScanner - Determined bundled distribution: version 17.11.28.5587 path plumbr-agent-17.11.28.5587.jar.
2017-12-18 02:32:42,070 DEBUG [main] e.p.w.d.b.BundledDistributionScanner - Bundled distribution JAR present in classpath.
2017-12-18 02:32:42,070 DEBUG [main] e.p.w.d.DistributionRegistry - Builder for version 17.11.28.5587 created.
2017-12-18 02:32:42,071 DEBUG [main] e.p.w.d.DistributionBuilder - Assigned bundled distribution BundledDistribution{version=17.11.28.5587,path=/plumbr-agent-17.11.28.5587.jar,hash=f801c4d660b0707ada9743ed0f0ca703b8b5382dd5a10d8918af9e8493394d52}.
2017-12-18 02:32:42,071 DEBUG [main] e.p.w.d.DistributionLoader - Scanning for distributions with ExtractedDistributionScanner
2017-12-18 02:32:42,072 DEBUG [main] e.p.w.d.DistributionBuilder - Assigned extracted distribution BundledDistribution{version=17.11.28.5587,jarLocation=/home/gunjan/Immovables/plumbr/plumbr/version-17.11.28.5587/plumbr-agent.jar,hash=f801c4d660b0707ada9743ed0f0ca703b8b5382dd5a10d8918af9e8493394d52}.
2017-12-18 02:32:42,073 DEBUG [main] e.p.w.d.DistributionLoader - Version to use is not explicitly specified, choosing latest valid version.
2017-12-18 02:32:42,073 DEBUG [main] e.p.w.d.DistributionRegistry - Choosing latest version among 1 detected versions.
2017-12-18 02:32:42,074 DEBUG [main] e.p.w.d.DistributionRegistry - Attempting to prepare version 17.11.28.5587.
2017-12-18 02:32:42,086 DEBUG [main] e.p.w.d.e.DistributionValidator - Distribution BundledDistribution{version=17.11.28.5587,jarLocation=/home/gunjan/Immovables/plumbr/plumbr/version-17.11.28.5587/plumbr-agent.jar,hash=f801c4d660b0707ada9743ed0f0ca703b8b5382dd5a10d8918af9e8493394d52} is valid (weak validation).
2017-12-18 02:32:42,086 INFO  [main] eu.plumbr.wrapper.AgentEntryPoint - Selected extracted distribution BundledDistribution{version=17.11.28.5587,jarLocation=/home/gunjan/Immovables/plumbr/plumbr/version-17.11.28.5587/plumbr-agent.jar,hash=f801c4d660b0707ada9743ed0f0ca703b8b5382dd5a10d8918af9e8493394d52}.
2017-12-18 02:32:42,087 DEBUG [main] eu.plumbr.wrapper.AgentEntryPoint - System property sun.boot.class.path set to: /usr/lib/jvm/java-8-jdk/jre/lib/resources.jar:/usr/lib/jvm/java-8-jdk/jre/lib/rt.jar:/usr/lib/jvm/java-8-jdk/jre/lib/sunrsasign.jar:/usr/lib/jvm/java-8-jdk/jre/lib/jsse.jar:/usr/lib/jvm/java-8-jdk/jre/lib/jce.jar:/usr/lib/jvm/java-8-jdk/jre/lib/charsets.jar:/usr/lib/jvm/java-8-jdk/jre/lib/jfr.jar:/usr/lib/jvm/java-8-jdk/jre/classes:/home/gunjan/Immovables/plumbr/plumbr/plumbr.jar:/home/gunjan/Immovables/plumbr/plumbr/version-17.11.28.5587/plumbr-agent.jar
2017-12-18 02:32:42,090 DEBUG [main] eu.plumbr.wrapper.AgentEntryPoint - Added agent JAR to launcher boot class path.
2017-12-18 02:32:42,090 DEBUG [main] eu.plumbr.wrapper.AgentEntryPoint - System classloader is sun.misc.Launcher$AppClassLoader@18b4aac2 (an instance of class sun.misc.Launcher$AppClassLoader)
2017-12-18 02:32:53,698 INFO  [main] eu.plumbr.wrapper.AgentEntryPoint - Synchronous agent bootstrap finished.
2017-12-18 02:51:46,795 DEBUG [main] e.p.w.d.DistributionLoader - Scanning for distributions with BundledDistributionScanner
2017-12-18 02:51:46,797 DEBUG [main] e.p.w.d.b.BundledDistributionScanner - Determined bundled distribution: version 17.11.28.5587 path plumbr-agent-17.11.28.5587.jar.
2017-12-18 02:51:46,797 DEBUG [main] e.p.w.d.b.BundledDistributionScanner - Bundled distribution JAR present in classpath.
2017-12-18 02:51:46,797 DEBUG [main] e.p.w.d.DistributionRegistry - Builder for version 17.11.28.5587 created.
2017-12-18 02:51:46,798 DEBUG [main] e.p.w.d.DistributionBuilder - Assigned bundled distribution BundledDistribution{version=17.11.28.5587,path=/plumbr-agent-17.11.28.5587.jar,hash=f801c4d660b0707ada9743ed0f0ca703b8b5382dd5a10d8918af9e8493394d52}.
2017-12-18 02:51:46,798 DEBUG [main] e.p.w.d.DistributionLoader - Scanning for distributions with ExtractedDistributionScanner
2017-12-18 02:51:46,798 DEBUG [main] e.p.w.d.DistributionBuilder - Assigned extracted distribution BundledDistribution{version=17.11.28.5587,jarLocation=/home/gunjan/git/GeolifeReloaded2_1_cleaned/libs/plumbr/version-17.11.28.5587/plumbr-agent.jar,hash=f801c4d660b0707ada9743ed0f0ca703b8b5382dd5a10d8918af9e8493394d52}.
2017-12-18 02:51:46,798 DEBUG [main] e.p.w.d.DistributionLoader - Version to use is not explicitly specified, choosing latest valid version.
2017-12-18 02:51:46,798 DEBUG [main] e.p.w.d.DistributionRegistry - Choosing latest version among 1 detected versions.
2017-12-18 02:51:46,799 DEBUG [main] e.p.w.d.DistributionRegistry - Attempting to prepare version 17.11.28.5587.
2017-12-18 02:51:46,801 DEBUG [main] e.p.w.d.e.DistributionValidator - Distribution BundledDistribution{version=17.11.28.5587,jarLocation=/home/gunjan/git/GeolifeReloaded2_1_cleaned/libs/plumbr/version-17.11.28.5587/plumbr-agent.jar,hash=f801c4d660b0707ada9743ed0f0ca703b8b5382dd5a10d8918af9e8493394d52} is valid (weak validation).
2017-12-18 02:51:46,802 INFO  [main] eu.plumbr.wrapper.AgentEntryPoint - Selected extracted distribution BundledDistribution{version=17.11.28.5587,jarLocation=/home/gunjan/git/GeolifeReloaded2_1_cleaned/libs/plumbr/version-17.11.28.5587/plumbr-agent.jar,hash=f801c4d660b0707ada9743ed0f0ca703b8b5382dd5a10d8918af9e8493394d52}.
2017-12-18 02:51:46,803 DEBUG [main] eu.plumbr.wrapper.AgentEntryPoint - System property sun.boot.class.path set to: /usr/lib/jvm/java-8-openjdk/jre/lib/resources.jar:/usr/lib/jvm/java-8-openjdk/jre/lib/rt.jar:/usr/lib/jvm/java-8-openjdk/jre/lib/sunrsasign.jar:/usr/lib/jvm/java-8-openjdk/jre/lib/jsse.jar:/usr/lib/jvm/java-8-openjdk/jre/lib/jce.jar:/usr/lib/jvm/java-8-openjdk/jre/lib/charsets.jar:/usr/lib/jvm/java-8-openjdk/jre/lib/jfr.jar:/usr/lib/jvm/java-8-openjdk/jre/classes:/home/gunjan/git/GeolifeReloaded2_1_cleaned/libs/plumbr/plumbr.jar:/home/gunjan/git/GeolifeReloaded2_1_cleaned/libs/plumbr/version-17.11.28.5587/plumbr-agent.jar
2017-12-18 02:51:46,804 DEBUG [main] eu.plumbr.wrapper.AgentEntryPoint - Added agent JAR to launcher boot class path.
2017-12-18 02:51:46,804 DEBUG [main] eu.plumbr.wrapper.AgentEntryPoint - System classloader is sun.misc.Launcher$AppClassLoader@18b4aac2 (an instance of class sun.misc.Launcher$AppClassLoader)
2017-12-18 02:51:54,885 INFO  [main] eu.plumbr.wrapper.AgentEntryPoint - Synchronous agent bootstrap finished.
2017-12-18 15:57:03,978 DEBUG [main] e.p.w.d.DistributionLoader - Scanning for distributions with BundledDistributionScanner
2017-12-18 15:57:03,979 DEBUG [main] e.p.w.d.b.BundledDistributionScanner - Determined bundled distribution: version 17.11.28.5587 path plumbr-agent-17.11.28.5587.jar.
2017-12-18 15:57:03,980 DEBUG [main] e.p.w.d.b.BundledDistributionScanner - Bundled distribution JAR present in classpath.
2017-12-18 15:57:03,980 DEBUG [main] e.p.w.d.DistributionRegistry - Builder for version 17.11.28.5587 created.
2017-12-18 15:57:03,980 DEBUG [main] e.p.w.d.DistributionBuilder - Assigned bundled distribution BundledDistribution{version=17.11.28.5587,path=/plumbr-agent-17.11.28.5587.jar,hash=f801c4d660b0707ada9743ed0f0ca703b8b5382dd5a10d8918af9e8493394d52}.
2017-12-18 15:57:03,980 DEBUG [main] e.p.w.d.DistributionLoader - Scanning for distributions with ExtractedDistributionScanner
2017-12-18 15:57:03,981 DEBUG [main] e.p.w.d.DistributionBuilder - Assigned extracted distribution BundledDistribution{version=17.11.28.5587,jarLocation=/home/gunjan/git/GeolifeReloaded2_1_cleaned/libs/plumbr/version-17.11.28.5587/plumbr-agent.jar,hash=f801c4d660b0707ada9743ed0f0ca703b8b5382dd5a10d8918af9e8493394d52}.
2017-12-18 15:57:03,981 DEBUG [main] e.p.w.d.DistributionLoader - Version to use is not explicitly specified, choosing latest valid version.
2017-12-18 15:57:03,981 DEBUG [main] e.p.w.d.DistributionRegistry - Choosing latest version among 1 detected versions.
2017-12-18 15:57:03,981 DEBUG [main] e.p.w.d.DistributionRegistry - Attempting to prepare version 17.11.28.5587.
2017-12-18 15:57:03,992 DEBUG [main] e.p.w.d.e.DistributionValidator - Distribution BundledDistribution{version=17.11.28.5587,jarLocation=/home/gunjan/git/GeolifeReloaded2_1_cleaned/libs/plumbr/version-17.11.28.5587/plumbr-agent.jar,hash=f801c4d660b0707ada9743ed0f0ca703b8b5382dd5a10d8918af9e8493394d52} is valid (weak validation).
2017-12-18 15:57:03,992 INFO  [main] eu.plumbr.wrapper.AgentEntryPoint - Selected extracted distribution BundledDistribution{version=17.11.28.5587,jarLocation=/home/gunjan/git/GeolifeReloaded2_1_cleaned/libs/plumbr/version-17.11.28.5587/plumbr-agent.jar,hash=f801c4d660b0707ada9743ed0f0ca703b8b5382dd5a10d8918af9e8493394d52}.
2017-12-18 15:57:03,993 DEBUG [main] eu.plumbr.wrapper.AgentEntryPoint - System property sun.boot.class.path set to: /usr/lib/jvm/java-8-openjdk/jre/lib/resources.jar:/usr/lib/jvm/java-8-openjdk/jre/lib/rt.jar:/usr/lib/jvm/java-8-openjdk/jre/lib/sunrsasign.jar:/usr/lib/jvm/java-8-openjdk/jre/lib/jsse.jar:/usr/lib/jvm/java-8-openjdk/jre/lib/jce.jar:/usr/lib/jvm/java-8-openjdk/jre/lib/charsets.jar:/usr/lib/jvm/java-8-openjdk/jre/lib/jfr.jar:/usr/lib/jvm/java-8-openjdk/jre/classes:/home/gunjan/git/GeolifeReloaded2_1_cleaned/libs/plumbr/plumbr.jar:/home/gunjan/git/GeolifeReloaded2_1_cleaned/libs/plumbr/version-17.11.28.5587/plumbr-agent.jar
2017-12-18 15:57:03,994 DEBUG [main] eu.plumbr.wrapper.AgentEntryPoint - Added agent JAR to launcher boot class path.
2017-12-18 15:57:03,995 DEBUG [main] eu.plumbr.wrapper.AgentEntryPoint - System classloader is sun.misc.Launcher$AppClassLoader@18b4aac2 (an instance of class sun.misc.Launcher$AppClassLoader)
2017-12-18 15:57:12,075 INFO  [main] eu.plumbr.wrapper.AgentEntryPoint - Synchronous agent bootstrap finished.
