2017-12-18 02:10:19,296 INFO  [main] eu.plumbr.runtime.agent.vA - Getting properties from file:/home/gunjan/Immovables/plumbr/plumbr/version-17.11.28.5587/plumbr-agent.jar!/libs.md5
2017-12-18 02:10:19,297 INFO  [main] eu.plumbr.runtime.agent.cH - Extracting libs
2017-12-18 02:10:19,456 INFO  [main] eu.plumbr.runtime.agent.vO - Native library successfully loaded
2017-12-18 02:10:19,456 INFO  [main] Native - Plumbr native logging started. Native agent version B2058 build B2058
2017-12-18 02:10:19,457 INFO  [main] eu.plumbr.runtime.agent.cH - Starting native agent (disabled features: 0)
2017-12-18 02:10:19,459 INFO  [main] Native - Abort signal handler installed.
2017-12-18 02:10:19,467 INFO  [main] Native - Status of loading Serviceability API symbols: available
2017-12-18 02:10:19,467 INFO  [main] eu.plumbr.runtime.agent.cH - Configured OOM queries to host: app.plumbr.io, port: 80, accountId: 65obknk71tfgmh9f4a50p27v1p, sessionId: 005587ePDPZ8PoB0RWtZJvmLlMf2IVVOo=
2017-12-18 02:10:19,571 INFO  [main] eu.plumbr.runtime.agent.pu - ProbeManager: enabling spydefs for Runtime Application Architecture Discovery
2017-12-18 02:10:19,585 INFO  [main] eu.plumbr.runtime.agent.rM - Creating User Transaction instrumentations
2017-12-18 02:10:19,627 INFO  [main] eu.plumbr.runtime.agent.rM - Enabling Swing Transaction instrumentations
2017-12-18 02:10:19,630 INFO  [main] eu.plumbr.runtime.agent.pu - ProbeManager: enabling spydefs for User Transaction Monitoring
2017-12-18 02:10:19,729 INFO  [main] eu.plumbr.runtime.agent.pu - ProbeManager: enabling spydefs for Underprovisioned Thread Pool monitoring
2017-12-18 02:10:19,732 INFO  [main] eu.plumbr.runtime.agent.qh - Enabling concurrent lock instrumentations
2017-12-18 02:10:19,734 INFO  [main] eu.plumbr.runtime.agent.pu - ProbeManager: enabling spydefs for Concurrent Lock Detection
2017-12-18 02:10:19,738 INFO  [main] eu.plumbr.runtime.agent.gz - Enabling JDBC connection monitoring instrumentations
2017-12-18 02:10:19,753 INFO  [main] eu.plumbr.runtime.agent.pu - ProbeManager: enabling spydefs for JDBC Statement monitoring
2017-12-18 02:10:19,831 INFO  [main] eu.plumbr.runtime.agent.pu - ProbeManager: enabling spydefs for JDBC Slow Connection Initialization
2017-12-18 02:10:19,857 INFO  [main] eu.plumbr.runtime.agent.pu - ProbeManager: enabling spydefs for HTTP Connection monitoring
2017-12-18 02:10:19,946 INFO  [main] eu.plumbr.runtime.agent.pu - ProbeManager: enabling spydefs for MongoDB monitoring
2017-12-18 02:10:20,009 INFO  [main] eu.plumbr.runtime.agent.pu - ProbeManager: enabling spydefs for Lucene monitoring
2017-12-18 02:10:20,019 INFO  [main] eu.plumbr.runtime.agent.pu - ProbeManager: enabling spydefs for Identity Detection
2017-12-18 02:10:20,074 INFO  [main] eu.plumbr.runtime.agent.mi - Enabling Scala integrations
2017-12-18 02:10:25,493 INFO  [Plumbr thread - 3] eu.plumbr.runtime.agent.jq - Trying to connect via HTTP
2017-12-18 02:11:17,227 INFO  [main] eu.plumbr.runtime.agent.vA - Getting properties from file:/home/gunjan/Immovables/plumbr/plumbr/version-17.11.28.5587/plumbr-agent.jar!/libs.md5
2017-12-18 02:11:17,566 INFO  [main] eu.plumbr.runtime.agent.vO - Native library successfully loaded
2017-12-18 02:11:17,566 INFO  [main] Native - Plumbr native logging started. Native agent version B2058 build B2058
2017-12-18 02:11:17,567 INFO  [main] eu.plumbr.runtime.agent.cH - Starting native agent (disabled features: 0)
2017-12-18 02:11:17,569 INFO  [main] Native - Abort signal handler installed.
2017-12-18 02:11:17,576 INFO  [main] Native - Status of loading Serviceability API symbols: available
2017-12-18 02:11:17,577 INFO  [main] eu.plumbr.runtime.agent.cH - Configured OOM queries to host: app.plumbr.io, port: 80, accountId: 65obknk71tfgmh9f4a50p27v1p, sessionId: 005587wR4_rsOANp0-H1rzjI8iNLh9Cgc=
2017-12-18 02:11:17,693 INFO  [main] eu.plumbr.runtime.agent.pu - ProbeManager: enabling spydefs for Runtime Application Architecture Discovery
2017-12-18 02:11:17,707 INFO  [main] eu.plumbr.runtime.agent.rM - Creating User Transaction instrumentations
2017-12-18 02:11:17,746 INFO  [main] eu.plumbr.runtime.agent.rM - Enabling Swing Transaction instrumentations
2017-12-18 02:11:17,750 INFO  [main] eu.plumbr.runtime.agent.pu - ProbeManager: enabling spydefs for User Transaction Monitoring
2017-12-18 02:11:17,850 INFO  [main] eu.plumbr.runtime.agent.pu - ProbeManager: enabling spydefs for Underprovisioned Thread Pool monitoring
2017-12-18 02:11:17,854 INFO  [main] eu.plumbr.runtime.agent.qh - Enabling concurrent lock instrumentations
2017-12-18 02:11:17,858 INFO  [main] eu.plumbr.runtime.agent.pu - ProbeManager: enabling spydefs for Concurrent Lock Detection
2017-12-18 02:11:17,862 INFO  [main] eu.plumbr.runtime.agent.gz - Enabling JDBC connection monitoring instrumentations
2017-12-18 02:11:17,877 INFO  [main] eu.plumbr.runtime.agent.pu - ProbeManager: enabling spydefs for JDBC Statement monitoring
2017-12-18 02:11:17,958 INFO  [main] eu.plumbr.runtime.agent.pu - ProbeManager: enabling spydefs for JDBC Slow Connection Initialization
2017-12-18 02:11:17,983 INFO  [main] eu.plumbr.runtime.agent.pu - ProbeManager: enabling spydefs for HTTP Connection monitoring
2017-12-18 02:11:18,068 INFO  [main] eu.plumbr.runtime.agent.pu - ProbeManager: enabling spydefs for MongoDB monitoring
2017-12-18 02:11:18,141 INFO  [main] eu.plumbr.runtime.agent.pu - ProbeManager: enabling spydefs for Lucene monitoring
2017-12-18 02:11:18,152 INFO  [main] eu.plumbr.runtime.agent.pu - ProbeManager: enabling spydefs for Identity Detection
2017-12-18 02:11:18,207 INFO  [main] eu.plumbr.runtime.agent.mi - Enabling Scala integrations
2017-12-18 02:11:23,819 INFO  [Plumbr thread - 3] eu.plumbr.runtime.agent.jq - Trying to connect via HTTP
2017-12-18 02:11:24,523 INFO  [Plumbr thread - 3] eu.plumbr.runtime.agent.wx - Initialising native time with timestamp: 1513543284380, drift: 143ms
2017-12-18 02:11:24,717 INFO  [Plumbr thread - 3] eu.plumbr.runtime.agent.cO - Enabled probes: [heap, gc, contention, gcmbean, class_stats, allocation_stats, jdbc_statement_monitoring, jdbc_driver, ejb_transaction, user_transaction_monitoring, swing_transaction, http_connection_monitoring, throwable, sampler, operation_tracker, preemptive_oom_analysis, agent_logs, lucene_monitoring, mongo_monitoring, file_monitoring, jdbc_slow_result_set, identity_detection, concurrent_lock, global_transaction, session_attribute_monitoring, network_log, raa, http_failed_requests, browser_helper, thread_pool_monitoring]
2017-12-18 02:11:24,797 INFO  [Plumbr thread - 3] eu.plumbr.runtime.agent.rL - Switching on user transaction monitoring probe
2017-12-18 02:11:24,799 INFO  [Plumbr thread - 3] eu.plumbr.runtime.agent.rH - Initializing transaction manager to the default implementation
2017-12-18 02:11:24,799 INFO  [Plumbr thread - 3] eu.plumbr.runtime.agent.ru - DefaultTransactionManager initialized
2017-12-18 02:11:24,800 INFO  [Plumbr thread - 3] eu.plumbr.runtime.agent.ru - Scheduling stuck transaction monitor.
2017-12-18 02:11:24,824 INFO  [Plumbr thread - 3] eu.plumbr.runtime.agent.oN - Enabling preemptive oom analysis, threshold 50%, minimum interval 7200000
2017-12-18 02:11:24,843 INFO  [Plumbr thread - 2] eu.plumbr.runtime.agent.wf - Deleting old file: /home/gunjan/Immovables/plumbr/plumbr/tmp/plumbr/7778_plumbr
2017-12-18 02:11:24,854 INFO  [Plumbr thread - 3] eu.plumbr.runtime.agent.nO - ejb_transaction switched on
2017-12-18 02:11:24,856 INFO  [Plumbr thread - 3] eu.plumbr.runtime.agent.cO - Plumbr session 005587wR4_rsOANp0-H1rzjI8iNLh9Cgc= started
2017-12-18 02:12:13,133 INFO  [Plumbr thread - 6] eu.plumbr.runtime.agent.oK - Taking snapshot with description 'More than 50% of Old Generation used after Major GC'.
2017-12-18 02:13:57,406 INFO  [main] eu.plumbr.runtime.agent.vO - Native library successfully loaded
2017-12-18 02:13:57,409 INFO  [main] Native - Plumbr native logging started. Native agent version B2058 build B2058
2017-12-18 02:13:57,675 INFO  [main] eu.plumbr.runtime.agent.oV - Running forked OOM process for OOM in oom_1513543332990.
2017-12-18 02:13:57,919 INFO  [main] eu.plumbr.runtime.agent.oO - Processing OOM dump in /home/gunjan/Immovables/plumbr/plumbr/tmp/plumbr/oom_1513543332990.
2017-12-18 02:17:32,047 INFO  [main] eu.plumbr.runtime.agent.vA - Getting properties from file:/home/gunjan/Immovables/plumbr/plumbr/version-17.11.28.5587/plumbr-agent.jar!/libs.md5
2017-12-18 02:17:32,403 INFO  [main] eu.plumbr.runtime.agent.vO - Native library successfully loaded
2017-12-18 02:17:32,403 INFO  [main] Native - Plumbr native logging started. Native agent version B2058 build B2058
2017-12-18 02:17:32,404 INFO  [main] eu.plumbr.runtime.agent.cH - Starting native agent (disabled features: 0)
2017-12-18 02:17:32,406 INFO  [main] Native - Abort signal handler installed.
2017-12-18 02:17:32,413 INFO  [main] Native - Status of loading Serviceability API symbols: available
2017-12-18 02:17:32,414 INFO  [main] eu.plumbr.runtime.agent.cH - Configured OOM queries to host: app.plumbr.io, port: 80, accountId: 65obknk71tfgmh9f4a50p27v1p, sessionId: 005587AeteEnH9ddZH7RiE-wVJYiPosaM=
2017-12-18 02:17:32,415 INFO  [main] e.p.r.agent.fork.AgentStartupForker - Found 1 pending oom jobs.
2017-12-18 02:17:32,416 INFO  [main] e.p.r.agent.fork.AgentStartupForker - Started forked process to run pending startup jobs.
2017-12-18 02:17:32,555 INFO  [main] eu.plumbr.runtime.agent.pu - ProbeManager: enabling spydefs for Runtime Application Architecture Discovery
2017-12-18 02:17:32,574 INFO  [main] eu.plumbr.runtime.agent.rM - Creating User Transaction instrumentations
2017-12-18 02:17:32,622 INFO  [main] eu.plumbr.runtime.agent.rM - Enabling Swing Transaction instrumentations
2017-12-18 02:17:32,629 INFO  [main] eu.plumbr.runtime.agent.pu - ProbeManager: enabling spydefs for User Transaction Monitoring
2017-12-18 02:17:32,761 INFO  [main] eu.plumbr.runtime.agent.vO - Native library successfully loaded
2017-12-18 02:17:32,762 INFO  [main] Native - Plumbr native logging started. Native agent version B2058 build B2058
2017-12-18 02:17:32,768 INFO  [main] eu.plumbr.runtime.agent.pu - ProbeManager: enabling spydefs for Underprovisioned Thread Pool monitoring
2017-12-18 02:17:32,773 INFO  [main] eu.plumbr.runtime.agent.qh - Enabling concurrent lock instrumentations
2017-12-18 02:17:32,776 INFO  [main] eu.plumbr.runtime.agent.pu - ProbeManager: enabling spydefs for Concurrent Lock Detection
2017-12-18 02:17:32,781 INFO  [main] eu.plumbr.runtime.agent.gz - Enabling JDBC connection monitoring instrumentations
2017-12-18 02:17:32,804 INFO  [main] eu.plumbr.runtime.agent.pu - ProbeManager: enabling spydefs for JDBC Statement monitoring
2017-12-18 02:17:32,926 INFO  [main] eu.plumbr.runtime.agent.pu - ProbeManager: enabling spydefs for JDBC Slow Connection Initialization
2017-12-18 02:17:32,964 INFO  [main] eu.plumbr.runtime.agent.pu - ProbeManager: enabling spydefs for HTTP Connection monitoring
2017-12-18 02:17:33,089 INFO  [main] eu.plumbr.runtime.agent.pu - ProbeManager: enabling spydefs for MongoDB monitoring
2017-12-18 02:17:33,139 INFO  [main] eu.plumbr.runtime.agent.oV - Running forked OOM process for 1 OOMs.
2017-12-18 02:17:33,144 INFO  [main] eu.plumbr.runtime.agent.oO - Processing OOM dump in /home/gunjan/Immovables/plumbr/plumbr/tmp/plumbr/oom_1513543332990.
2017-12-18 02:17:33,190 INFO  [main] eu.plumbr.runtime.agent.pu - ProbeManager: enabling spydefs for Lucene monitoring
2017-12-18 02:17:33,201 INFO  [main] eu.plumbr.runtime.agent.pu - ProbeManager: enabling spydefs for Identity Detection
2017-12-18 02:17:33,273 INFO  [main] eu.plumbr.runtime.agent.mi - Enabling Scala integrations
2017-12-18 02:17:38,928 INFO  [Plumbr thread - 3] eu.plumbr.runtime.agent.jq - Trying to connect via HTTP
2017-12-18 02:17:39,690 INFO  [Plumbr thread - 3] eu.plumbr.runtime.agent.wx - Initialising native time with timestamp: 1513543659549, drift: 141ms
2017-12-18 02:17:39,954 INFO  [Plumbr thread - 3] eu.plumbr.runtime.agent.cO - Enabled probes: [heap, gc, contention, gcmbean, class_stats, allocation_stats, jdbc_statement_monitoring, jdbc_driver, ejb_transaction, user_transaction_monitoring, swing_transaction, http_connection_monitoring, throwable, sampler, operation_tracker, preemptive_oom_analysis, agent_logs, lucene_monitoring, mongo_monitoring, file_monitoring, jdbc_slow_result_set, identity_detection, concurrent_lock, global_transaction, session_attribute_monitoring, network_log, raa, http_failed_requests, browser_helper, thread_pool_monitoring]
2017-12-18 02:17:40,034 INFO  [Plumbr thread - 3] eu.plumbr.runtime.agent.rL - Switching on user transaction monitoring probe
2017-12-18 02:17:40,036 INFO  [Plumbr thread - 3] eu.plumbr.runtime.agent.rH - Initializing transaction manager to the default implementation
2017-12-18 02:17:40,037 INFO  [Plumbr thread - 3] eu.plumbr.runtime.agent.ru - DefaultTransactionManager initialized
2017-12-18 02:17:40,037 INFO  [Plumbr thread - 3] eu.plumbr.runtime.agent.ru - Scheduling stuck transaction monitor.
2017-12-18 02:17:40,086 INFO  [Plumbr thread - 3] eu.plumbr.runtime.agent.oN - Enabling preemptive oom analysis, threshold 50%, minimum interval 7200000
2017-12-18 02:17:40,092 INFO  [Plumbr thread - 2] eu.plumbr.runtime.agent.wf - Deleting old file: /home/gunjan/Immovables/plumbr/plumbr/tmp/plumbr/7848_plumbr
2017-12-18 02:17:40,092 INFO  [Plumbr thread - 3] eu.plumbr.runtime.agent.nO - ejb_transaction switched on
2017-12-18 02:17:40,093 INFO  [Plumbr thread - 3] eu.plumbr.runtime.agent.cO - Plumbr session 005587AeteEnH9ddZH7RiE-wVJYiPosaM= started
2017-12-18 02:18:38,150 INFO  [Plumbr thread - 6] eu.plumbr.runtime.agent.oK - Taking snapshot with description 'More than 50% of Old Generation used after Major GC'.
2017-12-18 02:32:46,802 INFO  [main] eu.plumbr.runtime.agent.vA - Getting properties from file:/home/gunjan/Immovables/plumbr/plumbr/version-17.11.28.5587/plumbr-agent.jar!/libs.md5
2017-12-18 02:32:47,132 INFO  [main] eu.plumbr.runtime.agent.vO - Native library successfully loaded
2017-12-18 02:32:47,132 INFO  [main] Native - Plumbr native logging started. Native agent version B2058 build B2058
2017-12-18 02:32:47,132 INFO  [main] eu.plumbr.runtime.agent.cH - Starting native agent (disabled features: 0)
2017-12-18 02:32:47,135 INFO  [main] Native - Abort signal handler installed.
2017-12-18 02:32:47,142 INFO  [main] Native - Status of loading Serviceability API symbols: available
2017-12-18 02:32:47,143 INFO  [main] eu.plumbr.runtime.agent.cH - Configured OOM queries to host: app.plumbr.io, port: 80, accountId: 65obknk71tfgmh9f4a50p27v1p, sessionId: 005587X8yj6WJ6fRsdR-lzLSV3T54K3wM=
2017-12-18 02:32:47,144 INFO  [main] e.p.r.agent.fork.AgentStartupForker - Found 2 pending oom jobs.
2017-12-18 02:32:47,145 INFO  [main] e.p.r.agent.fork.AgentStartupForker - Started forked process to run pending startup jobs.
2017-12-18 02:32:47,294 INFO  [main] eu.plumbr.runtime.agent.pu - ProbeManager: enabling spydefs for Runtime Application Architecture Discovery
2017-12-18 02:32:47,312 INFO  [main] eu.plumbr.runtime.agent.rM - Creating User Transaction instrumentations
2017-12-18 02:32:47,362 INFO  [main] eu.plumbr.runtime.agent.rM - Enabling Swing Transaction instrumentations
2017-12-18 02:32:47,367 INFO  [main] eu.plumbr.runtime.agent.pu - ProbeManager: enabling spydefs for User Transaction Monitoring
2017-12-18 02:32:47,509 INFO  [main] eu.plumbr.runtime.agent.pu - ProbeManager: enabling spydefs for Underprovisioned Thread Pool monitoring
2017-12-18 02:32:47,515 INFO  [main] eu.plumbr.runtime.agent.qh - Enabling concurrent lock instrumentations
2017-12-18 02:32:47,521 INFO  [main] eu.plumbr.runtime.agent.pu - ProbeManager: enabling spydefs for Concurrent Lock Detection
2017-12-18 02:32:47,522 INFO  [main] eu.plumbr.runtime.agent.vO - Native library successfully loaded
2017-12-18 02:32:47,523 INFO  [main] Native - Plumbr native logging started. Native agent version B2058 build B2058
2017-12-18 02:32:47,525 INFO  [main] eu.plumbr.runtime.agent.gz - Enabling JDBC connection monitoring instrumentations
2017-12-18 02:32:47,547 INFO  [main] eu.plumbr.runtime.agent.pu - ProbeManager: enabling spydefs for JDBC Statement monitoring
2017-12-18 02:32:47,665 INFO  [main] eu.plumbr.runtime.agent.pu - ProbeManager: enabling spydefs for JDBC Slow Connection Initialization
2017-12-18 02:32:47,706 INFO  [main] eu.plumbr.runtime.agent.pu - ProbeManager: enabling spydefs for HTTP Connection monitoring
2017-12-18 02:32:47,829 INFO  [main] eu.plumbr.runtime.agent.pu - ProbeManager: enabling spydefs for MongoDB monitoring
2017-12-18 02:32:47,923 INFO  [main] eu.plumbr.runtime.agent.oV - Running forked OOM process for 2 OOMs.
2017-12-18 02:32:47,929 INFO  [main] eu.plumbr.runtime.agent.oO - Processing OOM dump in /home/gunjan/Immovables/plumbr/plumbr/tmp/plumbr/oom_1513543332990.
2017-12-18 02:32:47,944 INFO  [main] eu.plumbr.runtime.agent.pu - ProbeManager: enabling spydefs for Lucene monitoring
2017-12-18 02:32:47,963 INFO  [main] eu.plumbr.runtime.agent.pu - ProbeManager: enabling spydefs for Identity Detection
2017-12-18 02:32:48,052 INFO  [main] eu.plumbr.runtime.agent.mi - Enabling Scala integrations
2017-12-18 02:32:53,700 INFO  [Plumbr thread - 2] eu.plumbr.runtime.agent.jq - Trying to connect via HTTP
2017-12-18 02:32:54,567 INFO  [Plumbr thread - 2] eu.plumbr.runtime.agent.wx - Initialising native time with timestamp: 1513544574411, drift: 156ms
2017-12-18 02:32:54,835 INFO  [Plumbr thread - 2] eu.plumbr.runtime.agent.cO - Enabled probes: [heap, gc, contention, gcmbean, class_stats, allocation_stats, jdbc_statement_monitoring, jdbc_driver, ejb_transaction, user_transaction_monitoring, swing_transaction, http_connection_monitoring, throwable, sampler, operation_tracker, preemptive_oom_analysis, agent_logs, lucene_monitoring, mongo_monitoring, file_monitoring, jdbc_slow_result_set, identity_detection, concurrent_lock, global_transaction, session_attribute_monitoring, network_log, raa, http_failed_requests, browser_helper, thread_pool_monitoring]
2017-12-18 02:32:54,947 INFO  [Plumbr thread - 2] eu.plumbr.runtime.agent.rL - Switching on user transaction monitoring probe
2017-12-18 02:32:54,963 INFO  [Plumbr thread - 2] eu.plumbr.runtime.agent.rH - Initializing transaction manager to the default implementation
2017-12-18 02:32:54,964 INFO  [Plumbr thread - 2] eu.plumbr.runtime.agent.ru - DefaultTransactionManager initialized
2017-12-18 02:32:54,964 INFO  [Plumbr thread - 2] eu.plumbr.runtime.agent.ru - Scheduling stuck transaction monitor.
2017-12-18 02:32:55,008 INFO  [Plumbr thread - 2] eu.plumbr.runtime.agent.oN - Enabling preemptive oom analysis, threshold 50%, minimum interval 7200000
2017-12-18 02:32:55,011 INFO  [Plumbr thread - 3] eu.plumbr.runtime.agent.wf - Deleting old file: /home/gunjan/Immovables/plumbr/plumbr/tmp/plumbr/8510_plumbr
2017-12-18 02:32:55,022 INFO  [Plumbr thread - 2] eu.plumbr.runtime.agent.nO - ejb_transaction switched on
2017-12-18 02:32:55,022 INFO  [Plumbr thread - 2] eu.plumbr.runtime.agent.cO - Plumbr session 005587X8yj6WJ6fRsdR-lzLSV3T54K3wM= started
2017-12-18 02:33:51,511 INFO  [Plumbr thread - 6] eu.plumbr.runtime.agent.oK - Taking snapshot with description 'More than 50% of Old Generation used after Major GC'.
2017-12-18 02:34:44,989 ERROR [main] eu.plumbr.runtime.agent.oO - Reached maximum retry count on status COMPRESSING.
2017-12-18 02:34:46,503 INFO  [main] eu.plumbr.runtime.agent.oO - Processing OOM dump in /home/gunjan/Immovables/plumbr/plumbr/tmp/plumbr/oom_1513543718008.
2017-12-18 02:51:48,699 INFO  [main] eu.plumbr.runtime.agent.vA - Getting properties from file:/home/gunjan/git/GeolifeReloaded2_1_cleaned/libs/plumbr/version-17.11.28.5587/plumbr-agent.jar!/libs.md5
2017-12-18 02:51:49,026 INFO  [main] eu.plumbr.runtime.agent.vO - Native library successfully loaded
2017-12-18 02:51:49,027 INFO  [main] Native - Plumbr native logging started. Native agent version B2058 build B2058
2017-12-18 02:51:49,027 INFO  [main] eu.plumbr.runtime.agent.cH - Starting native agent (disabled features: 0)
2017-12-18 02:51:49,030 INFO  [main] Native - Abort signal handler installed.
2017-12-18 02:51:49,031 INFO  [main] Native - Status of loading Serviceability API symbols: debug_file_not_found
2017-12-18 02:51:49,031 INFO  [main] eu.plumbr.runtime.agent.cH - Configured OOM queries to host: app.plumbr.io, port: 80, accountId: 65obknk71tfgmh9f4a50p27v1p, sessionId: 005587pIRwbOBUy6b0cHDkhwUMNl0lOMg=
2017-12-18 02:51:49,032 INFO  [main] e.p.r.agent.fork.AgentStartupForker - Found 1 pending oom jobs.
2017-12-18 02:51:49,032 INFO  [main] e.p.r.agent.fork.AgentStartupForker - Started forked process to run pending startup jobs.
2017-12-18 02:51:49,159 INFO  [main] eu.plumbr.runtime.agent.pu - ProbeManager: enabling spydefs for Runtime Application Architecture Discovery
2017-12-18 02:51:49,175 INFO  [main] eu.plumbr.runtime.agent.rM - Creating User Transaction instrumentations
2017-12-18 02:51:49,223 INFO  [main] eu.plumbr.runtime.agent.rM - Enabling Swing Transaction instrumentations
2017-12-18 02:51:49,227 INFO  [main] eu.plumbr.runtime.agent.pu - ProbeManager: enabling spydefs for User Transaction Monitoring
2017-12-18 02:51:49,319 INFO  [main] eu.plumbr.runtime.agent.vO - Native library successfully loaded
2017-12-18 02:51:49,320 INFO  [main] Native - Plumbr native logging started. Native agent version B2058 build B2058
2017-12-18 02:51:49,355 INFO  [main] eu.plumbr.runtime.agent.pu - ProbeManager: enabling spydefs for Underprovisioned Thread Pool monitoring
2017-12-18 02:51:49,359 INFO  [main] eu.plumbr.runtime.agent.qh - Enabling concurrent lock instrumentations
2017-12-18 02:51:49,362 INFO  [main] eu.plumbr.runtime.agent.pu - ProbeManager: enabling spydefs for Concurrent Lock Detection
2017-12-18 02:51:49,368 INFO  [main] eu.plumbr.runtime.agent.gz - Enabling JDBC connection monitoring instrumentations
2017-12-18 02:51:49,389 INFO  [main] eu.plumbr.runtime.agent.pu - ProbeManager: enabling spydefs for JDBC Statement monitoring
2017-12-18 02:51:49,501 INFO  [main] eu.plumbr.runtime.agent.pu - ProbeManager: enabling spydefs for JDBC Slow Connection Initialization
2017-12-18 02:51:49,532 INFO  [main] eu.plumbr.runtime.agent.oV - Running forked OOM process for 1 OOMs.
2017-12-18 02:51:49,536 INFO  [main] eu.plumbr.runtime.agent.oO - Processing OOM dump in /home/gunjan/git/GeolifeReloaded2_1_cleaned/libs/plumbr/tmp/plumbr/oom_1513544631355.
2017-12-18 02:51:49,537 INFO  [main] eu.plumbr.runtime.agent.pu - ProbeManager: enabling spydefs for HTTP Connection monitoring
2017-12-18 02:51:49,618 INFO  [main] eu.plumbr.runtime.agent.pu - ProbeManager: enabling spydefs for MongoDB monitoring
2017-12-18 02:51:49,677 INFO  [main] eu.plumbr.runtime.agent.pu - ProbeManager: enabling spydefs for Lucene monitoring
2017-12-18 02:51:49,688 INFO  [main] eu.plumbr.runtime.agent.pu - ProbeManager: enabling spydefs for Identity Detection
2017-12-18 02:51:49,741 INFO  [main] eu.plumbr.runtime.agent.mi - Enabling Scala integrations
2017-12-18 02:51:54,887 INFO  [Plumbr thread - 3] eu.plumbr.runtime.agent.jq - Trying to connect via HTTP
2017-12-18 02:51:57,731 INFO  [Plumbr thread - 3] eu.plumbr.runtime.agent.wx - Initialising native time with timestamp: 1513545717593, drift: 138ms
2017-12-18 02:51:57,945 INFO  [Plumbr thread - 3] eu.plumbr.runtime.agent.cO - Enabled probes: [heap, gc, contention, gcmbean, class_stats, allocation_stats, jdbc_statement_monitoring, jdbc_driver, ejb_transaction, user_transaction_monitoring, swing_transaction, http_connection_monitoring, throwable, sampler, operation_tracker, preemptive_oom_analysis, agent_logs, lucene_monitoring, mongo_monitoring, file_monitoring, jdbc_slow_result_set, identity_detection, concurrent_lock, global_transaction, session_attribute_monitoring, network_log, raa, http_failed_requests, browser_helper, thread_pool_monitoring]
2017-12-18 02:51:58,045 INFO  [Plumbr thread - 3] eu.plumbr.runtime.agent.rL - Switching on user transaction monitoring probe
2017-12-18 02:51:58,048 INFO  [Plumbr thread - 3] eu.plumbr.runtime.agent.rH - Initializing transaction manager to the default implementation
2017-12-18 02:51:58,050 INFO  [Plumbr thread - 3] eu.plumbr.runtime.agent.ru - DefaultTransactionManager initialized
2017-12-18 02:51:58,051 INFO  [Plumbr thread - 3] eu.plumbr.runtime.agent.ru - Scheduling stuck transaction monitor.
2017-12-18 02:51:58,075 INFO  [Plumbr thread - 3] eu.plumbr.runtime.agent.oN - Enabling preemptive oom analysis, threshold 50%, minimum interval 7200000
2017-12-18 02:51:58,077 INFO  [Plumbr thread - 3] eu.plumbr.runtime.agent.nO - ejb_transaction switched on
2017-12-18 02:51:58,082 INFO  [Plumbr thread - 3] eu.plumbr.runtime.agent.cO - Plumbr session 005587pIRwbOBUy6b0cHDkhwUMNl0lOMg= started
2017-12-18 02:51:58,089 INFO  [Plumbr thread - 2] eu.plumbr.runtime.agent.wf - Deleting old file: /home/gunjan/git/GeolifeReloaded2_1_cleaned/libs/plumbr/tmp/plumbr/9768_plumbr
2017-12-18 15:57:05,948 INFO  [main] eu.plumbr.runtime.agent.vA - Getting properties from file:/home/gunjan/git/GeolifeReloaded2_1_cleaned/libs/plumbr/version-17.11.28.5587/plumbr-agent.jar!/libs.md5
2017-12-18 15:57:06,295 INFO  [main] eu.plumbr.runtime.agent.vO - Native library successfully loaded
2017-12-18 15:57:06,296 INFO  [main] Native - Plumbr native logging started. Native agent version B2058 build B2058
2017-12-18 15:57:06,296 INFO  [main] eu.plumbr.runtime.agent.cH - Starting native agent (disabled features: 0)
2017-12-18 15:57:06,299 INFO  [main] Native - Abort signal handler installed.
2017-12-18 15:57:06,300 INFO  [main] Native - Status of loading Serviceability API symbols: debug_file_not_found
2017-12-18 15:57:06,301 INFO  [main] eu.plumbr.runtime.agent.cH - Configured OOM queries to host: app.plumbr.io, port: 80, accountId: 65obknk71tfgmh9f4a50p27v1p, sessionId: 005587fyLYbnK4x62uCJZVLQr4VcKVQ5c=
2017-12-18 15:57:06,400 INFO  [main] eu.plumbr.runtime.agent.pu - ProbeManager: enabling spydefs for Runtime Application Architecture Discovery
2017-12-18 15:57:06,413 INFO  [main] eu.plumbr.runtime.agent.rM - Creating User Transaction instrumentations
2017-12-18 15:57:06,450 INFO  [main] eu.plumbr.runtime.agent.rM - Enabling Swing Transaction instrumentations
2017-12-18 15:57:06,453 INFO  [main] eu.plumbr.runtime.agent.pu - ProbeManager: enabling spydefs for User Transaction Monitoring
2017-12-18 15:57:06,549 INFO  [main] eu.plumbr.runtime.agent.pu - ProbeManager: enabling spydefs for Underprovisioned Thread Pool monitoring
2017-12-18 15:57:06,552 INFO  [main] eu.plumbr.runtime.agent.qh - Enabling concurrent lock instrumentations
2017-12-18 15:57:06,554 INFO  [main] eu.plumbr.runtime.agent.pu - ProbeManager: enabling spydefs for Concurrent Lock Detection
2017-12-18 15:57:06,558 INFO  [main] eu.plumbr.runtime.agent.gz - Enabling JDBC connection monitoring instrumentations
2017-12-18 15:57:06,572 INFO  [main] eu.plumbr.runtime.agent.pu - ProbeManager: enabling spydefs for JDBC Statement monitoring
2017-12-18 15:57:06,649 INFO  [main] eu.plumbr.runtime.agent.pu - ProbeManager: enabling spydefs for JDBC Slow Connection Initialization
2017-12-18 15:57:06,675 INFO  [main] eu.plumbr.runtime.agent.pu - ProbeManager: enabling spydefs for HTTP Connection monitoring
2017-12-18 15:57:06,758 INFO  [main] eu.plumbr.runtime.agent.pu - ProbeManager: enabling spydefs for MongoDB monitoring
2017-12-18 15:57:06,819 INFO  [main] eu.plumbr.runtime.agent.pu - ProbeManager: enabling spydefs for Lucene monitoring
2017-12-18 15:57:06,829 INFO  [main] eu.plumbr.runtime.agent.pu - ProbeManager: enabling spydefs for Identity Detection
2017-12-18 15:57:06,883 INFO  [main] eu.plumbr.runtime.agent.mi - Enabling Scala integrations
2017-12-18 15:57:12,076 INFO  [Plumbr thread - 3] eu.plumbr.runtime.agent.jq - Trying to connect via HTTP
2017-12-18 15:57:12,952 INFO  [Plumbr thread - 3] eu.plumbr.runtime.agent.wx - Initialising native time with timestamp: 1513592832691, drift: 261ms
2017-12-18 15:57:13,137 INFO  [Plumbr thread - 3] eu.plumbr.runtime.agent.cO - Enabled probes: [heap, gc, contention, gcmbean, class_stats, allocation_stats, jdbc_statement_monitoring, jdbc_driver, ejb_transaction, user_transaction_monitoring, swing_transaction, http_connection_monitoring, throwable, sampler, operation_tracker, preemptive_oom_analysis, agent_logs, lucene_monitoring, mongo_monitoring, file_monitoring, jdbc_slow_result_set, identity_detection, concurrent_lock, global_transaction, session_attribute_monitoring, network_log, raa, http_failed_requests, browser_helper, thread_pool_monitoring]
2017-12-18 15:57:13,234 INFO  [Plumbr thread - 3] eu.plumbr.runtime.agent.rL - Switching on user transaction monitoring probe
2017-12-18 15:57:13,236 INFO  [Plumbr thread - 3] eu.plumbr.runtime.agent.rH - Initializing transaction manager to the default implementation
2017-12-18 15:57:13,239 INFO  [Plumbr thread - 3] eu.plumbr.runtime.agent.ru - DefaultTransactionManager initialized
2017-12-18 15:57:13,240 INFO  [Plumbr thread - 3] eu.plumbr.runtime.agent.ru - Scheduling stuck transaction monitor.
2017-12-18 15:57:13,275 INFO  [Plumbr thread - 3] eu.plumbr.runtime.agent.oN - Enabling preemptive oom analysis, threshold 50%, minimum interval 7200000
2017-12-18 15:57:13,278 INFO  [Plumbr thread - 2] eu.plumbr.runtime.agent.wf - Deleting old file: /home/gunjan/git/GeolifeReloaded2_1_cleaned/libs/plumbr/tmp/plumbr/12400_plumbr
2017-12-18 15:57:13,282 INFO  [Plumbr thread - 3] eu.plumbr.runtime.agent.nO - ejb_transaction switched on
2017-12-18 15:57:13,285 INFO  [Plumbr thread - 3] eu.plumbr.runtime.agent.cO - Plumbr session 005587fyLYbnK4x62uCJZVLQr4VcKVQ5c= started
