#
# There is insufficient memory for the Java Runtime Environment to continue.
# Native memory allocation (mmap) failed to map 147324928 bytes for committing reserved memory.
# Possible reasons:
#   The system is out of physical RAM or swap space
#   In 32 bit mode, the process size limit was hit
# Possible solutions:
#   Reduce memory load on the system
#   Increase physical memory or swap space
#   Check if swap backing store is full
#   Use 64 bit Java on a 64 bit OS
#   Decrease Java heap size (-Xmx/-Xms)
#   Decrease number of Java threads
#   Decrease Java thread stack sizes (-Xss)
#   Set larger code cache with -XX:ReservedCodeCacheSize=
# This output file may be truncated or incomplete.
#
#  Out of Memory Error (os_linux.cpp:2627), pid=17422, tid=0x00007f08785f7700
#
# JRE version: Java(TM) SE Runtime Environment (8.0_112-b15) (build 1.8.0_112-b15)
# Java VM: Java HotSpot(TM) 64-Bit Server VM (25.112-b15 mixed mode linux-amd64 compressed oops)
# Core dump written. Default location: /home/gunjan/git/GeolifeReloaded2_1_cleaned/core or core.17422
#

---------------  T H R E A D  ---------------

Current thread (0x00007f088c07c000):  VMThread [stack: 0x00007f08784f7000,0x00007f08785f8000] [id=17433]

Stack: [0x00007f08784f7000,0x00007f08785f8000],  sp=0x00007f08785f6210,  free space=1020k
Native frames: (J=compiled Java code, j=interpreted, Vv=VM code, C=native code)
V  [libjvm.so+0xac6f7a]  VMError::report_and_die()+0x2ba
V  [libjvm.so+0x4fc71b]  report_vm_out_of_memory(char const*, int, unsigned long, VMErrorType, char const*)+0x8b
V  [libjvm.so+0x923b13]  os::Linux::commit_memory_impl(char*, unsigned long, bool)+0x103
V  [libjvm.so+0x924069]  os::pd_commit_memory(char*, unsigned long, unsigned long, bool)+0x29
V  [libjvm.so+0x91e37a]  os::commit_memory(char*, unsigned long, unsigned long, bool)+0x2a
V  [libjvm.so+0x992da3]  PSVirtualSpace::expand_by(unsigned long)+0x53
V  [libjvm.so+0x9941a8]  PSYoungGen::resize_generation(unsigned long, unsigned long)+0xf8
V  [libjvm.so+0x993302]  PSYoungGen::resize(unsigned long, unsigned long)+0x22
V  [libjvm.so+0x9905db]  PSScavenge::invoke_no_policy()+0xf3b
V  [libjvm.so+0x990d61]  PSScavenge::invoke()+0x41
V  [libjvm.so+0x947ac0]  ParallelScavengeHeap::failed_mem_allocate(unsigned long)+0x70
V  [libjvm.so+0xac8997]  VM_ParallelGCFailedAllocation::doit()+0x97
V  [libjvm.so+0xad0475]  VM_Operation::evaluate()+0x55
V  [libjvm.so+0xace84a]  VMThread::evaluate_operation(VM_Operation*)+0xba
V  [libjvm.so+0xacebce]  VMThread::loop()+0x1ce
V  [libjvm.so+0xacf040]  VMThread::run()+0x70
V  [libjvm.so+0x926138]  java_start(Thread*)+0x108

VM_Operation (0x00007f0893c7b070): ParallelGCFailedAllocation, mode: safepoint, requested by thread 0x00007f088c00e000


---------------  P R O C E S S  ---------------

Java Threads: ( => current thread )
  0x00007f08240a0800 JavaThread "RMI TCP Accept-0" daemon [_thread_in_native, id=17444, stack(0x00007f0872c02000,0x00007f0872d03000)]
  0x00007f083c001000 JavaThread "Attach Listener" daemon [_thread_blocked, id=17442, stack(0x00007f0873744000,0x00007f0873845000)]
  0x00007f088c0c5000 JavaThread "Service Thread" daemon [_thread_blocked, id=17440, stack(0x00007f0873bfc000,0x00007f0873cfd000)]
  0x00007f088c0c1800 JavaThread "C1 CompilerThread2" daemon [_thread_blocked, id=17439, stack(0x00007f0873cfd000,0x00007f0873dfe000)]
  0x00007f088c0c0000 JavaThread "C2 CompilerThread1" daemon [_thread_blocked, id=17438, stack(0x00007f0873dfe000,0x00007f0873eff000)]
  0x00007f088c0bd000 JavaThread "C2 CompilerThread0" daemon [_thread_blocked, id=17437, stack(0x00007f0873eff000,0x00007f0874000000)]
  0x00007f088c0bb800 JavaThread "Signal Dispatcher" daemon [_thread_blocked, id=17436, stack(0x00007f0878013000,0x00007f0878114000)]
  0x00007f088c088000 JavaThread "Finalizer" daemon [_thread_blocked, id=17435, stack(0x00007f08782f5000,0x00007f08783f6000)]
  0x00007f088c083800 JavaThread "Reference Handler" daemon [_thread_blocked, id=17434, stack(0x00007f08783f6000,0x00007f08784f7000)]
  0x00007f088c00e000 JavaThread "main" [_thread_blocked, id=17428, stack(0x00007f0893b7c000,0x00007f0893c7d000)]

Other Threads:
=>0x00007f088c07c000 VMThread [stack: 0x00007f08784f7000,0x00007f08785f8000] [id=17433]
  0x00007f088c0c8000 WatcherThread [stack: 0x00007f0873afb000,0x00007f0873bfc000] [id=17441]

VM state:at safepoint (normal execution)

VM Mutex/Monitor currently owned by a thread:  ([mutex/lock_event])
[0x00007f088c00bc60] Threads_lock - owner thread: 0x00007f088c07c000
[0x00007f088c00c160] Heap_lock - owner thread: 0x00007f088c00e000

Heap:
 PSYoungGen      total 1777664K, used 809749K [0x00000006d5580000, 0x000000078b880000, 0x00000007c0000000)
  eden space 808960K, 0% used [0x00000006d5580000,0x00000006d5580000,0x0000000706b80000)
  from space 968704K, 83% used [0x0000000750680000,0x0000000781d457a0,0x000000078b880000)
  to   space 884224K, 0% used [0x0000000706b80000,0x0000000706b80000,0x000000073cb00000)
 ParOldGen       total 5391872K, used 4784981K [0x0000000500000000, 0x0000000649180000, 0x00000006d5580000)
  object space 5391872K, 88% used [0x0000000500000000,0x00000006240d55d8,0x0000000649180000)
 Metaspace       used 10880K, capacity 11210K, committed 11392K, reserved 1058816K
  class space    used 1257K, capacity 1339K, committed 1408K, reserved 1048576K

Card table byte_map: [0x00007f087b9ff000,0x00007f087d000000] byte_map_base: 0x00007f08791ff000

Marking Bits: (ParMarkBitMap*) 0x00007f089309cc80
 Begin Bits: [0x00007f0846000000, 0x00007f0851000000)
 End Bits:   [0x00007f0851000000, 0x00007f085c000000)

Polling page: 0x00007f0893cc5000

CodeCache: size=245760Kb used=3706Kb max_used=3720Kb free=242053Kb
 bounds [0x00007f087d000000, 0x00007f087d3b0000, 0x00007f088c000000]
 total_blobs=1389 nmethods=1004 adapters=299
 compilation: enabled

Compilation events (10 events):
Event: 10.288 Thread 0x00007f088c0c1800 1000       3       com.esotericsoftware.kryo.serializers.MapSerializer::read (8 bytes)
Event: 10.288 Thread 0x00007f088c0c1800 nmethod 1000 0x00007f087d397550 code [0x00007f087d3976c0, 0x00007f087d3978c8]
Event: 10.289 Thread 0x00007f088c0c1800 1001       3       com.esotericsoftware.kryo.serializers.DefaultSerializers$TreeMapSerializer::create (14 bytes)
Event: 10.289 Thread 0x00007f088c0c1800 nmethod 1001 0x00007f087d39c310 code [0x00007f087d39c4a0, 0x00007f087d39c798]
Event: 10.289 Thread 0x00007f088c0c1800 1002   !   3       com.esotericsoftware.kryo.serializers.DefaultSerializers$TreeMapSerializer::createTreeMap (76 bytes)
Event: 10.290 Thread 0x00007f088c0c1800 nmethod 1002 0x00007f087d39aad0 code [0x00007f087d39ad20, 0x00007f087d39bbe8]
Event: 10.295 Thread 0x00007f088c0c0000 1003       4       com.esotericsoftware.kryo.io.Input::readLong_slow (361 bytes)
Event: 10.329 Thread 0x00007f088c0c0000 nmethod 1003 0x00007f087d3a19d0 code [0x00007f087d3a1ce0, 0x00007f087d3a3630]
Event: 19.572 Thread 0x00007f088c0c0000 1004       4       java.util.HashMap::putVal (300 bytes)
Event: 19.579 Thread 0x00007f088c0c0000 nmethod 1004 0x00007f087d39ee10 code [0x00007f087d39efc0, 0x00007f087d39f668]

GC Heap History (10 events):
Event: 4.237 GC heap after
Heap after GC invocations=21 (full 8):
 PSYoungGen      total 1427456K, used 618391K [0x00000006d5580000, 0x0000000772780000, 0x00000007c0000000)
  eden space 595968K, 0% used [0x00000006d5580000,0x00000006d5580000,0x00000006f9b80000)
  from space 831488K, 74% used [0x00000006f9b80000,0x000000071f765c50,0x000000072c780000)
  to   space 881152K, 0% used [0x000000073cb00000,0x000000073cb00000,0x0000000772780000)
 ParOldGen       total 3534336K, used 2954351K [0x0000000500000000, 0x00000005d7b80000, 0x00000006d5580000)
  object space 3534336K, 83% used [0x0000000500000000,0x00000005b451bee8,0x00000005d7b80000)
 Metaspace       used 10872K, capacity 11210K, committed 11392K, reserved 1058816K
  class space    used 1257K, capacity 1339K, committed 1408K, reserved 1048576K
}
Event: 5.110 GC heap before
{Heap before GC invocations=22 (full 8):
 PSYoungGen      total 1427456K, used 1214359K [0x00000006d5580000, 0x0000000772780000, 0x00000007c0000000)
  eden space 595968K, 100% used [0x00000006d5580000,0x00000006f9b80000,0x00000006f9b80000)
  from space 831488K, 74% used [0x00000006f9b80000,0x000000071f765c50,0x000000072c780000)
  to   space 881152K, 0% used [0x000000073cb00000,0x000000073cb00000,0x0000000772780000)
 ParOldGen       total 3534336K, used 2954351K [0x0000000500000000, 0x00000005d7b80000, 0x00000006d5580000)
  object space 3534336K, 83% used [0x0000000500000000,0x00000005b451bee8,0x00000005d7b80000)
 Metaspace       used 10878K, capacity 11210K, committed 11392K, reserved 1058816K
  class space    used 1257K, capacity 1339K, committed 1408K, reserved 1048576K
Event: 5.785 GC heap after
Heap after GC invocations=22 (full 8):
 PSYoungGen      total 1690112K, used 525687K [0x00000006d5580000, 0x0000000772a80000, 0x00000007c0000000)
  eden space 808960K, 0% used [0x00000006d5580000,0x00000006d5580000,0x0000000706b80000)
  from space 881152K, 59% used [0x000000073cb00000,0x000000075cc5dc60,0x0000000772780000)
  to   space 884224K, 0% used [0x0000000706b80000,0x0000000706b80000,0x000000073cb00000)
 ParOldGen       total 3540480K, used 3540027K [0x0000000500000000, 0x00000005d8180000, 0x00000006d5580000)
  object space 3540480K, 99% used [0x0000000500000000,0x00000005d810ef80,0x00000005d8180000)
 Metaspace       used 10878K, capacity 11210K, committed 11392K, reserved 1058816K
  class space    used 1257K, capacity 1339K, committed 1408K, reserved 1048576K
}
Event: 5.785 GC heap before
{Heap before GC invocations=23 (full 9):
 PSYoungGen      total 1690112K, used 525687K [0x00000006d5580000, 0x0000000772a80000, 0x00000007c0000000)
  eden space 808960K, 0% used [0x00000006d5580000,0x00000006d5580000,0x0000000706b80000)
  from space 881152K, 59% used [0x000000073cb00000,0x000000075cc5dc60,0x0000000772780000)
  to   space 884224K, 0% used [0x0000000706b80000,0x0000000706b80000,0x000000073cb00000)
 ParOldGen       total 3540480K, used 3540027K [0x0000000500000000, 0x00000005d8180000, 0x00000006d5580000)
  object space 3540480K, 99% used [0x0000000500000000,0x00000005d810ef80,0x00000005d8180000)
 Metaspace       used 10878K, capacity 11210K, committed 11392K, reserved 1058816K
  class space    used 1257K, capacity 1339K, committed 1408K, reserved 1048576K
Event: 10.237 GC heap after
Heap after GC invocations=23 (full 9):
 PSYoungGen      total 1690112K, used 524520K [0x00000006d5580000, 0x0000000772a80000, 0x00000007c0000000)
  eden space 808960K, 0% used [0x00000006d5580000,0x00000006d5580000,0x0000000706b80000)
  from space 881152K, 59% used [0x000000073cb00000,0x000000075cb3a020,0x0000000772780000)
  to   space 884224K, 0% used [0x0000000706b80000,0x0000000706b80000,0x000000073cb00000)
 ParOldGen       total 4418048K, used 3540150K [0x0000000500000000, 0x000000060da80000, 0x00000006d5580000)
  object space 4418048K, 80% used [0x0000000500000000,0x00000005d812d808,0x000000060da80000)
 Metaspace       used 10878K, capacity 11210K, committed 11392K, reserved 1058816K
  class space    used 1257K, capacity 1339K, committed 1408K, reserved 1048576K
}
Event: 11.603 GC heap before
{Heap before GC invocations=24 (full 9):
 PSYoungGen      total 1690112K, used 1333480K [0x00000006d5580000, 0x0000000772a80000, 0x00000007c0000000)
  eden space 808960K, 100% used [0x00000006d5580000,0x0000000706b80000,0x0000000706b80000)
  from space 881152K, 59% used [0x000000073cb00000,0x000000075cb3a020,0x0000000772780000)
  to   space 884224K, 0% used [0x0000000706b80000,0x0000000706b80000,0x000000073cb00000)
 ParOldGen       total 4418048K, used 3540150K [0x0000000500000000, 0x000000060da80000, 0x00000006d5580000)
  object space 4418048K, 80% used [0x0000000500000000,0x00000005d812d808,0x000000060da80000)
 Metaspace       used 10880K, capacity 11210K, committed 11392K, reserved 1058816K
  class space    used 1257K, capacity 1339K, committed 1408K, reserved 1048576K
Event: 12.560 GC heap after
Heap after GC invocations=24 (full 9):
 PSYoungGen      total 1693184K, used 755683K [0x00000006d5580000, 0x000000078b880000, 0x00000007c0000000)
  eden space 808960K, 0% used [0x00000006d5580000,0x00000006d5580000,0x0000000706b80000)
  from space 884224K, 85% used [0x0000000706b80000,0x0000000734d78fc8,0x000000073cb00000)
  to   space 968704K, 0% used [0x0000000750680000,0x0000000750680000,0x000000078b880000)
 ParOldGen       total 4418048K, used 4030798K [0x0000000500000000, 0x000000060da80000, 0x00000006d5580000)
  object space 4418048K, 91% used [0x0000000500000000,0x00000005f6053808,0x000000060da80000)
 Metaspace       used 10880K, capacity 11210K, committed 11392K, reserved 1058816K
  class space    used 1257K, capacity 1339K, committed 1408K, reserved 1048576K
}
Event: 12.560 GC heap before
{Heap before GC invocations=25 (full 10):
 PSYoungGen      total 1693184K, used 755683K [0x00000006d5580000, 0x000000078b880000, 0x00000007c0000000)
  eden space 808960K, 0% used [0x00000006d5580000,0x00000006d5580000,0x0000000706b80000)
  from space 884224K, 85% used [0x0000000706b80000,0x0000000734d78fc8,0x000000073cb00000)
  to   space 968704K, 0% used [0x0000000750680000,0x0000000750680000,0x000000078b880000)
 ParOldGen       total 4418048K, used 4030798K [0x0000000500000000, 0x000000060da80000, 0x00000006d5580000)
  object space 4418048K, 91% used [0x0000000500000000,0x00000005f6053808,0x000000060da80000)
 Metaspace       used 10880K, capacity 11210K, committed 11392K, reserved 1058816K
  class space    used 1257K, capacity 1339K, committed 1408K, reserved 1048576K
Event: 18.682 GC heap after
Heap after GC invocations=25 (full 10):
 PSYoungGen      total 1693184K, used 365579K [0x00000006d5580000, 0x000000078b880000, 0x00000007c0000000)
  eden space 808960K, 0% used [0x00000006d5580000,0x00000006d5580000,0x0000000706b80000)
  from space 884224K, 41% used [0x0000000706b80000,0x000000071d082df8,0x000000073cb00000)
  to   space 968704K, 0% used [0x0000000750680000,0x0000000750680000,0x000000078b880000)
 ParOldGen       total 5391872K, used 4417909K [0x0000000500000000, 0x0000000649180000, 0x00000006d5580000)
  object space 5391872K, 81% used [0x0000000500000000,0x000000060da5d5d8,0x0000000649180000)
 Metaspace       used 10880K, capacity 11210K, committed 11392K, reserved 1058816K
  class space    used 1257K, capacity 1339K, committed 1408K, reserved 1048576K
}
Event: 20.565 GC heap before
{Heap before GC invocations=26 (full 10):
 PSYoungGen      total 1693184K, used 1174539K [0x00000006d5580000, 0x000000078b880000, 0x00000007c0000000)
  eden space 808960K, 100% used [0x00000006d5580000,0x0000000706b80000,0x0000000706b80000)
  from space 884224K, 41% used [0x0000000706b80000,0x000000071d082df8,0x000000073cb00000)
  to   space 968704K, 0% used [0x0000000750680000,0x0000000750680000,0x000000078b880000)
 ParOldGen       total 5391872K, used 4417909K [0x0000000500000000, 0x0000000649180000, 0x00000006d5580000)
  object space 5391872K, 81% used [0x0000000500000000,0x000000060da5d5d8,0x0000000649180000)
 Metaspace       used 10880K, capacity 11210K, committed 11392K, reserved 1058816K
  class space    used 1257K, capacity 1339K, committed 1408K, reserved 1048576K

Deoptimization events (6 events):
Event: 0.438 Thread 0x00007f088c00e000 Uncommon trap: reason=unreached action=reinterpret pc=0x00007f087d24fbb4 method=org.activity.objects.TraceMatrix.<init>(II)V @ 112
Event: 0.481 Thread 0x00007f088c00e000 Uncommon trap: reason=unstable_if action=reinterpret pc=0x00007f087d25a620 method=org.activity.objects.TraceMatrix.<init>(II)V @ 124
Event: 0.742 Thread 0x00007f083c001000 Uncommon trap: reason=unstable_if action=reinterpret pc=0x00007f087d1e13a8 method=java.lang.String.indexOf([CII[CIII)I @ 3
Event: 1.229 Thread 0x00007f083c001000 Uncommon trap: reason=unstable_if action=reinterpret pc=0x00007f087d20805c method=java.lang.String.replace(CC)Ljava/lang/String; @ 26
Event: 3.700 Thread 0x00007f088c00e000 Uncommon trap: reason=unstable_if action=reinterpret pc=0x00007f087d2c40b8 method=org.activity.objects.TraceMatrix.resetLengthOfCells()V @ 38
Event: 4.631 Thread 0x00007f088c00e000 Uncommon trap: reason=class_check action=maybe_recompile pc=0x00007f087d381c2c method=com.esotericsoftware.kryo.serializers.MapSerializer.read(Lcom/esotericsoftware/kryo/Kryo;Lcom/esotericsoftware/kryo/io/Input;Ljava/lang/Class;)Ljava/util/Map; @ 218

Internal exceptions (10 events):
Event: 1.077 Thread 0x00007f083c001000 Exception <a 'java/lang/ArrayIndexOutOfBoundsException'> (0x00000006d55ad8d0) thrown at [/HUDSON3/workspace/8-2-build-linux-amd64/jdk8u112/7884/hotspot/src/share/vm/runtime/sharedRuntime.cpp, line 605]
Event: 1.079 Thread 0x00007f083c001000 Exception <a 'java/lang/ArrayIndexOutOfBoundsException'> (0x00000006d55afef8) thrown at [/HUDSON3/workspace/8-2-build-linux-amd64/jdk8u112/7884/hotspot/src/share/vm/runtime/sharedRuntime.cpp, line 605]
Event: 1.079 Thread 0x00007f083c001000 Exception <a 'java/lang/ArrayIndexOutOfBoundsException'> (0x00000006d55b1578) thrown at [/HUDSON3/workspace/8-2-build-linux-amd64/jdk8u112/7884/hotspot/src/share/vm/runtime/sharedRuntime.cpp, line 605]
Event: 1.082 Thread 0x00007f083c001000 Exception <a 'java/lang/ArrayIndexOutOfBoundsException'> (0x00000006d55b72a8) thrown at [/HUDSON3/workspace/8-2-build-linux-amd64/jdk8u112/7884/hotspot/src/share/vm/runtime/sharedRuntime.cpp, line 605]
Event: 1.097 Thread 0x00007f083c001000 Exception <a 'java/lang/ArrayIndexOutOfBoundsException'> (0x00000006d55e59e8) thrown at [/HUDSON3/workspace/8-2-build-linux-amd64/jdk8u112/7884/hotspot/src/share/vm/runtime/sharedRuntime.cpp, line 605]
Event: 1.097 Thread 0x00007f083c001000 Exception <a 'java/lang/ArrayIndexOutOfBoundsException'> (0x00000006d55e7088) thrown at [/HUDSON3/workspace/8-2-build-linux-amd64/jdk8u112/7884/hotspot/src/share/vm/runtime/sharedRuntime.cpp, line 605]
Event: 1.202 Thread 0x00007f083c001000 Exception <a 'java/lang/ArrayIndexOutOfBoundsException'> (0x00000006d5584d48) thrown at [/HUDSON3/workspace/8-2-build-linux-amd64/jdk8u112/7884/hotspot/src/share/vm/runtime/sharedRuntime.cpp, line 605]
Event: 1.217 Thread 0x00007f083c001000 Exception <a 'java/lang/ArrayIndexOutOfBoundsException'> (0x00000006d55b20b8) thrown at [/HUDSON3/workspace/8-2-build-linux-amd64/jdk8u112/7884/hotspot/src/share/vm/runtime/sharedRuntime.cpp, line 605]
Event: 1.222 Thread 0x00007f083c001000 Exception <a 'java/lang/ArrayIndexOutOfBoundsException'> (0x00000006d55d2150) thrown at [/HUDSON3/workspace/8-2-build-linux-amd64/jdk8u112/7884/hotspot/src/share/vm/runtime/sharedRuntime.cpp, line 605]
Event: 1.634 Thread 0x00007f083c001000 Exception <a 'java/lang/ClassNotFoundException': javax/management/remote/rmi/RMIJRMPServerImpl$ExportedWrapper_Stub> (0x00000006d5aeec18) thrown at [/HUDSON3/workspace/8-2-build-linux-amd64/jdk8u112/7884/hotspot/src/share/vm/classfile/systemDictionary.cpp

Events (10 events):
Event: 4.388 Thread 0x00007f088c00e000 DEOPT PACKING pc=0x00007f087d36b78f sp=0x00007f0893c7b2c0
Event: 4.388 Thread 0x00007f088c00e000 DEOPT UNPACKING pc=0x00007f087d047633 sp=0x00007f0893c7b058 mode 0
Event: 4.631 Thread 0x00007f088c00e000 Uncommon trap: trap_request=0xffffffde fr.pc=0x00007f087d381c2c
Event: 4.631 Thread 0x00007f088c00e000 DEOPT PACKING pc=0x00007f087d381c2c sp=0x00007f0893c7b4d0
Event: 4.631 Thread 0x00007f088c00e000 DEOPT UNPACKING pc=0x00007f087d005229 sp=0x00007f0893c7b490 mode 2
Event: 5.110 Executing VM operation: ParallelGCFailedAllocation
Event: 10.237 Executing VM operation: ParallelGCFailedAllocation done
Event: 11.603 Executing VM operation: ParallelGCFailedAllocation
Event: 18.682 Executing VM operation: ParallelGCFailedAllocation done
Event: 20.565 Executing VM operation: ParallelGCFailedAllocation


Dynamic libraries:
00400000-00401000 r-xp 00000000 08:04 1180653                            /usr/lib/jvm/java-8-jdk/jre/bin/java
00600000-00601000 rw-p 00000000 08:04 1180653                            /usr/lib/jvm/java-8-jdk/jre/bin/java
011b7000-011d8000 rw-p 00000000 00:00 0                                  [heap]
500000000-649180000 rw-p 00000000 00:00 0 
649180000-6d5580000 ---p 00000000 00:00 0 
6d5580000-78b880000 rw-p 00000000 00:00 0 
794500000-7c0000000 ---p 00000000 00:00 0 
7c0000000-7c0160000 rw-p 00000000 00:00 0 
7c0160000-800000000 ---p 00000000 00:00 0 
7f0818000000-7f0818021000 rw-p 00000000 00:00 0 
7f0818021000-7f081c000000 ---p 00000000 00:00 0 
7f081c000000-7f081c7c1000 rw-p 00000000 00:00 0 
7f081c7c1000-7f0820000000 ---p 00000000 00:00 0 
7f0820000000-7f0820021000 rw-p 00000000 00:00 0 
7f0820021000-7f0824000000 ---p 00000000 00:00 0 
7f0824000000-7f08240ab000 rw-p 00000000 00:00 0 
7f08240ab000-7f0828000000 ---p 00000000 00:00 0 
7f0828000000-7f0828494000 rw-p 00000000 00:00 0 
7f0828494000-7f082c000000 ---p 00000000 00:00 0 
7f082c000000-7f082c021000 rw-p 00000000 00:00 0 
7f082c021000-7f0830000000 ---p 00000000 00:00 0 
7f0830000000-7f083034d000 rw-p 00000000 00:00 0 
7f083034d000-7f0834000000 ---p 00000000 00:00 0 
7f0834000000-7f08342a2000 rw-p 00000000 00:00 0 
7f08342a2000-7f0838000000 ---p 00000000 00:00 0 
7f0838000000-7f0838021000 rw-p 00000000 00:00 0 
7f0838021000-7f083c000000 ---p 00000000 00:00 0 
7f083c000000-7f083c021000 rw-p 00000000 00:00 0 
7f083c021000-7f0840000000 ---p 00000000 00:00 0 
7f0840000000-7f0840021000 rw-p 00000000 00:00 0 
7f0840021000-7f0844000000 ---p 00000000 00:00 0 
7f0846000000-7f085c000000 rw-p 00000000 00:00 0 
7f085c000000-7f085c021000 rw-p 00000000 00:00 0 
7f085c021000-7f0860000000 ---p 00000000 00:00 0 
7f0860000000-7f086028f000 rw-p 00000000 00:00 0 
7f086028f000-7f0864000000 ---p 00000000 00:00 0 
7f0864000000-7f0868000000 rw-p 00000000 00:00 0 
7f086c000000-7f086c021000 rw-p 00000000 00:00 0 
7f086c021000-7f0870000000 ---p 00000000 00:00 0 
7f0872c02000-7f0872c05000 ---p 00000000 00:00 0 
7f0872c05000-7f0872ec3000 rw-p 00000000 00:00 0 
7f0872ec3000-7f0872f03000 ---p 00000000 00:00 0 
7f0872f03000-7f0872f08000 r--s 00098000 08:04 1180456                    /usr/lib/jvm/java-8-jdk/jre/lib/jsse.jar
7f0872f08000-7f0872f09000 r--s 00000000 08:04 1180447                    /usr/lib/jvm/java-8-jdk/jre/lib/management-agent.jar
7f0872f09000-7f0872f1a000 r-xp 00000000 08:04 1180539                    /usr/lib/jvm/java-8-jdk/jre/lib/amd64/libnio.so
7f0872f1a000-7f0873119000 ---p 00011000 08:04 1180539                    /usr/lib/jvm/java-8-jdk/jre/lib/amd64/libnio.so
7f0873119000-7f087311a000 rw-p 00010000 08:04 1180539                    /usr/lib/jvm/java-8-jdk/jre/lib/amd64/libnio.so
7f087311a000-7f0873123000 r-xp 00000000 08:04 1180528                    /usr/lib/jvm/java-8-jdk/jre/lib/amd64/libmanagement.so
7f0873123000-7f0873322000 ---p 00009000 08:04 1180528                    /usr/lib/jvm/java-8-jdk/jre/lib/amd64/libmanagement.so
7f0873322000-7f0873323000 rw-p 00008000 08:04 1180528                    /usr/lib/jvm/java-8-jdk/jre/lib/amd64/libmanagement.so
7f0873323000-7f0873339000 r-xp 00000000 08:04 1180563                    /usr/lib/jvm/java-8-jdk/jre/lib/amd64/libnet.so
7f0873339000-7f0873539000 ---p 00016000 08:04 1180563                    /usr/lib/jvm/java-8-jdk/jre/lib/amd64/libnet.so
7f0873539000-7f087353a000 rw-p 00016000 08:04 1180563                    /usr/lib/jvm/java-8-jdk/jre/lib/amd64/libnet.so
7f087353a000-7f0873544000 r-xp 00000000 08:04 1180507                    /usr/lib/jvm/java-8-jdk/jre/lib/amd64/libinstrument.so
7f0873544000-7f0873743000 ---p 0000a000 08:04 1180507                    /usr/lib/jvm/java-8-jdk/jre/lib/amd64/libinstrument.so
7f0873743000-7f0873744000 rw-p 00009000 08:04 1180507                    /usr/lib/jvm/java-8-jdk/jre/lib/amd64/libinstrument.so
7f0873744000-7f0873747000 ---p 00000000 00:00 0 
7f0873747000-7f0873845000 rw-p 00000000 00:00 0 
7f0873845000-7f0873846000 r--s 00223000 08:04 8401667                    /home/gunjan/EclipseWorkspace/EditDistanceStandAlone/build/libs/EditDistanceStandAlone-capsule.jar
7f0873846000-7f087384a000 r--s 0001e000 08:04 8657503                    /home/gunjan/git/GeolifeReloaded2_1_cleaned/libs/hgapi83_amidst-64.jar
7f087384a000-7f087384b000 r--s 00223000 08:04 8657850                    /home/gunjan/git/GeolifeReloaded2_1_cleaned/libs/EditDistanceStandAlone-capsule.jar
7f087384b000-7f0873870000 r--s 004f5000 08:04 8657504                    /home/gunjan/git/GeolifeReloaded2_1_cleaned/libs/spmf.zip
7f0873870000-7f0873872000 r--s 00027000 08:04 9438017                    /home/gunjan/.gradle/caches/modules-2/files-2.1/com.github.fommil.netlib/core/1.1.2/574b480eca62f535fad6d259e144fee3ef24b66e/core-1.1.2.jar
7f0873872000-7f0873874000 r--s 00001000 08:04 9438015                    /home/gunjan/.gradle/caches/modules-2/files-2.1/com.github.fommil/jniloader/1.1/4840f897eeb54d67ee14e478f8a45cc9937f3ce1/jniloader-1.1.jar
7f0873874000-7f0873875000 r--s 0000d000 08:04 9438013                    /home/gunjan/.gradle/caches/modules-2/files-2.1/com.github.fommil.netlib/native_system-java/1.1/3c6a2455f96b354a6940dce1393abb35ed7641da/native_system-java-1.1.jar
7f0873875000-7f0873876000 r--s 0000d000 08:04 9438011                    /home/gunjan/.gradle/caches/modules-2/files-2.1/com.github.fommil.netlib/native_ref-java/1.1/408c71ffbc3646dda7bee1e22bf19101e5e9ee90/native_ref-java-1.1.jar
7f0873876000-7f0873878000 r--s 00088000 08:04 9438009                    /home/gunjan/.gradle/caches/modules-2/files-2.1/com.github.fommil.netlib/netlib-native_system-win-i686/1.1/c25fd1881cf93f7716f47b7deec859f6b6b7be50/netlib-native_system-win-i686-1.1-natives.jar
7f0873878000-7f0873879000 r--s 0009b000 08:04 9438007                    /home/gunjan/.gradle/caches/modules-2/files-2.1/com.github.fommil.netlib/netlib-native_system-win-x86_64/1.1/222c7915be1daf1c26a4206f375d4957ae5f9d81/netlib-native_system-win-x86_64-1.1-natives.jar
7f0873879000-7f087387a000 r--s 0004b000 08:04 9438005                    /home/gunjan/.gradle/caches/modules-2/files-2.1/com.github.fommil.netlib/netlib-native_system-linux-armhf/1.1/27ae9f6a9c88b3f8d12ffa52d62941615f8ed416/netlib-native_system-linux-armhf-1.1-natives.jar
7f087387a000-7f087387b000 r--s 0006a000 08:04 9438003                    /home/gunjan/.gradle/caches/modules-2/files-2.1/com.github.fommil.netlib/netlib-native_system-linux-i686/1.1/dd43225560dbd9115d306f9be3ca195aed236b78/netlib-native_system-linux-i686-1.1-natives.jar
7f087387b000-7f087387c000 r--s 0006f000 08:04 9438001                    /home/gunjan/.gradle/caches/modules-2/files-2.1/com.github.fommil.netlib/netlib-native_system-linux-x86_64/1.1/163e88facabe7fa29952890dc2d3429e28501120/netlib-native_system-linux-x86_64-1.1-natives.jar
7f087387c000-7f087387d000 r--s 00087000 08:04 9437999                    /home/gunjan/.gradle/caches/modules-2/files-2.1/com.github.fommil.netlib/netlib-native_system-osx-x86_64/1.1/d724e33675dc8eaa5c8fcb05a3aaca6f3339afa7/netlib-native_system-osx-x86_64-1.1-natives.jar
7f087387d000-7f087387e000 r--s 00126000 08:04 9437997                    /home/gunjan/.gradle/caches/modules-2/files-2.1/com.github.fommil.netlib/netlib-native_ref-linux-armhf/1.1/ec467162f74710fd8897cff6888534ceaf297d9a/netlib-native_ref-linux-armhf-1.1-natives.jar
7f087387e000-7f087387f000 r--s 001bd000 08:04 9437995                    /home/gunjan/.gradle/caches/modules-2/files-2.1/com.github.fommil.netlib/netlib-native_ref-win-i686/1.1/167fb794a26cb0bfc74890c704c7137b1d5b50fd/netlib-native_ref-win-i686-1.1-natives.jar
7f087387f000-7f0873880000 r--s 00232000 08:04 9437993                    /home/gunjan/.gradle/caches/modules-2/files-2.1/com.github.fommil.netlib/netlib-native_ref-win-x86_64/1.1/4ab54511c2844546279d9f8e427c73953b794686/netlib-native_ref-win-x86_64-1.1-natives.jar
7f0873880000-7f0873881000 r--s 0016b000 08:04 9437990                    /home/gunjan/.gradle/caches/modules-2/files-2.1/com.github.fommil.netlib/netlib-native_ref-linux-i686/1.1/eedd845b214aea560bce317d778ebb52f8f46038/netlib-native_ref-linux-i686-1.1-natives.jar
7f0873881000-7f0873883000 r--s 001aa000 08:04 9437988                    /home/gunjan/.gradle/caches/modules-2/files-2.1/com.github.fommil.netlib/netlib-native_ref-linux-x86_64/1.1/5a3e5787d03c39790d5ae08cce189dd1ccc4a38/netlib-native_ref-linux-x86_64-1.1-natives.jar
7f0873883000-7f0873885000 r--s 001c0000 08:04 9437986                    /home/gunjan/.gradle/caches/modules-2/files-2.1/com.github.fommil.netlib/netlib-native_ref-osx-x86_64/1.1/80da53ec862f283dc3b191b9dbd3166ea6671831/netlib-native_ref-osx-x86_64-1.1-natives.jar
7f0873885000-7f0873886000 r--s 00001000 08:04 208                        /home/gunjan/.gradle/caches/modules-2/files-2.1/com.google.errorprone/error_prone_annotations/2.0.2/8382c6cdc18c8c8ad7840024fa340509cf16be11/error_prone_annotations-2.0.2.jar
7f0873886000-7f0873889000 r--s 00006000 08:04 206                        /home/gunjan/.gradle/caches/modules-2/files-2.1/com.google.code.findbugs/jsr305/1.3.9/40719ea6961c0cb6afaeb6a921eaa1f6afd4cfdf/jsr305-1.3.9.jar
7f0873889000-7f087388f000 r--s 0004b000 08:04 9437984                    /home/gunjan/.gradle/caches/modules-2/files-2.1/org.jfree/jcommon/1.0.23/a316f336ca996e0c6bec4e4fbd49be8f5e1c3968/jcommon-1.0.23.jar
7f087388f000-7f0873890000 r--s 00000000 08:04 9437982                    /home/gunjan/.gradle/caches/modules-2/files-2.1/net.jcip/jcip-annotations/1.0/afba4942caaeaf46aab0b976afd57cc7c181467e/jcip-annotations-1.0.jar
7f0873890000-7f0873896000 r--s 00026000 08:04 9437980                    /home/gunjan/.gradle/caches/modules-2/files-2.1/org.jetbrains.kotlin/kotlin-runtime/1.0.2/8ec2d49a780ddba5e9b6860a72969e4d5bbc0c55/kotlin-runtime-1.0.2.jar
7f0873896000-7f0873898000 r--s 0000c000 08:04 9437977                    /home/gunjan/.gradle/caches/modules-2/files-2.1/org.ow2.asm/asm/5.0.4/da08b8cce7bbf903602a25a3a163ae252435795/asm-5.0.4.jar
7f0873898000-7f087389a000 r--s 00011000 08:04 9437975                    /home/gunjan/.gradle/caches/modules-2/files-2.1/com.cedarsoftware/json-io/2.5.1/dd7fe37e5d02b93b014df08655da2b9e0dc2700a/json-io-2.5.1.jar
7f087389a000-7f087389c000 r--s 0000d000 08:04 9437973                    /home/gunjan/.gradle/caches/modules-2/files-2.1/commons-logging/commons-logging/1.1.1/5043bfebc3db072ed80fbd362e7caf00e885d8ae/commons-logging-1.1.1.jar
7f087389c000-7f087389e000 r--s 00009000 08:04 9437971                    /home/gunjan/.gradle/caches/modules-2/files-2.1/org.hamcrest/hamcrest-core/1.3/42a25dc3219429f0e5d060061f71acb49bf010a0/hamcrest-core-1.3.jar
7f087389e000-7f08738a1000 r--s 00018000 08:04 9312811                    /home/gunjan/.gradle/caches/modules-2/files-2.1/commons-io/commons-io/1.4/a8762d07e76cfde2395257a5da47ba7c1dbd3dce/commons-io-1.4.jar
7f08738a1000-7f08738a5000 r--s 000dc000 08:04 9570848                    /home/gunjan/.gradle/caches/modules-2/files-2.1/net.java.dev.jna/jna/4.1.0/1c12d070e602efd8021891cdd7fd18bc129372d4/jna-4.1.0.jar
7f08738a5000-7f08738b7000 r--s 000a7000 08:04 204                        /home/gunjan/.gradle/caches/modules-2/files-2.1/com.google.guava/guava-testlib/19.0/ce5b880b206de3f76d364988a6308c68c726f74a/guava-testlib-19.0.jar
7f08738b7000-7f08738c0000 r--s 0006f000 08:04 9438180                    /home/gunjan/.gradle/caches/modules-2/files-2.1/log4j/log4j/1.2.17/5af35056b4d257e4b64b9e8069c0746e8b08629f/log4j-1.2.17.jar
7f08738c0000-7f08738d1000 r--s 0016e000 08:04 9437969                    /home/gunjan/.gradle/caches/modules-2/files-2.1/org.jfree/jfreechart/1.0.19/ba9ee7dbb2e4c57a6901c79f614ed2dea9cc0e20/jfreechart-1.0.19.jar
7f08738d1000-7f08738d3000 r--s 0000e000 08:04 9437967                    /home/gunjan/.gradle/caches/modules-2/files-2.1/com.beust/jcommander/1.48/bfcb96281ea3b59d626704f74bc6d625ff51cbce/jcommander-1.48.jar
7f08738d3000-7f08738e3000 r--s 00088000 08:04 9437961                    /home/gunjan/.gradle/caches/modules-2/files-2.1/joda-time/joda-time/2.8.2/d27c24204c5e507b16fec01006b3d0f1ec42aed4/joda-time-2.8.2.jar
7f08738e3000-7f08738f3000 r--s 00085000 08:04 9437959                    /home/gunjan/.gradle/caches/modules-2/files-2.1/com.mchange/mchange-commons-java/0.2.11/2a6a6c1fe25f28f5a073171956ce6250813467ef/mchange-commons-java-0.2.11.jar
7f08738f3000-7f08738f5000 r--s 00016000 08:04 9437957                    /home/gunjan/.gradle/caches/modules-2/files-2.1/com.googlecode.netlib-java/netlib-java/1.1/4a9c3b55b23430e5a6ad86101a88aea500ba8086/netlib-java-1.1.jar
7f08738f5000-7f0873907000 r--s 00112000 08:04 9437955                    /home/gunjan/.gradle/caches/modules-2/files-2.1/net.sourceforge.f2j/arpack_combined_all/0.1/225619a060b42605b4d9fd4af11815664abf26eb/arpack_combined_all-0.1.jar
7f0873907000-7f087390c000 r--s 0003d000 08:04 9437953                    /home/gunjan/.gradle/caches/modules-2/files-2.1/com.googlecode.matrix-toolkits-java/mtj/1.0.4/e14ed840ff5e15de92dba2d1af29201fa70a0f35/mtj-1.0.4.jar
7f087390c000-7f0873910000 r--s 0002f000 08:04 9437951                    /home/gunjan/.gradle/caches/modules-2/files-2.1/nz.ac.waikato.cms.weka.thirdparty/bounce/0.18/d774f9a0aa5cbe08dea8907720c64c417aed861/bounce-0.18.jar
7f0873910000-7f0873912000 r--s 00016000 08:04 9437943                    /home/gunjan/.gradle/caches/modules-2/files-2.1/nz.ac.waikato.cms.weka.thirdparty/java-cup-11b/2015.03.26/6e97c5abd2e76d83220f09f72de0b89b6de18dc1/java-cup-11b-2015.03.26.jar
7f0873912000-7f0873916000 r--s 0001a000 08:04 9437936                    /home/gunjan/.gradle/caches/modules-2/files-2.1/org.mapdb/elsa/3.0.0-M5/d7c1920d084e741e04844f512af24012e745e809/elsa-3.0.0-M5.jar
7f0873916000-7f0873918000 r--s 00038000 08:04 9437934                    /home/gunjan/.gradle/caches/modules-2/files-2.1/net.jpountz.lz4/lz4/1.3.0/c708bb2590c0652a642236ef45d9f99ff842a2ce/lz4-1.3.0.jar
7f0873918000-7f0873944000 r--s 00208000 08:04 9437932                    /home/gunjan/.gradle/caches/modules-2/files-2.1/com.google.guava/guava/19.0/6ce200f6b23222af3d8abb6b6459e6c44f4bb0e9/guava-19.0.jar
7f0873944000-7f0873946000 r--s 00009000 08:04 11439006                   /home/gunjan/.gradle/caches/modules-2/files-2.1/org.eclipse.collections/eclipse-collections-forkjoin/7.1.1/892b970cb03461f8c10daba778edbef3f0a26846/eclipse-collections-forkjoin-7.1.1.jar
7f0873946000-7f08739e4000 r--s 00896000 08:04 11439004                   /home/gunjan/.gradle/caches/modules-2/files-2.1/org.eclipse.collections/eclipse-collections/7.1.1/83eca9f03f1f2d055df453d72036c5ce2e82896b/eclipse-collections-7.1.1.jar
7f08739e4000-7f0873a07000 r--s 000a0000 08:04 11439002                   /home/gunjan/.gradle/caches/modules-2/files-2.1/org.eclipse.collections/eclipse-collections-api/7.1.1/806c2b3bef5364d1a1668f25ce70100fa2c6b919/eclipse-collections-api-7.1.1.jar
7f0873a07000-7f0873a10000 r--s 00084000 08:04 9437924                    /home/gunjan/.gradle/caches/modules-2/files-2.1/org.jetbrains.kotlin/kotlin-stdlib/1.0.2/22063f19bfd8e50f21fc310842a91ff5b31bb272/kotlin-stdlib-1.0.2.jar
7f0873a10000-7f0873a12000 r--s 00004000 08:04 9437920                    /home/gunjan/.gradle/caches/modules-2/files-2.1/com.esotericsoftware/reflectasm/1.11.3/8b102eed2f12412b254946811111ea48bc03a266/reflectasm-1.11.3.jar
7f0873a12000-7f0873a14000 r--s 0000d000 08:04 9437918                    /home/gunjan/.gradle/caches/modules-2/files-2.1/com.cedarsoftware/java-util/1.9.0/c5f6deb3213a693d0cc20a78b1052ecc9a2df09c/java-util-1.9.0.jar
7f0873a14000-7f0873a16000 r--s 0000b000 08:04 9437916                    /home/gunjan/.gradle/caches/modules-2/files-2.1/org.objenesis/objenesis/2.4/2916b6c96b50c5b3ec4452ed99401db745aabb27/objenesis-2.4.jar
7f0873a16000-7f0873a1f000 r--s 000ae000 08:04 9437914                    /home/gunjan/.gradle/caches/modules-2/files-2.1/org.javassist/javassist/3.19.0-GA/50120f69224dd8684b445a6f3a5b08fe9b5c60f6/javassist-3.19.0-GA.jar
7f0873a1f000-7f0873a23000 r--s 00041000 08:04 9437912                    /home/gunjan/.gradle/caches/modules-2/files-2.1/com.fasterxml.jackson.core/jackson-core/2.8.1/fd13b1c033741d48291315c6370f7d475a42dccf/jackson-core-2.8.1.jar
7f0873a23000-7f0873a2b000 r--s 00045000 08:04 9437910                    /home/gunjan/.gradle/caches/modules-2/files-2.1/junit/junit/4.12/2973d150c0dc1fefe998f834810d68f278ea58ec/junit-4.12.jar
7f0873a2b000-7f0873a2d000 r--s 0000b000 08:04 9312810                    /home/gunjan/.gradle/caches/modules-2/files-2.1/org.zeroturnaround/zt-exec/1.9/a6c5747098b1ede9f4a6e9c36eaebb357a4430ed/zt-exec-1.9.jar
7f0873a2d000-7f0873a30000 r--s 00012000 08:04 9312574                    /home/gunjan/.gradle/caches/modules-2/files-2.1/com.zaxxer/nuprocess/1.1.0/9479382344b61b36dd3ca1ec1b10aaa91295d632/nuprocess-1.1.0.jar
7f0873a30000-7f0873a58000 r--s 00241000 08:04 263                        /home/gunjan/.gradle/caches/modules-2/files-2.1/net.sf.trove4j/trove4j/3.0.3/42ccaf4761f0dfdfa805c9e340d99a755907e2dd/trove4j-3.0.3.jar
7f0873a58000-7f0873a5b000 r--s 0001b000 08:04 9438178                    /home/gunjan/.gradle/caches/modules-2/files-2.1/com.google.uzaygezen/uzaygezen-core/0.2/611b82d4c4b4f67cc3d83cf0697ec660fcee2fff/uzaygezen-core-0.2.jar
7f0873a5b000-7f0873a63000 r--s 00042000 08:04 9437906                    /home/gunjan/.gradle/caches/modules-2/files-2.1/org.n52.matlab/matlab-control/5.0.0/ced8fdb8664759574b2f340aa00844f757dfcad0/matlab-control-5.0.0.jar
7f0873a63000-7f0873a6e000 r--s 000b6000 08:04 9437904                    /home/gunjan/.gradle/caches/modules-2/files-2.1/org.tinyjee.jgraphx/jgraphx/3.4.1.3/a62939cbd5af2dff663e91d061b3e4edc7b8df85/jgraphx-3.4.1.3.jar
7f0873a6e000-7f0873a75000 r--s 00073000 08:04 9437900                    /home/gunjan/.gradle/caches/modules-2/files-2.1/com.mchange/c3p0/0.9.5.2/5f86cb6130bc6e8475615ed82d5b5e6fb226a86a/c3p0-0.9.5.2.jar
7f0873a75000-7f0873ad4000 r--s 00835000 08:04 9437892                    /home/gunjan/.gradle/caches/modules-2/files-2.1/nz.ac.waikato.cms.weka/weka-stable/3.8.0/5f6547867e775b416982cdcaa2dbef67855a6669/weka-stable-3.8.0.jar
7f0873ad4000-7f0873afb000 r--s 001f6000 08:04 9437884                    /home/gunjan/.gradle/caches/modules-2/files-2.1/org.apache.commons/commons-math3/3.6.1/e4ba98f1d4b3c80ec46392f25e094a6a2e58fcbf/commons-math3-3.6.1.jar
7f0873afb000-7f0873afc000 ---p 00000000 00:00 0 
7f0873afc000-7f0873bfc000 rw-p 00000000 00:00 0 
7f0873bfc000-7f0873bff000 ---p 00000000 00:00 0 
7f0873bff000-7f0873cfd000 rw-p 00000000 00:00 0 
7f0873cfd000-7f0873d00000 ---p 00000000 00:00 0 
7f0873d00000-7f0873dfe000 rw-p 00000000 00:00 0 
7f0873dfe000-7f0873e01000 ---p 00000000 00:00 0 
7f0873e01000-7f0873eff000 rw-p 00000000 00:00 0 
7f0873eff000-7f0873f02000 ---p 00000000 00:00 0 
7f0873f02000-7f0874000000 rw-p 00000000 00:00 0 
7f0874000000-7f0874021000 rw-p 00000000 00:00 0 
7f0874021000-7f0878000000 ---p 00000000 00:00 0 
7f0878000000-7f0878001000 r--s 00002000 08:04 9437963                    /home/gunjan/.gradle/caches/modules-2/files-2.1/org.slf4j/slf4j-simple/1.7.12/42db62298b899818ff17352cbc00050e940bbfb0/slf4j-simple-1.7.12.jar
7f0878001000-7f0878003000 r--s 0001e000 08:04 9437908                    /home/gunjan/.gradle/caches/modules-2/files-2.1/net.seninp/jmotif-sax/1.1.1/22909acc5e5c67cd9a4517070a7fb4f7ef926ab3/jmotif-sax-1.1.1.jar
7f0878003000-7f087800a000 r--s 00067000 08:04 9437898                    /home/gunjan/.gradle/caches/modules-2/files-2.1/org.mariadb.jdbc/mariadb-java-client/1.5.4/bd0e2e8494245c2885a79fc92bc3693c88cbfab4/mariadb-java-client-1.5.4.jar
7f087800a000-7f0878013000 r--s 00062000 08:04 9437894                    /home/gunjan/.gradle/caches/modules-2/files-2.1/org.jgrapht/jgrapht-core/1.0.0/c2adf22c2d37721489de12e70f5c226832045071/jgrapht-core-1.0.0.jar
7f0878013000-7f0878016000 ---p 00000000 00:00 0 
7f0878016000-7f0878114000 rw-p 00000000 00:00 0 
7f0878114000-7f08782f5000 r--p 00000000 08:04 9986683                    /usr/lib/locale/locale-archive
7f08782f5000-7f08782f8000 ---p 00000000 00:00 0 
7f08782f8000-7f08783f6000 rw-p 00000000 00:00 0 
7f08783f6000-7f08783f9000 ---p 00000000 00:00 0 
7f08783f9000-7f08784f7000 rw-p 00000000 00:00 0 
7f08784f7000-7f08784f8000 ---p 00000000 00:00 0 
7f08784f8000-7f08795ac000 rw-p 00000000 00:00 0 
7f08795ac000-7f0879785000 r--s 03d2c000 08:04 1180452                    /usr/lib/jvm/java-8-jdk/jre/lib/rt.jar
7f0879785000-7f0879ffb000 rw-p 00000000 00:00 0 
7f0879ffb000-7f087b5fb000 rw-p 00000000 00:00 0 
7f087b5fb000-7f087b5fc000 ---p 00000000 00:00 0 
7f087b5fc000-7f087b6fc000 rw-p 00000000 00:00 0 
7f087b6fc000-7f087b6fd000 ---p 00000000 00:00 0 
7f087b6fd000-7f087b7fd000 rw-p 00000000 00:00 0 
7f087b7fd000-7f087b7fe000 ---p 00000000 00:00 0 
7f087b7fe000-7f087b8fe000 rw-p 00000000 00:00 0 
7f087b8fe000-7f087b8ff000 ---p 00000000 00:00 0 
7f087b8ff000-7f087c448000 rw-p 00000000 00:00 0 
7f087c448000-7f087c8a9000 ---p 00000000 00:00 0 
7f087c8a9000-7f087ce5c000 rw-p 00000000 00:00 0 
7f087ce5c000-7f087cfff000 ---p 00000000 00:00 0 
7f087cfff000-7f087d000000 rw-p 00000000 00:00 0 
7f087d000000-7f087d3b0000 rwxp 00000000 00:00 0 
7f087d3b0000-7f088c000000 ---p 00000000 00:00 0 
7f088c000000-7f088c736000 rw-p 00000000 00:00 0 
7f088c736000-7f0890000000 ---p 00000000 00:00 0 
7f0890000000-7f0890001000 r--s 00005000 08:04 9437949                    /home/gunjan/.gradle/caches/modules-2/files-2.1/nz.ac.waikato.cms.weka.thirdparty/java-cup-11b-runtime/2015.03.26/5466fad5c5866f33e3230c30ca623e7e8deff1f8/java-cup-11b-runtime-2015.03.26.jar
7f0890001000-7f0890004000 r--s 0001f000 08:04 9437902                    /home/gunjan/.gradle/caches/modules-2/files-2.1/com.zaxxer/HikariCP/2.5.1/b896b711e2d98fedf403de590559a123b5fbf1a6/HikariCP-2.5.1.jar
7f0890004000-7f0890006000 r--s 0000c000 08:04 9437896                    /home/gunjan/.gradle/caches/modules-2/files-2.1/org.json/json/20160810/aca5eb39e2a12fddd6c472b240afe9ebea3a6733/json-20160810.jar
7f0890006000-7f089000f000 r--s 000aa000 08:04 9437890                    /home/gunjan/.gradle/caches/modules-2/files-2.1/org.mapdb/mapdb/3.0.2/bcd8209dda05a358318b29719a9e76b21d5e4683/mapdb-3.0.2.jar
7f089000f000-7f0890b34000 rw-p 00000000 00:00 0 
7f0890b34000-7f0890f96000 ---p 00000000 00:00 0 
7f0890f96000-7f0890fa5000 rw-p 00000000 00:00 0 
7f0890fa5000-7f0891356000 ---p 00000000 00:00 0 
7f0891356000-7f0891370000 r-xp 00000000 08:04 1180541                    /usr/lib/jvm/java-8-jdk/jre/lib/amd64/libzip.so
7f0891370000-7f0891570000 ---p 0001a000 08:04 1180541                    /usr/lib/jvm/java-8-jdk/jre/lib/amd64/libzip.so
7f0891570000-7f0891571000 rw-p 0001a000 08:04 1180541                    /usr/lib/jvm/java-8-jdk/jre/lib/amd64/libzip.so
7f0891571000-7f089157c000 r-xp 00000000 08:04 9962652                    /usr/lib/libnss_files-2.25.so
7f089157c000-7f089177b000 ---p 0000b000 08:04 9962652                    /usr/lib/libnss_files-2.25.so
7f089177b000-7f089177c000 r--p 0000a000 08:04 9962652                    /usr/lib/libnss_files-2.25.so
7f089177c000-7f089177d000 rw-p 0000b000 08:04 9962652                    /usr/lib/libnss_files-2.25.so
7f089177d000-7f0891783000 rw-p 00000000 00:00 0 
7f0891783000-7f08917ae000 r-xp 00000000 08:04 1180515                    /usr/lib/jvm/java-8-jdk/jre/lib/amd64/libjava.so
7f08917ae000-7f08919ad000 ---p 0002b000 08:04 1180515                    /usr/lib/jvm/java-8-jdk/jre/lib/amd64/libjava.so
7f08919ad000-7f08919af000 rw-p 0002a000 08:04 1180515                    /usr/lib/jvm/java-8-jdk/jre/lib/amd64/libjava.so
7f08919af000-7f08919bc000 r-xp 00000000 08:04 1180562                    /usr/lib/jvm/java-8-jdk/jre/lib/amd64/libverify.so
7f08919bc000-7f0891bbb000 ---p 0000d000 08:04 1180562                    /usr/lib/jvm/java-8-jdk/jre/lib/amd64/libverify.so
7f0891bbb000-7f0891bbd000 rw-p 0000c000 08:04 1180562                    /usr/lib/jvm/java-8-jdk/jre/lib/amd64/libverify.so
7f0891bbd000-7f0891bc4000 r-xp 00000000 08:04 9962272                    /usr/lib/librt-2.25.so
7f0891bc4000-7f0891dc3000 ---p 00007000 08:04 9962272                    /usr/lib/librt-2.25.so
7f0891dc3000-7f0891dc4000 r--p 00006000 08:04 9962272                    /usr/lib/librt-2.25.so
7f0891dc4000-7f0891dc5000 rw-p 00007000 08:04 9962272                    /usr/lib/librt-2.25.so
7f0891dc5000-7f0891ed7000 r-xp 00000000 08:04 9962314                    /usr/lib/libm-2.25.so
7f0891ed7000-7f08920d6000 ---p 00112000 08:04 9962314                    /usr/lib/libm-2.25.so
7f08920d6000-7f08920d7000 r--p 00111000 08:04 9962314                    /usr/lib/libm-2.25.so
7f08920d7000-7f08920d8000 rw-p 00112000 08:04 9962314                    /usr/lib/libm-2.25.so
7f08920d8000-7f0892da6000 r-xp 00000000 08:04 1180572                    /usr/lib/jvm/java-8-jdk/jre/lib/amd64/server/libjvm.so
7f0892da6000-7f0892fa6000 ---p 00cce000 08:04 1180572                    /usr/lib/jvm/java-8-jdk/jre/lib/amd64/server/libjvm.so
7f0892fa6000-7f089307f000 rw-p 00cce000 08:04 1180572                    /usr/lib/jvm/java-8-jdk/jre/lib/amd64/server/libjvm.so
7f089307f000-7f08930ca000 rw-p 00000000 00:00 0 
7f08930ca000-7f0893265000 r-xp 00000000 08:04 9963120                    /usr/lib/libc-2.25.so
7f0893265000-7f0893464000 ---p 0019b000 08:04 9963120                    /usr/lib/libc-2.25.so
7f0893464000-7f0893468000 r--p 0019a000 08:04 9963120                    /usr/lib/libc-2.25.so
7f0893468000-7f089346a000 rw-p 0019e000 08:04 9963120                    /usr/lib/libc-2.25.so
7f089346a000-7f089346e000 rw-p 00000000 00:00 0 
7f089346e000-7f0893471000 r-xp 00000000 08:04 9962388                    /usr/lib/libdl-2.25.so
7f0893471000-7f0893670000 ---p 00003000 08:04 9962388                    /usr/lib/libdl-2.25.so
7f0893670000-7f0893671000 r--p 00002000 08:04 9962388                    /usr/lib/libdl-2.25.so
7f0893671000-7f0893672000 rw-p 00003000 08:04 9962388                    /usr/lib/libdl-2.25.so
7f0893672000-7f0893687000 r-xp 00000000 08:04 1180570                    /usr/lib/jvm/java-8-jdk/jre/lib/amd64/jli/libjli.so
7f0893687000-7f0893887000 ---p 00015000 08:04 1180570                    /usr/lib/jvm/java-8-jdk/jre/lib/amd64/jli/libjli.so
7f0893887000-7f0893888000 rw-p 00015000 08:04 1180570                    /usr/lib/jvm/java-8-jdk/jre/lib/amd64/jli/libjli.so
7f0893888000-7f08938a1000 r-xp 00000000 08:04 9963199                    /usr/lib/libpthread-2.25.so
7f08938a1000-7f0893aa0000 ---p 00019000 08:04 9963199                    /usr/lib/libpthread-2.25.so
7f0893aa0000-7f0893aa1000 r--p 00018000 08:04 9963199                    /usr/lib/libpthread-2.25.so
7f0893aa1000-7f0893aa2000 rw-p 00019000 08:04 9963199                    /usr/lib/libpthread-2.25.so
7f0893aa2000-7f0893aa6000 rw-p 00000000 00:00 0 
7f0893aa6000-7f0893ac9000 r-xp 00000000 08:04 9963124                    /usr/lib/ld-2.25.so
7f0893ac9000-7f0893aca000 r--s 00001000 08:04 9437922                    /home/gunjan/.gradle/caches/modules-2/files-2.1/com.esotericsoftware/minlog/1.3.0/ff07b5f1b01d2f92bb00a337f9a94873712f0827/minlog-1.3.0.jar
7f0893aca000-7f0893ad2000 r--s 00048000 08:04 9437888                    /home/gunjan/.gradle/caches/modules-2/files-2.1/com.esotericsoftware/kryo/4.0.0/9f5c64c1315ec79bee0f56bb88e4ae94b65048ce/kryo-4.0.0.jar
7f0893ad2000-7f0893b7c000 rw-p 00000000 00:00 0 
7f0893b7c000-7f0893b7f000 ---p 00000000 00:00 0 
7f0893b7f000-7f0893c7f000 rw-p 00000000 00:00 0 
7f0893c7f000-7f0893c80000 r--s 00007000 08:04 202                        /home/gunjan/.gradle/caches/modules-2/files-2.1/com.github.mgunlogson/cuckoofilter4j/1.0.1/1ecac9da72e10f966c90d23c5d774f972d3e940f/cuckoofilter4j-1.0.1.jar
7f0893c80000-7f0893c87000 r--s 00057000 08:04 9437886                    /home/gunjan/.gradle/caches/modules-2/files-2.1/de.ruedigermoeller/fst/2.48/a04da9aca9ecc7dcf19c5e25b89bc21468e2a3e7/fst-2.48.jar
7f0893c87000-7f0893c8f000 r--s 0006e000 08:04 9437882                    /home/gunjan/.gradle/caches/modules-2/files-2.1/org.apache.commons/commons-lang3/3.5/6c6c702c89bfff3cd9e80b04d668c5e190d588c6/commons-lang3-3.5.jar
7f0893c8f000-7f0893c91000 r--s 0000c000 08:04 9437880                    /home/gunjan/.gradle/caches/modules-2/files-2.1/org.apache.commons/commons-exec/1.3/8dfb9facd0830a27b1b5f29f84593f0aeee7773b/commons-exec-1.3.jar
7f0893c91000-7f0893c92000 r--s 00009000 08:04 9308247                    /home/gunjan/.gradle/caches/modules-2/files-2.1/org.apache.commons/commons-csv/1.4/fc2512d2109144df353501266ac4bbe179058afd/commons-csv-1.4.jar
7f0893c92000-7f0893c94000 r--s 00009000 08:04 9308245                    /home/gunjan/.gradle/caches/modules-2/files-2.1/org.slf4j/slf4j-api/1.7.21/139535a69a4239db087de9bab0bee568bf8e0b70/slf4j-api-1.7.21.jar
7f0893c94000-7f0893cbc000 rw-p 00000000 00:00 0 
7f0893cbc000-7f0893cc4000 rw-s 00000000 00:23 42                         /tmp/hsperfdata_gunjan/17422
7f0893cc4000-7f0893cc5000 rw-p 00000000 00:00 0 
7f0893cc5000-7f0893cc6000 ---p 00000000 00:00 0 
7f0893cc6000-7f0893cc8000 rw-p 00000000 00:00 0 
7f0893cc8000-7f0893cc9000 r--p 00022000 08:04 9963124                    /usr/lib/ld-2.25.so
7f0893cc9000-7f0893cca000 rw-p 00023000 08:04 9963124                    /usr/lib/ld-2.25.so
7f0893cca000-7f0893ccb000 rw-p 00000000 00:00 0 
7ffe73fc3000-7ffe73fe7000 rw-p 00000000 00:00 0                          [stack]
7ffe73ff6000-7ffe73ff8000 r--p 00000000 00:00 0                          [vvar]
7ffe73ff8000-7ffe73ffa000 r-xp 00000000 00:00 0                          [vdso]
ffffffffff600000-ffffffffff601000 r-xp 00000000 00:00 0                  [vsyscall]

VM Arguments:
jvm_args: -Xmx11g -Dfile.encoding=UTF-8 
java_command: org.activity.controller.SuperController
java_class_path (initial): /home/gunjan/git/GeolifeReloaded2_1_cleaned/bin:/home/gunjan/.gradle/caches/modules-2/files-2.1/org.slf4j/slf4j-api/1.7.21/139535a69a4239db087de9bab0bee568bf8e0b70/slf4j-api-1.7.21.jar:/home/gunjan/.gradle/caches/modules-2/files-2.1/org.apache.commons/commons-csv/1.4/fc2512d2109144df353501266ac4bbe179058afd/commons-csv-1.4.jar:/home/gunjan/.gradle/caches/modules-2/files-2.1/org.apache.commons/commons-exec/1.3/8dfb9facd0830a27b1b5f29f84593f0aeee7773b/commons-exec-1.3.jar:/home/gunjan/.gradle/caches/modules-2/files-2.1/org.apache.commons/commons-lang3/3.5/6c6c702c89bfff3cd9e80b04d668c5e190d588c6/commons-lang3-3.5.jar:/home/gunjan/.gradle/caches/modules-2/files-2.1/org.apache.commons/commons-math3/3.6.1/e4ba98f1d4b3c80ec46392f25e094a6a2e58fcbf/commons-math3-3.6.1.jar:/home/gunjan/.gradle/caches/modules-2/files-2.1/de.ruedigermoeller/fst/2.48/a04da9aca9ecc7dcf19c5e25b89bc21468e2a3e7/fst-2.48.jar:/home/gunjan/.gradle/caches/modules-2/files-2.1/com.esotericsoftware/kryo/4.0.0/9f5c64c1315ec79bee0f56bb88e4ae94b65048ce/kryo-4.0.0.jar:/home/gunjan/.gradle/caches/modules-2/files-2.1/org.mapdb/mapdb/3.0.2/bcd8209dda05a358318b29719a9e76b21d5e4683/mapdb-3.0.2.jar:/home/gunjan/.gradle/caches/modules-2/files-2.1/nz.ac.waikato.cms.weka/weka-stable/3.8.0/5f6547867e775b416982cdcaa2dbef67855a6669/weka-stable-3.8.0.jar:/home/gunjan/.gradle/caches/modules-2/files-2.1/org.jgrapht/jgrapht-core/1.0.0/c2adf22c2d37721489de12e70f5c226832045071/jgrapht-core-1.0.0.jar:/home/gunjan/.gradle/caches/modules-2/files-2.1/org.json/json/20160810/aca5eb39e2a12fddd6c472b240afe9ebea3a6733/json-20160810.jar:/home/gunjan/.gradle/caches/modules-2/files-2.1/org.mariadb.jdbc/mariadb-java-client/1.5.4/bd0e2e8494245c2885a79fc92bc3693c88cbfab4/mariadb-java-client-1.5.4.jar:/home/gunjan/.gradle/caches/modules-2/files-2.1/com.mchange/c3p0/0.9.5.2/5f86cb6130bc6e8475615ed82d5b5e6fb226a86a/c3p0-0.9.5.2.jar:/home/gunjan/.gradle/caches/modules-2/files-2.1/com.zaxxer/HikariCP/2.5.1/b896b711e2d
Launcher Type: SUN_STANDARD

Environment Variables:
PATH=/usr/local/sbin:/usr/local/bin:/usr/bin:/opt/android-sdk/platform-tools:/usr/lib/jvm/default/bin:/usr/bin/site_perl:/usr/bin/vendor_perl:/usr/bin/core_perl
SHELL=/bin/bash
DISPLAY=:0

Signal Handlers:
SIGSEGV: [libjvm.so+0xac7800], sa_mask[0]=11111111011111111101111111111110, sa_flags=SA_RESTART|SA_SIGINFO
SIGBUS: [libjvm.so+0xac7800], sa_mask[0]=11111111011111111101111111111110, sa_flags=SA_RESTART|SA_SIGINFO
SIGFPE: [libjvm.so+0x920990], sa_mask[0]=11111111011111111101111111111110, sa_flags=SA_RESTART|SA_SIGINFO
SIGPIPE: [libjvm.so+0x920990], sa_mask[0]=11111111011111111101111111111110, sa_flags=SA_RESTART|SA_SIGINFO
SIGXFSZ: [libjvm.so+0x920990], sa_mask[0]=11111111011111111101111111111110, sa_flags=SA_RESTART|SA_SIGINFO
SIGILL: [libjvm.so+0x920990], sa_mask[0]=11111111011111111101111111111110, sa_flags=SA_RESTART|SA_SIGINFO
SIGUSR1: SIG_DFL, sa_mask[0]=00000000000000000000000000000000, sa_flags=none
SIGUSR2: [libjvm.so+0x9221d0], sa_mask[0]=00100000000000000000000000000000, sa_flags=SA_RESTART|SA_SIGINFO
SIGHUP: [libjvm.so+0x9235d0], sa_mask[0]=11111111011111111101111111111110, sa_flags=SA_RESTART|SA_SIGINFO
SIGINT: SIG_IGN, sa_mask[0]=00000000000000000000000000000000, sa_flags=none
SIGTERM: [libjvm.so+0x9235d0], sa_mask[0]=11111111011111111101111111111110, sa_flags=SA_RESTART|SA_SIGINFO
SIGQUIT: [libjvm.so+0x9235d0], sa_mask[0]=11111111011111111101111111111110, sa_flags=SA_RESTART|SA_SIGINFO


---------------  S Y S T E M  ---------------

OS:DISTRIB_ID=ManjaroLinux
DISTRIB_RELEASE=17.0.1
DISTRIB_CODENAME=Gellivara
DISTRIB_DESCRIPTION="Manjaro Linux"

uname:Linux 4.4.59-1-MANJARO #1 SMP PREEMPT Fri Mar 31 16:51:12 UTC 2017 x86_64
libc:glibc 2.25 NPTL 2.25 
rlimit: STACK 8192k, CORE infinity, NPROC 62741, NOFILE 4096, AS infinity
load average:4.06 1.43 1.06

/proc/meminfo:
MemTotal:       16343820 kB
MemFree:          157056 kB
MemAvailable:     138376 kB
Buffers:            1212 kB
Cached:          1515316 kB
SwapCached:            0 kB
Active:         14577992 kB
Inactive:        1274672 kB
Active(anon):   14539728 kB
Inactive(anon):  1228656 kB
Active(file):      38264 kB
Inactive(file):    46016 kB
Unevictable:         156 kB
Mlocked:             156 kB
SwapTotal:             0 kB
SwapFree:              0 kB
Dirty:                52 kB
Writeback:             0 kB
AnonPages:      14338244 kB
Mapped:          1025056 kB
Shmem:           1430496 kB
Slab:             102416 kB
SReclaimable:      47292 kB
SUnreclaim:        55124 kB
KernelStack:       16928 kB
PageTables:       109120 kB
NFS_Unstable:          0 kB
Bounce:                0 kB
WritebackTmp:          0 kB
CommitLimit:     8171908 kB
Committed_AS:   24074432 kB
VmallocTotal:   34359738367 kB
VmallocUsed:           0 kB
VmallocChunk:          0 kB
HardwareCorrupted:     0 kB
AnonHugePages:  10039296 kB
HugePages_Total:       0
HugePages_Free:        0
HugePages_Rsvd:        0
HugePages_Surp:        0
Hugepagesize:       2048 kB
DirectMap4k:      258712 kB
DirectMap2M:    12230656 kB
DirectMap1G:     4194304 kB


CPU:total 4 (2 cores per cpu, 2 threads per core) family 6 model 69 stepping 1, cmov, cx8, fxsr, mmx, sse, sse2, sse3, ssse3, sse4.1, sse4.2, popcnt, avx, avx2, aes, clmul, erms, lzcnt, ht, tsc, tscinvbit, bmi1, bmi2

/proc/cpuinfo:
processor	: 0
vendor_id	: GenuineIntel
cpu family	: 6
model		: 69
model name	: Intel(R) Core(TM) i5-4278U CPU @ 2.60GHz
stepping	: 1
microcode	: 0x1f
cpu MHz		: 3084.250
cache size	: 3072 KB
physical id	: 0
siblings	: 4
core id		: 0
cpu cores	: 2
apicid		: 0
initial apicid	: 0
fpu		: yes
fpu_exception	: yes
cpuid level	: 13
wp		: yes
flags		: fpu vme de pse tsc msr pae mce cx8 apic sep mtrr pge mca cmov pat pse36 clflush dts acpi mmx fxsr sse sse2 ss ht tm pbe syscall nx pdpe1gb rdtscp lm constant_tsc arch_perfmon pebs bts rep_good nopl xtopology nonstop_tsc aperfmperf eagerfpu pni pclmulqdq dtes64 monitor ds_cpl vmx est tm2 ssse3 sdbg fma cx16 xtpr pdcm pcid sse4_1 sse4_2 x2apic movbe popcnt tsc_deadline_timer aes xsave avx f16c rdrand lahf_lm abm ida arat epb pln pts dtherm tpr_shadow vnmi flexpriority ept vpid fsgsbase tsc_adjust bmi1 avx2 smep bmi2 erms invpcid xsaveopt
bugs		:
bogomips	: 5202.64
clflush size	: 64
cache_alignment	: 64
address sizes	: 39 bits physical, 48 bits virtual
power management:

processor	: 1
vendor_id	: GenuineIntel
cpu family	: 6
model		: 69
model name	: Intel(R) Core(TM) i5-4278U CPU @ 2.60GHz
stepping	: 1
microcode	: 0x1f
cpu MHz		: 3099.281
cache size	: 3072 KB
physical id	: 0
siblings	: 4
core id		: 1
cpu cores	: 2
apicid		: 2
initial apicid	: 2
fpu		: yes
fpu_exception	: yes
cpuid level	: 13
wp		: yes
flags		: fpu vme de pse tsc msr pae mce cx8 apic sep mtrr pge mca cmov pat pse36 clflush dts acpi mmx fxsr sse sse2 ss ht tm pbe syscall nx pdpe1gb rdtscp lm constant_tsc arch_perfmon pebs bts rep_good nopl xtopology nonstop_tsc aperfmperf eagerfpu pni pclmulqdq dtes64 monitor ds_cpl vmx est tm2 ssse3 sdbg fma cx16 xtpr pdcm pcid sse4_1 sse4_2 x2apic movbe popcnt tsc_deadline_timer aes xsave avx f16c rdrand lahf_lm abm ida arat epb pln pts dtherm tpr_shadow vnmi flexpriority ept vpid fsgsbase tsc_adjust bmi1 avx2 smep bmi2 erms invpcid xsaveopt
bugs		:
bogomips	: 5202.64
clflush size	: 64
cache_alignment	: 64
address sizes	: 39 bits physical, 48 bits virtual
power management:

processor	: 2
vendor_id	: GenuineIntel
cpu family	: 6
model		: 69
model name	: Intel(R) Core(TM) i5-4278U CPU @ 2.60GHz
stepping	: 1
microcode	: 0x1f
cpu MHz		: 2956.992
cache size	: 3072 KB
physical id	: 0
siblings	: 4
core id		: 0
cpu cores	: 2
apicid		: 1
initial apicid	: 1
fpu		: yes
fpu_exception	: yes
cpuid level	: 13
wp		: yes
flags		: fpu vme de pse tsc msr pae mce cx8 apic sep mtrr pge mca cmov pat pse36 clflush dts acpi mmx fxsr sse sse2 ss ht tm pbe syscall nx pdpe1gb rdtscp lm constant_tsc arch_perfmon pebs bts rep_good nopl xtopology nonstop_tsc aperfmperf eagerfpu pni pclmulqdq dtes64 monitor ds_cpl vmx est tm2 ssse3 sdbg fma cx16 xtpr pdcm pcid sse4_1 sse4_2 x2apic movbe popcnt tsc_deadline_timer aes xsave avx f16c rdrand lahf_lm abm ida arat epb pln pts dtherm tpr_shadow vnmi flexpriority ept vpid fsgsbase tsc_adjust bmi1 avx2 smep bmi2 erms invpcid xsaveopt
bugs		:
bogomips	: 5202.64
clflush size	: 64
cache_alignment	: 64
address sizes	: 39 bits physical, 48 bits virtual
power management:

processor	: 3
vendor_id	: GenuineIntel
cpu family	: 6
model		: 69
model name	: Intel(R) Core(TM) i5-4278U CPU @ 2.60GHz
stepping	: 1
microcode	: 0x1f
cpu MHz		: 2840.804
cache size	: 3072 KB
physical id	: 0
siblings	: 4
core id		: 1
cpu cores	: 2
apicid		: 3
initial apicid	: 3
fpu		: yes
fpu_exception	: yes
cpuid level	: 13
wp		: yes
flags		: fpu vme de pse tsc msr pae mce cx8 apic sep mtrr pge mca cmov pat pse36 clflush dts acpi mmx fxsr sse sse2 ss ht tm pbe syscall nx pdpe1gb rdtscp lm constant_tsc arch_perfmon pebs bts rep_good nopl xtopology nonstop_tsc aperfmperf eagerfpu pni pclmulqdq dtes64 monitor ds_cpl vmx est tm2 ssse3 sdbg fma cx16 xtpr pdcm pcid sse4_1 sse4_2 x2apic movbe popcnt tsc_deadline_timer aes xsave avx f16c rdrand lahf_lm abm ida arat epb pln pts dtherm tpr_shadow vnmi flexpriority ept vpid fsgsbase tsc_adjust bmi1 avx2 smep bmi2 erms invpcid xsaveopt
bugs		:
bogomips	: 5202.64
clflush size	: 64
cache_alignment	: 64
address sizes	: 39 bits physical, 48 bits virtual
power management:



Memory: 4k page, physical 16343820k(157560k free), swap 0k(0k free)

vm_info: Java HotSpot(TM) 64-Bit Server VM (25.112-b15) for linux-amd64 JRE (1.8.0_112-b15), built on Sep 22 2016 21:10:53 by "java_re" with gcc 4.3.0 20080428 (Red Hat 4.3.0-8)

time: Wed Apr  5 15:54:34 2017
elapsed time: 26 seconds (0d 0h 0m 26s)

