#
# There is insufficient memory for the Java Runtime Environment to continue.
# Native memory allocation (mmap) failed to map 680001536 bytes for committing reserved memory.
# Possible reasons:
#   The system is out of physical RAM or swap space
#   In 32 bit mode, the process size limit was hit
# Possible solutions:
#   Reduce memory load on the system
#   Increase physical memory or swap space
#   Check if swap backing store is full
#   Use 64 bit Java on a 64 bit OS
#   Decrease Java heap size (-Xmx/-Xms)
#   Decrease number of Java threads
#   Decrease Java thread stack sizes (-Xss)
#   Set larger code cache with -XX:ReservedCodeCacheSize=
# This output file may be truncated or incomplete.
#
#  Out of Memory Error (os_linux.cpp:2627), pid=30079, tid=0x00007f816eeb7700
#
# JRE version: Java(TM) SE Runtime Environment (8.0_112-b15) (build 1.8.0_112-b15)
# Java VM: Java HotSpot(TM) 64-Bit Server VM (25.112-b15 mixed mode linux-amd64 compressed oops)
# Core dump written. Default location: /home/gunjan/git/GeolifeReloaded2_1_cleaned/core or core.30079
#

---------------  T H R E A D  ---------------

Current thread (0x00007f816800e000):  JavaThread "main" [_thread_in_vm, id=30085, stack(0x00007f816edb7000,0x00007f816eeb8000)]

Stack: [0x00007f816edb7000,0x00007f816eeb8000],  sp=0x00007f816eeb5e70,  free space=1019k
Native frames: (J=compiled Java code, j=interpreted, Vv=VM code, C=native code)
V  [libjvm.so+0xac6f7a]  VMError::report_and_die()+0x2ba
V  [libjvm.so+0x4fc71b]  report_vm_out_of_memory(char const*, int, unsigned long, VMErrorType, char const*)+0x8b
V  [libjvm.so+0x923b13]  os::Linux::commit_memory_impl(char*, unsigned long, bool)+0x103
V  [libjvm.so+0x924069]  os::pd_commit_memory(char*, unsigned long, unsigned long, bool)+0x29
V  [libjvm.so+0x91e37a]  os::commit_memory(char*, unsigned long, unsigned long, bool)+0x2a
V  [libjvm.so+0x992da3]  PSVirtualSpace::expand_by(unsigned long)+0x53
V  [libjvm.so+0x983670]  PSOldGen::expand(unsigned long)+0x170
V  [libjvm.so+0x98392a]  PSOldGen::expand_and_allocate(unsigned long)+0x1a
V  [libjvm.so+0x983a4b]  PSOldGen::allocate(unsigned long)+0xcb
V  [libjvm.so+0x94777e]  ParallelScavengeHeap::mem_allocate(unsigned long, bool*)+0xfe
V  [libjvm.so+0xa8c83e]  TypeArrayKlass::allocate_common(int, bool, Thread*)+0x2de
V  [libjvm.so+0x9ba387]  OptoRuntime::new_array_nozero_C(Klass*, int, JavaThread*)+0x27
v  ~RuntimeStub::_new_array_nozero_Java
J 1154 C2 org.activity.util.TimelineUtils$$Lambda$9.accept(Ljava/lang/Object;)V (12 bytes) @ 0x00007f8159478140 [0x00007f8159475bc0+0x2580]
J 1160% C2 java.util.LinkedHashMap$LinkedEntrySet.forEach(Ljava/util/function/Consumer;)V (67 bytes) @ 0x00007f8159141888 [0x00007f8159141780+0x108]
j  org.activity.util.TimelineUtils.convertCheckinEntriesToActivityObjectsGowalla(Ljava/util/LinkedHashMap;Ljava/util/LinkedHashMap;)Ljava/util/LinkedHashMap;+67
j  org.activity.util.TimelineUtils.createUserTimelinesFromCheckinEntriesGowalla(Ljava/util/LinkedHashMap;Ljava/util/LinkedHashMap;)Ljava/util/LinkedHashMap;+25
j  org.activity.controller.ControllerWithoutServer.createTimelines(Ljava/lang/String;Lorg/activity/io/SerializableJSONArray;Ljava/lang/String;)Ljava/util/LinkedHashMap;+154
j  org.activity.controller.ControllerWithoutServer.<init>()V+208
j  org.activity.controller.SuperController.main([Ljava/lang/String;)V+63
v  ~StubRoutines::call_stub
V  [libjvm.so+0x690c66]  JavaCalls::call_helper(JavaValue*, methodHandle*, JavaCallArguments*, Thread*)+0x1056
V  [libjvm.so+0x6d2072]  jni_invoke_static(JNIEnv_*, JavaValue*, _jobject*, JNICallType, _jmethodID*, JNI_ArgumentPusher*, Thread*)+0x362
V  [libjvm.so+0x6ee8da]  jni_CallStaticVoidMethod+0x17a
C  [libjli.so+0x7bdf]  JavaMain+0x81f
C  [libpthread.so.0+0x72e7]  start_thread+0xd7

Java frames: (J=compiled Java code, j=interpreted, Vv=VM code)
v  ~RuntimeStub::_new_array_nozero_Java
J 1154 C2 org.activity.util.TimelineUtils$$Lambda$9.accept(Ljava/lang/Object;)V (12 bytes) @ 0x00007f8159478140 [0x00007f8159475bc0+0x2580]
J 1160% C2 java.util.LinkedHashMap$LinkedEntrySet.forEach(Ljava/util/function/Consumer;)V (67 bytes) @ 0x00007f8159141888 [0x00007f8159141780+0x108]
j  org.activity.util.TimelineUtils.convertCheckinEntriesToActivityObjectsGowalla(Ljava/util/LinkedHashMap;Ljava/util/LinkedHashMap;)Ljava/util/LinkedHashMap;+67
j  org.activity.util.TimelineUtils.createUserTimelinesFromCheckinEntriesGowalla(Ljava/util/LinkedHashMap;Ljava/util/LinkedHashMap;)Ljava/util/LinkedHashMap;+25
j  org.activity.controller.ControllerWithoutServer.createTimelines(Ljava/lang/String;Lorg/activity/io/SerializableJSONArray;Ljava/lang/String;)Ljava/util/LinkedHashMap;+154
j  org.activity.controller.ControllerWithoutServer.<init>()V+208
j  org.activity.controller.SuperController.main([Ljava/lang/String;)V+63
v  ~StubRoutines::call_stub

---------------  P R O C E S S  ---------------

Java Threads: ( => current thread )
  0x00007f81680c5000 JavaThread "Service Thread" daemon [_thread_blocked, id=30097, stack(0x00007f814ee0f000,0x00007f814ef10000)]
  0x00007f81680c1800 JavaThread "C1 CompilerThread2" daemon [_thread_blocked, id=30096, stack(0x00007f814ef10000,0x00007f814f011000)]
  0x00007f81680c0000 JavaThread "C2 CompilerThread1" daemon [_thread_blocked, id=30095, stack(0x00007f814f011000,0x00007f814f112000)]
  0x00007f81680bd000 JavaThread "C2 CompilerThread0" daemon [_thread_blocked, id=30094, stack(0x00007f814f112000,0x00007f814f213000)]
  0x00007f81680bb800 JavaThread "Signal Dispatcher" daemon [_thread_blocked, id=30093, stack(0x00007f814f213000,0x00007f814f314000)]
  0x00007f8168088000 JavaThread "Finalizer" daemon [_thread_blocked, id=30092, stack(0x00007f814f4f5000,0x00007f814f5f6000)]
  0x00007f8168083800 JavaThread "Reference Handler" daemon [_thread_blocked, id=30091, stack(0x00007f814f5f6000,0x00007f814f6f7000)]
=>0x00007f816800e000 JavaThread "main" [_thread_in_vm, id=30085, stack(0x00007f816edb7000,0x00007f816eeb8000)]

Other Threads:
  0x00007f816807c000 VMThread [stack: 0x00007f814f6f7000,0x00007f814f7f8000] [id=30090]
  0x00007f81680c8000 WatcherThread [stack: 0x00007f814ed0e000,0x00007f814ee0f000] [id=30098]

VM state:not at safepoint (normal execution)

VM Mutex/Monitor currently owned by a thread:  ([mutex/lock_event])
[0x00007f816800b5e0] ExpandHeap_lock - owner thread: 0x00007f816800e000
[0x00007f816800c160] Heap_lock - owner thread: 0x00007f816800e000

Heap:
 PSYoungGen      total 262144K, used 187513K [0x00000006d5580000, 0x00000006e9a00000, 0x00000007c0000000)
  eden space 203776K, 92% used [0x00000006d5580000,0x00000006e0c96508,0x00000006e1c80000)
  from space 58368K, 0% used [0x00000006e1c80000,0x00000006e1c88000,0x00000006e5580000)
  to   space 56320K, 0% used [0x00000006e6300000,0x00000006e6300000,0x00000006e9a00000)
 ParOldGen       total 5603840K, used 5415469K [0x0000000500000000, 0x0000000656080000, 0x00000006d5580000)
  object space 5603840K, 96% used [0x0000000500000000,0x000000064a88b600,0x0000000656080000)
 Metaspace       used 8374K, capacity 8750K, committed 8960K, reserved 1056768K
  class space    used 903K, capacity 1013K, committed 1024K, reserved 1048576K

Card table byte_map: [0x00007f81579ff000,0x00007f8159000000] byte_map_base: 0x00007f81551ff000

Marking Bits: (ParMarkBitMap*) 0x00007f816e2d7c80
 Begin Bits: [0x00007f812a000000, 0x00007f8135000000)
 End Bits:   [0x00007f8135000000, 0x00007f8140000000)

Polling page: 0x00007f816ef00000

CodeCache: size=245760Kb used=4607Kb max_used=4632Kb free=241152Kb
 bounds [0x00007f8159000000, 0x00007f8159490000, 0x00007f8168000000]
 total_blobs=1489 nmethods=1143 adapters=260
 compilation: enabled

Compilation events (10 events):
Event: 76.049 Thread 0x00007f81680c1800 1158 %     3       java.util.LinkedHashMap$LinkedEntrySet::forEach @ 28 (67 bytes)
Event: 76.050 Thread 0x00007f81680c1800 nmethod 1158% 0x00007f81594690d0 code [0x00007f8159469280, 0x00007f81594697e8]
Event: 76.050 Thread 0x00007f81680c1800 1159       3       java.util.LinkedHashMap$LinkedEntrySet::forEach (67 bytes)
Event: 76.051 Thread 0x00007f81680c1800 nmethod 1159 0x00007f815946b890 code [0x00007f815946ba40, 0x00007f815946bf48]
Event: 76.175 Thread 0x00007f81680c0000 nmethod 1154 0x00007f8159475810 code [0x00007f8159475bc0, 0x00007f81594792a0]
Event: 76.175 Thread 0x00007f81680c0000 1157       4       org.activity.objects.LocationGowalla::toString (109 bytes)
Event: 76.300 Thread 0x00007f81680c0000 nmethod 1157 0x00007f815947e550 code [0x00007f815947e8a0, 0x00007f81594812c0]
Event: 76.300 Thread 0x00007f81680c0000 1160 %     4       java.util.LinkedHashMap$LinkedEntrySet::forEach @ 28 (67 bytes)
Event: 76.302 Thread 0x00007f81680c0000 nmethod 1160% 0x00007f8159141610 code [0x00007f8159141780, 0x00007f8159141988]
Event: 76.359 Thread 0x00007f81680bd000 nmethod 1155 0x00007f8159483890 code [0x00007f8159483c40, 0x00007f8159487200]

GC Heap History (10 events):
Event: 76.906 GC heap before
{Heap before GC invocations=141 (full 10):
 PSYoungGen      total 239104K, used 175136K [0x00000006d5580000, 0x00000006e7d80000, 0x00000007c0000000)
  eden space 175104K, 100% used [0x00000006d5580000,0x00000006e0080000,0x00000006e0080000)
  from space 64000K, 0% used [0x00000006e3f00000,0x00000006e3f08000,0x00000006e7d80000)
  to   space 64000K, 0% used [0x00000006e0080000,0x00000006e0080000,0x00000006e3f00000)
 ParOldGen       total 5603840K, used 5083693K [0x0000000500000000, 0x0000000656080000, 0x00000006d5580000)
  object space 5603840K, 90% used [0x0000000500000000,0x000000063648b5f0,0x0000000656080000)
 Metaspace       used 8374K, capacity 8750K, committed 8960K, reserved 1056768K
  class space    used 903K, capacity 1013K, committed 1024K, reserved 1048576K
Event: 76.950 GC heap after
Heap after GC invocations=141 (full 10):
 PSYoungGen      total 239104K, used 32K [0x00000006d5580000, 0x00000006e8b00000, 0x00000007c0000000)
  eden space 175104K, 0% used [0x00000006d5580000,0x00000006d5580000,0x00000006e0080000)
  from space 64000K, 0% used [0x00000006e0080000,0x00000006e0088000,0x00000006e3f00000)
  to   space 62976K, 0% used [0x00000006e4d80000,0x00000006e4d80000,0x00000006e8b00000)
 ParOldGen       total 5603840K, used 5083693K [0x0000000500000000, 0x0000000656080000, 0x00000006d5580000)
  object space 5603840K, 90% used [0x0000000500000000,0x000000063648b5f0,0x0000000656080000)
 Metaspace       used 8374K, capacity 8750K, committed 8960K, reserved 1056768K
  class space    used 903K, capacity 1013K, committed 1024K, reserved 1048576K
}
Event: 77.536 GC heap before
{Heap before GC invocations=142 (full 10):
 PSYoungGen      total 239104K, used 175136K [0x00000006d5580000, 0x00000006e8b00000, 0x00000007c0000000)
  eden space 175104K, 100% used [0x00000006d5580000,0x00000006e0080000,0x00000006e0080000)
  from space 64000K, 0% used [0x00000006e0080000,0x00000006e0088000,0x00000006e3f00000)
  to   space 62976K, 0% used [0x00000006e4d80000,0x00000006e4d80000,0x00000006e8b00000)
 ParOldGen       total 5603840K, used 5415469K [0x0000000500000000, 0x0000000656080000, 0x00000006d5580000)
  object space 5603840K, 96% used [0x0000000500000000,0x000000064a88b600,0x0000000656080000)
 Metaspace       used 8374K, capacity 8750K, committed 8960K, reserved 1056768K
  class space    used 903K, capacity 1013K, committed 1024K, reserved 1048576K
Event: 77.575 GC heap after
Heap after GC invocations=142 (full 10):
 PSYoungGen      total 247808K, used 32K [0x00000006d5580000, 0x00000006e8700000, 0x00000007c0000000)
  eden space 188928K, 0% used [0x00000006d5580000,0x00000006d5580000,0x00000006e0e00000)
  from space 58880K, 0% used [0x00000006e4d80000,0x00000006e4d88000,0x00000006e8700000)
  to   space 61952K, 0% used [0x00000006e0e00000,0x00000006e0e00000,0x00000006e4a80000)
 ParOldGen       total 5603840K, used 5415469K [0x0000000500000000, 0x0000000656080000, 0x00000006d5580000)
  object space 5603840K, 96% used [0x0000000500000000,0x000000064a88b600,0x0000000656080000)
 Metaspace       used 8374K, capacity 8750K, committed 8960K, reserved 1056768K
  class space    used 903K, capacity 1013K, committed 1024K, reserved 1048576K
}
Event: 77.623 GC heap before
{Heap before GC invocations=143 (full 10):
 PSYoungGen      total 247808K, used 188960K [0x00000006d5580000, 0x00000006e8700000, 0x00000007c0000000)
  eden space 188928K, 100% used [0x00000006d5580000,0x00000006e0e00000,0x00000006e0e00000)
  from space 58880K, 0% used [0x00000006e4d80000,0x00000006e4d88000,0x00000006e8700000)
  to   space 61952K, 0% used [0x00000006e0e00000,0x00000006e0e00000,0x00000006e4a80000)
 ParOldGen       total 5603840K, used 5415469K [0x0000000500000000, 0x0000000656080000, 0x00000006d5580000)
  object space 5603840K, 96% used [0x0000000500000000,0x000000064a88b600,0x0000000656080000)
 Metaspace       used 8374K, capacity 8750K, committed 8960K, reserved 1056768K
  class space    used 903K, capacity 1013K, committed 1024K, reserved 1048576K
Event: 77.645 GC heap after
Heap after GC invocations=143 (full 10):
 PSYoungGen      total 250880K, used 32K [0x00000006d5580000, 0x00000006e9200000, 0x00000007c0000000)
  eden space 188928K, 0% used [0x00000006d5580000,0x00000006d5580000,0x00000006e0e00000)
  from space 61952K, 0% used [0x00000006e0e00000,0x00000006e0e08000,0x00000006e4a80000)
  to   space 60416K, 0% used [0x00000006e5700000,0x00000006e5700000,0x00000006e9200000)
 ParOldGen       total 5603840K, used 5415469K [0x0000000500000000, 0x0000000656080000, 0x00000006d5580000)
  object space 5603840K, 96% used [0x0000000500000000,0x000000064a88b600,0x0000000656080000)
 Metaspace       used 8374K, capacity 8750K, committed 8960K, reserved 1056768K
  class space    used 903K, capacity 1013K, committed 1024K, reserved 1048576K
}
Event: 77.694 GC heap before
{Heap before GC invocations=144 (full 10):
 PSYoungGen      total 250880K, used 188960K [0x00000006d5580000, 0x00000006e9200000, 0x00000007c0000000)
  eden space 188928K, 100% used [0x00000006d5580000,0x00000006e0e00000,0x00000006e0e00000)
  from space 61952K, 0% used [0x00000006e0e00000,0x00000006e0e08000,0x00000006e4a80000)
  to   space 60416K, 0% used [0x00000006e5700000,0x00000006e5700000,0x00000006e9200000)
 ParOldGen       total 5603840K, used 5415469K [0x0000000500000000, 0x0000000656080000, 0x00000006d5580000)
  object space 5603840K, 96% used [0x0000000500000000,0x000000064a88b600,0x0000000656080000)
 Metaspace       used 8374K, capacity 8750K, committed 8960K, reserved 1056768K
  class space    used 903K, capacity 1013K, committed 1024K, reserved 1048576K
Event: 77.724 GC heap after
Heap after GC invocations=144 (full 10):
 PSYoungGen      total 260608K, used 32K [0x00000006d5580000, 0x00000006e8e80000, 0x00000007c0000000)
  eden space 203776K, 0% used [0x00000006d5580000,0x00000006d5580000,0x00000006e1c80000)
  from space 56832K, 0% used [0x00000006e5700000,0x00000006e5708000,0x00000006e8e80000)
  to   space 58368K, 0% used [0x00000006e1c80000,0x00000006e1c80000,0x00000006e5580000)
 ParOldGen       total 5603840K, used 5415469K [0x0000000500000000, 0x0000000656080000, 0x00000006d5580000)
  object space 5603840K, 96% used [0x0000000500000000,0x000000064a88b600,0x0000000656080000)
 Metaspace       used 8374K, capacity 8750K, committed 8960K, reserved 1056768K
  class space    used 903K, capacity 1013K, committed 1024K, reserved 1048576K
}
Event: 77.780 GC heap before
{Heap before GC invocations=145 (full 10):
 PSYoungGen      total 260608K, used 203808K [0x00000006d5580000, 0x00000006e8e80000, 0x00000007c0000000)
  eden space 203776K, 100% used [0x00000006d5580000,0x00000006e1c80000,0x00000006e1c80000)
  from space 56832K, 0% used [0x00000006e5700000,0x00000006e5708000,0x00000006e8e80000)
  to   space 58368K, 0% used [0x00000006e1c80000,0x00000006e1c80000,0x00000006e5580000)
 ParOldGen       total 5603840K, used 5415469K [0x0000000500000000, 0x0000000656080000, 0x00000006d5580000)
  object space 5603840K, 96% used [0x0000000500000000,0x000000064a88b600,0x0000000656080000)
 Metaspace       used 8374K, capacity 8750K, committed 8960K, reserved 1056768K
  class space    used 903K, capacity 1013K, committed 1024K, reserved 1048576K
Event: 77.811 GC heap after
Heap after GC invocations=145 (full 10):
 PSYoungGen      total 262144K, used 32K [0x00000006d5580000, 0x00000006e9a00000, 0x00000007c0000000)
  eden space 203776K, 0% used [0x00000006d5580000,0x00000006d5580000,0x00000006e1c80000)
  from space 58368K, 0% used [0x00000006e1c80000,0x00000006e1c88000,0x00000006e5580000)
  to   space 56320K, 0% used [0x00000006e6300000,0x00000006e6300000,0x00000006e9a00000)
 ParOldGen       total 5603840K, used 5415469K [0x0000000500000000, 0x0000000656080000, 0x00000006d5580000)
  object space 5603840K, 96% used [0x0000000500000000,0x000000064a88b600,0x0000000656080000)
 Metaspace       used 8374K, capacity 8750K, committed 8960K, reserved 1056768K
  class space    used 903K, capacity 1013K, committed 1024K, reserved 1048576K
}

Deoptimization events (10 events):
Event: 57.137 Thread 0x00007f816800e000 Uncommon trap: reason=bimorphic action=maybe_recompile pc=0x00007f81593a4e10 method=com.esotericsoftware.kryo.serializers.ObjectField.read(Lcom/esotericsoftware/kryo/io/Input;Ljava/lang/Object;)V @ 171
Event: 57.137 Thread 0x00007f816800e000 Uncommon trap: reason=bimorphic action=maybe_recompile pc=0x00007f81593a4e10 method=com.esotericsoftware.kryo.serializers.ObjectField.read(Lcom/esotericsoftware/kryo/io/Input;Ljava/lang/Object;)V @ 171
Event: 57.137 Thread 0x00007f816800e000 Uncommon trap: reason=bimorphic action=maybe_recompile pc=0x00007f81593a4e10 method=com.esotericsoftware.kryo.serializers.ObjectField.read(Lcom/esotericsoftware/kryo/io/Input;Ljava/lang/Object;)V @ 171
Event: 57.265 Thread 0x00007f816800e000 Uncommon trap: reason=unstable_if action=reinterpret pc=0x00007f81592e1494 method=com.esotericsoftware.kryo.io.Input.readString()Ljava/lang/String; @ 38
Event: 58.381 Thread 0x00007f816800e000 Uncommon trap: reason=unstable_if action=reinterpret pc=0x00007f8159372254 method=com.esotericsoftware.kryo.io.Input.readAscii_slow()Ljava/lang/String; @ 120
Event: 62.655 Thread 0x00007f816800e000 Uncommon trap: reason=class_check action=maybe_recompile pc=0x00007f8159324a3c method=java.util.TreeMap.put(Ljava/lang/Object;Ljava/lang/Object;)Ljava/lang/Object; @ 127
Event: 62.656 Thread 0x00007f816800e000 Uncommon trap: reason=class_check action=maybe_recompile pc=0x00007f8159324a3c method=java.util.TreeMap.put(Ljava/lang/Object;Ljava/lang/Object;)Ljava/lang/Object; @ 127
Event: 62.657 Thread 0x00007f816800e000 Uncommon trap: reason=class_check action=maybe_recompile pc=0x00007f8159324a3c method=java.util.TreeMap.put(Ljava/lang/Object;Ljava/lang/Object;)Ljava/lang/Object; @ 127
Event: 62.657 Thread 0x00007f816800e000 Uncommon trap: reason=class_check action=maybe_recompile pc=0x00007f8159324a3c method=java.util.TreeMap.put(Ljava/lang/Object;Ljava/lang/Object;)Ljava/lang/Object; @ 127
Event: 62.720 Thread 0x00007f816800e000 Uncommon trap: reason=unstable_if action=reinterpret pc=0x00007f815941e25c method=sun.util.calendar.BaseCalendar.getCalendarDateFromFixedDate(Lsun/util/calendar/CalendarDate;J)V @ 123

Internal exceptions (10 events):
Event: 0.270 Thread 0x00007f816800e000 Exception <a 'java/lang/NoSuchFieldError': method resolution failed> (0x00000006d5c1c298) thrown at [/HUDSON3/workspace/8-2-build-linux-amd64/jdk8u112/7884/hotspot/src/share/vm/prims/methodHandles.cpp, line 1146]
Event: 0.272 Thread 0x00007f816800e000 Exception <a 'java/lang/NoSuchFieldError': method resolution failed> (0x00000006d5c29a68) thrown at [/HUDSON3/workspace/8-2-build-linux-amd64/jdk8u112/7884/hotspot/src/share/vm/prims/methodHandles.cpp, line 1146]
Event: 0.690 Thread 0x00007f816800e000 Exception <a 'java/lang/ArrayIndexOutOfBoundsException'> (0x00000006d73197e0) thrown at [/HUDSON3/workspace/8-2-build-linux-amd64/jdk8u112/7884/hotspot/src/share/vm/runtime/sharedRuntime.cpp, line 605]
Event: 57.065 Thread 0x00007f816800e000 Implicit null exception at 0x00007f815934d020 to 0x00007f815934d18d
Event: 57.065 Thread 0x00007f816800e000 Implicit null exception at 0x00007f815931a04d to 0x00007f815931c64d
Event: 57.067 Thread 0x00007f816800e000 Implicit null exception at 0x00007f8159342d8b to 0x00007f8159344c5d
Event: 57.069 Thread 0x00007f816800e000 Implicit null exception at 0x00007f8159314216 to 0x00007f8159314cf1
Event: 57.070 Thread 0x00007f816800e000 Implicit null exception at 0x00007f8159354434 to 0x00007f8159359b51
Event: 57.081 Thread 0x00007f816800e000 Implicit null exception at 0x00007f815932bccb to 0x00007f815932d149
Event: 57.082 Thread 0x00007f816800e000 Implicit null exception at 0x00007f815930a7d0 to 0x00007f815930abdd

Events (10 events):
Event: 76.906 Executing VM operation: ParallelGCFailedAllocation
Event: 76.950 Executing VM operation: ParallelGCFailedAllocation done
Event: 77.536 Executing VM operation: ParallelGCFailedAllocation
Event: 77.575 Executing VM operation: ParallelGCFailedAllocation done
Event: 77.622 Executing VM operation: ParallelGCFailedAllocation
Event: 77.645 Executing VM operation: ParallelGCFailedAllocation done
Event: 77.694 Executing VM operation: ParallelGCFailedAllocation
Event: 77.724 Executing VM operation: ParallelGCFailedAllocation done
Event: 77.780 Executing VM operation: ParallelGCFailedAllocation
Event: 77.811 Executing VM operation: ParallelGCFailedAllocation done


Dynamic libraries:
00400000-00401000 r-xp 00000000 08:04 1180653                            /usr/lib/jvm/java-8-jdk/jre/bin/java
00600000-00601000 rw-p 00000000 08:04 1180653                            /usr/lib/jvm/java-8-jdk/jre/bin/java
01ab1000-01ad2000 rw-p 00000000 00:00 0                                  [heap]
500000000-656080000 rw-p 00000000 00:00 0 
67e900000-6d5580000 ---p 00000000 00:00 0 
6d5580000-6e9a00000 rw-p 00000000 00:00 0 
6e9a00000-7c0000000 ---p 00000000 00:00 0 
7c0000000-7c0100000 rw-p 00000000 00:00 0 
7c0100000-800000000 ---p 00000000 00:00 0 
7f8104000000-7f8104021000 rw-p 00000000 00:00 0 
7f8104021000-7f8108000000 ---p 00000000 00:00 0 
7f8108000000-7f8108021000 rw-p 00000000 00:00 0 
7f8108021000-7f810c000000 ---p 00000000 00:00 0 
7f810c000000-7f810cbe4000 rw-p 00000000 00:00 0 
7f810cbe4000-7f8110000000 ---p 00000000 00:00 0 
7f8110000000-7f8110374000 rw-p 00000000 00:00 0 
7f8110374000-7f8114000000 ---p 00000000 00:00 0 
7f8114000000-7f8114021000 rw-p 00000000 00:00 0 
7f8114021000-7f8118000000 ---p 00000000 00:00 0 
7f8118000000-7f8118979000 rw-p 00000000 00:00 0 
7f8118979000-7f811c000000 ---p 00000000 00:00 0 
7f811c000000-7f811c021000 rw-p 00000000 00:00 0 
7f811c021000-7f8120000000 ---p 00000000 00:00 0 
7f8120000000-7f8120021000 rw-p 00000000 00:00 0 
7f8120021000-7f8124000000 ---p 00000000 00:00 0 
7f8124000000-7f8124021000 rw-p 00000000 00:00 0 
7f8124021000-7f8128000000 ---p 00000000 00:00 0 
7f812a000000-7f8140000000 rw-p 00000000 00:00 0 
7f8140000000-7f8141e9f000 rw-p 00000000 00:00 0 
7f8141e9f000-7f8144000000 ---p 00000000 00:00 0 
7f8144000000-7f81450e9000 rw-p 00000000 00:00 0 
7f81450e9000-7f8148000000 ---p 00000000 00:00 0 
7f8148000000-7f8149dd5000 rw-p 00000000 00:00 0 
7f8149dd5000-7f814c000000 ---p 00000000 00:00 0 
7f814ea80000-7f814ea81000 r--s 00223000 08:04 8401667                    /home/gunjan/EclipseWorkspace/EditDistanceStandAlone/build/libs/EditDistanceStandAlone-capsule.jar
7f814ea81000-7f814ea85000 r--s 0001e000 08:04 8657503                    /home/gunjan/git/GeolifeReloaded2_1_cleaned/libs/hgapi83_amidst-64.jar
7f814ea85000-7f814ea86000 r--s 00223000 08:04 8657850                    /home/gunjan/git/GeolifeReloaded2_1_cleaned/libs/EditDistanceStandAlone-capsule.jar
7f814ea86000-7f814eaab000 r--s 004f5000 08:04 8657504                    /home/gunjan/git/GeolifeReloaded2_1_cleaned/libs/spmf.zip
7f814eaab000-7f814eaad000 r--s 00027000 08:04 9438017                    /home/gunjan/.gradle/caches/modules-2/files-2.1/com.github.fommil.netlib/core/1.1.2/574b480eca62f535fad6d259e144fee3ef24b66e/core-1.1.2.jar
7f814eaad000-7f814eaaf000 r--s 00001000 08:04 9438015                    /home/gunjan/.gradle/caches/modules-2/files-2.1/com.github.fommil/jniloader/1.1/4840f897eeb54d67ee14e478f8a45cc9937f3ce1/jniloader-1.1.jar
7f814eaaf000-7f814eab0000 r--s 0000d000 08:04 9438013                    /home/gunjan/.gradle/caches/modules-2/files-2.1/com.github.fommil.netlib/native_system-java/1.1/3c6a2455f96b354a6940dce1393abb35ed7641da/native_system-java-1.1.jar
7f814eab0000-7f814eab1000 r--s 0000d000 08:04 9438011                    /home/gunjan/.gradle/caches/modules-2/files-2.1/com.github.fommil.netlib/native_ref-java/1.1/408c71ffbc3646dda7bee1e22bf19101e5e9ee90/native_ref-java-1.1.jar
7f814eab1000-7f814eab3000 r--s 00088000 08:04 9438009                    /home/gunjan/.gradle/caches/modules-2/files-2.1/com.github.fommil.netlib/netlib-native_system-win-i686/1.1/c25fd1881cf93f7716f47b7deec859f6b6b7be50/netlib-native_system-win-i686-1.1-natives.jar
7f814eab3000-7f814eab4000 r--s 0009b000 08:04 9438007                    /home/gunjan/.gradle/caches/modules-2/files-2.1/com.github.fommil.netlib/netlib-native_system-win-x86_64/1.1/222c7915be1daf1c26a4206f375d4957ae5f9d81/netlib-native_system-win-x86_64-1.1-natives.jar
7f814eab4000-7f814eab5000 r--s 0004b000 08:04 9438005                    /home/gunjan/.gradle/caches/modules-2/files-2.1/com.github.fommil.netlib/netlib-native_system-linux-armhf/1.1/27ae9f6a9c88b3f8d12ffa52d62941615f8ed416/netlib-native_system-linux-armhf-1.1-natives.jar
7f814eab5000-7f814eab6000 r--s 0006a000 08:04 9438003                    /home/gunjan/.gradle/caches/modules-2/files-2.1/com.github.fommil.netlib/netlib-native_system-linux-i686/1.1/dd43225560dbd9115d306f9be3ca195aed236b78/netlib-native_system-linux-i686-1.1-natives.jar
7f814eab6000-7f814eab7000 r--s 0006f000 08:04 9438001                    /home/gunjan/.gradle/caches/modules-2/files-2.1/com.github.fommil.netlib/netlib-native_system-linux-x86_64/1.1/163e88facabe7fa29952890dc2d3429e28501120/netlib-native_system-linux-x86_64-1.1-natives.jar
7f814eab7000-7f814eab8000 r--s 00087000 08:04 9437999                    /home/gunjan/.gradle/caches/modules-2/files-2.1/com.github.fommil.netlib/netlib-native_system-osx-x86_64/1.1/d724e33675dc8eaa5c8fcb05a3aaca6f3339afa7/netlib-native_system-osx-x86_64-1.1-natives.jar
7f814eab8000-7f814eab9000 r--s 00126000 08:04 9437997                    /home/gunjan/.gradle/caches/modules-2/files-2.1/com.github.fommil.netlib/netlib-native_ref-linux-armhf/1.1/ec467162f74710fd8897cff6888534ceaf297d9a/netlib-native_ref-linux-armhf-1.1-natives.jar
7f814eab9000-7f814eaba000 r--s 001bd000 08:04 9437995                    /home/gunjan/.gradle/caches/modules-2/files-2.1/com.github.fommil.netlib/netlib-native_ref-win-i686/1.1/167fb794a26cb0bfc74890c704c7137b1d5b50fd/netlib-native_ref-win-i686-1.1-natives.jar
7f814eaba000-7f814eabb000 r--s 00232000 08:04 9437993                    /home/gunjan/.gradle/caches/modules-2/files-2.1/com.github.fommil.netlib/netlib-native_ref-win-x86_64/1.1/4ab54511c2844546279d9f8e427c73953b794686/netlib-native_ref-win-x86_64-1.1-natives.jar
7f814eabb000-7f814eabc000 r--s 0016b000 08:04 9437990                    /home/gunjan/.gradle/caches/modules-2/files-2.1/com.github.fommil.netlib/netlib-native_ref-linux-i686/1.1/eedd845b214aea560bce317d778ebb52f8f46038/netlib-native_ref-linux-i686-1.1-natives.jar
7f814eabc000-7f814eabe000 r--s 001aa000 08:04 9437988                    /home/gunjan/.gradle/caches/modules-2/files-2.1/com.github.fommil.netlib/netlib-native_ref-linux-x86_64/1.1/5a3e5787d03c39790d5ae08cce189dd1ccc4a38/netlib-native_ref-linux-x86_64-1.1-natives.jar
7f814eabe000-7f814eac0000 r--s 001c0000 08:04 9437986                    /home/gunjan/.gradle/caches/modules-2/files-2.1/com.github.fommil.netlib/netlib-native_ref-osx-x86_64/1.1/80da53ec862f283dc3b191b9dbd3166ea6671831/netlib-native_ref-osx-x86_64-1.1-natives.jar
7f814eac0000-7f814eac1000 r--s 00001000 08:04 208                        /home/gunjan/.gradle/caches/modules-2/files-2.1/com.google.errorprone/error_prone_annotations/2.0.2/8382c6cdc18c8c8ad7840024fa340509cf16be11/error_prone_annotations-2.0.2.jar
7f814eac1000-7f814eac4000 r--s 00006000 08:04 206                        /home/gunjan/.gradle/caches/modules-2/files-2.1/com.google.code.findbugs/jsr305/1.3.9/40719ea6961c0cb6afaeb6a921eaa1f6afd4cfdf/jsr305-1.3.9.jar
7f814eac4000-7f814eaca000 r--s 0004b000 08:04 9437984                    /home/gunjan/.gradle/caches/modules-2/files-2.1/org.jfree/jcommon/1.0.23/a316f336ca996e0c6bec4e4fbd49be8f5e1c3968/jcommon-1.0.23.jar
7f814eaca000-7f814eacb000 r--s 00000000 08:04 9437982                    /home/gunjan/.gradle/caches/modules-2/files-2.1/net.jcip/jcip-annotations/1.0/afba4942caaeaf46aab0b976afd57cc7c181467e/jcip-annotations-1.0.jar
7f814eacb000-7f814ead1000 r--s 00026000 08:04 9437980                    /home/gunjan/.gradle/caches/modules-2/files-2.1/org.jetbrains.kotlin/kotlin-runtime/1.0.2/8ec2d49a780ddba5e9b6860a72969e4d5bbc0c55/kotlin-runtime-1.0.2.jar
7f814ead1000-7f814ead3000 r--s 0000c000 08:04 9437977                    /home/gunjan/.gradle/caches/modules-2/files-2.1/org.ow2.asm/asm/5.0.4/da08b8cce7bbf903602a25a3a163ae252435795/asm-5.0.4.jar
7f814ead3000-7f814ead5000 r--s 00011000 08:04 9437975                    /home/gunjan/.gradle/caches/modules-2/files-2.1/com.cedarsoftware/json-io/2.5.1/dd7fe37e5d02b93b014df08655da2b9e0dc2700a/json-io-2.5.1.jar
7f814ead5000-7f814ead7000 r--s 0000d000 08:04 9437973                    /home/gunjan/.gradle/caches/modules-2/files-2.1/commons-logging/commons-logging/1.1.1/5043bfebc3db072ed80fbd362e7caf00e885d8ae/commons-logging-1.1.1.jar
7f814ead7000-7f814ead9000 r--s 00009000 08:04 9437971                    /home/gunjan/.gradle/caches/modules-2/files-2.1/org.hamcrest/hamcrest-core/1.3/42a25dc3219429f0e5d060061f71acb49bf010a0/hamcrest-core-1.3.jar
7f814ead9000-7f814eadc000 r--s 00018000 08:04 9312811                    /home/gunjan/.gradle/caches/modules-2/files-2.1/commons-io/commons-io/1.4/a8762d07e76cfde2395257a5da47ba7c1dbd3dce/commons-io-1.4.jar
7f814eadc000-7f814eae0000 r--s 000dc000 08:04 9570848                    /home/gunjan/.gradle/caches/modules-2/files-2.1/net.java.dev.jna/jna/4.1.0/1c12d070e602efd8021891cdd7fd18bc129372d4/jna-4.1.0.jar
7f814eae0000-7f814eaf2000 r--s 000a7000 08:04 204                        /home/gunjan/.gradle/caches/modules-2/files-2.1/com.google.guava/guava-testlib/19.0/ce5b880b206de3f76d364988a6308c68c726f74a/guava-testlib-19.0.jar
7f814eaf2000-7f814eafb000 r--s 0006f000 08:04 9438180                    /home/gunjan/.gradle/caches/modules-2/files-2.1/log4j/log4j/1.2.17/5af35056b4d257e4b64b9e8069c0746e8b08629f/log4j-1.2.17.jar
7f814eafb000-7f814eb0c000 r--s 0016e000 08:04 9437969                    /home/gunjan/.gradle/caches/modules-2/files-2.1/org.jfree/jfreechart/1.0.19/ba9ee7dbb2e4c57a6901c79f614ed2dea9cc0e20/jfreechart-1.0.19.jar
7f814eb0c000-7f814eb0e000 r--s 0000e000 08:04 9437967                    /home/gunjan/.gradle/caches/modules-2/files-2.1/com.beust/jcommander/1.48/bfcb96281ea3b59d626704f74bc6d625ff51cbce/jcommander-1.48.jar
7f814eb0e000-7f814eb0f000 r--s 00002000 08:04 9437963                    /home/gunjan/.gradle/caches/modules-2/files-2.1/org.slf4j/slf4j-simple/1.7.12/42db62298b899818ff17352cbc00050e940bbfb0/slf4j-simple-1.7.12.jar
7f814eb0f000-7f814eb1f000 r--s 00088000 08:04 9437961                    /home/gunjan/.gradle/caches/modules-2/files-2.1/joda-time/joda-time/2.8.2/d27c24204c5e507b16fec01006b3d0f1ec42aed4/joda-time-2.8.2.jar
7f814eb1f000-7f814eb2f000 r--s 00085000 08:04 9437959                    /home/gunjan/.gradle/caches/modules-2/files-2.1/com.mchange/mchange-commons-java/0.2.11/2a6a6c1fe25f28f5a073171956ce6250813467ef/mchange-commons-java-0.2.11.jar
7f814eb2f000-7f814eb31000 r--s 00016000 08:04 9437957                    /home/gunjan/.gradle/caches/modules-2/files-2.1/com.googlecode.netlib-java/netlib-java/1.1/4a9c3b55b23430e5a6ad86101a88aea500ba8086/netlib-java-1.1.jar
7f814eb31000-7f814eb43000 r--s 00112000 08:04 9437955                    /home/gunjan/.gradle/caches/modules-2/files-2.1/net.sourceforge.f2j/arpack_combined_all/0.1/225619a060b42605b4d9fd4af11815664abf26eb/arpack_combined_all-0.1.jar
7f814eb43000-7f814eb48000 r--s 0003d000 08:04 9437953                    /home/gunjan/.gradle/caches/modules-2/files-2.1/com.googlecode.matrix-toolkits-java/mtj/1.0.4/e14ed840ff5e15de92dba2d1af29201fa70a0f35/mtj-1.0.4.jar
7f814eb48000-7f814eb4c000 r--s 0002f000 08:04 9437951                    /home/gunjan/.gradle/caches/modules-2/files-2.1/nz.ac.waikato.cms.weka.thirdparty/bounce/0.18/d774f9a0aa5cbe08dea8907720c64c417aed861/bounce-0.18.jar
7f814eb4c000-7f814eb4e000 r--s 00016000 08:04 9437943                    /home/gunjan/.gradle/caches/modules-2/files-2.1/nz.ac.waikato.cms.weka.thirdparty/java-cup-11b/2015.03.26/6e97c5abd2e76d83220f09f72de0b89b6de18dc1/java-cup-11b-2015.03.26.jar
7f814eb4e000-7f814eb52000 r--s 0001a000 08:04 9437936                    /home/gunjan/.gradle/caches/modules-2/files-2.1/org.mapdb/elsa/3.0.0-M5/d7c1920d084e741e04844f512af24012e745e809/elsa-3.0.0-M5.jar
7f814eb52000-7f814eb54000 r--s 00038000 08:04 9437934                    /home/gunjan/.gradle/caches/modules-2/files-2.1/net.jpountz.lz4/lz4/1.3.0/c708bb2590c0652a642236ef45d9f99ff842a2ce/lz4-1.3.0.jar
7f814eb54000-7f814eb80000 r--s 00208000 08:04 9437932                    /home/gunjan/.gradle/caches/modules-2/files-2.1/com.google.guava/guava/19.0/6ce200f6b23222af3d8abb6b6459e6c44f4bb0e9/guava-19.0.jar
7f814eb80000-7f814eb82000 r--s 00009000 08:04 11439006                   /home/gunjan/.gradle/caches/modules-2/files-2.1/org.eclipse.collections/eclipse-collections-forkjoin/7.1.1/892b970cb03461f8c10daba778edbef3f0a26846/eclipse-collections-forkjoin-7.1.1.jar
7f814eb82000-7f814ec20000 r--s 00896000 08:04 11439004                   /home/gunjan/.gradle/caches/modules-2/files-2.1/org.eclipse.collections/eclipse-collections/7.1.1/83eca9f03f1f2d055df453d72036c5ce2e82896b/eclipse-collections-7.1.1.jar
7f814ec20000-7f814ec43000 r--s 000a0000 08:04 11439002                   /home/gunjan/.gradle/caches/modules-2/files-2.1/org.eclipse.collections/eclipse-collections-api/7.1.1/806c2b3bef5364d1a1668f25ce70100fa2c6b919/eclipse-collections-api-7.1.1.jar
7f814ec43000-7f814ec4c000 r--s 00084000 08:04 9437924                    /home/gunjan/.gradle/caches/modules-2/files-2.1/org.jetbrains.kotlin/kotlin-stdlib/1.0.2/22063f19bfd8e50f21fc310842a91ff5b31bb272/kotlin-stdlib-1.0.2.jar
7f814ec4c000-7f814ec4e000 r--s 00004000 08:04 9437920                    /home/gunjan/.gradle/caches/modules-2/files-2.1/com.esotericsoftware/reflectasm/1.11.3/8b102eed2f12412b254946811111ea48bc03a266/reflectasm-1.11.3.jar
7f814ec4e000-7f814ec50000 r--s 0000d000 08:04 9437918                    /home/gunjan/.gradle/caches/modules-2/files-2.1/com.cedarsoftware/java-util/1.9.0/c5f6deb3213a693d0cc20a78b1052ecc9a2df09c/java-util-1.9.0.jar
7f814ec50000-7f814ec52000 r--s 0000b000 08:04 9437916                    /home/gunjan/.gradle/caches/modules-2/files-2.1/org.objenesis/objenesis/2.4/2916b6c96b50c5b3ec4452ed99401db745aabb27/objenesis-2.4.jar
7f814ec52000-7f814ec5b000 r--s 000ae000 08:04 9437914                    /home/gunjan/.gradle/caches/modules-2/files-2.1/org.javassist/javassist/3.19.0-GA/50120f69224dd8684b445a6f3a5b08fe9b5c60f6/javassist-3.19.0-GA.jar
7f814ec5b000-7f814ec5f000 r--s 00041000 08:04 9437912                    /home/gunjan/.gradle/caches/modules-2/files-2.1/com.fasterxml.jackson.core/jackson-core/2.8.1/fd13b1c033741d48291315c6370f7d475a42dccf/jackson-core-2.8.1.jar
7f814ec5f000-7f814ec67000 r--s 00045000 08:04 9437910                    /home/gunjan/.gradle/caches/modules-2/files-2.1/junit/junit/4.12/2973d150c0dc1fefe998f834810d68f278ea58ec/junit-4.12.jar
7f814ec67000-7f814ec6a000 r--s 00012000 08:04 9312574                    /home/gunjan/.gradle/caches/modules-2/files-2.1/com.zaxxer/nuprocess/1.1.0/9479382344b61b36dd3ca1ec1b10aaa91295d632/nuprocess-1.1.0.jar
7f814ec6a000-7f814ec92000 r--s 00241000 08:04 263                        /home/gunjan/.gradle/caches/modules-2/files-2.1/net.sf.trove4j/trove4j/3.0.3/42ccaf4761f0dfdfa805c9e340d99a755907e2dd/trove4j-3.0.3.jar
7f814ec92000-7f814ec95000 r--s 0001b000 08:04 9438178                    /home/gunjan/.gradle/caches/modules-2/files-2.1/com.google.uzaygezen/uzaygezen-core/0.2/611b82d4c4b4f67cc3d83cf0697ec660fcee2fff/uzaygezen-core-0.2.jar
7f814ec95000-7f814ec9d000 r--s 00042000 08:04 9437906                    /home/gunjan/.gradle/caches/modules-2/files-2.1/org.n52.matlab/matlab-control/5.0.0/ced8fdb8664759574b2f340aa00844f757dfcad0/matlab-control-5.0.0.jar
7f814ec9d000-7f814eca8000 r--s 000b6000 08:04 9437904                    /home/gunjan/.gradle/caches/modules-2/files-2.1/org.tinyjee.jgraphx/jgraphx/3.4.1.3/a62939cbd5af2dff663e91d061b3e4edc7b8df85/jgraphx-3.4.1.3.jar
7f814eca8000-7f814ecaf000 r--s 00073000 08:04 9437900                    /home/gunjan/.gradle/caches/modules-2/files-2.1/com.mchange/c3p0/0.9.5.2/5f86cb6130bc6e8475615ed82d5b5e6fb226a86a/c3p0-0.9.5.2.jar
7f814ecaf000-7f814ed0e000 r--s 00835000 08:04 9437892                    /home/gunjan/.gradle/caches/modules-2/files-2.1/nz.ac.waikato.cms.weka/weka-stable/3.8.0/5f6547867e775b416982cdcaa2dbef67855a6669/weka-stable-3.8.0.jar
7f814ed0e000-7f814ed0f000 ---p 00000000 00:00 0 
7f814ed0f000-7f814ee0f000 rw-p 00000000 00:00 0 
7f814ee0f000-7f814ee12000 ---p 00000000 00:00 0 
7f814ee12000-7f814ef10000 rw-p 00000000 00:00 0 
7f814ef10000-7f814ef13000 ---p 00000000 00:00 0 
7f814ef13000-7f814f011000 rw-p 00000000 00:00 0 
7f814f011000-7f814f014000 ---p 00000000 00:00 0 
7f814f014000-7f814f112000 rw-p 00000000 00:00 0 
7f814f112000-7f814f115000 ---p 00000000 00:00 0 
7f814f115000-7f814f213000 rw-p 00000000 00:00 0 
7f814f213000-7f814f216000 ---p 00000000 00:00 0 
7f814f216000-7f814f314000 rw-p 00000000 00:00 0 
7f814f314000-7f814f4f5000 r--p 00000000 08:04 9986683                    /usr/lib/locale/locale-archive
7f814f4f5000-7f814f4f8000 ---p 00000000 00:00 0 
7f814f4f8000-7f814f5f6000 rw-p 00000000 00:00 0 
7f814f5f6000-7f814f5f9000 ---p 00000000 00:00 0 
7f814f5f9000-7f814f6f7000 rw-p 00000000 00:00 0 
7f814f6f7000-7f814f6f8000 ---p 00000000 00:00 0 
7f814f6f8000-7f8150000000 rw-p 00000000 00:00 0 
7f8150000000-7f8151cb7000 rw-p 00000000 00:00 0 
7f8151cb7000-7f8154000000 ---p 00000000 00:00 0 
7f8154000000-7f8154002000 r--s 0000b000 08:04 9312810                    /home/gunjan/.gradle/caches/modules-2/files-2.1/org.zeroturnaround/zt-exec/1.9/a6c5747098b1ede9f4a6e9c36eaebb357a4430ed/zt-exec-1.9.jar
7f8154002000-7f8154004000 r--s 0001e000 08:04 9437908                    /home/gunjan/.gradle/caches/modules-2/files-2.1/net.seninp/jmotif-sax/1.1.1/22909acc5e5c67cd9a4517070a7fb4f7ef926ab3/jmotif-sax-1.1.1.jar
7f8154004000-7f815400b000 r--s 00067000 08:04 9437898                    /home/gunjan/.gradle/caches/modules-2/files-2.1/org.mariadb.jdbc/mariadb-java-client/1.5.4/bd0e2e8494245c2885a79fc92bc3693c88cbfab4/mariadb-java-client-1.5.4.jar
7f815400b000-7f8154032000 r--s 001f6000 08:04 9437884                    /home/gunjan/.gradle/caches/modules-2/files-2.1/org.apache.commons/commons-math3/3.6.1/e4ba98f1d4b3c80ec46392f25e094a6a2e58fcbf/commons-math3-3.6.1.jar
7f8154032000-7f815479c000 rw-p 00000000 00:00 0 
7f815479c000-7f8154975000 r--s 03d2c000 08:04 1180452                    /usr/lib/jvm/java-8-jdk/jre/lib/rt.jar
7f8154975000-7f8155135000 rw-p 00000000 00:00 0 
7f8155135000-7f8155175000 ---p 00000000 00:00 0 
7f8155175000-7f8156851000 rw-p 00000000 00:00 0 
7f8156851000-7f8156852000 ---p 00000000 00:00 0 
7f8156852000-7f8156952000 rw-p 00000000 00:00 0 
7f8156952000-7f8156953000 ---p 00000000 00:00 0 
7f8156953000-7f8156a53000 rw-p 00000000 00:00 0 
7f8156a53000-7f8156a54000 ---p 00000000 00:00 0 
7f8156a54000-7f8157605000 rw-p 00000000 00:00 0 
7f8157605000-7f81579ff000 ---p 00000000 00:00 0 
7f81579ff000-7f81584b0000 rw-p 00000000 00:00 0 
7f81584b0000-7f81588a9000 ---p 00000000 00:00 0 
7f81588a9000-7f815894c000 rw-p 00000000 00:00 0 
7f815894c000-7f8158fff000 ---p 00000000 00:00 0 
7f8158fff000-7f8159000000 rw-p 00000000 00:00 0 
7f8159000000-7f8159490000 rwxp 00000000 00:00 0 
7f8159490000-7f8168000000 ---p 00000000 00:00 0 
7f8168000000-7f81688bd000 rw-p 00000000 00:00 0 
7f81688bd000-7f816c000000 ---p 00000000 00:00 0 
7f816c000000-7f816c001000 r--s 00005000 08:04 9437949                    /home/gunjan/.gradle/caches/modules-2/files-2.1/nz.ac.waikato.cms.weka.thirdparty/java-cup-11b-runtime/2015.03.26/5466fad5c5866f33e3230c30ca623e7e8deff1f8/java-cup-11b-runtime-2015.03.26.jar
7f816c001000-7f816c004000 r--s 0001f000 08:04 9437902                    /home/gunjan/.gradle/caches/modules-2/files-2.1/com.zaxxer/HikariCP/2.5.1/b896b711e2d98fedf403de590559a123b5fbf1a6/HikariCP-2.5.1.jar
7f816c004000-7f816c006000 r--s 0000c000 08:04 9437896                    /home/gunjan/.gradle/caches/modules-2/files-2.1/org.json/json/20160810/aca5eb39e2a12fddd6c472b240afe9ebea3a6733/json-20160810.jar
7f816c006000-7f816c00f000 r--s 00062000 08:04 9437894                    /home/gunjan/.gradle/caches/modules-2/files-2.1/org.jgrapht/jgrapht-core/1.0.0/c2adf22c2d37721489de12e70f5c226832045071/jgrapht-core-1.0.0.jar
7f816c00f000-7f816c018000 r--s 000aa000 08:04 9437890                    /home/gunjan/.gradle/caches/modules-2/files-2.1/org.mapdb/mapdb/3.0.2/bcd8209dda05a358318b29719a9e76b21d5e4683/mapdb-3.0.2.jar
7f816c018000-7f816c0d0000 rw-p 00000000 00:00 0 
7f816c0d0000-7f816c0d1000 ---p 00000000 00:00 0 
7f816c0d1000-7f816c1e4000 rw-p 00000000 00:00 0 
7f816c1e4000-7f816c591000 ---p 00000000 00:00 0 
7f816c591000-7f816c5ab000 r-xp 00000000 08:04 1180541                    /usr/lib/jvm/java-8-jdk/jre/lib/amd64/libzip.so
7f816c5ab000-7f816c7ab000 ---p 0001a000 08:04 1180541                    /usr/lib/jvm/java-8-jdk/jre/lib/amd64/libzip.so
7f816c7ab000-7f816c7ac000 rw-p 0001a000 08:04 1180541                    /usr/lib/jvm/java-8-jdk/jre/lib/amd64/libzip.so
7f816c7ac000-7f816c7b7000 r-xp 00000000 08:04 9962652                    /usr/lib/libnss_files-2.25.so
7f816c7b7000-7f816c9b6000 ---p 0000b000 08:04 9962652                    /usr/lib/libnss_files-2.25.so
7f816c9b6000-7f816c9b7000 r--p 0000a000 08:04 9962652                    /usr/lib/libnss_files-2.25.so
7f816c9b7000-7f816c9b8000 rw-p 0000b000 08:04 9962652                    /usr/lib/libnss_files-2.25.so
7f816c9b8000-7f816c9be000 rw-p 00000000 00:00 0 
7f816c9be000-7f816c9e9000 r-xp 00000000 08:04 1180515                    /usr/lib/jvm/java-8-jdk/jre/lib/amd64/libjava.so
7f816c9e9000-7f816cbe8000 ---p 0002b000 08:04 1180515                    /usr/lib/jvm/java-8-jdk/jre/lib/amd64/libjava.so
7f816cbe8000-7f816cbea000 rw-p 0002a000 08:04 1180515                    /usr/lib/jvm/java-8-jdk/jre/lib/amd64/libjava.so
7f816cbea000-7f816cbf7000 r-xp 00000000 08:04 1180562                    /usr/lib/jvm/java-8-jdk/jre/lib/amd64/libverify.so
7f816cbf7000-7f816cdf6000 ---p 0000d000 08:04 1180562                    /usr/lib/jvm/java-8-jdk/jre/lib/amd64/libverify.so
7f816cdf6000-7f816cdf8000 rw-p 0000c000 08:04 1180562                    /usr/lib/jvm/java-8-jdk/jre/lib/amd64/libverify.so
7f816cdf8000-7f816cdff000 r-xp 00000000 08:04 9962272                    /usr/lib/librt-2.25.so
7f816cdff000-7f816cffe000 ---p 00007000 08:04 9962272                    /usr/lib/librt-2.25.so
7f816cffe000-7f816cfff000 r--p 00006000 08:04 9962272                    /usr/lib/librt-2.25.so
7f816cfff000-7f816d000000 rw-p 00007000 08:04 9962272                    /usr/lib/librt-2.25.so
7f816d000000-7f816d112000 r-xp 00000000 08:04 9962314                    /usr/lib/libm-2.25.so
7f816d112000-7f816d311000 ---p 00112000 08:04 9962314                    /usr/lib/libm-2.25.so
7f816d311000-7f816d312000 r--p 00111000 08:04 9962314                    /usr/lib/libm-2.25.so
7f816d312000-7f816d313000 rw-p 00112000 08:04 9962314                    /usr/lib/libm-2.25.so
7f816d313000-7f816dfe1000 r-xp 00000000 08:04 1180572                    /usr/lib/jvm/java-8-jdk/jre/lib/amd64/server/libjvm.so
7f816dfe1000-7f816e1e1000 ---p 00cce000 08:04 1180572                    /usr/lib/jvm/java-8-jdk/jre/lib/amd64/server/libjvm.so
7f816e1e1000-7f816e2ba000 rw-p 00cce000 08:04 1180572                    /usr/lib/jvm/java-8-jdk/jre/lib/amd64/server/libjvm.so
7f816e2ba000-7f816e305000 rw-p 00000000 00:00 0 
7f816e305000-7f816e4a0000 r-xp 00000000 08:04 9963120                    /usr/lib/libc-2.25.so
7f816e4a0000-7f816e69f000 ---p 0019b000 08:04 9963120                    /usr/lib/libc-2.25.so
7f816e69f000-7f816e6a3000 r--p 0019a000 08:04 9963120                    /usr/lib/libc-2.25.so
7f816e6a3000-7f816e6a5000 rw-p 0019e000 08:04 9963120                    /usr/lib/libc-2.25.so
7f816e6a5000-7f816e6a9000 rw-p 00000000 00:00 0 
7f816e6a9000-7f816e6ac000 r-xp 00000000 08:04 9962388                    /usr/lib/libdl-2.25.so
7f816e6ac000-7f816e8ab000 ---p 00003000 08:04 9962388                    /usr/lib/libdl-2.25.so
7f816e8ab000-7f816e8ac000 r--p 00002000 08:04 9962388                    /usr/lib/libdl-2.25.so
7f816e8ac000-7f816e8ad000 rw-p 00003000 08:04 9962388                    /usr/lib/libdl-2.25.so
7f816e8ad000-7f816e8c2000 r-xp 00000000 08:04 1180570                    /usr/lib/jvm/java-8-jdk/jre/lib/amd64/jli/libjli.so
7f816e8c2000-7f816eac2000 ---p 00015000 08:04 1180570                    /usr/lib/jvm/java-8-jdk/jre/lib/amd64/jli/libjli.so
7f816eac2000-7f816eac3000 rw-p 00015000 08:04 1180570                    /usr/lib/jvm/java-8-jdk/jre/lib/amd64/jli/libjli.so
7f816eac3000-7f816eadc000 r-xp 00000000 08:04 9963199                    /usr/lib/libpthread-2.25.so
7f816eadc000-7f816ecdb000 ---p 00019000 08:04 9963199                    /usr/lib/libpthread-2.25.so
7f816ecdb000-7f816ecdc000 r--p 00018000 08:04 9963199                    /usr/lib/libpthread-2.25.so
7f816ecdc000-7f816ecdd000 rw-p 00019000 08:04 9963199                    /usr/lib/libpthread-2.25.so
7f816ecdd000-7f816ece1000 rw-p 00000000 00:00 0 
7f816ece1000-7f816ed04000 r-xp 00000000 08:04 9963124                    /usr/lib/ld-2.25.so
7f816ed04000-7f816ed05000 r--s 00001000 08:04 9437922                    /home/gunjan/.gradle/caches/modules-2/files-2.1/com.esotericsoftware/minlog/1.3.0/ff07b5f1b01d2f92bb00a337f9a94873712f0827/minlog-1.3.0.jar
7f816ed05000-7f816ed0d000 r--s 00048000 08:04 9437888                    /home/gunjan/.gradle/caches/modules-2/files-2.1/com.esotericsoftware/kryo/4.0.0/9f5c64c1315ec79bee0f56bb88e4ae94b65048ce/kryo-4.0.0.jar
7f816ed0d000-7f816edb7000 rw-p 00000000 00:00 0 
7f816edb7000-7f816edba000 ---p 00000000 00:00 0 
7f816edba000-7f816eeba000 rw-p 00000000 00:00 0 
7f816eeba000-7f816eebb000 r--s 00007000 08:04 202                        /home/gunjan/.gradle/caches/modules-2/files-2.1/com.github.mgunlogson/cuckoofilter4j/1.0.1/1ecac9da72e10f966c90d23c5d774f972d3e940f/cuckoofilter4j-1.0.1.jar
7f816eebb000-7f816eec2000 r--s 00057000 08:04 9437886                    /home/gunjan/.gradle/caches/modules-2/files-2.1/de.ruedigermoeller/fst/2.48/a04da9aca9ecc7dcf19c5e25b89bc21468e2a3e7/fst-2.48.jar
7f816eec2000-7f816eeca000 r--s 0006e000 08:04 9437882                    /home/gunjan/.gradle/caches/modules-2/files-2.1/org.apache.commons/commons-lang3/3.5/6c6c702c89bfff3cd9e80b04d668c5e190d588c6/commons-lang3-3.5.jar
7f816eeca000-7f816eecc000 r--s 0000c000 08:04 9437880                    /home/gunjan/.gradle/caches/modules-2/files-2.1/org.apache.commons/commons-exec/1.3/8dfb9facd0830a27b1b5f29f84593f0aeee7773b/commons-exec-1.3.jar
7f816eecc000-7f816eecd000 r--s 00009000 08:04 9308247                    /home/gunjan/.gradle/caches/modules-2/files-2.1/org.apache.commons/commons-csv/1.4/fc2512d2109144df353501266ac4bbe179058afd/commons-csv-1.4.jar
7f816eecd000-7f816eecf000 r--s 00009000 08:04 9308245                    /home/gunjan/.gradle/caches/modules-2/files-2.1/org.slf4j/slf4j-api/1.7.21/139535a69a4239db087de9bab0bee568bf8e0b70/slf4j-api-1.7.21.jar
7f816eecf000-7f816eef7000 rw-p 00000000 00:00 0 
7f816eef7000-7f816eeff000 rw-s 00000000 00:23 46                         /tmp/hsperfdata_gunjan/30079
7f816eeff000-7f816ef00000 rw-p 00000000 00:00 0 
7f816ef00000-7f816ef01000 r--p 00000000 00:00 0 
7f816ef01000-7f816ef03000 rw-p 00000000 00:00 0 
7f816ef03000-7f816ef04000 r--p 00022000 08:04 9963124                    /usr/lib/ld-2.25.so
7f816ef04000-7f816ef05000 rw-p 00023000 08:04 9963124                    /usr/lib/ld-2.25.so
7f816ef05000-7f816ef06000 rw-p 00000000 00:00 0 
7fffd2a8d000-7fffd2ab1000 rw-p 00000000 00:00 0                          [stack]
7fffd2b13000-7fffd2b15000 r--p 00000000 00:00 0                          [vvar]
7fffd2b15000-7fffd2b17000 r-xp 00000000 00:00 0                          [vdso]
ffffffffff600000-ffffffffff601000 r-xp 00000000 00:00 0                  [vsyscall]

VM Arguments:
jvm_args: -Xmx11g -Dfile.encoding=UTF-8 
java_command: org.activity.controller.SuperController
java_class_path (initial): /home/gunjan/git/GeolifeReloaded2_1_cleaned/bin:/home/gunjan/.gradle/caches/modules-2/files-2.1/org.slf4j/slf4j-api/1.7.21/139535a69a4239db087de9bab0bee568bf8e0b70/slf4j-api-1.7.21.jar:/home/gunjan/.gradle/caches/modules-2/files-2.1/org.apache.commons/commons-csv/1.4/fc2512d2109144df353501266ac4bbe179058afd/commons-csv-1.4.jar:/home/gunjan/.gradle/caches/modules-2/files-2.1/org.apache.commons/commons-exec/1.3/8dfb9facd0830a27b1b5f29f84593f0aeee7773b/commons-exec-1.3.jar:/home/gunjan/.gradle/caches/modules-2/files-2.1/org.apache.commons/commons-lang3/3.5/6c6c702c89bfff3cd9e80b04d668c5e190d588c6/commons-lang3-3.5.jar:/home/gunjan/.gradle/caches/modules-2/files-2.1/org.apache.commons/commons-math3/3.6.1/e4ba98f1d4b3c80ec46392f25e094a6a2e58fcbf/commons-math3-3.6.1.jar:/home/gunjan/.gradle/caches/modules-2/files-2.1/de.ruedigermoeller/fst/2.48/a04da9aca9ecc7dcf19c5e25b89bc21468e2a3e7/fst-2.48.jar:/home/gunjan/.gradle/caches/modules-2/files-2.1/com.esotericsoftware/kryo/4.0.0/9f5c64c1315ec79bee0f56bb88e4ae94b65048ce/kryo-4.0.0.jar:/home/gunjan/.gradle/caches/modules-2/files-2.1/org.mapdb/mapdb/3.0.2/bcd8209dda05a358318b29719a9e76b21d5e4683/mapdb-3.0.2.jar:/home/gunjan/.gradle/caches/modules-2/files-2.1/nz.ac.waikato.cms.weka/weka-stable/3.8.0/5f6547867e775b416982cdcaa2dbef67855a6669/weka-stable-3.8.0.jar:/home/gunjan/.gradle/caches/modules-2/files-2.1/org.jgrapht/jgrapht-core/1.0.0/c2adf22c2d37721489de12e70f5c226832045071/jgrapht-core-1.0.0.jar:/home/gunjan/.gradle/caches/modules-2/files-2.1/org.json/json/20160810/aca5eb39e2a12fddd6c472b240afe9ebea3a6733/json-20160810.jar:/home/gunjan/.gradle/caches/modules-2/files-2.1/org.mariadb.jdbc/mariadb-java-client/1.5.4/bd0e2e8494245c2885a79fc92bc3693c88cbfab4/mariadb-java-client-1.5.4.jar:/home/gunjan/.gradle/caches/modules-2/files-2.1/com.mchange/c3p0/0.9.5.2/5f86cb6130bc6e8475615ed82d5b5e6fb226a86a/c3p0-0.9.5.2.jar:/home/gunjan/.gradle/caches/modules-2/files-2.1/com.zaxxer/HikariCP/2.5.1/b896b711e2d
Launcher Type: SUN_STANDARD

Environment Variables:
PATH=/usr/local/sbin:/usr/local/bin:/usr/bin:/opt/android-sdk/platform-tools:/usr/lib/jvm/default/bin:/usr/bin/site_perl:/usr/bin/vendor_perl:/usr/bin/core_perl
SHELL=/bin/bash
DISPLAY=:0

Signal Handlers:
SIGSEGV: [libjvm.so+0xac7800], sa_mask[0]=11111111011111111101111111111110, sa_flags=SA_RESTART|SA_SIGINFO
SIGBUS: [libjvm.so+0xac7800], sa_mask[0]=11111111011111111101111111111110, sa_flags=SA_RESTART|SA_SIGINFO
SIGFPE: [libjvm.so+0x920990], sa_mask[0]=11111111011111111101111111111110, sa_flags=SA_RESTART|SA_SIGINFO
SIGPIPE: [libjvm.so+0x920990], sa_mask[0]=11111111011111111101111111111110, sa_flags=SA_RESTART|SA_SIGINFO
SIGXFSZ: [libjvm.so+0x920990], sa_mask[0]=11111111011111111101111111111110, sa_flags=SA_RESTART|SA_SIGINFO
SIGILL: [libjvm.so+0x920990], sa_mask[0]=11111111011111111101111111111110, sa_flags=SA_RESTART|SA_SIGINFO
SIGUSR1: SIG_DFL, sa_mask[0]=00000000000000000000000000000000, sa_flags=none
SIGUSR2: [libjvm.so+0x9221d0], sa_mask[0]=00100000000000000000000000000000, sa_flags=SA_RESTART|SA_SIGINFO
SIGHUP: [libjvm.so+0x9235d0], sa_mask[0]=11111111011111111101111111111110, sa_flags=SA_RESTART|SA_SIGINFO
SIGINT: SIG_IGN, sa_mask[0]=00000000000000000000000000000000, sa_flags=none
SIGTERM: [libjvm.so+0x9235d0], sa_mask[0]=11111111011111111101111111111110, sa_flags=SA_RESTART|SA_SIGINFO
SIGQUIT: [libjvm.so+0x9235d0], sa_mask[0]=11111111011111111101111111111110, sa_flags=SA_RESTART|SA_SIGINFO


---------------  S Y S T E M  ---------------

OS:DISTRIB_ID=ManjaroLinux
DISTRIB_RELEASE=17.0.1
DISTRIB_CODENAME=Gellivara
DISTRIB_DESCRIPTION="Manjaro Linux"

uname:Linux 4.4.59-1-MANJARO #1 SMP PREEMPT Fri Mar 31 16:51:12 UTC 2017 x86_64
libc:glibc 2.25 NPTL 2.25 
rlimit: STACK 8192k, CORE infinity, NPROC 62742, NOFILE 4096, AS infinity
load average:3.02 1.17 0.60

/proc/meminfo:
MemTotal:       16343820 kB
MemFree:          265852 kB
MemAvailable:     432096 kB
Buffers:           20804 kB
Cached:          2171900 kB
SwapCached:            0 kB
Active:         13774324 kB
Inactive:        1890316 kB
Active(anon):   13663212 kB
Inactive(anon):  1703308 kB
Active(file):     111112 kB
Inactive(file):   187008 kB
Unevictable:          64 kB
Mlocked:              64 kB
SwapTotal:             0 kB
SwapFree:              0 kB
Dirty:              2188 kB
Writeback:             0 kB
AnonPages:      13472012 kB
Mapped:          1168112 kB
Shmem:           1894292 kB
Slab:             152296 kB
SReclaimable:      74120 kB
SUnreclaim:        78176 kB
KernelStack:       18928 kB
PageTables:       131672 kB
NFS_Unstable:          0 kB
Bounce:                0 kB
WritebackTmp:          0 kB
CommitLimit:     8171908 kB
Committed_AS:   26599396 kB
VmallocTotal:   34359738367 kB
VmallocUsed:           0 kB
VmallocChunk:          0 kB
HardwareCorrupted:     0 kB
AnonHugePages:   3680256 kB
HugePages_Total:       0
HugePages_Free:        0
HugePages_Rsvd:        0
HugePages_Surp:        0
Hugepagesize:       2048 kB
DirectMap4k:      328344 kB
DirectMap2M:    12161024 kB
DirectMap1G:     4194304 kB


CPU:total 4 (2 cores per cpu, 2 threads per core) family 6 model 69 stepping 1, cmov, cx8, fxsr, mmx, sse, sse2, sse3, ssse3, sse4.1, sse4.2, popcnt, avx, avx2, aes, clmul, erms, lzcnt, ht, tsc, tscinvbit, bmi1, bmi2

/proc/cpuinfo:
processor	: 0
vendor_id	: GenuineIntel
cpu family	: 6
model		: 69
model name	: Intel(R) Core(TM) i5-4278U CPU @ 2.60GHz
stepping	: 1
microcode	: 0x1f
cpu MHz		: 3023.921
cache size	: 3072 KB
physical id	: 0
siblings	: 4
core id		: 0
cpu cores	: 2
apicid		: 0
initial apicid	: 0
fpu		: yes
fpu_exception	: yes
cpuid level	: 13
wp		: yes
flags		: fpu vme de pse tsc msr pae mce cx8 apic sep mtrr pge mca cmov pat pse36 clflush dts acpi mmx fxsr sse sse2 ss ht tm pbe syscall nx pdpe1gb rdtscp lm constant_tsc arch_perfmon pebs bts rep_good nopl xtopology nonstop_tsc aperfmperf eagerfpu pni pclmulqdq dtes64 monitor ds_cpl vmx est tm2 ssse3 sdbg fma cx16 xtpr pdcm pcid sse4_1 sse4_2 x2apic movbe popcnt tsc_deadline_timer aes xsave avx f16c rdrand lahf_lm abm ida arat epb pln pts dtherm tpr_shadow vnmi flexpriority ept vpid fsgsbase tsc_adjust bmi1 avx2 smep bmi2 erms invpcid xsaveopt
bugs		:
bogomips	: 5202.60
clflush size	: 64
cache_alignment	: 64
address sizes	: 39 bits physical, 48 bits virtual
power management:

processor	: 1
vendor_id	: GenuineIntel
cpu family	: 6
model		: 69
model name	: Intel(R) Core(TM) i5-4278U CPU @ 2.60GHz
stepping	: 1
microcode	: 0x1f
cpu MHz		: 2995.281
cache size	: 3072 KB
physical id	: 0
siblings	: 4
core id		: 1
cpu cores	: 2
apicid		: 2
initial apicid	: 2
fpu		: yes
fpu_exception	: yes
cpuid level	: 13
wp		: yes
flags		: fpu vme de pse tsc msr pae mce cx8 apic sep mtrr pge mca cmov pat pse36 clflush dts acpi mmx fxsr sse sse2 ss ht tm pbe syscall nx pdpe1gb rdtscp lm constant_tsc arch_perfmon pebs bts rep_good nopl xtopology nonstop_tsc aperfmperf eagerfpu pni pclmulqdq dtes64 monitor ds_cpl vmx est tm2 ssse3 sdbg fma cx16 xtpr pdcm pcid sse4_1 sse4_2 x2apic movbe popcnt tsc_deadline_timer aes xsave avx f16c rdrand lahf_lm abm ida arat epb pln pts dtherm tpr_shadow vnmi flexpriority ept vpid fsgsbase tsc_adjust bmi1 avx2 smep bmi2 erms invpcid xsaveopt
bugs		:
bogomips	: 5202.60
clflush size	: 64
cache_alignment	: 64
address sizes	: 39 bits physical, 48 bits virtual
power management:

processor	: 2
vendor_id	: GenuineIntel
cpu family	: 6
model		: 69
model name	: Intel(R) Core(TM) i5-4278U CPU @ 2.60GHz
stepping	: 1
microcode	: 0x1f
cpu MHz		: 3099.992
cache size	: 3072 KB
physical id	: 0
siblings	: 4
core id		: 0
cpu cores	: 2
apicid		: 1
initial apicid	: 1
fpu		: yes
fpu_exception	: yes
cpuid level	: 13
wp		: yes
flags		: fpu vme de pse tsc msr pae mce cx8 apic sep mtrr pge mca cmov pat pse36 clflush dts acpi mmx fxsr sse sse2 ss ht tm pbe syscall nx pdpe1gb rdtscp lm constant_tsc arch_perfmon pebs bts rep_good nopl xtopology nonstop_tsc aperfmperf eagerfpu pni pclmulqdq dtes64 monitor ds_cpl vmx est tm2 ssse3 sdbg fma cx16 xtpr pdcm pcid sse4_1 sse4_2 x2apic movbe popcnt tsc_deadline_timer aes xsave avx f16c rdrand lahf_lm abm ida arat epb pln pts dtherm tpr_shadow vnmi flexpriority ept vpid fsgsbase tsc_adjust bmi1 avx2 smep bmi2 erms invpcid xsaveopt
bugs		:
bogomips	: 5202.60
clflush size	: 64
cache_alignment	: 64
address sizes	: 39 bits physical, 48 bits virtual
power management:

processor	: 3
vendor_id	: GenuineIntel
cpu family	: 6
model		: 69
model name	: Intel(R) Core(TM) i5-4278U CPU @ 2.60GHz
stepping	: 1
microcode	: 0x1f
cpu MHz		: 2747.367
cache size	: 3072 KB
physical id	: 0
siblings	: 4
core id		: 1
cpu cores	: 2
apicid		: 3
initial apicid	: 3
fpu		: yes
fpu_exception	: yes
cpuid level	: 13
wp		: yes
flags		: fpu vme de pse tsc msr pae mce cx8 apic sep mtrr pge mca cmov pat pse36 clflush dts acpi mmx fxsr sse sse2 ss ht tm pbe syscall nx pdpe1gb rdtscp lm constant_tsc arch_perfmon pebs bts rep_good nopl xtopology nonstop_tsc aperfmperf eagerfpu pni pclmulqdq dtes64 monitor ds_cpl vmx est tm2 ssse3 sdbg fma cx16 xtpr pdcm pcid sse4_1 sse4_2 x2apic movbe popcnt tsc_deadline_timer aes xsave avx f16c rdrand lahf_lm abm ida arat epb pln pts dtherm tpr_shadow vnmi flexpriority ept vpid fsgsbase tsc_adjust bmi1 avx2 smep bmi2 erms invpcid xsaveopt
bugs		:
bogomips	: 5202.60
clflush size	: 64
cache_alignment	: 64
address sizes	: 39 bits physical, 48 bits virtual
power management:



Memory: 4k page, physical 16343820k(265852k free), swap 0k(0k free)

vm_info: Java HotSpot(TM) 64-Bit Server VM (25.112-b15) for linux-amd64 JRE (1.8.0_112-b15), built on Sep 22 2016 21:10:53 by "java_re" with gcc 4.3.0 20080428 (Red Hat 4.3.0-8)

time: Mon Apr 10 01:51:51 2017
elapsed time: 77 seconds (0d 0h 1m 17s)

