#
# There is insufficient memory for the Java Runtime Environment to continue.
# Native memory allocation (mmap) failed to map 508559360 bytes for committing reserved memory.
# Possible reasons:
#   The system is out of physical RAM or swap space
#   In 32 bit mode, the process size limit was hit
# Possible solutions:
#   Reduce memory load on the system
#   Increase physical memory or swap space
#   Check if swap backing store is full
#   Use 64 bit Java on a 64 bit OS
#   Decrease Java heap size (-Xmx/-Xms)
#   Decrease number of Java threads
#   Decrease Java thread stack sizes (-Xss)
#   Set larger code cache with -XX:ReservedCodeCacheSize=
# This output file may be truncated or incomplete.
#
#  Out of Memory Error (os_linux.cpp:2627), pid=3976, tid=0x00007fd9246f6700
#
# JRE version: Java(TM) SE Runtime Environment (8.0_112-b15) (build 1.8.0_112-b15)
# Java VM: Java HotSpot(TM) 64-Bit Server VM (25.112-b15 mixed mode linux-amd64 compressed oops)
# Core dump written. Default location: /home/gunjan/git/GeolifeReloaded2_1_cleaned/core or core.3976
#

---------------  T H R E A D  ---------------

Current thread (0x00007fd93407b000):  VMThread [stack: 0x00007fd9245f6000,0x00007fd9246f7000] [id=3987]

Stack: [0x00007fd9245f6000,0x00007fd9246f7000],  sp=0x00007fd9246f5120,  free space=1020k
Native frames: (J=compiled Java code, j=interpreted, Vv=VM code, C=native code)
V  [libjvm.so+0xac6f7a]  VMError::report_and_die()+0x2ba
V  [libjvm.so+0x4fc71b]  report_vm_out_of_memory(char const*, int, unsigned long, VMErrorType, char const*)+0x8b
V  [libjvm.so+0x923b13]  os::Linux::commit_memory_impl(char*, unsigned long, bool)+0x103
V  [libjvm.so+0x924069]  os::pd_commit_memory(char*, unsigned long, unsigned long, bool)+0x29
V  [libjvm.so+0x91e37a]  os::commit_memory(char*, unsigned long, unsigned long, bool)+0x2a
V  [libjvm.so+0x992da3]  PSVirtualSpace::expand_by(unsigned long)+0x53
V  [libjvm.so+0x9941a8]  PSYoungGen::resize_generation(unsigned long, unsigned long)+0xf8
V  [libjvm.so+0x993302]  PSYoungGen::resize(unsigned long, unsigned long)+0x22
V  [libjvm.so+0x9905db]  PSScavenge::invoke_no_policy()+0xf3b
V  [libjvm.so+0x990d61]  PSScavenge::invoke()+0x41
V  [libjvm.so+0x947ac0]  ParallelScavengeHeap::failed_mem_allocate(unsigned long)+0x70
V  [libjvm.so+0xac8997]  VM_ParallelGCFailedAllocation::doit()+0x97
V  [libjvm.so+0xad0475]  VM_Operation::evaluate()+0x55
V  [libjvm.so+0xace84a]  VMThread::evaluate_operation(VM_Operation*)+0xba
V  [libjvm.so+0xacebce]  VMThread::loop()+0x1ce
V  [libjvm.so+0xacf040]  VMThread::run()+0x70
V  [libjvm.so+0x926138]  java_start(Thread*)+0x108

VM_Operation (0x00007fd8d7838b10): ParallelGCFailedAllocation, mode: safepoint, requested by thread 0x00007fd93426f800


---------------  P R O C E S S  ---------------

Java Threads: ( => current thread )
  0x00007fd934279800 JavaThread "JavaFX-Launcher" [_thread_blocked, id=3999, stack(0x00007fd8d763a000,0x00007fd8d773b000)]
  0x00007fd93426f800 JavaThread "JavaFX Application Thread" [_thread_blocked, id=3998, stack(0x00007fd8d773b000,0x00007fd8d783c000)]
  0x00007fd93426b000 JavaThread "Thread-1" daemon [_thread_blocked, id=3997, stack(0x00007fd8ec01c000,0x00007fd8ec11d000)]
  0x00007fd9341c5800 JavaThread "QuantumRenderer-0" daemon [_thread_blocked, id=3996, stack(0x00007fd8efd69000,0x00007fd8efe6a000)]
  0x00007fd9340c4000 JavaThread "Service Thread" daemon [_thread_blocked, id=3994, stack(0x00007fd90c03d000,0x00007fd90c13e000)]
  0x00007fd9340c1000 JavaThread "C1 CompilerThread2" daemon [_thread_blocked, id=3993, stack(0x00007fd90c13e000,0x00007fd90c23f000)]
  0x00007fd9340bf000 JavaThread "C2 CompilerThread1" daemon [_thread_blocked, id=3992, stack(0x00007fd90c23f000,0x00007fd90c340000)]
  0x00007fd9340bc000 JavaThread "C2 CompilerThread0" daemon [_thread_blocked, id=3991, stack(0x00007fd924011000,0x00007fd924112000)]
  0x00007fd9340bb000 JavaThread "Signal Dispatcher" daemon [_thread_blocked, id=3990, stack(0x00007fd924112000,0x00007fd924213000)]
  0x00007fd934087800 JavaThread "Finalizer" daemon [_thread_blocked, id=3989, stack(0x00007fd9243f4000,0x00007fd9244f5000)]
  0x00007fd934083000 JavaThread "Reference Handler" daemon [_thread_blocked, id=3988, stack(0x00007fd9244f5000,0x00007fd9245f6000)]
  0x00007fd93400d000 JavaThread "main" [_thread_blocked, id=3977, stack(0x00007fd93d64b000,0x00007fd93d74c000)]

Other Threads:
=>0x00007fd93407b000 VMThread [stack: 0x00007fd9245f6000,0x00007fd9246f7000] [id=3987]
  0x00007fd9340c7000 WatcherThread [stack: 0x00007fd8efeff000,0x00007fd8f0000000] [id=3995]

VM state:at safepoint (normal execution)

VM Mutex/Monitor currently owned by a thread:  ([mutex/lock_event])
[0x00007fd93400afa0] Threads_lock - owner thread: 0x00007fd93407b000
[0x00007fd93400b4a0] Heap_lock - owner thread: 0x00007fd93426f800

Heap:
 PSYoungGen      total 831488K, used 8690K [0x000000076cd80000, 0x00000007a0380000, 0x00000007c0000000)
  eden space 822784K, 0% used [0x000000076cd80000,0x000000076cd80000,0x000000079f100000)
  from space 8704K, 99% used [0x000000079f100000,0x000000079f97c808,0x000000079f980000)
  to   space 7168K, 0% used [0x000000079f980000,0x000000079f980000,0x00000007a0080000)
 ParOldGen       total 171008K, used 10630K [0x00000006c6800000, 0x00000006d0f00000, 0x000000076cd80000)
  object space 171008K, 6% used [0x00000006c6800000,0x00000006c7261b58,0x00000006d0f00000)
 Metaspace       used 9100K, capacity 9534K, committed 9856K, reserved 1058816K
  class space    used 1136K, capacity 1291K, committed 1408K, reserved 1048576K

Card table byte_map: [0x00007fd93a2a5000,0x00007fd93aa72000] byte_map_base: 0x00007fd936c71000

Marking Bits: (ParMarkBitMap*) 0x00007fd93cb69c80
 Begin Bits: [0x00007fd90c340000, 0x00007fd9101a0000)
 End Bits:   [0x00007fd9101a0000, 0x00007fd914000000)

Polling page: 0x00007fd93d78b000

CodeCache: size=245760Kb used=4284Kb max_used=4327Kb free=241475Kb
 bounds [0x00007fd925000000, 0x00007fd925450000, 0x00007fd934000000]
 total_blobs=1413 nmethods=972 adapters=355
 compilation: enabled

Compilation events (10 events):
Event: 1.781 Thread 0x00007fd9340bc000  969 % !   4       org.activity.tools.JSONProcessingGowallaTryingNonStatic::processCheckinData @ 145 (890 bytes)
Event: 1.783 Thread 0x00007fd9340bf000  970       4       sun.nio.cs.StreamDecoder::implRead (243 bytes)
Event: 1.799 Thread 0x00007fd9340bf000 nmethod 970 0x00007fd9253eba90 code [0x00007fd9253ebcc0, 0x00007fd9253ec748]
Event: 1.799 Thread 0x00007fd9340bf000  971   !   4       sun.nio.cs.StreamDecoder::readBytes (289 bytes)
Event: 1.805 Thread 0x00007fd9340bf000 nmethod 971 0x00007fd925394450 code [0x00007fd925394620, 0x00007fd925394bd8]
Event: 1.931 Thread 0x00007fd9340bf000  972       4       java.io.BufferedReader::fill (170 bytes)
Event: 1.946 Thread 0x00007fd9340bf000 nmethod 972 0x00007fd9253ea8d0 code [0x00007fd9253eaa80, 0x00007fd9253eb378]
Event: 1.947 Thread 0x00007fd9340bf000  973   !   4       sun.nio.cs.StreamDecoder::read (196 bytes)
Event: 1.951 Thread 0x00007fd9340bf000 nmethod 973 0x00007fd9253e9e90 code [0x00007fd9253ea000, 0x00007fd9253ea568]
Event: 2.015 Thread 0x00007fd9340bc000 nmethod 969% 0x00007fd925430a10 code [0x00007fd925431140, 0x00007fd925438fe8]

GC Heap History (10 events):
Event: 1.560 GC heap after
Heap after GC invocations=6 (full 0):
 PSYoungGen      total 263168K, used 5610K [0x000000076cd80000, 0x000000077d580000, 0x00000007c0000000)
  eden space 257536K, 0% used [0x000000076cd80000,0x000000076cd80000,0x000000077c900000)
  from space 5632K, 99% used [0x000000077cf00000,0x000000077d47a9a0,0x000000077d480000)
  to   space 6144K, 0% used [0x000000077c900000,0x000000077c900000,0x000000077cf00000)
 ParOldGen       total 171008K, used 264K [0x00000006c6800000, 0x00000006d0f00000, 0x000000076cd80000)
  object space 171008K, 0% used [0x00000006c6800000,0x00000006c6842000,0x00000006d0f00000)
 Metaspace       used 9100K, capacity 9534K, committed 9856K, reserved 1058816K
  class space    used 1136K, capacity 1291K, committed 1408K, reserved 1048576K
}
Event: 1.771 GC heap before
{Heap before GC invocations=7 (full 0):
 PSYoungGen      total 263168K, used 263146K [0x000000076cd80000, 0x000000077d580000, 0x00000007c0000000)
  eden space 257536K, 100% used [0x000000076cd80000,0x000000077c900000,0x000000077c900000)
  from space 5632K, 99% used [0x000000077cf00000,0x000000077d47a9a0,0x000000077d480000)
  to   space 6144K, 0% used [0x000000077c900000,0x000000077c900000,0x000000077cf00000)
 ParOldGen       total 171008K, used 264K [0x00000006c6800000, 0x00000006d0f00000, 0x000000076cd80000)
  object space 171008K, 0% used [0x00000006c6800000,0x00000006c6842000,0x00000006d0f00000)
 Metaspace       used 9100K, capacity 9534K, committed 9856K, reserved 1058816K
  class space    used 1136K, capacity 1291K, committed 1408K, reserved 1048576K
Event: 1.780 GC heap after
Heap after GC invocations=7 (full 0):
 PSYoungGen      total 263680K, used 4311K [0x000000076cd80000, 0x000000078d080000, 0x00000007c0000000)
  eden space 257536K, 0% used [0x000000076cd80000,0x000000076cd80000,0x000000077c900000)
  from space 6144K, 70% used [0x000000077c900000,0x000000077cd35e18,0x000000077cf00000)
  to   space 6144K, 0% used [0x000000078ca80000,0x000000078ca80000,0x000000078d080000)
 ParOldGen       total 171008K, used 3149K [0x00000006c6800000, 0x00000006d0f00000, 0x000000076cd80000)
  object space 171008K, 1% used [0x00000006c6800000,0x00000006c6b13640,0x00000006d0f00000)
 Metaspace       used 9100K, capacity 9534K, committed 9856K, reserved 1058816K
  class space    used 1136K, capacity 1291K, committed 1408K, reserved 1048576K
}
Event: 1.934 GC heap before
{Heap before GC invocations=8 (full 0):
 PSYoungGen      total 263680K, used 261847K [0x000000076cd80000, 0x000000078d080000, 0x00000007c0000000)
  eden space 257536K, 100% used [0x000000076cd80000,0x000000077c900000,0x000000077c900000)
  from space 6144K, 70% used [0x000000077c900000,0x000000077cd35e18,0x000000077cf00000)
  to   space 6144K, 0% used [0x000000078ca80000,0x000000078ca80000,0x000000078d080000)
 ParOldGen       total 171008K, used 3149K [0x00000006c6800000, 0x00000006d0f00000, 0x000000076cd80000)
  object space 171008K, 1% used [0x00000006c6800000,0x00000006c6b13640,0x00000006d0f00000)
 Metaspace       used 9100K, capacity 9534K, committed 9856K, reserved 1058816K
  class space    used 1136K, capacity 1291K, committed 1408K, reserved 1048576K
Event: 1.946 GC heap after
Heap after GC invocations=8 (full 0):
 PSYoungGen      total 521216K, used 4820K [0x000000076cd80000, 0x000000078d080000, 0x00000007c0000000)
  eden space 515072K, 0% used [0x000000076cd80000,0x000000076cd80000,0x000000078c480000)
  from space 6144K, 78% used [0x000000078ca80000,0x000000078cf35098,0x000000078d080000)
  to   space 6144K, 0% used [0x000000078c480000,0x000000078c480000,0x000000078ca80000)
 ParOldGen       total 171008K, used 3549K [0x00000006c6800000, 0x00000006d0f00000, 0x000000076cd80000)
  object space 171008K, 2% used [0x00000006c6800000,0x00000006c6b77640,0x00000006d0f00000)
 Metaspace       used 9100K, capacity 9534K, committed 9856K, reserved 1058816K
  class space    used 1136K, capacity 1291K, committed 1408K, reserved 1048576K
}
Event: 2.496 GC heap before
{Heap before GC invocations=9 (full 0):
 PSYoungGen      total 521216K, used 519892K [0x000000076cd80000, 0x000000078d080000, 0x00000007c0000000)
  eden space 515072K, 100% used [0x000000076cd80000,0x000000078c480000,0x000000078c480000)
  from space 6144K, 78% used [0x000000078ca80000,0x000000078cf35098,0x000000078d080000)
  to   space 6144K, 0% used [0x000000078c480000,0x000000078c480000,0x000000078ca80000)
 ParOldGen       total 171008K, used 3549K [0x00000006c6800000, 0x00000006d0f00000, 0x000000076cd80000)
  object space 171008K, 2% used [0x00000006c6800000,0x00000006c6b77640,0x00000006d0f00000)
 Metaspace       used 9100K, capacity 9534K, committed 9856K, reserved 1058816K
  class space    used 1136K, capacity 1291K, committed 1408K, reserved 1048576K
Event: 2.518 GC heap after
Heap after GC invocations=9 (full 0):
 PSYoungGen      total 521216K, used 6142K [0x000000076cd80000, 0x00000007a0080000, 0x00000007c0000000)
  eden space 515072K, 0% used [0x000000076cd80000,0x000000076cd80000,0x000000078c480000)
  from space 6144K, 99% used [0x000000078c480000,0x000000078ca7f8d0,0x000000078ca80000)
  to   space 7168K, 0% used [0x000000079f980000,0x000000079f980000,0x00000007a0080000)
 ParOldGen       total 171008K, used 4933K [0x00000006c6800000, 0x00000006d0f00000, 0x000000076cd80000)
  object space 171008K, 2% used [0x00000006c6800000,0x00000006c6cd1640,0x00000006d0f00000)
 Metaspace       used 9100K, capacity 9534K, committed 9856K, reserved 1058816K
  class space    used 1136K, capacity 1291K, committed 1408K, reserved 1048576K
}
Event: 2.825 GC heap before
{Heap before GC invocations=10 (full 0):
 PSYoungGen      total 521216K, used 521214K [0x000000076cd80000, 0x00000007a0080000, 0x00000007c0000000)
  eden space 515072K, 100% used [0x000000076cd80000,0x000000078c480000,0x000000078c480000)
  from space 6144K, 99% used [0x000000078c480000,0x000000078ca7f8d0,0x000000078ca80000)
  to   space 7168K, 0% used [0x000000079f980000,0x000000079f980000,0x00000007a0080000)
 ParOldGen       total 171008K, used 4933K [0x00000006c6800000, 0x00000006d0f00000, 0x000000076cd80000)
  object space 171008K, 2% used [0x00000006c6800000,0x00000006c6cd1640,0x00000006d0f00000)
 Metaspace       used 9100K, capacity 9534K, committed 9856K, reserved 1058816K
  class space    used 1136K, capacity 1291K, committed 1408K, reserved 1048576K
Event: 2.849 GC heap after
Heap after GC invocations=10 (full 0):
 PSYoungGen      total 829952K, used 7165K [0x000000076cd80000, 0x00000007a0380000, 0x00000007c0000000)
  eden space 822784K, 0% used [0x000000076cd80000,0x000000076cd80000,0x000000079f100000)
  from space 7168K, 99% used [0x000000079f980000,0x00000007a007f528,0x00000007a0080000)
  to   space 8704K, 0% used [0x000000079f100000,0x000000079f100000,0x000000079f980000)
 ParOldGen       total 171008K, used 7301K [0x00000006c6800000, 0x00000006d0f00000, 0x000000076cd80000)
  object space 171008K, 4% used [0x00000006c6800000,0x00000006c6f21640,0x00000006d0f00000)
 Metaspace       used 9100K, capacity 9534K, committed 9856K, reserved 1058816K
  class space    used 1136K, capacity 1291K, committed 1408K, reserved 1048576K
}
Event: 3.555 GC heap before
{Heap before GC invocations=11 (full 0):
 PSYoungGen      total 829952K, used 829949K [0x000000076cd80000, 0x00000007a0380000, 0x00000007c0000000)
  eden space 822784K, 100% used [0x000000076cd80000,0x000000079f100000,0x000000079f100000)
  from space 7168K, 99% used [0x000000079f980000,0x00000007a007f528,0x00000007a0080000)
  to   space 8704K, 0% used [0x000000079f100000,0x000000079f100000,0x000000079f980000)
 ParOldGen       total 171008K, used 7301K [0x00000006c6800000, 0x00000006d0f00000, 0x000000076cd80000)
  object space 171008K, 4% used [0x00000006c6800000,0x00000006c6f21640,0x00000006d0f00000)
 Metaspace       used 9100K, capacity 9534K, committed 9856K, reserved 1058816K
  class space    used 1136K, capacity 1291K, committed 1408K, reserved 1048576K

Deoptimization events (8 events):
Event: 0.603 Thread 0x00007fd93426f800 Uncommon trap: reason=unstable_if action=reinterpret pc=0x00007fd9251cf1f8 method=java.lang.String.indexOf([CII[CIII)I @ 134
Event: 0.603 Thread 0x00007fd93426f800 Uncommon trap: reason=unstable_if action=reinterpret pc=0x00007fd9251a417c method=java.lang.String.replace(CC)Ljava/lang/String; @ 2
Event: 0.996 Thread 0x00007fd93426f800 Uncommon trap: reason=predicate action=maybe_recompile pc=0x00007fd92536217c method=java.util.AbstractCollection.toArray([Ljava/lang/Object;)[Ljava/lang/Object; @ 49
Event: 1.028 Thread 0x00007fd93426f800 Uncommon trap: reason=array_check action=maybe_recompile pc=0x00007fd9253639e0 method=java.util.AbstractCollection.toArray([Ljava/lang/Object;)[Ljava/lang/Object; @ 119
Event: 1.028 Thread 0x00007fd93426f800 Uncommon trap: reason=array_check action=maybe_recompile pc=0x00007fd9253639e0 method=java.util.AbstractCollection.toArray([Ljava/lang/Object;)[Ljava/lang/Object; @ 119
Event: 1.028 Thread 0x00007fd93426f800 Uncommon trap: reason=array_check action=maybe_recompile pc=0x00007fd9253639e0 method=java.util.AbstractCollection.toArray([Ljava/lang/Object;)[Ljava/lang/Object; @ 119
Event: 1.028 Thread 0x00007fd93426f800 Uncommon trap: reason=array_check action=maybe_recompile pc=0x00007fd9253639e0 method=java.util.AbstractCollection.toArray([Ljava/lang/Object;)[Ljava/lang/Object; @ 119
Event: 1.671 Thread 0x00007fd93426f800 Uncommon trap: reason=unstable_if action=reinterpret pc=0x00007fd9253f13c4 method=org.activity.tools.JSONProcessingGowallaTryingNonStatic.processCheckinData(Ljava/util/LinkedHashMap;Ljava/util/LinkedHashMap;Ljava/util/LinkedHashMap;Ljava/util/TreeMap;Ljav

Internal exceptions (10 events):
Event: 0.038 Thread 0x00007fd93400d000 Exception <a 'java/lang/NoSuchMethodError': Method sun.misc.Unsafe.prefetchRead(Ljava/lang/Object;J)V name or signature does not match> (0x000000076cd87f60) thrown at [/HUDSON3/workspace/8-2-build-linux-amd64/jdk8u112/7884/hotspot/src/share/vm/prims/jni.c
Event: 0.200 Thread 0x00007fd93400d000 Exception <a 'java/lang/NoSuchFieldError': method resolution failed> (0x000000076d07aab8) thrown at [/HUDSON3/workspace/8-2-build-linux-amd64/jdk8u112/7884/hotspot/src/share/vm/prims/methodHandles.cpp, line 1146]
Event: 0.202 Thread 0x00007fd93400d000 Exception <a 'java/lang/NoSuchFieldError': method resolution failed> (0x000000076d087e38) thrown at [/HUDSON3/workspace/8-2-build-linux-amd64/jdk8u112/7884/hotspot/src/share/vm/prims/methodHandles.cpp, line 1146]
Event: 0.233 Thread 0x00007fd93400d000 Exception <a 'java/security/PrivilegedActionException'> (0x000000076d1110a8) thrown at [/HUDSON3/workspace/8-2-build-linux-amd64/jdk8u112/7884/hotspot/src/share/vm/prims/jvm.cpp, line 1390]
Event: 0.233 Thread 0x00007fd93400d000 Exception <a 'java/security/PrivilegedActionException'> (0x000000076d1112b8) thrown at [/HUDSON3/workspace/8-2-build-linux-amd64/jdk8u112/7884/hotspot/src/share/vm/prims/jvm.cpp, line 1390]
Event: 0.233 Thread 0x00007fd93400d000 Exception <a 'java/security/PrivilegedActionException'> (0x000000076d1135b8) thrown at [/HUDSON3/workspace/8-2-build-linux-amd64/jdk8u112/7884/hotspot/src/share/vm/prims/jvm.cpp, line 1390]
Event: 0.233 Thread 0x00007fd93400d000 Exception <a 'java/security/PrivilegedActionException'> (0x000000076d1137c8) thrown at [/HUDSON3/workspace/8-2-build-linux-amd64/jdk8u112/7884/hotspot/src/share/vm/prims/jvm.cpp, line 1390]
Event: 0.233 Thread 0x00007fd93400d000 Exception <a 'java/lang/NullPointerException'> (0x000000076d113da0) thrown at [/HUDSON3/workspace/8-2-build-linux-amd64/jdk8u112/7884/hotspot/src/share/vm/interpreter/linkResolver.cpp, line 1178]
Event: 0.592 Thread 0x00007fd93426f800 Exception <a 'java/lang/NullPointerException'> (0x000000076da47160) thrown at [/HUDSON3/workspace/8-2-build-linux-amd64/jdk8u112/7884/hotspot/src/share/vm/interpreter/linkResolver.cpp, line 1178]
Event: 0.592 Thread 0x00007fd93426f800 Exception <a 'java/lang/NullPointerException'> (0x000000076da47160) thrown at [/HUDSON3/workspace/8-2-build-linux-amd64/jdk8u112/7884/hotspot/src/share/vm/prims/jvm.cpp, line 1394]

Events (10 events):
Event: 1.780 Executing VM operation: ParallelGCFailedAllocation done
Event: 1.934 Executing VM operation: ParallelGCFailedAllocation
Event: 1.946 Executing VM operation: ParallelGCFailedAllocation done
Event: 2.040 Thread 0x00007fd93426f800 DEOPT PACKING pc=0x00007fd92540e5f0 sp=0x00007fd8d7838960
Event: 2.040 Thread 0x00007fd93426f800 DEOPT UNPACKING pc=0x00007fd925047633 sp=0x00007fd8d7838a30 mode 0
Event: 2.496 Executing VM operation: ParallelGCFailedAllocation
Event: 2.518 Executing VM operation: ParallelGCFailedAllocation done
Event: 2.825 Executing VM operation: ParallelGCFailedAllocation
Event: 2.849 Executing VM operation: ParallelGCFailedAllocation done
Event: 3.555 Executing VM operation: ParallelGCFailedAllocation


Dynamic libraries:
00400000-00401000 r-xp 00000000 08:04 1180653                            /usr/lib/jvm/java-8-jdk/jre/bin/java
00600000-00601000 rw-p 00000000 08:04 1180653                            /usr/lib/jvm/java-8-jdk/jre/bin/java
00d95000-00db6000 rw-p 00000000 00:00 0                                  [heap]
6c6800000-6d0f00000 rw-p 00000000 00:00 0 
6d0f00000-76cd80000 ---p 00000000 00:00 0 
76cd80000-7a0380000 rw-p 00000000 00:00 0 
7be880000-7c0000000 ---p 00000000 00:00 0 
7c0000000-7c0160000 rw-p 00000000 00:00 0 
7c0160000-800000000 ---p 00000000 00:00 0 
7fd8c8000000-7fd8c8185000 rw-p 00000000 00:00 0 
7fd8c8185000-7fd8cc000000 ---p 00000000 00:00 0 
7fd8cc000000-7fd8cc021000 rw-p 00000000 00:00 0 
7fd8cc021000-7fd8d0000000 ---p 00000000 00:00 0 
7fd8d0000000-7fd8d0021000 rw-p 00000000 00:00 0 
7fd8d0021000-7fd8d4000000 ---p 00000000 00:00 0 
7fd8d73db000-7fd8d741b000 rw-p 00000000 00:00 0 
7fd8d741b000-7fd8d75db000 ---p 00000000 00:00 0 
7fd8d75db000-7fd8d763a000 r--s 00835000 08:04 9437892                    /home/gunjan/.gradle/caches/modules-2/files-2.1/nz.ac.waikato.cms.weka/weka-stable/3.8.0/5f6547867e775b416982cdcaa2dbef67855a6669/weka-stable-3.8.0.jar
7fd8d763a000-7fd8d763d000 ---p 00000000 00:00 0 
7fd8d763d000-7fd8d773b000 rw-p 00000000 00:00 0 
7fd8d773b000-7fd8d773e000 ---p 00000000 00:00 0 
7fd8d773e000-7fd8d783c000 rw-p 00000000 00:00 0 
7fd8d783c000-7fd8d7846000 r-xp 00000000 08:04 10758079                   /usr/lib/gtk-2.0/2.10.0/engines/libpixmap.so
7fd8d7846000-7fd8d7a45000 ---p 0000a000 08:04 10758079                   /usr/lib/gtk-2.0/2.10.0/engines/libpixmap.so
7fd8d7a45000-7fd8d7a46000 r--p 00009000 08:04 10758079                   /usr/lib/gtk-2.0/2.10.0/engines/libpixmap.so
7fd8d7a46000-7fd8d7a47000 rw-p 0000a000 08:04 10758079                   /usr/lib/gtk-2.0/2.10.0/engines/libpixmap.so
7fd8d7a47000-7fd8d7a49000 r-xp 00000000 08:04 10759261                   /usr/lib/gtk-2.0/2.10.0/engines/libadwaita.so
7fd8d7a49000-7fd8d7c49000 ---p 00002000 08:04 10759261                   /usr/lib/gtk-2.0/2.10.0/engines/libadwaita.so
7fd8d7c49000-7fd8d7c4a000 r--p 00002000 08:04 10759261                   /usr/lib/gtk-2.0/2.10.0/engines/libadwaita.so
7fd8d7c4a000-7fd8d7c4b000 rw-p 00003000 08:04 10759261                   /usr/lib/gtk-2.0/2.10.0/engines/libadwaita.so
7fd8d7c4b000-7fd8d7c51000 r-xp 00000000 08:04 9976754                    /usr/lib/libogg.so.0.8.2
7fd8d7c51000-7fd8d7e50000 ---p 00006000 08:04 9976754                    /usr/lib/libogg.so.0.8.2
7fd8d7e50000-7fd8d7e51000 r--p 00005000 08:04 9976754                    /usr/lib/libogg.so.0.8.2
7fd8d7e51000-7fd8d7e52000 rw-p 00006000 08:04 9976754                    /usr/lib/libogg.so.0.8.2
7fd8d7e52000-7fd8d7e7d000 r-xp 00000000 08:04 9976952                    /usr/lib/libvorbis.so.0.4.8
7fd8d7e7d000-7fd8d807d000 ---p 0002b000 08:04 9976952                    /usr/lib/libvorbis.so.0.4.8
7fd8d807d000-7fd8d807e000 r--p 0002b000 08:04 9976952                    /usr/lib/libvorbis.so.0.4.8
7fd8d807e000-7fd8d807f000 rw-p 0002c000 08:04 9976952                    /usr/lib/libvorbis.so.0.4.8
7fd8d807f000-7fd8d8088000 r-xp 00000000 08:04 9970784                    /usr/lib/libltdl.so.7.3.1
7fd8d8088000-7fd8d8287000 ---p 00009000 08:04 9970784                    /usr/lib/libltdl.so.7.3.1
7fd8d8287000-7fd8d8288000 r--p 00008000 08:04 9970784                    /usr/lib/libltdl.so.7.3.1
7fd8d8288000-7fd8d8289000 rw-p 00009000 08:04 9970784                    /usr/lib/libltdl.so.7.3.1
7fd8d8289000-7fd8d829e000 r-xp 00000000 08:04 9973566                    /usr/lib/libtdb.so.1.3.11
7fd8d829e000-7fd8d849d000 ---p 00015000 08:04 9973566                    /usr/lib/libtdb.so.1.3.11
7fd8d849d000-7fd8d849e000 r--p 00014000 08:04 9973566                    /usr/lib/libtdb.so.1.3.11
7fd8d849e000-7fd8d849f000 rw-p 00015000 08:04 9973566                    /usr/lib/libtdb.so.1.3.11
7fd8d849f000-7fd8d84a7000 r-xp 00000000 08:04 9976954                    /usr/lib/libvorbisfile.so.3.3.7
7fd8d84a7000-7fd8d86a6000 ---p 00008000 08:04 9976954                    /usr/lib/libvorbisfile.so.3.3.7
7fd8d86a6000-7fd8d86a7000 r--p 00007000 08:04 9976954                    /usr/lib/libvorbisfile.so.3.3.7
7fd8d86a7000-7fd8d86a8000 rw-p 00008000 08:04 9976954                    /usr/lib/libvorbisfile.so.3.3.7
7fd8d86a8000-7fd8d86b9000 r-xp 00000000 08:04 9976436                    /usr/lib/libcanberra.so.0.2.5
7fd8d86b9000-7fd8d88b8000 ---p 00011000 08:04 9976436                    /usr/lib/libcanberra.so.0.2.5
7fd8d88b8000-7fd8d88b9000 r--p 00010000 08:04 9976436                    /usr/lib/libcanberra.so.0.2.5
7fd8d88b9000-7fd8d88ba000 rw-p 00011000 08:04 9976436                    /usr/lib/libcanberra.so.0.2.5
7fd8d88ba000-7fd8d88be000 r-xp 00000000 08:04 9976439                    /usr/lib/libcanberra-gtk.so.0.1.9
7fd8d88be000-7fd8d8abd000 ---p 00004000 08:04 9976439                    /usr/lib/libcanberra-gtk.so.0.1.9
7fd8d8abd000-7fd8d8abe000 r--p 00003000 08:04 9976439                    /usr/lib/libcanberra-gtk.so.0.1.9
7fd8d8abe000-7fd8d8abf000 rw-p 00004000 08:04 9976439                    /usr/lib/libcanberra-gtk.so.0.1.9
7fd8d8abf000-7fd8d8ac4000 r-xp 00000000 08:04 10759366                   /usr/lib/gtk-2.0/modules/libcanberra-gtk-module.so
7fd8d8ac4000-7fd8d8cc3000 ---p 00005000 08:04 10759366                   /usr/lib/gtk-2.0/modules/libcanberra-gtk-module.so
7fd8d8cc3000-7fd8d8cc4000 r--p 00004000 08:04 10759366                   /usr/lib/gtk-2.0/modules/libcanberra-gtk-module.so
7fd8d8cc4000-7fd8d8cc5000 rw-p 00005000 08:04 10759366                   /usr/lib/gtk-2.0/modules/libcanberra-gtk-module.so
7fd8d8cc5000-7fd8d8cee000 r-xp 00000000 08:04 1180520                    /usr/lib/jvm/java-8-jdk/jre/lib/amd64/libglass.so
7fd8d8cee000-7fd8d8eed000 ---p 00029000 08:04 1180520                    /usr/lib/jvm/java-8-jdk/jre/lib/amd64/libglass.so
7fd8d8eed000-7fd8d8ef0000 rw-p 00028000 08:04 1180520                    /usr/lib/jvm/java-8-jdk/jre/lib/amd64/libglass.so
7fd8d8ef0000-7fd8d8ef4000 r-xp 00000000 08:04 9966996                    /usr/lib/libtxc_dxtn.so
7fd8d8ef4000-7fd8d90f3000 ---p 00004000 08:04 9966996                    /usr/lib/libtxc_dxtn.so
7fd8d90f3000-7fd8d90f4000 r--p 00003000 08:04 9966996                    /usr/lib/libtxc_dxtn.so
7fd8d90f4000-7fd8d90f5000 rw-p 00004000 08:04 9966996                    /usr/lib/libtxc_dxtn.so
7fd8d90f5000-7fd8d90fd000 r-xp 00000000 08:04 9966945                    /usr/lib/libpciaccess.so.0.11.1
7fd8d90fd000-7fd8d92fd000 ---p 00008000 08:04 9966945                    /usr/lib/libpciaccess.so.0.11.1
7fd8d92fd000-7fd8d92fe000 r--p 00008000 08:04 9966945                    /usr/lib/libpciaccess.so.0.11.1
7fd8d92fe000-7fd8d92ff000 rw-p 00009000 08:04 9966945                    /usr/lib/libpciaccess.so.0.11.1
7fd8d92ff000-7fd8d9312000 r-xp 00000000 08:04 9963113                    /usr/lib/libgpg-error.so.0.19.1
7fd8d9312000-7fd8d9511000 ---p 00013000 08:04 9963113                    /usr/lib/libgpg-error.so.0.19.1
7fd8d9511000-7fd8d9512000 r--p 00012000 08:04 9963113                    /usr/lib/libgpg-error.so.0.19.1
7fd8d9512000-7fd8d9513000 rw-p 00013000 08:04 9963113                    /usr/lib/libgpg-error.so.0.19.1
7fd8d9513000-7fd8d951e000 r-xp 00000000 08:04 9965121                    /usr/lib/libdrm_radeon.so.1.0.1
7fd8d951e000-7fd8d971d000 ---p 0000b000 08:04 9965121                    /usr/lib/libdrm_radeon.so.1.0.1
7fd8d971d000-7fd8d971e000 r--p 0000a000 08:04 9965121                    /usr/lib/libdrm_radeon.so.1.0.1
7fd8d971e000-7fd8d971f000 rw-p 0000b000 08:04 9965121                    /usr/lib/libdrm_radeon.so.1.0.1
7fd8d971f000-7fd8d9726000 r-xp 00000000 08:04 9965120                    /usr/lib/libdrm_nouveau.so.2.0.0
7fd8d9726000-7fd8d9925000 ---p 00007000 08:04 9965120                    /usr/lib/libdrm_nouveau.so.2.0.0
7fd8d9925000-7fd8d9926000 r--p 00006000 08:04 9965120                    /usr/lib/libdrm_nouveau.so.2.0.0
7fd8d9926000-7fd8d9927000 rw-p 00007000 08:04 9965120                    /usr/lib/libdrm_nouveau.so.2.0.0
7fd8d9927000-7fd8d9949000 r-xp 00000000 08:04 9965118                    /usr/lib/libdrm_intel.so.1.0.0
7fd8d9949000-7fd8d9b49000 ---p 00022000 08:04 9965118                    /usr/lib/libdrm_intel.so.1.0.0
7fd8d9b49000-7fd8d9b4a000 r--p 00022000 08:04 9965118                    /usr/lib/libdrm_intel.so.1.0.0
7fd8d9b4a000-7fd8d9b4b000 rw-p 00023000 08:04 9965118                    /usr/lib/libdrm_intel.so.1.0.0
7fd8d9b4b000-7fd8d9c52000 r-xp 00000000 08:04 9961954                    /usr/lib/libgcrypt.so.20.1.3
7fd8d9c52000-7fd8d9e51000 ---p 00107000 08:04 9961954                    /usr/lib/libgcrypt.so.20.1.3
7fd8d9e51000-7fd8d9e53000 r--p 00106000 08:04 9961954                    /usr/lib/libgcrypt.so.20.1.3
7fd8d9e53000-7fd8d9e5a000 rw-p 00108000 08:04 9961954                    /usr/lib/libgcrypt.so.20.1.3
7fd8d9e5a000-7fd8da54d000 r-xp 00000000 08:04 10238220                   /usr/lib/xorg/modules/dri/i965_dri.so
7fd8da54d000-7fd8da74d000 ---p 006f3000 08:04 10238220                   /usr/lib/xorg/modules/dri/i965_dri.so
7fd8da74d000-7fd8da78f000 r--p 006f3000 08:04 10238220                   /usr/lib/xorg/modules/dri/i965_dri.so
7fd8da78f000-7fd8da797000 rw-p 00735000 08:04 10238220                   /usr/lib/xorg/modules/dri/i965_dri.so
7fd8da797000-7fd8da79f000 rw-p 00000000 00:00 0 
7fd8da79f000-7fd8da7a6000 r-xp 00000000 08:04 9976442                    /usr/lib/libdatrie.so.1.3.3
7fd8da7a6000-7fd8da9a5000 ---p 00007000 08:04 9976442                    /usr/lib/libdatrie.so.1.3.3
7fd8da9a5000-7fd8da9a6000 r--p 00006000 08:04 9976442                    /usr/lib/libdatrie.so.1.3.3
7fd8da9a6000-7fd8da9a7000 rw-p 00007000 08:04 9976442                    /usr/lib/libdatrie.so.1.3.3
7fd8da9a7000-7fd8da9ac000 r-xp 00000000 08:04 9966722                    /usr/lib/libXdmcp.so.6.0.0
7fd8da9ac000-7fd8dabab000 ---p 00005000 08:04 9966722                    /usr/lib/libXdmcp.so.6.0.0
7fd8dabab000-7fd8dabac000 r--p 00004000 08:04 9966722                    /usr/lib/libXdmcp.so.6.0.0
7fd8dabac000-7fd8dabad000 rw-p 00005000 08:04 9966722                    /usr/lib/libXdmcp.so.6.0.0
7fd8dabad000-7fd8dabaf000 r-xp 00000000 08:04 9966720                    /usr/lib/libXau.so.6.0.0
7fd8dabaf000-7fd8dadaf000 ---p 00002000 08:04 9966720                    /usr/lib/libXau.so.6.0.0
7fd8dadaf000-7fd8dadb0000 r--p 00002000 08:04 9966720                    /usr/lib/libXau.so.6.0.0
7fd8dadb0000-7fd8dadb1000 rw-p 00003000 08:04 9966720                    /usr/lib/libXau.so.6.0.0
7fd8dadb1000-7fd8dadc1000 r-xp 00000000 08:04 9963331                    /usr/lib/libwayland-server.so.0.1.0
7fd8dadc1000-7fd8dafc1000 ---p 00010000 08:04 9963331                    /usr/lib/libwayland-server.so.0.1.0
7fd8dafc1000-7fd8dafc3000 r--p 00010000 08:04 9963331                    /usr/lib/libwayland-server.so.0.1.0
7fd8dafc3000-7fd8dafc4000 rw-p 00012000 08:04 9963331                    /usr/lib/libwayland-server.so.0.1.0
7fd8dafc4000-7fd8dafd1000 r-xp 00000000 08:04 9963332                    /usr/lib/libwayland-client.so.0.3.0
7fd8dafd1000-7fd8db1d0000 ---p 0000d000 08:04 9963332                    /usr/lib/libwayland-client.so.0.3.0
7fd8db1d0000-7fd8db1d2000 r--p 0000c000 08:04 9963332                    /usr/lib/libwayland-client.so.0.3.0
7fd8db1d2000-7fd8db1d3000 rw-p 0000e000 08:04 9963332                    /usr/lib/libwayland-client.so.0.3.0
7fd8db1d3000-7fd8db1df000 r-xp 00000000 08:04 9963352                    /usr/lib/libgbm.so.1.0.0
7fd8db1df000-7fd8db3de000 ---p 0000c000 08:04 9963352                    /usr/lib/libgbm.so.1.0.0
7fd8db3de000-7fd8db3df000 r--p 0000b000 08:04 9963352                    /usr/lib/libgbm.so.1.0.0
7fd8db3df000-7fd8db3e0000 rw-p 0000c000 08:04 9963352                    /usr/lib/libgbm.so.1.0.0
7fd8db3e0000-7fd8db3e7000 r-xp 00000000 08:04 9967029                    /usr/lib/libxcb-xfixes.so.0.0.0
7fd8db3e7000-7fd8db5e6000 ---p 00007000 08:04 9967029                    /usr/lib/libxcb-xfixes.so.0.0.0
7fd8db5e6000-7fd8db5e7000 r--p 00006000 08:04 9967029                    /usr/lib/libxcb-xfixes.so.0.0.0
7fd8db5e7000-7fd8db5e8000 rw-p 00007000 08:04 9967029                    /usr/lib/libxcb-xfixes.so.0.0.0
7fd8db5e8000-7fd8db612000 r-xp 00000000 08:04 9975291                    /usr/lib/libgraphite2.so.3.0.1
7fd8db612000-7fd8db811000 ---p 0002a000 08:04 9975291                    /usr/lib/libgraphite2.so.3.0.1
7fd8db811000-7fd8db813000 r--p 00029000 08:04 9975291                    /usr/lib/libgraphite2.so.3.0.1
7fd8db813000-7fd8db814000 rw-p 0002b000 08:04 9975291                    /usr/lib/libgraphite2.so.3.0.1
7fd8db814000-7fd8db818000 r-xp 00000000 08:04 9965056                    /usr/lib/libuuid.so.1.3.0
7fd8db818000-7fd8dba17000 ---p 00004000 08:04 9965056                    /usr/lib/libuuid.so.1.3.0
7fd8dba17000-7fd8dba18000 r--p 00003000 08:04 9965056                    /usr/lib/libuuid.so.1.3.0
7fd8dba18000-7fd8dba19000 rw-p 00004000 08:04 9965056                    /usr/lib/libuuid.so.1.3.0
7fd8dba19000-7fd8dba57000 r-xp 00000000 08:04 9965057                    /usr/lib/libblkid.so.1.1.0
7fd8dba57000-7fd8dbc56000 ---p 0003e000 08:04 9965057                    /usr/lib/libblkid.so.1.1.0
7fd8dbc56000-7fd8dbc5a000 r--p 0003d000 08:04 9965057                    /usr/lib/libblkid.so.1.1.0
7fd8dbc5a000-7fd8dbc5b000 rw-p 00041000 08:04 9965057                    /usr/lib/libblkid.so.1.1.0
7fd8dbc5b000-7fd8dbc5c000 rw-p 00000000 00:00 0 
7fd8dbc5c000-7fd8dbc6a000 r-xp 00000000 08:04 9965116                    /usr/lib/libdrm.so.2.4.0
7fd8dbc6a000-7fd8dbe6a000 ---p 0000e000 08:04 9965116                    /usr/lib/libdrm.so.2.4.0
7fd8dbe6a000-7fd8dbe6b000 r--p 0000e000 08:04 9965116                    /usr/lib/libdrm.so.2.4.0
7fd8dbe6b000-7fd8dbe6c000 rw-p 0000f000 08:04 9965116                    /usr/lib/libdrm.so.2.4.0
7fd8dbe6c000-7fd8dbe70000 r-xp 00000000 08:04 9967016                    /usr/lib/libxcb-dri2.so.0.0.0
7fd8dbe70000-7fd8dc06f000 ---p 00004000 08:04 9967016                    /usr/lib/libxcb-dri2.so.0.0.0
7fd8dc06f000-7fd8dc070000 r--p 00003000 08:04 9967016                    /usr/lib/libxcb-dri2.so.0.0.0
7fd8dc070000-7fd8dc071000 rw-p 00004000 08:04 9967016                    /usr/lib/libxcb-dri2.so.0.0.0
7fd8dc071000-7fd8dc08a000 r-xp 00000000 08:04 9967018                    /usr/lib/libxcb-glx.so.0.0.0
7fd8dc08a000-7fd8dc28a000 ---p 00019000 08:04 9967018                    /usr/lib/libxcb-glx.so.0.0.0
7fd8dc28a000-7fd8dc28c000 r--p 00019000 08:04 9967018                    /usr/lib/libxcb-glx.so.0.0.0
7fd8dc28c000-7fd8dc28d000 rw-p 0001b000 08:04 9967018                    /usr/lib/libxcb-glx.so.0.0.0
7fd8dc28d000-7fd8dc28e000 r-xp 00000000 08:04 9965013                    /usr/lib/libX11-xcb.so.1.0.0
7fd8dc28e000-7fd8dc48d000 ---p 00001000 08:04 9965013                    /usr/lib/libX11-xcb.so.1.0.0
7fd8dc48d000-7fd8dc48e000 r--p 00000000 08:04 9965013                    /usr/lib/libX11-xcb.so.1.0.0
7fd8dc48e000-7fd8dc48f000 rw-p 00001000 08:04 9965013                    /usr/lib/libX11-xcb.so.1.0.0
7fd8dc48f000-7fd8dc4b9000 r-xp 00000000 08:04 9963354                    /usr/lib/libglapi.so.0.0.0
7fd8dc4b9000-7fd8dc6b8000 ---p 0002a000 08:04 9963354                    /usr/lib/libglapi.so.0.0.0
7fd8dc6b8000-7fd8dc6bc000 r--p 00029000 08:04 9963354                    /usr/lib/libglapi.so.0.0.0
7fd8dc6bc000-7fd8dc6bd000 rw-p 0002d000 08:04 9963354                    /usr/lib/libglapi.so.0.0.0
7fd8dc6bd000-7fd8dc6be000 rw-p 00000000 00:00 0 
7fd8dc6be000-7fd8dc6bf000 r-xp 00000000 08:04 9967038                    /usr/lib/libxshmfence.so.1.0.0
7fd8dc6bf000-7fd8dc8bf000 ---p 00001000 08:04 9967038                    /usr/lib/libxshmfence.so.1.0.0
7fd8dc8bf000-7fd8dc8c0000 r--p 00001000 08:04 9967038                    /usr/lib/libxshmfence.so.1.0.0
7fd8dc8c0000-7fd8dc8c1000 rw-p 00002000 08:04 9967038                    /usr/lib/libxshmfence.so.1.0.0
7fd8dc8c1000-7fd8dc8c7000 r-xp 00000000 08:04 9967027                    /usr/lib/libxcb-sync.so.1.0.0
7fd8dc8c7000-7fd8dcac6000 ---p 00006000 08:04 9967027                    /usr/lib/libxcb-sync.so.1.0.0
7fd8dcac6000-7fd8dcac7000 r--p 00005000 08:04 9967027                    /usr/lib/libxcb-sync.so.1.0.0
7fd8dcac7000-7fd8dcac8000 rw-p 00006000 08:04 9967027                    /usr/lib/libxcb-sync.so.1.0.0
7fd8dcac8000-7fd8dcaca000 r-xp 00000000 08:04 9967019                    /usr/lib/libxcb-present.so.0.0.0
7fd8dcaca000-7fd8dccc9000 ---p 00002000 08:04 9967019                    /usr/lib/libxcb-present.so.0.0.0
7fd8dccc9000-7fd8dccca000 r--p 00001000 08:04 9967019                    /usr/lib/libxcb-present.so.0.0.0
7fd8dccca000-7fd8dcccb000 rw-p 00002000 08:04 9967019                    /usr/lib/libxcb-present.so.0.0.0
7fd8dcccb000-7fd8dcccd000 r-xp 00000000 08:04 9967017                    /usr/lib/libxcb-dri3.so.0.0.0
7fd8dcccd000-7fd8dcecc000 ---p 00002000 08:04 9967017                    /usr/lib/libxcb-dri3.so.0.0.0
7fd8dcecc000-7fd8dcecd000 r--p 00001000 08:04 9967017                    /usr/lib/libxcb-dri3.so.0.0.0
7fd8dcecd000-7fd8dcece000 rw-p 00002000 08:04 9967017                    /usr/lib/libxcb-dri3.so.0.0.0
7fd8dcece000-7fd8dcf40000 r-xp 00000000 08:04 9962528                    /usr/lib/libpcre.so.1.2.7
7fd8dcf40000-7fd8dd13f000 ---p 00072000 08:04 9962528                    /usr/lib/libpcre.so.1.2.7
7fd8dd13f000-7fd8dd140000 r--p 00071000 08:04 9962528                    /usr/lib/libpcre.so.1.2.7
7fd8dd140000-7fd8dd141000 rw-p 00072000 08:04 9962528                    /usr/lib/libpcre.so.1.2.7
7fd8dd141000-7fd8dd148000 r-xp 00000000 08:04 9969814                    /usr/lib/libffi.so.6.0.4
7fd8dd148000-7fd8dd348000 ---p 00007000 08:04 9969814                    /usr/lib/libffi.so.6.0.4
7fd8dd348000-7fd8dd349000 r--p 00007000 08:04 9969814                    /usr/lib/libffi.so.6.0.4
7fd8dd349000-7fd8dd34a000 rw-p 00008000 08:04 9969814                    /usr/lib/libffi.so.6.0.4
7fd8dd34a000-7fd8dd371000 r-xp 00000000 08:04 9970891                    /usr/lib/libexpat.so.1.6.2
7fd8dd371000-7fd8dd571000 ---p 00027000 08:04 9970891                    /usr/lib/libexpat.so.1.6.2
7fd8dd571000-7fd8dd573000 r--p 00027000 08:04 9970891                    /usr/lib/libexpat.so.1.6.2
7fd8dd573000-7fd8dd574000 rw-p 00029000 08:04 9970891                    /usr/lib/libexpat.so.1.6.2
7fd8dd574000-7fd8dd583000 r-xp 00000000 08:04 9966745                    /usr/lib/libbz2.so.1.0.6
7fd8dd583000-7fd8dd782000 ---p 0000f000 08:04 9966745                    /usr/lib/libbz2.so.1.0.6
7fd8dd782000-7fd8dd784000 rw-p 0000e000 08:04 9966745                    /usr/lib/libbz2.so.1.0.6
7fd8dd784000-7fd8dd78c000 r-xp 00000000 08:04 9975958                    /usr/lib/libthai.so.0.3.0
7fd8dd78c000-7fd8dd98c000 ---p 00008000 08:04 9975958                    /usr/lib/libthai.so.0.3.0
7fd8dd98c000-7fd8dd98d000 r--p 00008000 08:04 9975958                    /usr/lib/libthai.so.0.3.0
7fd8dd98d000-7fd8dd98e000 rw-p 00009000 08:04 9975958                    /usr/lib/libthai.so.0.3.0
7fd8dd98e000-7fd8dd99a000 r-xp 00000000 08:04 9967022                    /usr/lib/libxcb-render.so.0.0.0
7fd8dd99a000-7fd8ddb9a000 ---p 0000c000 08:04 9967022                    /usr/lib/libxcb-render.so.0.0.0
7fd8ddb9a000-7fd8ddb9b000 r--p 0000c000 08:04 9967022                    /usr/lib/libxcb-render.so.0.0.0
7fd8ddb9b000-7fd8ddb9c000 rw-p 0000d000 08:04 9967022                    /usr/lib/libxcb-render.so.0.0.0
7fd8ddb9c000-7fd8ddbc4000 r-xp 00000000 08:04 9967036                    /usr/lib/libxcb.so.1.1.0
7fd8ddbc4000-7fd8dddc3000 ---p 00028000 08:04 9967036                    /usr/lib/libxcb.so.1.1.0
7fd8dddc3000-7fd8dddc4000 r--p 00027000 08:04 9967036                    /usr/lib/libxcb.so.1.1.0
7fd8dddc4000-7fd8dddc5000 rw-p 00028000 08:04 9967036                    /usr/lib/libxcb.so.1.1.0
7fd8dddc5000-7fd8dddc7000 r-xp 00000000 08:04 9967026                    /usr/lib/libxcb-shm.so.0.0.0
7fd8dddc7000-7fd8ddfc7000 ---p 00002000 08:04 9967026                    /usr/lib/libxcb-shm.so.0.0.0
7fd8ddfc7000-7fd8ddfc8000 r--p 00002000 08:04 9967026                    /usr/lib/libxcb-shm.so.0.0.0
7fd8ddfc8000-7fd8ddfc9000 rw-p 00003000 08:04 9967026                    /usr/lib/libxcb-shm.so.0.0.0
7fd8ddfc9000-7fd8ddffb000 r-xp 00000000 08:04 9965460                    /usr/lib/mesa/libEGL.so.1.0.0
7fd8ddffb000-7fd8de1fa000 ---p 00032000 08:04 9965460                    /usr/lib/mesa/libEGL.so.1.0.0
7fd8de1fa000-7fd8de1fc000 r--p 00031000 08:04 9965460                    /usr/lib/mesa/libEGL.so.1.0.0
7fd8de1fc000-7fd8de1fd000 rw-p 00033000 08:04 9965460                    /usr/lib/mesa/libEGL.so.1.0.0
7fd8de1fd000-7fd8de29c000 r-xp 00000000 08:04 9976781                    /usr/lib/libpixman-1.so.0.34.0
7fd8de29c000-7fd8de49c000 ---p 0009f000 08:04 9976781                    /usr/lib/libpixman-1.so.0.34.0
7fd8de49c000-7fd8de4a4000 r--p 0009f000 08:04 9976781                    /usr/lib/libpixman-1.so.0.34.0
7fd8de4a4000-7fd8de4a5000 rw-p 000a7000 08:04 9976781                    /usr/lib/libpixman-1.so.0.34.0
7fd8de4a5000-7fd8de4da000 r-xp 00000000 08:04 9972083                    /usr/lib/libpng16.so.16.26.0
7fd8de4da000-7fd8de6d9000 ---p 00035000 08:04 9972083                    /usr/lib/libpng16.so.16.26.0
7fd8de6d9000-7fd8de6da000 r--p 00034000 08:04 9972083                    /usr/lib/libpng16.so.16.26.0
7fd8de6da000-7fd8de6db000 rw-p 00035000 08:04 9972083                    /usr/lib/libpng16.so.16.26.0
7fd8de6db000-7fd8de73a000 r-xp 00000000 08:04 9972696                    /usr/lib/libharfbuzz.so.0.10303.0
7fd8de73a000-7fd8de93a000 ---p 0005f000 08:04 9972696                    /usr/lib/libharfbuzz.so.0.10303.0
7fd8de93a000-7fd8de93b000 r--p 0005f000 08:04 9972696                    /usr/lib/libharfbuzz.so.0.10303.0
7fd8de93b000-7fd8de93c000 rw-p 00060000 08:04 9972696                    /usr/lib/libharfbuzz.so.0.10303.0
7fd8de93c000-7fd8de983000 r-xp 00000000 08:04 9965154                    /usr/lib/libmount.so.1.1.0
7fd8de983000-7fd8deb83000 ---p 00047000 08:04 9965154                    /usr/lib/libmount.so.1.1.0
7fd8deb83000-7fd8deb84000 r--p 00047000 08:04 9965154                    /usr/lib/libmount.so.1.1.0
7fd8deb84000-7fd8deb85000 rw-p 00048000 08:04 9965154                    /usr/lib/libmount.so.1.1.0
7fd8deb85000-7fd8deb86000 rw-p 00000000 00:00 0 
7fd8deb86000-7fd8deb9a000 r-xp 00000000 08:04 9966970                    /usr/lib/libresolv-2.24.so
7fd8deb9a000-7fd8ded99000 ---p 00014000 08:04 9966970                    /usr/lib/libresolv-2.24.so
7fd8ded99000-7fd8ded9a000 r--p 00013000 08:04 9966970                    /usr/lib/libresolv-2.24.so
7fd8ded9a000-7fd8ded9b000 rw-p 00014000 08:04 9966970                    /usr/lib/libresolv-2.24.so
7fd8ded9b000-7fd8ded9d000 rw-p 00000000 00:00 0 
7fd8ded9d000-7fd8dedb2000 r-xp 00000000 08:04 9967041                    /usr/lib/libz.so.1.2.8
7fd8dedb2000-7fd8defb1000 ---p 00015000 08:04 9967041                    /usr/lib/libz.so.1.2.8
7fd8defb1000-7fd8defb2000 r--p 00014000 08:04 9967041                    /usr/lib/libz.so.1.2.8
7fd8defb2000-7fd8defb3000 rw-p 00015000 08:04 9967041                    /usr/lib/libz.so.1.2.8
7fd8defb3000-7fd8defc4000 r-xp 00000000 08:04 9966723                    /usr/lib/libXext.so.6.4.0
7fd8defc4000-7fd8df1c3000 ---p 00011000 08:04 9966723                    /usr/lib/libXext.so.6.4.0
7fd8df1c3000-7fd8df1c4000 r--p 00010000 08:04 9966723                    /usr/lib/libXext.so.6.4.0
7fd8df1c4000-7fd8df1c5000 rw-p 00011000 08:04 9966723                    /usr/lib/libXext.so.6.4.0
7fd8df1c5000-7fd8df1c7000 r-xp 00000000 08:04 9966721                    /usr/lib/libXdamage.so.1.1.0
7fd8df1c7000-7fd8df3c6000 ---p 00002000 08:04 9966721                    /usr/lib/libXdamage.so.1.1.0
7fd8df3c6000-7fd8df3c7000 r--p 00001000 08:04 9966721                    /usr/lib/libXdamage.so.1.1.0
7fd8df3c7000-7fd8df3c8000 rw-p 00002000 08:04 9966721                    /usr/lib/libXdamage.so.1.1.0
7fd8df3c8000-7fd8df3ca000 r-xp 00000000 08:04 9976310                    /usr/lib/libXcomposite.so.1.0.0
7fd8df3ca000-7fd8df5c9000 ---p 00002000 08:04 9976310                    /usr/lib/libXcomposite.so.1.0.0
7fd8df5c9000-7fd8df5ca000 r--p 00001000 08:04 9976310                    /usr/lib/libXcomposite.so.1.0.0
7fd8df5ca000-7fd8df5cb000 rw-p 00002000 08:04 9976310                    /usr/lib/libXcomposite.so.1.0.0
7fd8df5cb000-7fd8df5d5000 r-xp 00000000 08:04 9976311                    /usr/lib/libXcursor.so.1.0.2
7fd8df5d5000-7fd8df7d4000 ---p 0000a000 08:04 9976311                    /usr/lib/libXcursor.so.1.0.2
7fd8df7d4000-7fd8df7d5000 r--p 00009000 08:04 9976311                    /usr/lib/libXcursor.so.1.0.2
7fd8df7d5000-7fd8df7d6000 rw-p 0000a000 08:04 9976311                    /usr/lib/libXcursor.so.1.0.2
7fd8df7d6000-7fd8df7e0000 r-xp 00000000 08:04 9970233                    /usr/lib/libXrandr.so.2.2.0
7fd8df7e0000-7fd8df9df000 ---p 0000a000 08:04 9970233                    /usr/lib/libXrandr.so.2.2.0
7fd8df9df000-7fd8df9e0000 r--p 00009000 08:04 9970233                    /usr/lib/libXrandr.so.2.2.0
7fd8df9e0000-7fd8df9e1000 rw-p 0000a000 08:04 9970233                    /usr/lib/libXrandr.so.2.2.0
7fd8df9e1000-7fd8df9f0000 r-xp 00000000 08:04 9965026                    /usr/lib/libXi.so.6.1.0
7fd8df9f0000-7fd8dfbf0000 ---p 0000f000 08:04 9965026                    /usr/lib/libXi.so.6.1.0
7fd8dfbf0000-7fd8dfbf1000 r--p 0000f000 08:04 9965026                    /usr/lib/libXi.so.6.1.0
7fd8dfbf1000-7fd8dfbf2000 rw-p 00010000 08:04 9965026                    /usr/lib/libXi.so.6.1.0
7fd8dfbf2000-7fd8dfbf4000 r-xp 00000000 08:04 9976314                    /usr/lib/libXinerama.so.1.0.0
7fd8dfbf4000-7fd8dfdf3000 ---p 00002000 08:04 9976314                    /usr/lib/libXinerama.so.1.0.0
7fd8dfdf3000-7fd8dfdf4000 r--p 00001000 08:04 9976314                    /usr/lib/libXinerama.so.1.0.0
7fd8dfdf4000-7fd8dfdf5000 rw-p 00002000 08:04 9976314                    /usr/lib/libXinerama.so.1.0.0
7fd8dfdf5000-7fd8dfdfe000 r-xp 00000000 08:04 9974557                    /usr/lib/libXrender.so.1.3.0
7fd8dfdfe000-7fd8dfffe000 ---p 00009000 08:04 9974557                    /usr/lib/libXrender.so.1.3.0
7fd8dfffe000-7fd8dffff000 r--p 00009000 08:04 9974557                    /usr/lib/libXrender.so.1.3.0
7fd8dffff000-7fd8e0000000 rw-p 0000a000 08:04 9974557                    /usr/lib/libXrender.so.1.3.0
7fd8e0000000-7fd8e0021000 rw-p 00000000 00:00 0 
7fd8e0021000-7fd8e4000000 ---p 00000000 00:00 0 
7fd8e4000000-7fd8e5807000 rw-p 00000000 00:00 0 
7fd8e5807000-7fd8e8000000 ---p 00000000 00:00 0 
7fd8e8000000-7fd8e8021000 rw-p 00000000 00:00 0 
7fd8e8021000-7fd8ec000000 ---p 00000000 00:00 0 
7fd8ec01c000-7fd8ec01f000 ---p 00000000 00:00 0 
7fd8ec01f000-7fd8ec11d000 rw-p 00000000 00:00 0 
7fd8ec11d000-7fd8ec122000 r-xp 00000000 08:04 9963466                    /usr/lib/libXfixes.so.3.1.0
7fd8ec122000-7fd8ec321000 ---p 00005000 08:04 9963466                    /usr/lib/libXfixes.so.3.1.0
7fd8ec321000-7fd8ec322000 r--p 00004000 08:04 9963466                    /usr/lib/libXfixes.so.3.1.0
7fd8ec322000-7fd8ec323000 rw-p 00005000 08:04 9963466                    /usr/lib/libXfixes.so.3.1.0
7fd8ec323000-7fd8ec339000 r-xp 00000000 08:04 9965042                    /usr/lib/libgcc_s.so.1
7fd8ec339000-7fd8ec538000 ---p 00016000 08:04 9965042                    /usr/lib/libgcc_s.so.1
7fd8ec538000-7fd8ec539000 r--p 00015000 08:04 9965042                    /usr/lib/libgcc_s.so.1
7fd8ec539000-7fd8ec53a000 rw-p 00016000 08:04 9965042                    /usr/lib/libgcc_s.so.1
7fd8ec53a000-7fd8ec6b2000 r-xp 00000000 08:04 9966735                    /usr/lib/libstdc++.so.6.0.22
7fd8ec6b2000-7fd8ec8b2000 ---p 00178000 08:04 9966735                    /usr/lib/libstdc++.so.6.0.22
7fd8ec8b2000-7fd8ec8bc000 r--p 00178000 08:04 9966735                    /usr/lib/libstdc++.so.6.0.22
7fd8ec8bc000-7fd8ec8be000 rw-p 00182000 08:04 9966735                    /usr/lib/libstdc++.so.6.0.22
7fd8ec8be000-7fd8ec8c2000 rw-p 00000000 00:00 0 
7fd8ec8c2000-7fd8ec930000 r-xp 00000000 08:04 9965179                    /usr/lib/mesa/libGL.so.1.2.0
7fd8ec930000-7fd8ecb2f000 ---p 0006e000 08:04 9965179                    /usr/lib/mesa/libGL.so.1.2.0
7fd8ecb2f000-7fd8ecb32000 r--p 0006d000 08:04 9965179                    /usr/lib/mesa/libGL.so.1.2.0
7fd8ecb32000-7fd8ecb33000 rw-p 00070000 08:04 9965179                    /usr/lib/mesa/libGL.so.1.2.0
7fd8ecb33000-7fd8ecb34000 rw-p 00000000 00:00 0 
7fd8ecb34000-7fd8ecb39000 r-xp 00000000 08:04 9966727                    /usr/lib/libXxf86vm.so.1.0.0
7fd8ecb39000-7fd8ecd38000 ---p 00005000 08:04 9966727                    /usr/lib/libXxf86vm.so.1.0.0
7fd8ecd38000-7fd8ecd39000 r--p 00004000 08:04 9966727                    /usr/lib/libXxf86vm.so.1.0.0
7fd8ecd39000-7fd8ecd3a000 rw-p 00005000 08:04 9966727                    /usr/lib/libXxf86vm.so.1.0.0
7fd8ecd3a000-7fd8ece73000 r-xp 00000000 08:04 9965012                    /usr/lib/libX11.so.6.3.0
7fd8ece73000-7fd8ed073000 ---p 00139000 08:04 9965012                    /usr/lib/libX11.so.6.3.0
7fd8ed073000-7fd8ed074000 r--p 00139000 08:04 9965012                    /usr/lib/libX11.so.6.3.0
7fd8ed074000-7fd8ed079000 rw-p 0013a000 08:04 9965012                    /usr/lib/libX11.so.6.3.0
7fd8ed079000-7fd8ed07e000 r-xp 00000000 08:04 9963460                    /usr/lib/libXtst.so.6.1.0
7fd8ed07e000-7fd8ed27d000 ---p 00005000 08:04 9963460                    /usr/lib/libXtst.so.6.1.0
7fd8ed27d000-7fd8ed27e000 r--p 00004000 08:04 9963460                    /usr/lib/libXtst.so.6.1.0
7fd8ed27e000-7fd8ed27f000 rw-p 00005000 08:04 9963460                    /usr/lib/libXtst.so.6.1.0
7fd8ed27f000-7fd8ed390000 r-xp 00000000 08:04 9963887                    /usr/lib/libglib-2.0.so.0.5000.1
7fd8ed390000-7fd8ed58f000 ---p 00111000 08:04 9963887                    /usr/lib/libglib-2.0.so.0.5000.1
7fd8ed58f000-7fd8ed590000 r--p 00110000 08:04 9963887                    /usr/lib/libglib-2.0.so.0.5000.1
7fd8ed590000-7fd8ed591000 rw-p 00111000 08:04 9963887                    /usr/lib/libglib-2.0.so.0.5000.1
7fd8ed591000-7fd8ed592000 rw-p 00000000 00:00 0 
7fd8ed592000-7fd8ed593000 r-xp 00000000 08:04 9963889                    /usr/lib/libgthread-2.0.so.0.5000.1
7fd8ed593000-7fd8ed792000 ---p 00001000 08:04 9963889                    /usr/lib/libgthread-2.0.so.0.5000.1
7fd8ed792000-7fd8ed793000 r--p 00000000 08:04 9963889                    /usr/lib/libgthread-2.0.so.0.5000.1
7fd8ed793000-7fd8ed794000 rw-p 00001000 08:04 9963889                    /usr/lib/libgthread-2.0.so.0.5000.1
7fd8ed794000-7fd8ed797000 r-xp 00000000 08:04 9963888                    /usr/lib/libgmodule-2.0.so.0.5000.1
7fd8ed797000-7fd8ed996000 ---p 00003000 08:04 9963888                    /usr/lib/libgmodule-2.0.so.0.5000.1
7fd8ed996000-7fd8ed997000 r--p 00002000 08:04 9963888                    /usr/lib/libgmodule-2.0.so.0.5000.1
7fd8ed997000-7fd8ed998000 rw-p 00003000 08:04 9963888                    /usr/lib/libgmodule-2.0.so.0.5000.1
7fd8ed998000-7fd8ed9e9000 r-xp 00000000 08:04 9963890                    /usr/lib/libgobject-2.0.so.0.5000.1
7fd8ed9e9000-7fd8edbe8000 ---p 00051000 08:04 9963890                    /usr/lib/libgobject-2.0.so.0.5000.1
7fd8edbe8000-7fd8edbe9000 r--p 00050000 08:04 9963890                    /usr/lib/libgobject-2.0.so.0.5000.1
7fd8edbe9000-7fd8edbea000 rw-p 00051000 08:04 9963890                    /usr/lib/libgobject-2.0.so.0.5000.1
7fd8edbea000-7fd8edc28000 r-xp 00000000 08:04 9977232                    /usr/lib/libfontconfig.so.1.9.2
7fd8edc28000-7fd8ede27000 ---p 0003e000 08:04 9977232                    /usr/lib/libfontconfig.so.1.9.2
7fd8ede27000-7fd8ede29000 r--p 0003d000 08:04 9977232                    /usr/lib/libfontconfig.so.1.9.2
7fd8ede29000-7fd8ede2e000 rw-p 0003f000 08:04 9977232                    /usr/lib/libfontconfig.so.1.9.2
7fd8ede2e000-7fd8edee4000 r-xp 00000000 08:04 9978735                    /usr/lib/libfreetype.so.6.12.6
7fd8edee4000-7fd8ee0e4000 ---p 000b6000 08:04 9978735                    /usr/lib/libfreetype.so.6.12.6
7fd8ee0e4000-7fd8ee0ea000 r--p 000b6000 08:04 9978735                    /usr/lib/libfreetype.so.6.12.6
7fd8ee0ea000-7fd8ee0eb000 rw-p 000bc000 08:04 9978735                    /usr/lib/libfreetype.so.6.12.6
7fd8ee0eb000-7fd8ee134000 r-xp 00000000 08:04 9969965                    /usr/lib/libpango-1.0.so.0.4000.3
7fd8ee134000-7fd8ee334000 ---p 00049000 08:04 9969965                    /usr/lib/libpango-1.0.so.0.4000.3
7fd8ee334000-7fd8ee336000 r--p 00049000 08:04 9969965                    /usr/lib/libpango-1.0.so.0.4000.3
7fd8ee336000-7fd8ee337000 rw-p 0004b000 08:04 9969965                    /usr/lib/libpango-1.0.so.0.4000.3
7fd8ee337000-7fd8ee460000 r-xp 00000000 08:04 9969930                    /usr/lib/libcairo.so.2.11400.6
7fd8ee460000-7fd8ee65f000 ---p 00129000 08:04 9969930                    /usr/lib/libcairo.so.2.11400.6
7fd8ee65f000-7fd8ee662000 r--p 00128000 08:04 9969930                    /usr/lib/libcairo.so.2.11400.6
7fd8ee662000-7fd8ee664000 rw-p 0012b000 08:04 9969930                    /usr/lib/libcairo.so.2.11400.6
7fd8ee664000-7fd8ee665000 rw-p 00000000 00:00 0 
7fd8ee665000-7fd8ee671000 r-xp 00000000 08:04 9969968                    /usr/lib/libpangocairo-1.0.so.0.4000.3
7fd8ee671000-7fd8ee870000 ---p 0000c000 08:04 9969968                    /usr/lib/libpangocairo-1.0.so.0.4000.3
7fd8ee870000-7fd8ee871000 r--p 0000b000 08:04 9969968                    /usr/lib/libpangocairo-1.0.so.0.4000.3
7fd8ee871000-7fd8ee872000 rw-p 0000c000 08:04 9969968                    /usr/lib/libpangocairo-1.0.so.0.4000.3
7fd8ee872000-7fd8ee897000 r-xp 00000000 08:04 9972503                    /usr/lib/libgdk_pixbuf-2.0.so.0.3600.0
7fd8ee897000-7fd8eea97000 ---p 00025000 08:04 9972503                    /usr/lib/libgdk_pixbuf-2.0.so.0.3600.0
7fd8eea97000-7fd8eea98000 r--p 00025000 08:04 9972503                    /usr/lib/libgdk_pixbuf-2.0.so.0.3600.0
7fd8eea98000-7fd8eea99000 rw-p 00026000 08:04 9972503                    /usr/lib/libgdk_pixbuf-2.0.so.0.3600.0
7fd8eea99000-7fd8eeaad000 r-xp 00000000 08:04 9969966                    /usr/lib/libpangoft2-1.0.so.0.4000.3
7fd8eeaad000-7fd8eecac000 ---p 00014000 08:04 9969966                    /usr/lib/libpangoft2-1.0.so.0.4000.3
7fd8eecac000-7fd8eecad000 r--p 00013000 08:04 9969966                    /usr/lib/libpangoft2-1.0.so.0.4000.3
7fd8eecad000-7fd8eecae000 rw-p 00014000 08:04 9969966                    /usr/lib/libpangoft2-1.0.so.0.4000.3
7fd8eecae000-7fd8eee39000 r-xp 00000000 08:04 9963891                    /usr/lib/libgio-2.0.so.0.5000.1
7fd8eee39000-7fd8ef039000 ---p 0018b000 08:04 9963891                    /usr/lib/libgio-2.0.so.0.5000.1
7fd8ef039000-7fd8ef03e000 r--p 0018b000 08:04 9963891                    /usr/lib/libgio-2.0.so.0.5000.1
7fd8ef03e000-7fd8ef040000 rw-p 00190000 08:04 9963891                    /usr/lib/libgio-2.0.so.0.5000.1
7fd8ef040000-7fd8ef042000 rw-p 00000000 00:00 0 
7fd8ef042000-7fd8ef065000 r-xp 00000000 08:04 9970102                    /usr/lib/libatk-1.0.so.0.22209.1
7fd8ef065000-7fd8ef264000 ---p 00023000 08:04 9970102                    /usr/lib/libatk-1.0.so.0.22209.1
7fd8ef264000-7fd8ef267000 r--p 00022000 08:04 9970102                    /usr/lib/libatk-1.0.so.0.22209.1
7fd8ef267000-7fd8ef268000 rw-p 00025000 08:04 9970102                    /usr/lib/libatk-1.0.so.0.22209.1
7fd8ef268000-7fd8ef318000 r-xp 00000000 08:04 9971118                    /usr/lib/libgdk-x11-2.0.so.0.2400.31
7fd8ef318000-7fd8ef517000 ---p 000b0000 08:04 9971118                    /usr/lib/libgdk-x11-2.0.so.0.2400.31
7fd8ef517000-7fd8ef51b000 r--p 000af000 08:04 9971118                    /usr/lib/libgdk-x11-2.0.so.0.2400.31
7fd8ef51b000-7fd8ef51d000 rw-p 000b3000 08:04 9971118                    /usr/lib/libgdk-x11-2.0.so.0.2400.31
7fd8ef51d000-7fd8ef950000 r-xp 00000000 08:04 9971119                    /usr/lib/libgtk-x11-2.0.so.0.2400.31
7fd8ef950000-7fd8efb4f000 ---p 00433000 08:04 9971119                    /usr/lib/libgtk-x11-2.0.so.0.2400.31
7fd8efb4f000-7fd8efb56000 r--p 00432000 08:04 9971119                    /usr/lib/libgtk-x11-2.0.so.0.2400.31
7fd8efb56000-7fd8efb5a000 rw-p 00439000 08:04 9971119                    /usr/lib/libgtk-x11-2.0.so.0.2400.31
7fd8efb5a000-7fd8efb5d000 rw-p 00000000 00:00 0 
7fd8efb5d000-7fd8efb69000 r-xp 00000000 08:04 1180551                    /usr/lib/jvm/java-8-jdk/jre/lib/amd64/libprism_es2.so
7fd8efb69000-7fd8efd68000 ---p 0000c000 08:04 1180551                    /usr/lib/jvm/java-8-jdk/jre/lib/amd64/libprism_es2.so
7fd8efd68000-7fd8efd69000 rw-p 0000b000 08:04 1180551                    /usr/lib/jvm/java-8-jdk/jre/lib/amd64/libprism_es2.so
7fd8efd69000-7fd8efd6c000 ---p 00000000 00:00 0 
7fd8efd6c000-7fd8efe6a000 rw-p 00000000 00:00 0 
7fd8efe6a000-7fd8efeff000 r--s 01109000 08:04 1180586                    /usr/lib/jvm/java-8-jdk/jre/lib/ext/jfxrt.jar
7fd8efeff000-7fd8eff00000 ---p 00000000 00:00 0 
7fd8eff00000-7fd8f0000000 rw-p 00000000 00:00 0 
7fd8f0000000-7fd8f03e2000 rw-p 00000000 00:00 0 
7fd8f03e2000-7fd8f4000000 ---p 00000000 00:00 0 
7fd8f4000000-7fd8f43a9000 rw-p 00000000 00:00 0 
7fd8f43a9000-7fd8f8000000 ---p 00000000 00:00 0 
7fd8f8000000-7fd8f8021000 rw-p 00000000 00:00 0 
7fd8f8021000-7fd8fc000000 ---p 00000000 00:00 0 
7fd8fc000000-7fd8fcf4e000 rw-p 00000000 00:00 0 
7fd8fcf4e000-7fd900000000 ---p 00000000 00:00 0 
7fd900000000-7fd900021000 rw-p 00000000 00:00 0 
7fd900021000-7fd904000000 ---p 00000000 00:00 0 
7fd904000000-7fd904021000 rw-p 00000000 00:00 0 
7fd904021000-7fd908000000 ---p 00000000 00:00 0 
7fd908000000-7fd908295000 rw-p 00000000 00:00 0 
7fd908295000-7fd90c000000 ---p 00000000 00:00 0 
7fd90c03d000-7fd90c040000 ---p 00000000 00:00 0 
7fd90c040000-7fd90c13e000 rw-p 00000000 00:00 0 
7fd90c13e000-7fd90c141000 ---p 00000000 00:00 0 
7fd90c141000-7fd90c23f000 rw-p 00000000 00:00 0 
7fd90c23f000-7fd90c242000 ---p 00000000 00:00 0 
7fd90c242000-7fd914000000 rw-p 00000000 00:00 0 
7fd914000000-7fd914021000 rw-p 00000000 00:00 0 
7fd914021000-7fd918000000 ---p 00000000 00:00 0 
7fd918000000-7fd918021000 rw-p 00000000 00:00 0 
7fd918021000-7fd91c000000 ---p 00000000 00:00 0 
7fd91c000000-7fd91c021000 rw-p 00000000 00:00 0 
7fd91c021000-7fd920000000 ---p 00000000 00:00 0 
7fd920000000-7fd920021000 rw-p 00000000 00:00 0 
7fd920021000-7fd924000000 ---p 00000000 00:00 0 
7fd924008000-7fd924011000 r--s 00062000 08:04 9437894                    /home/gunjan/.gradle/caches/modules-2/files-2.1/org.jgrapht/jgrapht-core/1.0.0/c2adf22c2d37721489de12e70f5c226832045071/jgrapht-core-1.0.0.jar
7fd924011000-7fd924014000 ---p 00000000 00:00 0 
7fd924014000-7fd924112000 rw-p 00000000 00:00 0 
7fd924112000-7fd924115000 ---p 00000000 00:00 0 
7fd924115000-7fd924213000 rw-p 00000000 00:00 0 
7fd924213000-7fd9243f4000 r--p 00000000 08:04 9971370                    /usr/lib/locale/locale-archive
7fd9243f4000-7fd9243f7000 ---p 00000000 00:00 0 
7fd9243f7000-7fd9244f5000 rw-p 00000000 00:00 0 
7fd9244f5000-7fd9244f8000 ---p 00000000 00:00 0 
7fd9244f8000-7fd9245f6000 rw-p 00000000 00:00 0 
7fd9245f6000-7fd9245f7000 ---p 00000000 00:00 0 
7fd9245f7000-7fd925000000 rw-p 00000000 00:00 0 
7fd925000000-7fd925450000 rwxp 00000000 00:00 0 
7fd925450000-7fd934000000 ---p 00000000 00:00 0 
7fd934000000-7fd934414000 rw-p 00000000 00:00 0 
7fd934414000-7fd938000000 ---p 00000000 00:00 0 
7fd938006000-7fd938008000 r--s 0000c000 08:04 9437896                    /home/gunjan/.gradle/caches/modules-2/files-2.1/org.json/json/20160810/aca5eb39e2a12fddd6c472b240afe9ebea3a6733/json-20160810.jar
7fd938008000-7fd938011000 r--s 000aa000 08:04 9437890                    /home/gunjan/.gradle/caches/modules-2/files-2.1/org.mapdb/mapdb/3.0.2/bcd8209dda05a358318b29719a9e76b21d5e4683/mapdb-3.0.2.jar
7fd938011000-7fd938019000 r--s 00048000 08:04 9437888                    /home/gunjan/.gradle/caches/modules-2/files-2.1/com.esotericsoftware/kryo/4.0.0/9f5c64c1315ec79bee0f56bb88e4ae94b65048ce/kryo-4.0.0.jar
7fd938019000-7fd938020000 r--s 00057000 08:04 9437886                    /home/gunjan/.gradle/caches/modules-2/files-2.1/de.ruedigermoeller/fst/2.48/a04da9aca9ecc7dcf19c5e25b89bc21468e2a3e7/fst-2.48.jar
7fd938020000-7fd938047000 r--s 001f6000 08:04 9437884                    /home/gunjan/.gradle/caches/modules-2/files-2.1/org.apache.commons/commons-math3/3.6.1/e4ba98f1d4b3c80ec46392f25e094a6a2e58fcbf/commons-math3-3.6.1.jar
7fd938047000-7fd93804f000 r--s 0006e000 08:04 9437882                    /home/gunjan/.gradle/caches/modules-2/files-2.1/org.apache.commons/commons-lang3/3.5/6c6c702c89bfff3cd9e80b04d668c5e190d588c6/commons-lang3-3.5.jar
7fd93804f000-7fd938051000 r--s 0000c000 08:04 9437880                    /home/gunjan/.gradle/caches/modules-2/files-2.1/org.apache.commons/commons-exec/1.3/8dfb9facd0830a27b1b5f29f84593f0aeee7773b/commons-exec-1.3.jar
7fd938051000-7fd938059000 rw-s 00000000 00:05 55000                      /drm mm object (deleted)
7fd938059000-7fd938753000 rw-p 00000000 00:00 0 
7fd938753000-7fd93892c000 r--s 03d2c000 08:04 1180452                    /usr/lib/jvm/java-8-jdk/jre/lib/rt.jar
7fd93892c000-7fd93996e000 rw-p 00000000 00:00 0 
7fd93996e000-7fd93996f000 ---p 00000000 00:00 0 
7fd93996f000-7fd939a6f000 rw-p 00000000 00:00 0 
7fd939a6f000-7fd939a70000 ---p 00000000 00:00 0 
7fd939a70000-7fd939b70000 rw-p 00000000 00:00 0 
7fd939b70000-7fd939b71000 ---p 00000000 00:00 0 
7fd939b71000-7fd939c71000 rw-p 00000000 00:00 0 
7fd939c71000-7fd939c72000 ---p 00000000 00:00 0 
7fd939c72000-7fd939dc6000 rw-p 00000000 00:00 0 
7fd939dc6000-7fd93a2a5000 ---p 00000000 00:00 0 
7fd93a2a5000-7fd93a2f9000 rw-p 00000000 00:00 0 
7fd93a2f9000-7fd93a7d7000 ---p 00000000 00:00 0 
7fd93a7d7000-7fd93a973000 rw-p 00000000 00:00 0 
7fd93a973000-7fd93aa71000 ---p 00000000 00:00 0 
7fd93aa71000-7fd93aa84000 rw-p 00000000 00:00 0 
7fd93aa84000-7fd93ae32000 ---p 00000000 00:00 0 
7fd93ae32000-7fd93ae4c000 r-xp 00000000 08:04 1180541                    /usr/lib/jvm/java-8-jdk/jre/lib/amd64/libzip.so
7fd93ae4c000-7fd93b04c000 ---p 0001a000 08:04 1180541                    /usr/lib/jvm/java-8-jdk/jre/lib/amd64/libzip.so
7fd93b04c000-7fd93b04d000 rw-p 0001a000 08:04 1180541                    /usr/lib/jvm/java-8-jdk/jre/lib/amd64/libzip.so
7fd93b04d000-7fd93b057000 r-xp 00000000 08:04 9966922                    /usr/lib/libnss_files-2.24.so
7fd93b057000-7fd93b257000 ---p 0000a000 08:04 9966922                    /usr/lib/libnss_files-2.24.so
7fd93b257000-7fd93b258000 r--p 0000a000 08:04 9966922                    /usr/lib/libnss_files-2.24.so
7fd93b258000-7fd93b259000 rw-p 0000b000 08:04 9966922                    /usr/lib/libnss_files-2.24.so
7fd93b259000-7fd93b25f000 rw-p 00000000 00:00 0 
7fd93b25f000-7fd93b28a000 r-xp 00000000 08:04 1180515                    /usr/lib/jvm/java-8-jdk/jre/lib/amd64/libjava.so
7fd93b28a000-7fd93b489000 ---p 0002b000 08:04 1180515                    /usr/lib/jvm/java-8-jdk/jre/lib/amd64/libjava.so
7fd93b489000-7fd93b48b000 rw-p 0002a000 08:04 1180515                    /usr/lib/jvm/java-8-jdk/jre/lib/amd64/libjava.so
7fd93b48b000-7fd93b498000 r-xp 00000000 08:04 1180562                    /usr/lib/jvm/java-8-jdk/jre/lib/amd64/libverify.so
7fd93b498000-7fd93b697000 ---p 0000d000 08:04 1180562                    /usr/lib/jvm/java-8-jdk/jre/lib/amd64/libverify.so
7fd93b697000-7fd93b699000 rw-p 0000c000 08:04 1180562                    /usr/lib/jvm/java-8-jdk/jre/lib/amd64/libverify.so
7fd93b699000-7fd93b6a0000 r-xp 00000000 08:04 9966972                    /usr/lib/librt-2.24.so
7fd93b6a0000-7fd93b89f000 ---p 00007000 08:04 9966972                    /usr/lib/librt-2.24.so
7fd93b89f000-7fd93b8a0000 r--p 00006000 08:04 9966972                    /usr/lib/librt-2.24.so
7fd93b8a0000-7fd93b8a1000 rw-p 00007000 08:04 9966972                    /usr/lib/librt-2.24.so
7fd93b8a1000-7fd93b9a4000 r-xp 00000000 08:04 9966960                    /usr/lib/libm-2.24.so
7fd93b9a4000-7fd93bba3000 ---p 00103000 08:04 9966960                    /usr/lib/libm-2.24.so
7fd93bba3000-7fd93bba4000 r--p 00102000 08:04 9966960                    /usr/lib/libm-2.24.so
7fd93bba4000-7fd93bba5000 rw-p 00103000 08:04 9966960                    /usr/lib/libm-2.24.so
7fd93bba5000-7fd93c873000 r-xp 00000000 08:04 1180572                    /usr/lib/jvm/java-8-jdk/jre/lib/amd64/server/libjvm.so
7fd93c873000-7fd93ca73000 ---p 00cce000 08:04 1180572                    /usr/lib/jvm/java-8-jdk/jre/lib/amd64/server/libjvm.so
7fd93ca73000-7fd93cb4c000 rw-p 00cce000 08:04 1180572                    /usr/lib/jvm/java-8-jdk/jre/lib/amd64/server/libjvm.so
7fd93cb4c000-7fd93cb97000 rw-p 00000000 00:00 0 
7fd93cb97000-7fd93cd2c000 r-xp 00000000 08:04 9966435                    /usr/lib/libc-2.24.so
7fd93cd2c000-7fd93cf2b000 ---p 00195000 08:04 9966435                    /usr/lib/libc-2.24.so
7fd93cf2b000-7fd93cf2f000 r--p 00194000 08:04 9966435                    /usr/lib/libc-2.24.so
7fd93cf2f000-7fd93cf31000 rw-p 00198000 08:04 9966435                    /usr/lib/libc-2.24.so
7fd93cf31000-7fd93cf35000 rw-p 00000000 00:00 0 
7fd93cf35000-7fd93cf37000 r-xp 00000000 08:04 9966959                    /usr/lib/libdl-2.24.so
7fd93cf37000-7fd93d137000 ---p 00002000 08:04 9966959                    /usr/lib/libdl-2.24.so
7fd93d137000-7fd93d138000 r--p 00002000 08:04 9966959                    /usr/lib/libdl-2.24.so
7fd93d138000-7fd93d139000 rw-p 00003000 08:04 9966959                    /usr/lib/libdl-2.24.so
7fd93d139000-7fd93d14e000 r-xp 00000000 08:04 1180570                    /usr/lib/jvm/java-8-jdk/jre/lib/amd64/jli/libjli.so
7fd93d14e000-7fd93d34e000 ---p 00015000 08:04 1180570                    /usr/lib/jvm/java-8-jdk/jre/lib/amd64/jli/libjli.so
7fd93d34e000-7fd93d34f000 rw-p 00015000 08:04 1180570                    /usr/lib/jvm/java-8-jdk/jre/lib/amd64/jli/libjli.so
7fd93d34f000-7fd93d367000 r-xp 00000000 08:04 9966416                    /usr/lib/libpthread-2.24.so
7fd93d367000-7fd93d566000 ---p 00018000 08:04 9966416                    /usr/lib/libpthread-2.24.so
7fd93d566000-7fd93d567000 r--p 00017000 08:04 9966416                    /usr/lib/libpthread-2.24.so
7fd93d567000-7fd93d568000 rw-p 00018000 08:04 9966416                    /usr/lib/libpthread-2.24.so
7fd93d568000-7fd93d56c000 rw-p 00000000 00:00 0 
7fd93d56c000-7fd93d58f000 r-xp 00000000 08:04 9966434                    /usr/lib/ld-2.24.so
7fd93d590000-7fd93d592000 r--s 00009000 08:04 9308245                    /home/gunjan/.gradle/caches/modules-2/files-2.1/org.slf4j/slf4j-api/1.7.21/139535a69a4239db087de9bab0bee568bf8e0b70/slf4j-api-1.7.21.jar
7fd93d592000-7fd93d59a000 rw-s 00000000 00:05 55857                      /drm mm object (deleted)
7fd93d59a000-7fd93d5a2000 rw-s 00000000 00:05 57855                      /drm mm object (deleted)
7fd93d5a2000-7fd93d64b000 rw-p 00000000 00:00 0 
7fd93d64b000-7fd93d64e000 ---p 00000000 00:00 0 
7fd93d64e000-7fd93d74e000 rw-p 00000000 00:00 0 
7fd93d74e000-7fd93d74f000 r--s 00009000 08:04 9308247                    /home/gunjan/.gradle/caches/modules-2/files-2.1/org.apache.commons/commons-csv/1.4/fc2512d2109144df353501266ac4bbe179058afd/commons-csv-1.4.jar
7fd93d74f000-7fd93d750000 rw-s 00000000 00:05 54994                      /memfd:xshmfence (deleted)
7fd93d750000-7fd93d751000 rw-s 00000000 00:05 57851                      /drm mm object (deleted)
7fd93d751000-7fd93d752000 rw-s 1032d4000 00:06 314                       /dev/dri/renderD128
7fd93d752000-7fd93d75a000 rw-s 00000000 00:05 57849                      /drm mm object (deleted)
7fd93d75a000-7fd93d782000 rw-p 00000000 00:00 0 
7fd93d782000-7fd93d78a000 rw-s 00000000 00:25 27                         /tmp/hsperfdata_gunjan/3976
7fd93d78a000-7fd93d78b000 rw-p 00000000 00:00 0 
7fd93d78b000-7fd93d78c000 ---p 00000000 00:00 0 
7fd93d78c000-7fd93d78e000 rw-p 00000000 00:00 0 
7fd93d78e000-7fd93d78f000 r--p 00022000 08:04 9966434                    /usr/lib/ld-2.24.so
7fd93d78f000-7fd93d790000 rw-p 00023000 08:04 9966434                    /usr/lib/ld-2.24.so
7fd93d790000-7fd93d791000 rw-p 00000000 00:00 0 
7ffe02fef000-7ffe03012000 rw-p 00000000 00:00 0                          [stack]
7ffe0313c000-7ffe0313e000 r--p 00000000 00:00 0                          [vvar]
7ffe0313e000-7ffe03140000 r-xp 00000000 00:00 0                          [vdso]
ffffffffff600000-ffffffffff601000 r-xp 00000000 00:00 0                  [vsyscall]

VM Arguments:
jvm_args: -Dfile.encoding=UTF-8 
java_command: org.activity.ui.CategoryHierarchyTreeUI
java_class_path (initial): /home/gunjan/git/GeolifeReloaded2_1_cleaned/bin:/home/gunjan/.gradle/caches/modules-2/files-2.1/org.slf4j/slf4j-api/1.7.21/139535a69a4239db087de9bab0bee568bf8e0b70/slf4j-api-1.7.21.jar:/home/gunjan/.gradle/caches/modules-2/files-2.1/org.apache.commons/commons-csv/1.4/fc2512d2109144df353501266ac4bbe179058afd/commons-csv-1.4.jar:/home/gunjan/.gradle/caches/modules-2/files-2.1/org.apache.commons/commons-exec/1.3/8dfb9facd0830a27b1b5f29f84593f0aeee7773b/commons-exec-1.3.jar:/home/gunjan/.gradle/caches/modules-2/files-2.1/org.apache.commons/commons-lang3/3.5/6c6c702c89bfff3cd9e80b04d668c5e190d588c6/commons-lang3-3.5.jar:/home/gunjan/.gradle/caches/modules-2/files-2.1/org.apache.commons/commons-math3/3.6.1/e4ba98f1d4b3c80ec46392f25e094a6a2e58fcbf/commons-math3-3.6.1.jar:/home/gunjan/.gradle/caches/modules-2/files-2.1/de.ruedigermoeller/fst/2.48/a04da9aca9ecc7dcf19c5e25b89bc21468e2a3e7/fst-2.48.jar:/home/gunjan/.gradle/caches/modules-2/files-2.1/com.esotericsoftware/kryo/4.0.0/9f5c64c1315ec79bee0f56bb88e4ae94b65048ce/kryo-4.0.0.jar:/home/gunjan/.gradle/caches/modules-2/files-2.1/org.mapdb/mapdb/3.0.2/bcd8209dda05a358318b29719a9e76b21d5e4683/mapdb-3.0.2.jar:/home/gunjan/.gradle/caches/modules-2/files-2.1/nz.ac.waikato.cms.weka/weka-stable/3.8.0/5f6547867e775b416982cdcaa2dbef67855a6669/weka-stable-3.8.0.jar:/home/gunjan/.gradle/caches/modules-2/files-2.1/org.jgrapht/jgrapht-core/1.0.0/c2adf22c2d37721489de12e70f5c226832045071/jgrapht-core-1.0.0.jar:/home/gunjan/.gradle/caches/modules-2/files-2.1/org.json/json/20160810/aca5eb39e2a12fddd6c472b240afe9ebea3a6733/json-20160810.jar:/home/gunjan/.gradle/caches/modules-2/files-2.1/org.mariadb.jdbc/mariadb-java-client/1.5.4/bd0e2e8494245c2885a79fc92bc3693c88cbfab4/mariadb-java-client-1.5.4.jar:/home/gunjan/.gradle/caches/modules-2/files-2.1/com.mchange/c3p0/0.9.5.2/5f86cb6130bc6e8475615ed82d5b5e6fb226a86a/c3p0-0.9.5.2.jar:/home/gunjan/.gradle/caches/modules-2/files-2.1/com.zaxxer/HikariCP/2.5.1/b896b711e2d
Launcher Type: SUN_STANDARD

Environment Variables:
PATH=/usr/local/sbin:/usr/local/bin:/usr/bin:/usr/lib/jvm/default/bin:/usr/bin/site_perl:/usr/bin/vendor_perl:/usr/bin/core_perl
SHELL=/bin/bash
DISPLAY=:0

Signal Handlers:
SIGSEGV: [libjvm.so+0xac7800], sa_mask[0]=11111111011111111101111111111110, sa_flags=SA_RESTART|SA_SIGINFO
SIGBUS: [libjvm.so+0xac7800], sa_mask[0]=11111111011111111101111111111110, sa_flags=SA_RESTART|SA_SIGINFO
SIGFPE: [libjvm.so+0x920990], sa_mask[0]=11111111011111111101111111111110, sa_flags=SA_RESTART|SA_SIGINFO
SIGPIPE: SIG_IGN, sa_mask[0]=00000000000010000000000000000000, sa_flags=SA_RESTART
SIGXFSZ: [libjvm.so+0x920990], sa_mask[0]=11111111011111111101111111111110, sa_flags=SA_RESTART|SA_SIGINFO
SIGILL: [libjvm.so+0x920990], sa_mask[0]=11111111011111111101111111111110, sa_flags=SA_RESTART|SA_SIGINFO
SIGUSR1: SIG_DFL, sa_mask[0]=00000000000000000000000000000000, sa_flags=none
SIGUSR2: [libjvm.so+0x9221d0], sa_mask[0]=00100000000000000000000000000000, sa_flags=SA_RESTART|SA_SIGINFO
SIGHUP: [libjvm.so+0x9235d0], sa_mask[0]=11111111011111111101111111111110, sa_flags=SA_RESTART|SA_SIGINFO
SIGINT: SIG_IGN, sa_mask[0]=00000000000000000000000000000000, sa_flags=none
SIGTERM: [libjvm.so+0x9235d0], sa_mask[0]=11111111011111111101111111111110, sa_flags=SA_RESTART|SA_SIGINFO
SIGQUIT: [libjvm.so+0x9235d0], sa_mask[0]=11111111011111111101111111111110, sa_flags=SA_RESTART|SA_SIGINFO


---------------  S Y S T E M  ---------------

OS:DISTRIB_ID=ManjaroLinux
DISTRIB_RELEASE=16.10
DISTRIB_CODENAME=Fringilla
DISTRIB_DESCRIPTION="Manjaro Linux"

uname:Linux 4.4.33-1-MANJARO #1 SMP PREEMPT Fri Nov 18 18:06:44 UTC 2016 x86_64
libc:glibc 2.24 NPTL 2.24 
rlimit: STACK 8192k, CORE infinity, NPROC 62750, NOFILE 4096, AS infinity
load average:0.60 0.65 0.54

/proc/meminfo:
MemTotal:       16343880 kB
MemFree:          180628 kB
MemAvailable:     354132 kB
Buffers:           23640 kB
Cached:          1078292 kB
SwapCached:            0 kB
Active:         15113832 kB
Inactive:         821180 kB
Active(anon):   14949500 kB
Inactive(anon):   660640 kB
Active(file):     164332 kB
Inactive(file):   160540 kB
Unevictable:          32 kB
Mlocked:              32 kB
SwapTotal:             0 kB
SwapFree:              0 kB
Dirty:               280 kB
Writeback:             0 kB
AnonPages:      14832184 kB
Mapped:           667964 kB
Shmem:            778212 kB
Slab:              69088 kB
SReclaimable:      35136 kB
SUnreclaim:        33952 kB
KernelStack:        9024 kB
PageTables:        66520 kB
NFS_Unstable:          0 kB
Bounce:                0 kB
WritebackTmp:          0 kB
CommitLimit:     8171940 kB
Committed_AS:   19071324 kB
VmallocTotal:   34359738367 kB
VmallocUsed:           0 kB
VmallocChunk:          0 kB
HardwareCorrupted:     0 kB
AnonHugePages:  10754048 kB
HugePages_Total:       0
HugePages_Free:        0
HugePages_Rsvd:        0
HugePages_Surp:        0
Hugepagesize:       2048 kB
DirectMap4k:      166552 kB
DirectMap2M:     6031360 kB
DirectMap1G:    10485760 kB


CPU:total 4 (2 cores per cpu, 2 threads per core) family 6 model 69 stepping 1, cmov, cx8, fxsr, mmx, sse, sse2, sse3, ssse3, sse4.1, sse4.2, popcnt, avx, avx2, aes, clmul, erms, lzcnt, ht, tsc, tscinvbit, bmi1, bmi2

/proc/cpuinfo:
processor	: 0
vendor_id	: GenuineIntel
cpu family	: 6
model		: 69
model name	: Intel(R) Core(TM) i5-4278U CPU @ 2.60GHz
stepping	: 1
microcode	: 0x1f
cpu MHz		: 3099.992
cache size	: 3072 KB
physical id	: 0
siblings	: 4
core id		: 0
cpu cores	: 2
apicid		: 0
initial apicid	: 0
fpu		: yes
fpu_exception	: yes
cpuid level	: 13
wp		: yes
flags		: fpu vme de pse tsc msr pae mce cx8 apic sep mtrr pge mca cmov pat pse36 clflush dts acpi mmx fxsr sse sse2 ss ht tm pbe syscall nx pdpe1gb rdtscp lm constant_tsc arch_perfmon pebs bts rep_good nopl xtopology nonstop_tsc aperfmperf eagerfpu pni pclmulqdq dtes64 monitor ds_cpl vmx est tm2 ssse3 sdbg fma cx16 xtpr pdcm pcid sse4_1 sse4_2 x2apic movbe popcnt tsc_deadline_timer aes xsave avx f16c rdrand lahf_lm abm ida arat epb pln pts dtherm tpr_shadow vnmi flexpriority ept vpid fsgsbase tsc_adjust bmi1 avx2 smep bmi2 erms invpcid xsaveopt
bugs		:
bogomips	: 5201.35
clflush size	: 64
cache_alignment	: 64
address sizes	: 39 bits physical, 48 bits virtual
power management:

processor	: 1
vendor_id	: GenuineIntel
cpu family	: 6
model		: 69
model name	: Intel(R) Core(TM) i5-4278U CPU @ 2.60GHz
stepping	: 1
microcode	: 0x1f
cpu MHz		: 3099.992
cache size	: 3072 KB
physical id	: 0
siblings	: 4
core id		: 1
cpu cores	: 2
apicid		: 2
initial apicid	: 2
fpu		: yes
fpu_exception	: yes
cpuid level	: 13
wp		: yes
flags		: fpu vme de pse tsc msr pae mce cx8 apic sep mtrr pge mca cmov pat pse36 clflush dts acpi mmx fxsr sse sse2 ss ht tm pbe syscall nx pdpe1gb rdtscp lm constant_tsc arch_perfmon pebs bts rep_good nopl xtopology nonstop_tsc aperfmperf eagerfpu pni pclmulqdq dtes64 monitor ds_cpl vmx est tm2 ssse3 sdbg fma cx16 xtpr pdcm pcid sse4_1 sse4_2 x2apic movbe popcnt tsc_deadline_timer aes xsave avx f16c rdrand lahf_lm abm ida arat epb pln pts dtherm tpr_shadow vnmi flexpriority ept vpid fsgsbase tsc_adjust bmi1 avx2 smep bmi2 erms invpcid xsaveopt
bugs		:
bogomips	: 5201.35
clflush size	: 64
cache_alignment	: 64
address sizes	: 39 bits physical, 48 bits virtual
power management:

processor	: 2
vendor_id	: GenuineIntel
cpu family	: 6
model		: 69
model name	: Intel(R) Core(TM) i5-4278U CPU @ 2.60GHz
stepping	: 1
microcode	: 0x1f
cpu MHz		: 3099.992
cache size	: 3072 KB
physical id	: 0
siblings	: 4
core id		: 0
cpu cores	: 2
apicid		: 1
initial apicid	: 1
fpu		: yes
fpu_exception	: yes
cpuid level	: 13
wp		: yes
flags		: fpu vme de pse tsc msr pae mce cx8 apic sep mtrr pge mca cmov pat pse36 clflush dts acpi mmx fxsr sse sse2 ss ht tm pbe syscall nx pdpe1gb rdtscp lm constant_tsc arch_perfmon pebs bts rep_good nopl xtopology nonstop_tsc aperfmperf eagerfpu pni pclmulqdq dtes64 monitor ds_cpl vmx est tm2 ssse3 sdbg fma cx16 xtpr pdcm pcid sse4_1 sse4_2 x2apic movbe popcnt tsc_deadline_timer aes xsave avx f16c rdrand lahf_lm abm ida arat epb pln pts dtherm tpr_shadow vnmi flexpriority ept vpid fsgsbase tsc_adjust bmi1 avx2 smep bmi2 erms invpcid xsaveopt
bugs		:
bogomips	: 5201.35
clflush size	: 64
cache_alignment	: 64
address sizes	: 39 bits physical, 48 bits virtual
power management:

processor	: 3
vendor_id	: GenuineIntel
cpu family	: 6
model		: 69
model name	: Intel(R) Core(TM) i5-4278U CPU @ 2.60GHz
stepping	: 1
microcode	: 0x1f
cpu MHz		: 3099.992
cache size	: 3072 KB
physical id	: 0
siblings	: 4
core id		: 1
cpu cores	: 2
apicid		: 3
initial apicid	: 3
fpu		: yes
fpu_exception	: yes
cpuid level	: 13
wp		: yes
flags		: fpu vme de pse tsc msr pae mce cx8 apic sep mtrr pge mca cmov pat pse36 clflush dts acpi mmx fxsr sse sse2 ss ht tm pbe syscall nx pdpe1gb rdtscp lm constant_tsc arch_perfmon pebs bts rep_good nopl xtopology nonstop_tsc aperfmperf eagerfpu pni pclmulqdq dtes64 monitor ds_cpl vmx est tm2 ssse3 sdbg fma cx16 xtpr pdcm pcid sse4_1 sse4_2 x2apic movbe popcnt tsc_deadline_timer aes xsave avx f16c rdrand lahf_lm abm ida arat epb pln pts dtherm tpr_shadow vnmi flexpriority ept vpid fsgsbase tsc_adjust bmi1 avx2 smep bmi2 erms invpcid xsaveopt
bugs		:
bogomips	: 5201.35
clflush size	: 64
cache_alignment	: 64
address sizes	: 39 bits physical, 48 bits virtual
power management:



Memory: 4k page, physical 16343880k(180628k free), swap 0k(0k free)

vm_info: Java HotSpot(TM) 64-Bit Server VM (25.112-b15) for linux-amd64 JRE (1.8.0_112-b15), built on Sep 22 2016 21:10:53 by "java_re" with gcc 4.3.0 20080428 (Red Hat 4.3.0-8)

time: Thu Nov 24 15:42:47 2016
elapsed time: 3 seconds (0d 0h 0m 3s)

