#
# There is insufficient memory for the Java Runtime Environment to continue.
# Native memory allocation (mmap) failed to map 1259864064 bytes for committing reserved memory.
# Possible reasons:
#   The system is out of physical RAM or swap space
#   In 32 bit mode, the process size limit was hit
# Possible solutions:
#   Reduce memory load on the system
#   Increase physical memory or swap space
#   Check if swap backing store is full
#   Use 64 bit Java on a 64 bit OS
#   Decrease Java heap size (-Xmx/-Xms)
#   Decrease number of Java threads
#   Decrease Java thread stack sizes (-Xss)
#   Set larger code cache with -XX:ReservedCodeCacheSize=
# This output file may be truncated or incomplete.
#
#  Out of Memory Error (os_linux.cpp:2627), pid=15886, tid=0x00007ff9a5df3700
#
# JRE version: Java(TM) SE Runtime Environment (8.0_112-b15) (build 1.8.0_112-b15)
# Java VM: Java HotSpot(TM) 64-Bit Server VM (25.112-b15 mixed mode linux-amd64 compressed oops)
# Core dump written. Default location: /home/gunjan/git/GeolifeReloaded2_1_cleaned/core or core.15886
#

---------------  T H R E A D  ---------------

Current thread (0x00007ff9bc07c000):  VMThread [stack: 0x00007ff9a5cf3000,0x00007ff9a5df4000] [id=15898]

Stack: [0x00007ff9a5cf3000,0x00007ff9a5df4000],  sp=0x00007ff9a5df2290,  free space=1020k
Native frames: (J=compiled Java code, j=interpreted, Vv=VM code, C=native code)
V  [libjvm.so+0xac6f7a]  VMError::report_and_die()+0x2ba
V  [libjvm.so+0x4fc71b]  report_vm_out_of_memory(char const*, int, unsigned long, VMErrorType, char const*)+0x8b
V  [libjvm.so+0x923b13]  os::Linux::commit_memory_impl(char*, unsigned long, bool)+0x103
V  [libjvm.so+0x924069]  os::pd_commit_memory(char*, unsigned long, unsigned long, bool)+0x29
V  [libjvm.so+0x91e37a]  os::commit_memory(char*, unsigned long, unsigned long, bool)+0x2a
V  [libjvm.so+0x992da3]  PSVirtualSpace::expand_by(unsigned long)+0x53
V  [libjvm.so+0x983670]  PSOldGen::expand(unsigned long)+0x170
V  [libjvm.so+0x98387b]  PSOldGen::resize(unsigned long)+0x1cb
V  [libjvm.so+0x98b571]  PSParallelCompact::invoke_no_policy(bool)+0x991
V  [libjvm.so+0x990ecd]  PSScavenge::invoke()+0x1ad
V  [libjvm.so+0x947ac0]  ParallelScavengeHeap::failed_mem_allocate(unsigned long)+0x70
V  [libjvm.so+0xac8997]  VM_ParallelGCFailedAllocation::doit()+0x97
V  [libjvm.so+0xad0475]  VM_Operation::evaluate()+0x55
V  [libjvm.so+0xace84a]  VMThread::evaluate_operation(VM_Operation*)+0xba
V  [libjvm.so+0xacebce]  VMThread::loop()+0x1ce
V  [libjvm.so+0xacf040]  VMThread::run()+0x70
V  [libjvm.so+0x926138]  java_start(Thread*)+0x108

VM_Operation (0x00007ff9c5479320): ParallelGCFailedAllocation, mode: safepoint, requested by thread 0x00007ff9bc00e000


---------------  P R O C E S S  ---------------

Java Threads: ( => current thread )
  0x00007ff9580a4800 JavaThread "RMI TCP Accept-0" daemon [_thread_in_native, id=15908, stack(0x00007ff9a4400000,0x00007ff9a4501000)]
  0x00007ff970001000 JavaThread "Attach Listener" daemon [_thread_blocked, id=15907, stack(0x00007ff9a4f42000,0x00007ff9a5043000)]
  0x00007ff9bc0cd000 JavaThread "Service Thread" daemon [_thread_blocked, id=15905, stack(0x00007ff9a540b000,0x00007ff9a550c000)]
  0x00007ff9bc0c1800 JavaThread "C1 CompilerThread2" daemon [_thread_blocked, id=15904, stack(0x00007ff9a550c000,0x00007ff9a560d000)]
  0x00007ff9bc0c0000 JavaThread "C2 CompilerThread1" daemon [_thread_blocked, id=15903, stack(0x00007ff9a560d000,0x00007ff9a570e000)]
  0x00007ff9bc0bd000 JavaThread "C2 CompilerThread0" daemon [_thread_blocked, id=15902, stack(0x00007ff9a570e000,0x00007ff9a580f000)]
  0x00007ff9bc0bb800 JavaThread "Signal Dispatcher" daemon [_thread_blocked, id=15901, stack(0x00007ff9a580f000,0x00007ff9a5910000)]
  0x00007ff9bc088000 JavaThread "Finalizer" daemon [_thread_blocked, id=15900, stack(0x00007ff9a5af1000,0x00007ff9a5bf2000)]
  0x00007ff9bc083800 JavaThread "Reference Handler" daemon [_thread_blocked, id=15899, stack(0x00007ff9a5bf2000,0x00007ff9a5cf3000)]
  0x00007ff9bc00e000 JavaThread "main" [_thread_blocked, id=15893, stack(0x00007ff9c537a000,0x00007ff9c547b000)]

Other Threads:
=>0x00007ff9bc07c000 VMThread [stack: 0x00007ff9a5cf3000,0x00007ff9a5df4000] [id=15898]
  0x00007ff9bc0d0000 WatcherThread [stack: 0x00007ff9a530a000,0x00007ff9a540b000] [id=15906]

VM state:at safepoint (normal execution)

VM Mutex/Monitor currently owned by a thread:  ([mutex/lock_event])
[0x00007ff9bc00b600] ExpandHeap_lock - owner thread: 0x00007ff9bc07c000
[0x00007ff9bc00bc80] Threads_lock - owner thread: 0x00007ff9bc07c000
[0x00007ff9bc00c180] Heap_lock - owner thread: 0x00007ff9bc00e000

Heap:
 PSYoungGen      total 815104K, used 254872K [0x00000006d5580000, 0x000000072f980000, 0x00000007c0000000)
  eden space 261632K, 0% used [0x00000006d5580000,0x00000006d5580000,0x00000006e5500000)
  from space 553472K, 46% used [0x00000006e5500000,0x00000006f4de6078,0x0000000707180000)
  to   space 593408K, 0% used [0x000000070b600000,0x000000070b600000,0x000000072f980000)
 ParOldGen       total 6188032K, used 6187632K [0x0000000500000000, 0x0000000679b00000, 0x00000006d5580000)
  object space 6188032K, 99% used [0x0000000500000000,0x0000000679a9c028,0x0000000679b00000)
 Metaspace       used 11210K, capacity 11578K, committed 11648K, reserved 1058816K
  class space    used 1264K, capacity 1373K, committed 1408K, reserved 1048576K

Card table byte_map: [0x00007ff9c1193000,0x00007ff9c2794000] byte_map_base: 0x00007ff9be993000

Marking Bits: (ParMarkBitMap*) 0x00007ff9c489ac80
 Begin Bits: [0x00007ff97a000000, 0x00007ff985000000)
 End Bits:   [0x00007ff985000000, 0x00007ff990000000)

Polling page: 0x00007ff9c54c3000

CodeCache: size=245760Kb used=5623Kb max_used=5651Kb free=240136Kb
 bounds [0x00007ff9ad000000, 0x00007ff9ad5a0000, 0x00007ff9bc000000]
 total_blobs=1787 nmethods=1393 adapters=308
 compilation: enabled

Compilation events (10 events):
Event: 71.716 Thread 0x00007ff9bc0c0000 nmethod 1418 0x00007ff9ad114d50 code [0x00007ff9ad114ec0, 0x00007ff9ad1151f8]
Event: 71.730 Thread 0x00007ff9bc0c0000 1419       4       java.util.ArrayList::subList (22 bytes)
Event: 71.732 Thread 0x00007ff9bc0c0000 nmethod 1419 0x00007ff9ad10a490 code [0x00007ff9ad10a5e0, 0x00007ff9ad10a758]
Event: 71.743 Thread 0x00007ff9bc0c0000 1420       4       java.util.ArrayList$SubList::size (9 bytes)
Event: 71.743 Thread 0x00007ff9bc0c0000 nmethod 1420 0x00007ff9ad10d610 code [0x00007ff9ad10d760, 0x00007ff9ad10d7f8]
Event: 71.744 Thread 0x00007ff9bc0c0000 1421       4       java.util.ArrayList$SubList::iterator (5 bytes)
Event: 71.745 Thread 0x00007ff9bc0c0000 nmethod 1421 0x00007ff9ad114910 code [0x00007ff9ad114a60, 0x00007ff9ad114bb8]
Event: 71.927 Thread 0x00007ff9bc0bd000 nmethod 1410% 0x00007ff9ad57c190 code [0x00007ff9ad57c700, 0x00007ff9ad5838e8]
Event: 71.928 Thread 0x00007ff9bc0c0000 1422 %     4       org.activity.util.TimelineUtils::convertCheckinEntriesToActivityObjectsGowalla @ 407 (901 bytes)
Event: 72.920 Thread 0x00007ff9bc0c0000 nmethod 1422% 0x00007ff9ad58a810 code [0x00007ff9ad58ad20, 0x00007ff9ad590e70]

GC Heap History (10 events):
Event: 86.657 GC heap after
Heap after GC invocations=131 (full 10):
 PSYoungGen      total 673280K, used 279040K [0x00000006d5580000, 0x0000000719680000, 0x00000007c0000000)
  eden space 307200K, 0% used [0x00000006d5580000,0x00000006d5580000,0x00000006e8180000)
  from space 366080K, 76% used [0x00000006e8180000,0x00000006f9200000,0x00000006fe700000)
  to   space 390656K, 0% used [0x0000000701900000,0x0000000701900000,0x0000000719680000)
 ParOldGen       total 6188032K, used 5891796K [0x0000000500000000, 0x0000000679b00000, 0x00000006d5580000)
  object space 6188032K, 95% used [0x0000000500000000,0x00000006679b5038,0x0000000679b00000)
 Metaspace       used 11210K, capacity 11578K, committed 11648K, reserved 1058816K
  class space    used 1264K, capacity 1373K, committed 1408K, reserved 1048576K
}
Event: 86.865 GC heap before
{Heap before GC invocations=132 (full 10):
 PSYoungGen      total 673280K, used 586240K [0x00000006d5580000, 0x0000000719680000, 0x00000007c0000000)
  eden space 307200K, 100% used [0x00000006d5580000,0x00000006e8180000,0x00000006e8180000)
  from space 366080K, 76% used [0x00000006e8180000,0x00000006f9200000,0x00000006fe700000)
  to   space 390656K, 0% used [0x0000000701900000,0x0000000701900000,0x0000000719680000)
 ParOldGen       total 6188032K, used 5891796K [0x0000000500000000, 0x0000000679b00000, 0x00000006d5580000)
  object space 6188032K, 95% used [0x0000000500000000,0x00000006679b5038,0x0000000679b00000)
 Metaspace       used 11210K, capacity 11578K, committed 11648K, reserved 1058816K
  class space    used 1264K, capacity 1373K, committed 1408K, reserved 1048576K
Event: 87.125 GC heap after
Heap after GC invocations=132 (full 10):
 PSYoungGen      total 677888K, used 354720K [0x00000006d5580000, 0x000000071f300000, 0x00000007c0000000)
  eden space 287232K, 0% used [0x00000006d5580000,0x00000006d5580000,0x00000006e6e00000)
  from space 390656K, 90% used [0x0000000701900000,0x0000000717368000,0x0000000719680000)
  to   space 437248K, 0% used [0x00000006e6e00000,0x00000006e6e00000,0x0000000701900000)
 ParOldGen       total 6188032K, used 5891796K [0x0000000500000000, 0x0000000679b00000, 0x00000006d5580000)
  object space 6188032K, 95% used [0x0000000500000000,0x00000006679b5038,0x0000000679b00000)
 Metaspace       used 11210K, capacity 11578K, committed 11648K, reserved 1058816K
  class space    used 1264K, capacity 1373K, committed 1408K, reserved 1048576K
}
Event: 87.315 GC heap before
{Heap before GC invocations=133 (full 10):
 PSYoungGen      total 677888K, used 641952K [0x00000006d5580000, 0x000000071f300000, 0x00000007c0000000)
  eden space 287232K, 100% used [0x00000006d5580000,0x00000006e6e00000,0x00000006e6e00000)
  from space 390656K, 90% used [0x0000000701900000,0x0000000717368000,0x0000000719680000)
  to   space 437248K, 0% used [0x00000006e6e00000,0x00000006e6e00000,0x0000000701900000)
 ParOldGen       total 6188032K, used 5891796K [0x0000000500000000, 0x0000000679b00000, 0x00000006d5580000)
  object space 6188032K, 95% used [0x0000000500000000,0x00000006679b5038,0x0000000679b00000)
 Metaspace       used 11210K, capacity 11578K, committed 11648K, reserved 1058816K
  class space    used 1264K, capacity 1373K, committed 1408K, reserved 1048576K
Event: 87.595 GC heap after
Heap after GC invocations=133 (full 10):
 PSYoungGen      total 724480K, used 425536K [0x00000006d5580000, 0x0000000725a00000, 0x00000007c0000000)
  eden space 287232K, 0% used [0x00000006d5580000,0x00000006d5580000,0x00000006e6e00000)
  from space 437248K, 97% used [0x00000006e6e00000,0x0000000700d90000,0x0000000701900000)
  to   space 500224K, 0% used [0x0000000707180000,0x0000000707180000,0x0000000725a00000)
 ParOldGen       total 6188032K, used 5891796K [0x0000000500000000, 0x0000000679b00000, 0x00000006d5580000)
  object space 6188032K, 95% used [0x0000000500000000,0x00000006679b5038,0x0000000679b00000)
 Metaspace       used 11210K, capacity 11578K, committed 11648K, reserved 1058816K
  class space    used 1264K, capacity 1373K, committed 1408K, reserved 1048576K
}
Event: 87.783 GC heap before
{Heap before GC invocations=134 (full 10):
 PSYoungGen      total 724480K, used 712768K [0x00000006d5580000, 0x0000000725a00000, 0x00000007c0000000)
  eden space 287232K, 100% used [0x00000006d5580000,0x00000006e6e00000,0x00000006e6e00000)
  from space 437248K, 97% used [0x00000006e6e00000,0x0000000700d90000,0x0000000701900000)
  to   space 500224K, 0% used [0x0000000707180000,0x0000000707180000,0x0000000725a00000)
 ParOldGen       total 6188032K, used 5891796K [0x0000000500000000, 0x0000000679b00000, 0x00000006d5580000)
  object space 6188032K, 95% used [0x0000000500000000,0x00000006679b5038,0x0000000679b00000)
 Metaspace       used 11210K, capacity 11578K, committed 11648K, reserved 1058816K
  class space    used 1264K, capacity 1373K, committed 1408K, reserved 1048576K
Event: 88.265 GC heap after
Heap after GC invocations=134 (full 10):
 PSYoungGen      total 761856K, used 432640K [0x00000006d5580000, 0x000000072c500000, 0x00000007c0000000)
  eden space 261632K, 0% used [0x00000006d5580000,0x00000006d5580000,0x00000006e5500000)
  from space 500224K, 86% used [0x0000000707180000,0x0000000721800000,0x0000000725a00000)
  to   space 553472K, 0% used [0x00000006e5500000,0x00000006e5500000,0x0000000707180000)
 ParOldGen       total 6188032K, used 5955984K [0x0000000500000000, 0x0000000679b00000, 0x00000006d5580000)
  object space 6188032K, 96% used [0x0000000500000000,0x000000066b864390,0x0000000679b00000)
 Metaspace       used 11210K, capacity 11578K, committed 11648K, reserved 1058816K
  class space    used 1264K, capacity 1373K, committed 1408K, reserved 1048576K
}
Event: 88.440 GC heap before
{Heap before GC invocations=135 (full 10):
 PSYoungGen      total 761856K, used 694272K [0x00000006d5580000, 0x000000072c500000, 0x00000007c0000000)
  eden space 261632K, 100% used [0x00000006d5580000,0x00000006e5500000,0x00000006e5500000)
  from space 500224K, 86% used [0x0000000707180000,0x0000000721800000,0x0000000725a00000)
  to   space 553472K, 0% used [0x00000006e5500000,0x00000006e5500000,0x0000000707180000)
 ParOldGen       total 6188032K, used 5955984K [0x0000000500000000, 0x0000000679b00000, 0x00000006d5580000)
  object space 6188032K, 96% used [0x0000000500000000,0x000000066b864390,0x0000000679b00000)
 Metaspace       used 11210K, capacity 11578K, committed 11648K, reserved 1058816K
  class space    used 1264K, capacity 1373K, committed 1408K, reserved 1048576K
Event: 88.804 GC heap after
Heap after GC invocations=135 (full 10):
 PSYoungGen      total 815104K, used 427488K [0x00000006d5580000, 0x000000072f980000, 0x00000007c0000000)
  eden space 261632K, 0% used [0x00000006d5580000,0x00000006d5580000,0x00000006e5500000)
  from space 553472K, 77% used [0x00000006e5500000,0x00000006ff678000,0x0000000707180000)
  to   space 593408K, 0% used [0x000000070b600000,0x000000070b600000,0x000000072f980000)
 ParOldGen       total 6188032K, used 6026215K [0x0000000500000000, 0x0000000679b00000, 0x00000006d5580000)
  object space 6188032K, 97% used [0x0000000500000000,0x000000066fcf9d98,0x0000000679b00000)
 Metaspace       used 11210K, capacity 11578K, committed 11648K, reserved 1058816K
  class space    used 1264K, capacity 1373K, committed 1408K, reserved 1048576K
}
Event: 88.804 GC heap before
{Heap before GC invocations=136 (full 11):
 PSYoungGen      total 815104K, used 427488K [0x00000006d5580000, 0x000000072f980000, 0x00000007c0000000)
  eden space 261632K, 0% used [0x00000006d5580000,0x00000006d5580000,0x00000006e5500000)
  from space 553472K, 77% used [0x00000006e5500000,0x00000006ff678000,0x0000000707180000)
  to   space 593408K, 0% used [0x000000070b600000,0x000000070b600000,0x000000072f980000)
 ParOldGen       total 6188032K, used 6026215K [0x0000000500000000, 0x0000000679b00000, 0x00000006d5580000)
  object space 6188032K, 97% used [0x0000000500000000,0x000000066fcf9d98,0x0000000679b00000)
 Metaspace       used 11210K, capacity 11578K, committed 11648K, reserved 1058816K
  class space    used 1264K, capacity 1373K, committed 1408K, reserved 1048576K

Deoptimization events (10 events):
Event: 70.913 Thread 0x00007ff9bc00e000 Uncommon trap: reason=predicate action=maybe_recompile pc=0x00007ff9ad2610c0 method=java.util.regex.Pattern$Start.match(Ljava/util/regex/Matcher;ILjava/lang/CharSequence;)Z @ 37
Event: 71.084 Thread 0x00007ff9bc00e000 Uncommon trap: reason=class_check action=maybe_recompile pc=0x00007ff9ad3277f8 method=java.util.HashMap.putVal(ILjava/lang/Object;Ljava/lang/Object;ZZ)Ljava/lang/Object; @ 203
Event: 71.084 Thread 0x00007ff9bc00e000 Uncommon trap: reason=class_check action=maybe_recompile pc=0x00007ff9ad3277f8 method=java.util.HashMap.putVal(ILjava/lang/Object;Ljava/lang/Object;ZZ)Ljava/lang/Object; @ 203
Event: 71.105 Thread 0x00007ff9bc00e000 Uncommon trap: reason=class_check action=maybe_recompile pc=0x00007ff9ad3277f8 method=java.util.HashMap.putVal(ILjava/lang/Object;Ljava/lang/Object;ZZ)Ljava/lang/Object; @ 203
Event: 71.105 Thread 0x00007ff9bc00e000 Uncommon trap: reason=class_check action=maybe_recompile pc=0x00007ff9ad3277f8 method=java.util.HashMap.putVal(ILjava/lang/Object;Ljava/lang/Object;ZZ)Ljava/lang/Object; @ 203
Event: 71.686 Thread 0x00007ff9bc00e000 Uncommon trap: reason=predicate action=maybe_recompile pc=0x00007ff9ad10b0d4 method=java.util.AbstractCollection.toArray([Ljava/lang/Object;)[Ljava/lang/Object; @ 49
Event: 71.707 Thread 0x00007ff9bc00e000 Uncommon trap: reason=array_check action=maybe_recompile pc=0x00007ff9ad108508 method=java.util.AbstractCollection.toArray([Ljava/lang/Object;)[Ljava/lang/Object; @ 119
Event: 71.707 Thread 0x00007ff9bc00e000 Uncommon trap: reason=array_check action=maybe_recompile pc=0x00007ff9ad108508 method=java.util.AbstractCollection.toArray([Ljava/lang/Object;)[Ljava/lang/Object; @ 119
Event: 71.707 Thread 0x00007ff9bc00e000 Uncommon trap: reason=array_check action=maybe_recompile pc=0x00007ff9ad108508 method=java.util.AbstractCollection.toArray([Ljava/lang/Object;)[Ljava/lang/Object; @ 119
Event: 71.708 Thread 0x00007ff9bc00e000 Uncommon trap: reason=array_check action=maybe_recompile pc=0x00007ff9ad108508 method=java.util.AbstractCollection.toArray([Ljava/lang/Object;)[Ljava/lang/Object; @ 119

Internal exceptions (10 events):
Event: 0.681 Thread 0x00007ff970001000 Exception <a 'java/lang/ArrayIndexOutOfBoundsException'> (0x00000006d6831808) thrown at [/HUDSON3/workspace/8-2-build-linux-amd64/jdk8u112/7884/hotspot/src/share/vm/runtime/sharedRuntime.cpp, line 605]
Event: 0.705 Thread 0x00007ff970001000 Exception <a 'java/lang/ArrayIndexOutOfBoundsException'> (0x00000006d68518a0) thrown at [/HUDSON3/workspace/8-2-build-linux-amd64/jdk8u112/7884/hotspot/src/share/vm/runtime/sharedRuntime.cpp, line 605]
Event: 0.856 Thread 0x00007ff970001000 Exception <a 'java/lang/ClassNotFoundException': javax/management/remote/rmi/RMIJRMPServerImpl$ExportedWrapper_Stub> (0x00000006d6ba65a8) thrown at [/HUDSON3/workspace/8-2-build-linux-amd64/jdk8u112/7884/hotspot/src/share/vm/classfile/systemDictionary.cpp
Event: 51.670 Thread 0x00007ff9bc00e000 Implicit null exception at 0x00007ff9ad3accd7 to 0x00007ff9ad3acf6d
Event: 51.670 Thread 0x00007ff9bc00e000 Implicit null exception at 0x00007ff9ad3919d5 to 0x00007ff9ad39422d
Event: 51.671 Thread 0x00007ff9bc00e000 Implicit null exception at 0x00007ff9ad3c0bf4 to 0x00007ff9ad3c2c31
Event: 51.671 Thread 0x00007ff9bc00e000 Implicit null exception at 0x00007ff9ad39db39 to 0x00007ff9ad39e7b1
Event: 51.672 Thread 0x00007ff9bc00e000 Implicit null exception at 0x00007ff9ad3d9664 to 0x00007ff9ad3df0e5
Event: 51.681 Thread 0x00007ff9bc00e000 Implicit null exception at 0x00007ff9ad3c70ac to 0x00007ff9ad3c86dd
Event: 51.682 Thread 0x00007ff9bc00e000 Implicit null exception at 0x00007ff9ad3ab895 to 0x00007ff9ad3abdcd

Events (10 events):
Event: 86.211 Executing VM operation: ParallelGCFailedAllocation done
Event: 86.488 Executing VM operation: ParallelGCFailedAllocation
Event: 86.657 Executing VM operation: ParallelGCFailedAllocation done
Event: 86.864 Executing VM operation: ParallelGCFailedAllocation
Event: 87.125 Executing VM operation: ParallelGCFailedAllocation done
Event: 87.315 Executing VM operation: ParallelGCFailedAllocation
Event: 87.595 Executing VM operation: ParallelGCFailedAllocation done
Event: 87.783 Executing VM operation: ParallelGCFailedAllocation
Event: 88.265 Executing VM operation: ParallelGCFailedAllocation done
Event: 88.440 Executing VM operation: ParallelGCFailedAllocation


Dynamic libraries:
00400000-00401000 r-xp 00000000 08:04 1180653                            /usr/lib/jvm/java-8-jdk/jre/bin/java
00600000-00601000 rw-p 00000000 08:04 1180653                            /usr/lib/jvm/java-8-jdk/jre/bin/java
0249d000-024be000 rw-p 00000000 00:00 0                                  [heap]
500000000-679b00000 rw-p 00000000 00:00 0 
6c4c80000-6d5580000 ---p 00000000 00:00 0 
6d5580000-72f980000 rw-p 00000000 00:00 0 
72f980000-7c0000000 ---p 00000000 00:00 0 
7c0000000-7c0160000 rw-p 00000000 00:00 0 
7c0160000-800000000 ---p 00000000 00:00 0 
7ff94c000000-7ff94c021000 rw-p 00000000 00:00 0 
7ff94c021000-7ff950000000 ---p 00000000 00:00 0 
7ff954000000-7ff954021000 rw-p 00000000 00:00 0 
7ff954021000-7ff958000000 ---p 00000000 00:00 0 
7ff958000000-7ff9580b0000 rw-p 00000000 00:00 0 
7ff9580b0000-7ff95c000000 ---p 00000000 00:00 0 
7ff95c000000-7ff95c371000 rw-p 00000000 00:00 0 
7ff95c371000-7ff960000000 ---p 00000000 00:00 0 
7ff960000000-7ff960021000 rw-p 00000000 00:00 0 
7ff960021000-7ff964000000 ---p 00000000 00:00 0 
7ff964000000-7ff964c6b000 rw-p 00000000 00:00 0 
7ff964c6b000-7ff968000000 ---p 00000000 00:00 0 
7ff968000000-7ff968ddf000 rw-p 00000000 00:00 0 
7ff968ddf000-7ff96c000000 ---p 00000000 00:00 0 
7ff96c000000-7ff96c021000 rw-p 00000000 00:00 0 
7ff96c021000-7ff970000000 ---p 00000000 00:00 0 
7ff970000000-7ff970021000 rw-p 00000000 00:00 0 
7ff970021000-7ff974000000 ---p 00000000 00:00 0 
7ff974000000-7ff974021000 rw-p 00000000 00:00 0 
7ff974021000-7ff978000000 ---p 00000000 00:00 0 
7ff97a000000-7ff990000000 rw-p 00000000 00:00 0 
7ff990000000-7ff992ff6000 rw-p 00000000 00:00 0 
7ff992ff6000-7ff994000000 ---p 00000000 00:00 0 
7ff994000000-7ff99428f000 rw-p 00000000 00:00 0 
7ff99428f000-7ff998000000 ---p 00000000 00:00 0 
7ff998000000-7ff99c000000 rw-p 00000000 00:00 0 
7ff9a0000000-7ff9a3d08000 rw-p 00000000 00:00 0 
7ff9a3d08000-7ff9a4000000 ---p 00000000 00:00 0 
7ff9a4400000-7ff9a4403000 ---p 00000000 00:00 0 
7ff9a4403000-7ff9a4501000 rw-p 00000000 00:00 0 
7ff9a4501000-7ff9a4506000 r--s 00098000 08:04 1180456                    /usr/lib/jvm/java-8-jdk/jre/lib/jsse.jar
7ff9a4506000-7ff9a4507000 r--s 00000000 08:04 1180447                    /usr/lib/jvm/java-8-jdk/jre/lib/management-agent.jar
7ff9a4507000-7ff9a4707000 rw-p 00000000 00:00 0 
7ff9a4707000-7ff9a4718000 r-xp 00000000 08:04 1180539                    /usr/lib/jvm/java-8-jdk/jre/lib/amd64/libnio.so
7ff9a4718000-7ff9a4917000 ---p 00011000 08:04 1180539                    /usr/lib/jvm/java-8-jdk/jre/lib/amd64/libnio.so
7ff9a4917000-7ff9a4918000 rw-p 00010000 08:04 1180539                    /usr/lib/jvm/java-8-jdk/jre/lib/amd64/libnio.so
7ff9a4918000-7ff9a4921000 r-xp 00000000 08:04 1180528                    /usr/lib/jvm/java-8-jdk/jre/lib/amd64/libmanagement.so
7ff9a4921000-7ff9a4b20000 ---p 00009000 08:04 1180528                    /usr/lib/jvm/java-8-jdk/jre/lib/amd64/libmanagement.so
7ff9a4b20000-7ff9a4b21000 rw-p 00008000 08:04 1180528                    /usr/lib/jvm/java-8-jdk/jre/lib/amd64/libmanagement.so
7ff9a4b21000-7ff9a4b37000 r-xp 00000000 08:04 1180563                    /usr/lib/jvm/java-8-jdk/jre/lib/amd64/libnet.so
7ff9a4b37000-7ff9a4d37000 ---p 00016000 08:04 1180563                    /usr/lib/jvm/java-8-jdk/jre/lib/amd64/libnet.so
7ff9a4d37000-7ff9a4d38000 rw-p 00016000 08:04 1180563                    /usr/lib/jvm/java-8-jdk/jre/lib/amd64/libnet.so
7ff9a4d38000-7ff9a4d42000 r-xp 00000000 08:04 1180507                    /usr/lib/jvm/java-8-jdk/jre/lib/amd64/libinstrument.so
7ff9a4d42000-7ff9a4f41000 ---p 0000a000 08:04 1180507                    /usr/lib/jvm/java-8-jdk/jre/lib/amd64/libinstrument.so
7ff9a4f41000-7ff9a4f42000 rw-p 00009000 08:04 1180507                    /usr/lib/jvm/java-8-jdk/jre/lib/amd64/libinstrument.so
7ff9a4f42000-7ff9a4f45000 ---p 00000000 00:00 0 
7ff9a4f45000-7ff9a5043000 rw-p 00000000 00:00 0 
7ff9a5043000-7ff9a5044000 r--s 00223000 08:04 8401667                    /home/gunjan/EclipseWorkspace/EditDistanceStandAlone/build/libs/EditDistanceStandAlone-capsule.jar
7ff9a5044000-7ff9a5048000 r--s 0001e000 08:04 8657503                    /home/gunjan/git/GeolifeReloaded2_1_cleaned/libs/hgapi83_amidst-64.jar
7ff9a5048000-7ff9a5049000 r--s 00223000 08:04 8657850                    /home/gunjan/git/GeolifeReloaded2_1_cleaned/libs/EditDistanceStandAlone-capsule.jar
7ff9a5049000-7ff9a506e000 r--s 004f5000 08:04 8657504                    /home/gunjan/git/GeolifeReloaded2_1_cleaned/libs/spmf.zip
7ff9a506e000-7ff9a5070000 r--s 00027000 08:04 9438017                    /home/gunjan/.gradle/caches/modules-2/files-2.1/com.github.fommil.netlib/core/1.1.2/574b480eca62f535fad6d259e144fee3ef24b66e/core-1.1.2.jar
7ff9a5070000-7ff9a5072000 r--s 00001000 08:04 9438015                    /home/gunjan/.gradle/caches/modules-2/files-2.1/com.github.fommil/jniloader/1.1/4840f897eeb54d67ee14e478f8a45cc9937f3ce1/jniloader-1.1.jar
7ff9a5072000-7ff9a5073000 r--s 0000d000 08:04 9438013                    /home/gunjan/.gradle/caches/modules-2/files-2.1/com.github.fommil.netlib/native_system-java/1.1/3c6a2455f96b354a6940dce1393abb35ed7641da/native_system-java-1.1.jar
7ff9a5073000-7ff9a5074000 r--s 0000d000 08:04 9438011                    /home/gunjan/.gradle/caches/modules-2/files-2.1/com.github.fommil.netlib/native_ref-java/1.1/408c71ffbc3646dda7bee1e22bf19101e5e9ee90/native_ref-java-1.1.jar
7ff9a5074000-7ff9a5076000 r--s 00088000 08:04 9438009                    /home/gunjan/.gradle/caches/modules-2/files-2.1/com.github.fommil.netlib/netlib-native_system-win-i686/1.1/c25fd1881cf93f7716f47b7deec859f6b6b7be50/netlib-native_system-win-i686-1.1-natives.jar
7ff9a5076000-7ff9a5077000 r--s 0009b000 08:04 9438007                    /home/gunjan/.gradle/caches/modules-2/files-2.1/com.github.fommil.netlib/netlib-native_system-win-x86_64/1.1/222c7915be1daf1c26a4206f375d4957ae5f9d81/netlib-native_system-win-x86_64-1.1-natives.jar
7ff9a5077000-7ff9a5078000 r--s 0004b000 08:04 9438005                    /home/gunjan/.gradle/caches/modules-2/files-2.1/com.github.fommil.netlib/netlib-native_system-linux-armhf/1.1/27ae9f6a9c88b3f8d12ffa52d62941615f8ed416/netlib-native_system-linux-armhf-1.1-natives.jar
7ff9a5078000-7ff9a5079000 r--s 0006a000 08:04 9438003                    /home/gunjan/.gradle/caches/modules-2/files-2.1/com.github.fommil.netlib/netlib-native_system-linux-i686/1.1/dd43225560dbd9115d306f9be3ca195aed236b78/netlib-native_system-linux-i686-1.1-natives.jar
7ff9a5079000-7ff9a507a000 r--s 0006f000 08:04 9438001                    /home/gunjan/.gradle/caches/modules-2/files-2.1/com.github.fommil.netlib/netlib-native_system-linux-x86_64/1.1/163e88facabe7fa29952890dc2d3429e28501120/netlib-native_system-linux-x86_64-1.1-natives.jar
7ff9a507a000-7ff9a507b000 r--s 00087000 08:04 9437999                    /home/gunjan/.gradle/caches/modules-2/files-2.1/com.github.fommil.netlib/netlib-native_system-osx-x86_64/1.1/d724e33675dc8eaa5c8fcb05a3aaca6f3339afa7/netlib-native_system-osx-x86_64-1.1-natives.jar
7ff9a507b000-7ff9a507c000 r--s 00126000 08:04 9437997                    /home/gunjan/.gradle/caches/modules-2/files-2.1/com.github.fommil.netlib/netlib-native_ref-linux-armhf/1.1/ec467162f74710fd8897cff6888534ceaf297d9a/netlib-native_ref-linux-armhf-1.1-natives.jar
7ff9a507c000-7ff9a507d000 r--s 001bd000 08:04 9437995                    /home/gunjan/.gradle/caches/modules-2/files-2.1/com.github.fommil.netlib/netlib-native_ref-win-i686/1.1/167fb794a26cb0bfc74890c704c7137b1d5b50fd/netlib-native_ref-win-i686-1.1-natives.jar
7ff9a507d000-7ff9a507e000 r--s 00232000 08:04 9437993                    /home/gunjan/.gradle/caches/modules-2/files-2.1/com.github.fommil.netlib/netlib-native_ref-win-x86_64/1.1/4ab54511c2844546279d9f8e427c73953b794686/netlib-native_ref-win-x86_64-1.1-natives.jar
7ff9a507e000-7ff9a507f000 r--s 0016b000 08:04 9437990                    /home/gunjan/.gradle/caches/modules-2/files-2.1/com.github.fommil.netlib/netlib-native_ref-linux-i686/1.1/eedd845b214aea560bce317d778ebb52f8f46038/netlib-native_ref-linux-i686-1.1-natives.jar
7ff9a507f000-7ff9a5081000 r--s 001aa000 08:04 9437988                    /home/gunjan/.gradle/caches/modules-2/files-2.1/com.github.fommil.netlib/netlib-native_ref-linux-x86_64/1.1/5a3e5787d03c39790d5ae08cce189dd1ccc4a38/netlib-native_ref-linux-x86_64-1.1-natives.jar
7ff9a5081000-7ff9a5083000 r--s 001c0000 08:04 9437986                    /home/gunjan/.gradle/caches/modules-2/files-2.1/com.github.fommil.netlib/netlib-native_ref-osx-x86_64/1.1/80da53ec862f283dc3b191b9dbd3166ea6671831/netlib-native_ref-osx-x86_64-1.1-natives.jar
7ff9a5083000-7ff9a5084000 r--s 00001000 08:04 208                        /home/gunjan/.gradle/caches/modules-2/files-2.1/com.google.errorprone/error_prone_annotations/2.0.2/8382c6cdc18c8c8ad7840024fa340509cf16be11/error_prone_annotations-2.0.2.jar
7ff9a5084000-7ff9a5087000 r--s 00006000 08:04 206                        /home/gunjan/.gradle/caches/modules-2/files-2.1/com.google.code.findbugs/jsr305/1.3.9/40719ea6961c0cb6afaeb6a921eaa1f6afd4cfdf/jsr305-1.3.9.jar
7ff9a5087000-7ff9a508d000 r--s 0004b000 08:04 9437984                    /home/gunjan/.gradle/caches/modules-2/files-2.1/org.jfree/jcommon/1.0.23/a316f336ca996e0c6bec4e4fbd49be8f5e1c3968/jcommon-1.0.23.jar
7ff9a508d000-7ff9a508e000 r--s 00000000 08:04 9437982                    /home/gunjan/.gradle/caches/modules-2/files-2.1/net.jcip/jcip-annotations/1.0/afba4942caaeaf46aab0b976afd57cc7c181467e/jcip-annotations-1.0.jar
7ff9a508e000-7ff9a5094000 r--s 00026000 08:04 9437980                    /home/gunjan/.gradle/caches/modules-2/files-2.1/org.jetbrains.kotlin/kotlin-runtime/1.0.2/8ec2d49a780ddba5e9b6860a72969e4d5bbc0c55/kotlin-runtime-1.0.2.jar
7ff9a5094000-7ff9a5096000 r--s 0000c000 08:04 9437977                    /home/gunjan/.gradle/caches/modules-2/files-2.1/org.ow2.asm/asm/5.0.4/da08b8cce7bbf903602a25a3a163ae252435795/asm-5.0.4.jar
7ff9a5096000-7ff9a5098000 r--s 00011000 08:04 9437975                    /home/gunjan/.gradle/caches/modules-2/files-2.1/com.cedarsoftware/json-io/2.5.1/dd7fe37e5d02b93b014df08655da2b9e0dc2700a/json-io-2.5.1.jar
7ff9a5098000-7ff9a509a000 r--s 0000d000 08:04 9437973                    /home/gunjan/.gradle/caches/modules-2/files-2.1/commons-logging/commons-logging/1.1.1/5043bfebc3db072ed80fbd362e7caf00e885d8ae/commons-logging-1.1.1.jar
7ff9a509a000-7ff9a509c000 r--s 00009000 08:04 9437971                    /home/gunjan/.gradle/caches/modules-2/files-2.1/org.hamcrest/hamcrest-core/1.3/42a25dc3219429f0e5d060061f71acb49bf010a0/hamcrest-core-1.3.jar
7ff9a509c000-7ff9a509f000 r--s 00018000 08:04 9312811                    /home/gunjan/.gradle/caches/modules-2/files-2.1/commons-io/commons-io/1.4/a8762d07e76cfde2395257a5da47ba7c1dbd3dce/commons-io-1.4.jar
7ff9a509f000-7ff9a50a3000 r--s 000dc000 08:04 9570848                    /home/gunjan/.gradle/caches/modules-2/files-2.1/net.java.dev.jna/jna/4.1.0/1c12d070e602efd8021891cdd7fd18bc129372d4/jna-4.1.0.jar
7ff9a50a3000-7ff9a50b5000 r--s 000a7000 08:04 204                        /home/gunjan/.gradle/caches/modules-2/files-2.1/com.google.guava/guava-testlib/19.0/ce5b880b206de3f76d364988a6308c68c726f74a/guava-testlib-19.0.jar
7ff9a50b5000-7ff9a50be000 r--s 0006f000 08:04 9438180                    /home/gunjan/.gradle/caches/modules-2/files-2.1/log4j/log4j/1.2.17/5af35056b4d257e4b64b9e8069c0746e8b08629f/log4j-1.2.17.jar
7ff9a50be000-7ff9a50cf000 r--s 0016e000 08:04 9437969                    /home/gunjan/.gradle/caches/modules-2/files-2.1/org.jfree/jfreechart/1.0.19/ba9ee7dbb2e4c57a6901c79f614ed2dea9cc0e20/jfreechart-1.0.19.jar
7ff9a50cf000-7ff9a50d1000 r--s 0000e000 08:04 9437967                    /home/gunjan/.gradle/caches/modules-2/files-2.1/com.beust/jcommander/1.48/bfcb96281ea3b59d626704f74bc6d625ff51cbce/jcommander-1.48.jar
7ff9a50d1000-7ff9a50d2000 r--s 00002000 08:04 9437963                    /home/gunjan/.gradle/caches/modules-2/files-2.1/org.slf4j/slf4j-simple/1.7.12/42db62298b899818ff17352cbc00050e940bbfb0/slf4j-simple-1.7.12.jar
7ff9a50d2000-7ff9a50e2000 r--s 00088000 08:04 9437961                    /home/gunjan/.gradle/caches/modules-2/files-2.1/joda-time/joda-time/2.8.2/d27c24204c5e507b16fec01006b3d0f1ec42aed4/joda-time-2.8.2.jar
7ff9a50e2000-7ff9a50f2000 r--s 00085000 08:04 9437959                    /home/gunjan/.gradle/caches/modules-2/files-2.1/com.mchange/mchange-commons-java/0.2.11/2a6a6c1fe25f28f5a073171956ce6250813467ef/mchange-commons-java-0.2.11.jar
7ff9a50f2000-7ff9a50f4000 r--s 00016000 08:04 9437957                    /home/gunjan/.gradle/caches/modules-2/files-2.1/com.googlecode.netlib-java/netlib-java/1.1/4a9c3b55b23430e5a6ad86101a88aea500ba8086/netlib-java-1.1.jar
7ff9a50f4000-7ff9a5106000 r--s 00112000 08:04 9437955                    /home/gunjan/.gradle/caches/modules-2/files-2.1/net.sourceforge.f2j/arpack_combined_all/0.1/225619a060b42605b4d9fd4af11815664abf26eb/arpack_combined_all-0.1.jar
7ff9a5106000-7ff9a510b000 r--s 0003d000 08:04 9437953                    /home/gunjan/.gradle/caches/modules-2/files-2.1/com.googlecode.matrix-toolkits-java/mtj/1.0.4/e14ed840ff5e15de92dba2d1af29201fa70a0f35/mtj-1.0.4.jar
7ff9a510b000-7ff9a510f000 r--s 0002f000 08:04 9437951                    /home/gunjan/.gradle/caches/modules-2/files-2.1/nz.ac.waikato.cms.weka.thirdparty/bounce/0.18/d774f9a0aa5cbe08dea8907720c64c417aed861/bounce-0.18.jar
7ff9a510f000-7ff9a5111000 r--s 00016000 08:04 9437943                    /home/gunjan/.gradle/caches/modules-2/files-2.1/nz.ac.waikato.cms.weka.thirdparty/java-cup-11b/2015.03.26/6e97c5abd2e76d83220f09f72de0b89b6de18dc1/java-cup-11b-2015.03.26.jar
7ff9a5111000-7ff9a5115000 r--s 0001a000 08:04 9437936                    /home/gunjan/.gradle/caches/modules-2/files-2.1/org.mapdb/elsa/3.0.0-M5/d7c1920d084e741e04844f512af24012e745e809/elsa-3.0.0-M5.jar
7ff9a5115000-7ff9a5117000 r--s 00038000 08:04 9437934                    /home/gunjan/.gradle/caches/modules-2/files-2.1/net.jpountz.lz4/lz4/1.3.0/c708bb2590c0652a642236ef45d9f99ff842a2ce/lz4-1.3.0.jar
7ff9a5117000-7ff9a5143000 r--s 00208000 08:04 9437932                    /home/gunjan/.gradle/caches/modules-2/files-2.1/com.google.guava/guava/19.0/6ce200f6b23222af3d8abb6b6459e6c44f4bb0e9/guava-19.0.jar
7ff9a5143000-7ff9a5145000 r--s 00009000 08:04 11439006                   /home/gunjan/.gradle/caches/modules-2/files-2.1/org.eclipse.collections/eclipse-collections-forkjoin/7.1.1/892b970cb03461f8c10daba778edbef3f0a26846/eclipse-collections-forkjoin-7.1.1.jar
7ff9a5145000-7ff9a51e3000 r--s 00896000 08:04 11439004                   /home/gunjan/.gradle/caches/modules-2/files-2.1/org.eclipse.collections/eclipse-collections/7.1.1/83eca9f03f1f2d055df453d72036c5ce2e82896b/eclipse-collections-7.1.1.jar
7ff9a51e3000-7ff9a5206000 r--s 000a0000 08:04 11439002                   /home/gunjan/.gradle/caches/modules-2/files-2.1/org.eclipse.collections/eclipse-collections-api/7.1.1/806c2b3bef5364d1a1668f25ce70100fa2c6b919/eclipse-collections-api-7.1.1.jar
7ff9a5206000-7ff9a520f000 r--s 00084000 08:04 9437924                    /home/gunjan/.gradle/caches/modules-2/files-2.1/org.jetbrains.kotlin/kotlin-stdlib/1.0.2/22063f19bfd8e50f21fc310842a91ff5b31bb272/kotlin-stdlib-1.0.2.jar
7ff9a520f000-7ff9a5211000 r--s 00004000 08:04 9437920                    /home/gunjan/.gradle/caches/modules-2/files-2.1/com.esotericsoftware/reflectasm/1.11.3/8b102eed2f12412b254946811111ea48bc03a266/reflectasm-1.11.3.jar
7ff9a5211000-7ff9a5213000 r--s 0000d000 08:04 9437918                    /home/gunjan/.gradle/caches/modules-2/files-2.1/com.cedarsoftware/java-util/1.9.0/c5f6deb3213a693d0cc20a78b1052ecc9a2df09c/java-util-1.9.0.jar
7ff9a5213000-7ff9a5215000 r--s 0000b000 08:04 9437916                    /home/gunjan/.gradle/caches/modules-2/files-2.1/org.objenesis/objenesis/2.4/2916b6c96b50c5b3ec4452ed99401db745aabb27/objenesis-2.4.jar
7ff9a5215000-7ff9a521e000 r--s 000ae000 08:04 9437914                    /home/gunjan/.gradle/caches/modules-2/files-2.1/org.javassist/javassist/3.19.0-GA/50120f69224dd8684b445a6f3a5b08fe9b5c60f6/javassist-3.19.0-GA.jar
7ff9a521e000-7ff9a5222000 r--s 00041000 08:04 9437912                    /home/gunjan/.gradle/caches/modules-2/files-2.1/com.fasterxml.jackson.core/jackson-core/2.8.1/fd13b1c033741d48291315c6370f7d475a42dccf/jackson-core-2.8.1.jar
7ff9a5222000-7ff9a522a000 r--s 00045000 08:04 9437910                    /home/gunjan/.gradle/caches/modules-2/files-2.1/junit/junit/4.12/2973d150c0dc1fefe998f834810d68f278ea58ec/junit-4.12.jar
7ff9a522a000-7ff9a522c000 r--s 0000b000 08:04 9312810                    /home/gunjan/.gradle/caches/modules-2/files-2.1/org.zeroturnaround/zt-exec/1.9/a6c5747098b1ede9f4a6e9c36eaebb357a4430ed/zt-exec-1.9.jar
7ff9a522c000-7ff9a522f000 r--s 00012000 08:04 9312574                    /home/gunjan/.gradle/caches/modules-2/files-2.1/com.zaxxer/nuprocess/1.1.0/9479382344b61b36dd3ca1ec1b10aaa91295d632/nuprocess-1.1.0.jar
7ff9a522f000-7ff9a5257000 r--s 00241000 08:04 263                        /home/gunjan/.gradle/caches/modules-2/files-2.1/net.sf.trove4j/trove4j/3.0.3/42ccaf4761f0dfdfa805c9e340d99a755907e2dd/trove4j-3.0.3.jar
7ff9a5257000-7ff9a525a000 r--s 0001b000 08:04 9438178                    /home/gunjan/.gradle/caches/modules-2/files-2.1/com.google.uzaygezen/uzaygezen-core/0.2/611b82d4c4b4f67cc3d83cf0697ec660fcee2fff/uzaygezen-core-0.2.jar
7ff9a525a000-7ff9a5262000 r--s 00042000 08:04 9437906                    /home/gunjan/.gradle/caches/modules-2/files-2.1/org.n52.matlab/matlab-control/5.0.0/ced8fdb8664759574b2f340aa00844f757dfcad0/matlab-control-5.0.0.jar
7ff9a5262000-7ff9a526d000 r--s 000b6000 08:04 9437904                    /home/gunjan/.gradle/caches/modules-2/files-2.1/org.tinyjee.jgraphx/jgraphx/3.4.1.3/a62939cbd5af2dff663e91d061b3e4edc7b8df85/jgraphx-3.4.1.3.jar
7ff9a526d000-7ff9a5274000 r--s 00073000 08:04 9437900                    /home/gunjan/.gradle/caches/modules-2/files-2.1/com.mchange/c3p0/0.9.5.2/5f86cb6130bc6e8475615ed82d5b5e6fb226a86a/c3p0-0.9.5.2.jar
7ff9a5274000-7ff9a527b000 r--s 00067000 08:04 9437898                    /home/gunjan/.gradle/caches/modules-2/files-2.1/org.mariadb.jdbc/mariadb-java-client/1.5.4/bd0e2e8494245c2885a79fc92bc3693c88cbfab4/mariadb-java-client-1.5.4.jar
7ff9a527b000-7ff9a5284000 r--s 00062000 08:04 9437894                    /home/gunjan/.gradle/caches/modules-2/files-2.1/org.jgrapht/jgrapht-core/1.0.0/c2adf22c2d37721489de12e70f5c226832045071/jgrapht-core-1.0.0.jar
7ff9a5284000-7ff9a52e3000 r--s 00835000 08:04 9437892                    /home/gunjan/.gradle/caches/modules-2/files-2.1/nz.ac.waikato.cms.weka/weka-stable/3.8.0/5f6547867e775b416982cdcaa2dbef67855a6669/weka-stable-3.8.0.jar
7ff9a52e3000-7ff9a530a000 r--s 001f6000 08:04 9437884                    /home/gunjan/.gradle/caches/modules-2/files-2.1/org.apache.commons/commons-math3/3.6.1/e4ba98f1d4b3c80ec46392f25e094a6a2e58fcbf/commons-math3-3.6.1.jar
7ff9a530a000-7ff9a530b000 ---p 00000000 00:00 0 
7ff9a530b000-7ff9a540b000 rw-p 00000000 00:00 0 
7ff9a540b000-7ff9a540e000 ---p 00000000 00:00 0 
7ff9a540e000-7ff9a550c000 rw-p 00000000 00:00 0 
7ff9a550c000-7ff9a550f000 ---p 00000000 00:00 0 
7ff9a550f000-7ff9a560d000 rw-p 00000000 00:00 0 
7ff9a560d000-7ff9a5610000 ---p 00000000 00:00 0 
7ff9a5610000-7ff9a570e000 rw-p 00000000 00:00 0 
7ff9a570e000-7ff9a5711000 ---p 00000000 00:00 0 
7ff9a5711000-7ff9a580f000 rw-p 00000000 00:00 0 
7ff9a580f000-7ff9a5812000 ---p 00000000 00:00 0 
7ff9a5812000-7ff9a5910000 rw-p 00000000 00:00 0 
7ff9a5910000-7ff9a5af1000 r--p 00000000 08:04 9986683                    /usr/lib/locale/locale-archive
7ff9a5af1000-7ff9a5af4000 ---p 00000000 00:00 0 
7ff9a5af4000-7ff9a5bf2000 rw-p 00000000 00:00 0 
7ff9a5bf2000-7ff9a5bf5000 ---p 00000000 00:00 0 
7ff9a5bf5000-7ff9a5cf3000 rw-p 00000000 00:00 0 
7ff9a5cf3000-7ff9a5cf4000 ---p 00000000 00:00 0 
7ff9a5cf4000-7ff9a8000000 rw-p 00000000 00:00 0 
7ff9a8000000-7ff9ab97a000 rw-p 00000000 00:00 0 
7ff9ab97a000-7ff9ac000000 ---p 00000000 00:00 0 
7ff9ac000000-7ff9ac002000 r--s 0001e000 08:04 9437908                    /home/gunjan/.gradle/caches/modules-2/files-2.1/net.seninp/jmotif-sax/1.1.1/22909acc5e5c67cd9a4517070a7fb4f7ef926ab3/jmotif-sax-1.1.1.jar
7ff9ac002000-7ff9ac005000 r--s 0001f000 08:04 9437902                    /home/gunjan/.gradle/caches/modules-2/files-2.1/com.zaxxer/HikariCP/2.5.1/b896b711e2d98fedf403de590559a123b5fbf1a6/HikariCP-2.5.1.jar
7ff9ac005000-7ff9ac007000 r--s 0000c000 08:04 9437896                    /home/gunjan/.gradle/caches/modules-2/files-2.1/org.json/json/20160810/aca5eb39e2a12fddd6c472b240afe9ebea3a6733/json-20160810.jar
7ff9ac007000-7ff9ac3af000 rw-p 00000000 00:00 0 
7ff9ac3af000-7ff9ac588000 r--s 03d2c000 08:04 1180452                    /usr/lib/jvm/java-8-jdk/jre/lib/rt.jar
7ff9ac588000-7ff9acdfe000 rw-p 00000000 00:00 0 
7ff9acdfe000-7ff9acdff000 ---p 00000000 00:00 0 
7ff9acdff000-7ff9aceff000 rw-p 00000000 00:00 0 
7ff9aceff000-7ff9acf00000 ---p 00000000 00:00 0 
7ff9acf00000-7ff9ad000000 rw-p 00000000 00:00 0 
7ff9ad000000-7ff9ad5a0000 rwxp 00000000 00:00 0 
7ff9ad5a0000-7ff9bc000000 ---p 00000000 00:00 0 
7ff9bc000000-7ff9bc73e000 rw-p 00000000 00:00 0 
7ff9bc73e000-7ff9c0000000 ---p 00000000 00:00 0 
7ff9c0000000-7ff9c0001000 r--s 00005000 08:04 9437949                    /home/gunjan/.gradle/caches/modules-2/files-2.1/nz.ac.waikato.cms.weka.thirdparty/java-cup-11b-runtime/2015.03.26/5466fad5c5866f33e3230c30ca623e7e8deff1f8/java-cup-11b-runtime-2015.03.26.jar
7ff9c0001000-7ff9c000a000 r--s 000aa000 08:04 9437890                    /home/gunjan/.gradle/caches/modules-2/files-2.1/org.mapdb/mapdb/3.0.2/bcd8209dda05a358318b29719a9e76b21d5e4683/mapdb-3.0.2.jar
7ff9c000a000-7ff9c00e6000 rw-p 00000000 00:00 0 
7ff9c00e6000-7ff9c00e7000 ---p 00000000 00:00 0 
7ff9c00e7000-7ff9c01e7000 rw-p 00000000 00:00 0 
7ff9c01e7000-7ff9c01e8000 ---p 00000000 00:00 0 
7ff9c01e8000-7ff9c0eb6000 rw-p 00000000 00:00 0 
7ff9c0eb6000-7ff9c1193000 ---p 00000000 00:00 0 
7ff9c1193000-7ff9c1d61000 rw-p 00000000 00:00 0 
7ff9c1d61000-7ff9c203d000 ---p 00000000 00:00 0 
7ff9c203d000-7ff9c2310000 rw-p 00000000 00:00 0 
7ff9c2310000-7ff9c2793000 ---p 00000000 00:00 0 
7ff9c2793000-7ff9c27ab000 rw-p 00000000 00:00 0 
7ff9c27ab000-7ff9c2b54000 ---p 00000000 00:00 0 
7ff9c2b54000-7ff9c2b6e000 r-xp 00000000 08:04 1180541                    /usr/lib/jvm/java-8-jdk/jre/lib/amd64/libzip.so
7ff9c2b6e000-7ff9c2d6e000 ---p 0001a000 08:04 1180541                    /usr/lib/jvm/java-8-jdk/jre/lib/amd64/libzip.so
7ff9c2d6e000-7ff9c2d6f000 rw-p 0001a000 08:04 1180541                    /usr/lib/jvm/java-8-jdk/jre/lib/amd64/libzip.so
7ff9c2d6f000-7ff9c2d7a000 r-xp 00000000 08:04 9962652                    /usr/lib/libnss_files-2.25.so
7ff9c2d7a000-7ff9c2f79000 ---p 0000b000 08:04 9962652                    /usr/lib/libnss_files-2.25.so
7ff9c2f79000-7ff9c2f7a000 r--p 0000a000 08:04 9962652                    /usr/lib/libnss_files-2.25.so
7ff9c2f7a000-7ff9c2f7b000 rw-p 0000b000 08:04 9962652                    /usr/lib/libnss_files-2.25.so
7ff9c2f7b000-7ff9c2f81000 rw-p 00000000 00:00 0 
7ff9c2f81000-7ff9c2fac000 r-xp 00000000 08:04 1180515                    /usr/lib/jvm/java-8-jdk/jre/lib/amd64/libjava.so
7ff9c2fac000-7ff9c31ab000 ---p 0002b000 08:04 1180515                    /usr/lib/jvm/java-8-jdk/jre/lib/amd64/libjava.so
7ff9c31ab000-7ff9c31ad000 rw-p 0002a000 08:04 1180515                    /usr/lib/jvm/java-8-jdk/jre/lib/amd64/libjava.so
7ff9c31ad000-7ff9c31ba000 r-xp 00000000 08:04 1180562                    /usr/lib/jvm/java-8-jdk/jre/lib/amd64/libverify.so
7ff9c31ba000-7ff9c33b9000 ---p 0000d000 08:04 1180562                    /usr/lib/jvm/java-8-jdk/jre/lib/amd64/libverify.so
7ff9c33b9000-7ff9c33bb000 rw-p 0000c000 08:04 1180562                    /usr/lib/jvm/java-8-jdk/jre/lib/amd64/libverify.so
7ff9c33bb000-7ff9c33c2000 r-xp 00000000 08:04 9962272                    /usr/lib/librt-2.25.so
7ff9c33c2000-7ff9c35c1000 ---p 00007000 08:04 9962272                    /usr/lib/librt-2.25.so
7ff9c35c1000-7ff9c35c2000 r--p 00006000 08:04 9962272                    /usr/lib/librt-2.25.so
7ff9c35c2000-7ff9c35c3000 rw-p 00007000 08:04 9962272                    /usr/lib/librt-2.25.so
7ff9c35c3000-7ff9c36d5000 r-xp 00000000 08:04 9962314                    /usr/lib/libm-2.25.so
7ff9c36d5000-7ff9c38d4000 ---p 00112000 08:04 9962314                    /usr/lib/libm-2.25.so
7ff9c38d4000-7ff9c38d5000 r--p 00111000 08:04 9962314                    /usr/lib/libm-2.25.so
7ff9c38d5000-7ff9c38d6000 rw-p 00112000 08:04 9962314                    /usr/lib/libm-2.25.so
7ff9c38d6000-7ff9c45a4000 r-xp 00000000 08:04 1180572                    /usr/lib/jvm/java-8-jdk/jre/lib/amd64/server/libjvm.so
7ff9c45a4000-7ff9c47a4000 ---p 00cce000 08:04 1180572                    /usr/lib/jvm/java-8-jdk/jre/lib/amd64/server/libjvm.so
7ff9c47a4000-7ff9c487d000 rw-p 00cce000 08:04 1180572                    /usr/lib/jvm/java-8-jdk/jre/lib/amd64/server/libjvm.so
7ff9c487d000-7ff9c48c8000 rw-p 00000000 00:00 0 
7ff9c48c8000-7ff9c4a63000 r-xp 00000000 08:04 9963120                    /usr/lib/libc-2.25.so
7ff9c4a63000-7ff9c4c62000 ---p 0019b000 08:04 9963120                    /usr/lib/libc-2.25.so
7ff9c4c62000-7ff9c4c66000 r--p 0019a000 08:04 9963120                    /usr/lib/libc-2.25.so
7ff9c4c66000-7ff9c4c68000 rw-p 0019e000 08:04 9963120                    /usr/lib/libc-2.25.so
7ff9c4c68000-7ff9c4c6c000 rw-p 00000000 00:00 0 
7ff9c4c6c000-7ff9c4c6f000 r-xp 00000000 08:04 9962388                    /usr/lib/libdl-2.25.so
7ff9c4c6f000-7ff9c4e6e000 ---p 00003000 08:04 9962388                    /usr/lib/libdl-2.25.so
7ff9c4e6e000-7ff9c4e6f000 r--p 00002000 08:04 9962388                    /usr/lib/libdl-2.25.so
7ff9c4e6f000-7ff9c4e70000 rw-p 00003000 08:04 9962388                    /usr/lib/libdl-2.25.so
7ff9c4e70000-7ff9c4e85000 r-xp 00000000 08:04 1180570                    /usr/lib/jvm/java-8-jdk/jre/lib/amd64/jli/libjli.so
7ff9c4e85000-7ff9c5085000 ---p 00015000 08:04 1180570                    /usr/lib/jvm/java-8-jdk/jre/lib/amd64/jli/libjli.so
7ff9c5085000-7ff9c5086000 rw-p 00015000 08:04 1180570                    /usr/lib/jvm/java-8-jdk/jre/lib/amd64/jli/libjli.so
7ff9c5086000-7ff9c509f000 r-xp 00000000 08:04 9963199                    /usr/lib/libpthread-2.25.so
7ff9c509f000-7ff9c529e000 ---p 00019000 08:04 9963199                    /usr/lib/libpthread-2.25.so
7ff9c529e000-7ff9c529f000 r--p 00018000 08:04 9963199                    /usr/lib/libpthread-2.25.so
7ff9c529f000-7ff9c52a0000 rw-p 00019000 08:04 9963199                    /usr/lib/libpthread-2.25.so
7ff9c52a0000-7ff9c52a4000 rw-p 00000000 00:00 0 
7ff9c52a4000-7ff9c52c7000 r-xp 00000000 08:04 9963124                    /usr/lib/ld-2.25.so
7ff9c52c7000-7ff9c52c8000 r--s 00001000 08:04 9437922                    /home/gunjan/.gradle/caches/modules-2/files-2.1/com.esotericsoftware/minlog/1.3.0/ff07b5f1b01d2f92bb00a337f9a94873712f0827/minlog-1.3.0.jar
7ff9c52c8000-7ff9c52d0000 r--s 00048000 08:04 9437888                    /home/gunjan/.gradle/caches/modules-2/files-2.1/com.esotericsoftware/kryo/4.0.0/9f5c64c1315ec79bee0f56bb88e4ae94b65048ce/kryo-4.0.0.jar
7ff9c52d0000-7ff9c537a000 rw-p 00000000 00:00 0 
7ff9c537a000-7ff9c537d000 ---p 00000000 00:00 0 
7ff9c537d000-7ff9c547d000 rw-p 00000000 00:00 0 
7ff9c547d000-7ff9c547e000 r--s 00007000 08:04 202                        /home/gunjan/.gradle/caches/modules-2/files-2.1/com.github.mgunlogson/cuckoofilter4j/1.0.1/1ecac9da72e10f966c90d23c5d774f972d3e940f/cuckoofilter4j-1.0.1.jar
7ff9c547e000-7ff9c5485000 r--s 00057000 08:04 9437886                    /home/gunjan/.gradle/caches/modules-2/files-2.1/de.ruedigermoeller/fst/2.48/a04da9aca9ecc7dcf19c5e25b89bc21468e2a3e7/fst-2.48.jar
7ff9c5485000-7ff9c548d000 r--s 0006e000 08:04 9437882                    /home/gunjan/.gradle/caches/modules-2/files-2.1/org.apache.commons/commons-lang3/3.5/6c6c702c89bfff3cd9e80b04d668c5e190d588c6/commons-lang3-3.5.jar
7ff9c548d000-7ff9c548f000 r--s 0000c000 08:04 9437880                    /home/gunjan/.gradle/caches/modules-2/files-2.1/org.apache.commons/commons-exec/1.3/8dfb9facd0830a27b1b5f29f84593f0aeee7773b/commons-exec-1.3.jar
7ff9c548f000-7ff9c5490000 r--s 00009000 08:04 9308247                    /home/gunjan/.gradle/caches/modules-2/files-2.1/org.apache.commons/commons-csv/1.4/fc2512d2109144df353501266ac4bbe179058afd/commons-csv-1.4.jar
7ff9c5490000-7ff9c5492000 r--s 00009000 08:04 9308245                    /home/gunjan/.gradle/caches/modules-2/files-2.1/org.slf4j/slf4j-api/1.7.21/139535a69a4239db087de9bab0bee568bf8e0b70/slf4j-api-1.7.21.jar
7ff9c5492000-7ff9c54ba000 rw-p 00000000 00:00 0 
7ff9c54ba000-7ff9c54c2000 rw-s 00000000 00:23 34                         /tmp/hsperfdata_gunjan/15886
7ff9c54c2000-7ff9c54c3000 rw-p 00000000 00:00 0 
7ff9c54c3000-7ff9c54c4000 ---p 00000000 00:00 0 
7ff9c54c4000-7ff9c54c6000 rw-p 00000000 00:00 0 
7ff9c54c6000-7ff9c54c7000 r--p 00022000 08:04 9963124                    /usr/lib/ld-2.25.so
7ff9c54c7000-7ff9c54c8000 rw-p 00023000 08:04 9963124                    /usr/lib/ld-2.25.so
7ff9c54c8000-7ff9c54c9000 rw-p 00000000 00:00 0 
7ffd93534000-7ffd93558000 rw-p 00000000 00:00 0                          [stack]
7ffd93584000-7ffd93586000 r--p 00000000 00:00 0                          [vvar]
7ffd93586000-7ffd93588000 r-xp 00000000 00:00 0                          [vdso]
ffffffffff600000-ffffffffff601000 r-xp 00000000 00:00 0                  [vsyscall]

VM Arguments:
jvm_args: -Xmx11g -verbose:gc -Dfile.encoding=UTF-8 
java_command: org.activity.controller.SuperController
java_class_path (initial): /home/gunjan/git/GeolifeReloaded2_1_cleaned/bin:/home/gunjan/.gradle/caches/modules-2/files-2.1/org.slf4j/slf4j-api/1.7.21/139535a69a4239db087de9bab0bee568bf8e0b70/slf4j-api-1.7.21.jar:/home/gunjan/.gradle/caches/modules-2/files-2.1/org.apache.commons/commons-csv/1.4/fc2512d2109144df353501266ac4bbe179058afd/commons-csv-1.4.jar:/home/gunjan/.gradle/caches/modules-2/files-2.1/org.apache.commons/commons-exec/1.3/8dfb9facd0830a27b1b5f29f84593f0aeee7773b/commons-exec-1.3.jar:/home/gunjan/.gradle/caches/modules-2/files-2.1/org.apache.commons/commons-lang3/3.5/6c6c702c89bfff3cd9e80b04d668c5e190d588c6/commons-lang3-3.5.jar:/home/gunjan/.gradle/caches/modules-2/files-2.1/org.apache.commons/commons-math3/3.6.1/e4ba98f1d4b3c80ec46392f25e094a6a2e58fcbf/commons-math3-3.6.1.jar:/home/gunjan/.gradle/caches/modules-2/files-2.1/de.ruedigermoeller/fst/2.48/a04da9aca9ecc7dcf19c5e25b89bc21468e2a3e7/fst-2.48.jar:/home/gunjan/.gradle/caches/modules-2/files-2.1/com.esotericsoftware/kryo/4.0.0/9f5c64c1315ec79bee0f56bb88e4ae94b65048ce/kryo-4.0.0.jar:/home/gunjan/.gradle/caches/modules-2/files-2.1/org.mapdb/mapdb/3.0.2/bcd8209dda05a358318b29719a9e76b21d5e4683/mapdb-3.0.2.jar:/home/gunjan/.gradle/caches/modules-2/files-2.1/nz.ac.waikato.cms.weka/weka-stable/3.8.0/5f6547867e775b416982cdcaa2dbef67855a6669/weka-stable-3.8.0.jar:/home/gunjan/.gradle/caches/modules-2/files-2.1/org.jgrapht/jgrapht-core/1.0.0/c2adf22c2d37721489de12e70f5c226832045071/jgrapht-core-1.0.0.jar:/home/gunjan/.gradle/caches/modules-2/files-2.1/org.json/json/20160810/aca5eb39e2a12fddd6c472b240afe9ebea3a6733/json-20160810.jar:/home/gunjan/.gradle/caches/modules-2/files-2.1/org.mariadb.jdbc/mariadb-java-client/1.5.4/bd0e2e8494245c2885a79fc92bc3693c88cbfab4/mariadb-java-client-1.5.4.jar:/home/gunjan/.gradle/caches/modules-2/files-2.1/com.mchange/c3p0/0.9.5.2/5f86cb6130bc6e8475615ed82d5b5e6fb226a86a/c3p0-0.9.5.2.jar:/home/gunjan/.gradle/caches/modules-2/files-2.1/com.zaxxer/HikariCP/2.5.1/b896b711e2d
Launcher Type: SUN_STANDARD

Environment Variables:
PATH=/usr/local/sbin:/usr/local/bin:/usr/bin:/opt/android-sdk/platform-tools:/usr/lib/jvm/default/bin:/usr/bin/site_perl:/usr/bin/vendor_perl:/usr/bin/core_perl
SHELL=/bin/bash
DISPLAY=:0

Signal Handlers:
SIGSEGV: [libjvm.so+0xac7800], sa_mask[0]=11111111011111111101111111111110, sa_flags=SA_RESTART|SA_SIGINFO
SIGBUS: [libjvm.so+0xac7800], sa_mask[0]=11111111011111111101111111111110, sa_flags=SA_RESTART|SA_SIGINFO
SIGFPE: [libjvm.so+0x920990], sa_mask[0]=11111111011111111101111111111110, sa_flags=SA_RESTART|SA_SIGINFO
SIGPIPE: [libjvm.so+0x920990], sa_mask[0]=11111111011111111101111111111110, sa_flags=SA_RESTART|SA_SIGINFO
SIGXFSZ: [libjvm.so+0x920990], sa_mask[0]=11111111011111111101111111111110, sa_flags=SA_RESTART|SA_SIGINFO
SIGILL: [libjvm.so+0x920990], sa_mask[0]=11111111011111111101111111111110, sa_flags=SA_RESTART|SA_SIGINFO
SIGUSR1: SIG_DFL, sa_mask[0]=00000000000000000000000000000000, sa_flags=none
SIGUSR2: [libjvm.so+0x9221d0], sa_mask[0]=00100000000000000000000000000000, sa_flags=SA_RESTART|SA_SIGINFO
SIGHUP: [libjvm.so+0x9235d0], sa_mask[0]=11111111011111111101111111111110, sa_flags=SA_RESTART|SA_SIGINFO
SIGINT: SIG_IGN, sa_mask[0]=00000000000000000000000000000000, sa_flags=none
SIGTERM: [libjvm.so+0x9235d0], sa_mask[0]=11111111011111111101111111111110, sa_flags=SA_RESTART|SA_SIGINFO
SIGQUIT: [libjvm.so+0x9235d0], sa_mask[0]=11111111011111111101111111111110, sa_flags=SA_RESTART|SA_SIGINFO


---------------  S Y S T E M  ---------------

OS:DISTRIB_ID=ManjaroLinux
DISTRIB_RELEASE=17.0.1
DISTRIB_CODENAME=Gellivara
DISTRIB_DESCRIPTION="Manjaro Linux"

uname:Linux 4.4.59-1-MANJARO #1 SMP PREEMPT Fri Mar 31 16:51:12 UTC 2017 x86_64
libc:glibc 2.25 NPTL 2.25 
rlimit: STACK 8192k, CORE infinity, NPROC 62741, NOFILE 4096, AS infinity
load average:3.04 1.20 0.67

/proc/meminfo:
MemTotal:       16343820 kB
MemFree:          190624 kB
MemAvailable:     253184 kB
Buffers:            8572 kB
Cached:          1206900 kB
SwapCached:            0 kB
Active:         14845248 kB
Inactive:         978408 kB
Active(anon):   14761972 kB
Inactive(anon):   856932 kB
Active(file):      83276 kB
Inactive(file):   121476 kB
Unevictable:          64 kB
Mlocked:              64 kB
SwapTotal:             0 kB
SwapFree:              0 kB
Dirty:                20 kB
Writeback:             0 kB
AnonPages:      14608892 kB
Mapped:           647516 kB
Shmem:           1010192 kB
Slab:             107364 kB
SReclaimable:      53488 kB
SUnreclaim:        53876 kB
KernelStack:       15648 kB
PageTables:       103216 kB
NFS_Unstable:          0 kB
Bounce:                0 kB
WritebackTmp:          0 kB
CommitLimit:     8171908 kB
Committed_AS:   22876144 kB
VmallocTotal:   34359738367 kB
VmallocUsed:           0 kB
VmallocChunk:          0 kB
HardwareCorrupted:     0 kB
AnonHugePages:   9660416 kB
HugePages_Total:       0
HugePages_Free:        0
HugePages_Rsvd:        0
HugePages_Surp:        0
Hugepagesize:       2048 kB
DirectMap4k:      236184 kB
DirectMap2M:    13301760 kB
DirectMap1G:     3145728 kB


CPU:total 4 (2 cores per cpu, 2 threads per core) family 6 model 69 stepping 1, cmov, cx8, fxsr, mmx, sse, sse2, sse3, ssse3, sse4.1, sse4.2, popcnt, avx, avx2, aes, clmul, erms, lzcnt, ht, tsc, tscinvbit, bmi1, bmi2

/proc/cpuinfo:
processor	: 0
vendor_id	: GenuineIntel
cpu family	: 6
model		: 69
model name	: Intel(R) Core(TM) i5-4278U CPU @ 2.60GHz
stepping	: 1
microcode	: 0x1f
cpu MHz		: 2635.039
cache size	: 3072 KB
physical id	: 0
siblings	: 4
core id		: 0
cpu cores	: 2
apicid		: 0
initial apicid	: 0
fpu		: yes
fpu_exception	: yes
cpuid level	: 13
wp		: yes
flags		: fpu vme de pse tsc msr pae mce cx8 apic sep mtrr pge mca cmov pat pse36 clflush dts acpi mmx fxsr sse sse2 ss ht tm pbe syscall nx pdpe1gb rdtscp lm constant_tsc arch_perfmon pebs bts rep_good nopl xtopology nonstop_tsc aperfmperf eagerfpu pni pclmulqdq dtes64 monitor ds_cpl vmx est tm2 ssse3 sdbg fma cx16 xtpr pdcm pcid sse4_1 sse4_2 x2apic movbe popcnt tsc_deadline_timer aes xsave avx f16c rdrand lahf_lm abm ida arat epb pln pts dtherm tpr_shadow vnmi flexpriority ept vpid fsgsbase tsc_adjust bmi1 avx2 smep bmi2 erms invpcid xsaveopt
bugs		:
bogomips	: 5201.33
clflush size	: 64
cache_alignment	: 64
address sizes	: 39 bits physical, 48 bits virtual
power management:

processor	: 1
vendor_id	: GenuineIntel
cpu family	: 6
model		: 69
model name	: Intel(R) Core(TM) i5-4278U CPU @ 2.60GHz
stepping	: 1
microcode	: 0x1f
cpu MHz		: 3082.726
cache size	: 3072 KB
physical id	: 0
siblings	: 4
core id		: 1
cpu cores	: 2
apicid		: 2
initial apicid	: 2
fpu		: yes
fpu_exception	: yes
cpuid level	: 13
wp		: yes
flags		: fpu vme de pse tsc msr pae mce cx8 apic sep mtrr pge mca cmov pat pse36 clflush dts acpi mmx fxsr sse sse2 ss ht tm pbe syscall nx pdpe1gb rdtscp lm constant_tsc arch_perfmon pebs bts rep_good nopl xtopology nonstop_tsc aperfmperf eagerfpu pni pclmulqdq dtes64 monitor ds_cpl vmx est tm2 ssse3 sdbg fma cx16 xtpr pdcm pcid sse4_1 sse4_2 x2apic movbe popcnt tsc_deadline_timer aes xsave avx f16c rdrand lahf_lm abm ida arat epb pln pts dtherm tpr_shadow vnmi flexpriority ept vpid fsgsbase tsc_adjust bmi1 avx2 smep bmi2 erms invpcid xsaveopt
bugs		:
bogomips	: 5201.33
clflush size	: 64
cache_alignment	: 64
address sizes	: 39 bits physical, 48 bits virtual
power management:

processor	: 2
vendor_id	: GenuineIntel
cpu family	: 6
model		: 69
model name	: Intel(R) Core(TM) i5-4278U CPU @ 2.60GHz
stepping	: 1
microcode	: 0x1f
cpu MHz		: 2845.679
cache size	: 3072 KB
physical id	: 0
siblings	: 4
core id		: 0
cpu cores	: 2
apicid		: 1
initial apicid	: 1
fpu		: yes
fpu_exception	: yes
cpuid level	: 13
wp		: yes
flags		: fpu vme de pse tsc msr pae mce cx8 apic sep mtrr pge mca cmov pat pse36 clflush dts acpi mmx fxsr sse sse2 ss ht tm pbe syscall nx pdpe1gb rdtscp lm constant_tsc arch_perfmon pebs bts rep_good nopl xtopology nonstop_tsc aperfmperf eagerfpu pni pclmulqdq dtes64 monitor ds_cpl vmx est tm2 ssse3 sdbg fma cx16 xtpr pdcm pcid sse4_1 sse4_2 x2apic movbe popcnt tsc_deadline_timer aes xsave avx f16c rdrand lahf_lm abm ida arat epb pln pts dtherm tpr_shadow vnmi flexpriority ept vpid fsgsbase tsc_adjust bmi1 avx2 smep bmi2 erms invpcid xsaveopt
bugs		:
bogomips	: 5201.33
clflush size	: 64
cache_alignment	: 64
address sizes	: 39 bits physical, 48 bits virtual
power management:

processor	: 3
vendor_id	: GenuineIntel
cpu family	: 6
model		: 69
model name	: Intel(R) Core(TM) i5-4278U CPU @ 2.60GHz
stepping	: 1
microcode	: 0x1f
cpu MHz		: 2905.195
cache size	: 3072 KB
physical id	: 0
siblings	: 4
core id		: 1
cpu cores	: 2
apicid		: 3
initial apicid	: 3
fpu		: yes
fpu_exception	: yes
cpuid level	: 13
wp		: yes
flags		: fpu vme de pse tsc msr pae mce cx8 apic sep mtrr pge mca cmov pat pse36 clflush dts acpi mmx fxsr sse sse2 ss ht tm pbe syscall nx pdpe1gb rdtscp lm constant_tsc arch_perfmon pebs bts rep_good nopl xtopology nonstop_tsc aperfmperf eagerfpu pni pclmulqdq dtes64 monitor ds_cpl vmx est tm2 ssse3 sdbg fma cx16 xtpr pdcm pcid sse4_1 sse4_2 x2apic movbe popcnt tsc_deadline_timer aes xsave avx f16c rdrand lahf_lm abm ida arat epb pln pts dtherm tpr_shadow vnmi flexpriority ept vpid fsgsbase tsc_adjust bmi1 avx2 smep bmi2 erms invpcid xsaveopt
bugs		:
bogomips	: 5201.33
clflush size	: 64
cache_alignment	: 64
address sizes	: 39 bits physical, 48 bits virtual
power management:



Memory: 4k page, physical 16343820k(190624k free), swap 0k(0k free)

vm_info: Java HotSpot(TM) 64-Bit Server VM (25.112-b15) for linux-amd64 JRE (1.8.0_112-b15), built on Sep 22 2016 21:10:53 by "java_re" with gcc 4.3.0 20080428 (Red Hat 4.3.0-8)

time: Mon Apr 10 19:19:43 2017
elapsed time: 102 seconds (0d 0h 1m 42s)

