#
# There is insufficient memory for the Java Runtime Environment to continue.
# Native memory allocation (mmap) failed to map 1027604480 bytes for committing reserved memory.
# Possible reasons:
#   The system is out of physical RAM or swap space
#   In 32 bit mode, the process size limit was hit
# Possible solutions:
#   Reduce memory load on the system
#   Increase physical memory or swap space
#   Check if swap backing store is full
#   Use 64 bit Java on a 64 bit OS
#   Decrease Java heap size (-Xmx/-Xms)
#   Decrease number of Java threads
#   Decrease Java thread stack sizes (-Xss)
#   Set larger code cache with -XX:ReservedCodeCacheSize=
# This output file may be truncated or incomplete.
#
#  Out of Memory Error (os_linux.cpp:2627), pid=15332, tid=0x00007fa3666b3700
#
# JRE version: Java(TM) SE Runtime Environment (8.0_112-b15) (build 1.8.0_112-b15)
# Java VM: Java HotSpot(TM) 64-Bit Server VM (25.112-b15 mixed mode linux-amd64 compressed oops)
# Core dump written. Default location: /home/gunjan/git/GeolifeReloaded2_1_cleaned/core or core.15332
#

---------------  T H R E A D  ---------------

Current thread (0x00007fa39007c000):  VMThread [stack: 0x00007fa3665b3000,0x00007fa3666b4000] [id=15343]

Stack: [0x00007fa3665b3000,0x00007fa3666b4000],  sp=0x00007fa3666b2390,  free space=1020k
Native frames: (J=compiled Java code, j=interpreted, Vv=VM code, C=native code)
V  [libjvm.so+0xac6f7a]  VMError::report_and_die()+0x2ba
V  [libjvm.so+0x4fc71b]  report_vm_out_of_memory(char const*, int, unsigned long, VMErrorType, char const*)+0x8b
V  [libjvm.so+0x923b13]  os::Linux::commit_memory_impl(char*, unsigned long, bool)+0x103
V  [libjvm.so+0x924069]  os::pd_commit_memory(char*, unsigned long, unsigned long, bool)+0x29
V  [libjvm.so+0x91e37a]  os::commit_memory(char*, unsigned long, unsigned long, bool)+0x2a
V  [libjvm.so+0x992da3]  PSVirtualSpace::expand_by(unsigned long)+0x53
V  [libjvm.so+0x983670]  PSOldGen::expand(unsigned long)+0x170
V  [libjvm.so+0x98387b]  PSOldGen::resize(unsigned long)+0x1cb
V  [libjvm.so+0x98b571]  PSParallelCompact::invoke_no_policy(bool)+0x991
V  [libjvm.so+0x990ecd]  PSScavenge::invoke()+0x1ad
V  [libjvm.so+0x947ac0]  ParallelScavengeHeap::failed_mem_allocate(unsigned long)+0x70
V  [libjvm.so+0xac8997]  VM_ParallelGCFailedAllocation::doit()+0x97
V  [libjvm.so+0xad0475]  VM_Operation::evaluate()+0x55
V  [libjvm.so+0xace84a]  VMThread::evaluate_operation(VM_Operation*)+0xba
V  [libjvm.so+0xacebce]  VMThread::loop()+0x1ce
V  [libjvm.so+0xacf040]  VMThread::run()+0x70
V  [libjvm.so+0x926138]  java_start(Thread*)+0x108

VM_Operation (0x00007fa397d45380): ParallelGCFailedAllocation, mode: safepoint, requested by thread 0x00007fa39000e000


---------------  P R O C E S S  ---------------

Java Threads: ( => current thread )
  0x00007fa3900c4800 JavaThread "Service Thread" daemon [_thread_blocked, id=15350, stack(0x00007fa365ccb000,0x00007fa365dcc000)]
  0x00007fa3900c2000 JavaThread "C1 CompilerThread2" daemon [_thread_blocked, id=15349, stack(0x00007fa365dcc000,0x00007fa365ecd000)]
  0x00007fa3900c0000 JavaThread "C2 CompilerThread1" daemon [_thread_blocked, id=15348, stack(0x00007fa365ecd000,0x00007fa365fce000)]
  0x00007fa3900bd000 JavaThread "C2 CompilerThread0" daemon [_thread_blocked, id=15347, stack(0x00007fa365fce000,0x00007fa3660cf000)]
  0x00007fa3900bb800 JavaThread "Signal Dispatcher" daemon [_thread_blocked, id=15346, stack(0x00007fa3660cf000,0x00007fa3661d0000)]
  0x00007fa390088800 JavaThread "Finalizer" daemon [_thread_blocked, id=15345, stack(0x00007fa3663b1000,0x00007fa3664b2000)]
  0x00007fa390083800 JavaThread "Reference Handler" daemon [_thread_blocked, id=15344, stack(0x00007fa3664b2000,0x00007fa3665b3000)]
  0x00007fa39000e000 JavaThread "main" [_thread_blocked, id=15334, stack(0x00007fa397c46000,0x00007fa397d47000)]

Other Threads:
=>0x00007fa39007c000 VMThread [stack: 0x00007fa3665b3000,0x00007fa3666b4000] [id=15343]
  0x00007fa3900c8000 WatcherThread [stack: 0x00007fa365bca000,0x00007fa365ccb000] [id=15351]

VM state:at safepoint (normal execution)

VM Mutex/Monitor currently owned by a thread:  ([mutex/lock_event])
[0x00007fa39000b640] ExpandHeap_lock - owner thread: 0x00007fa39007c000
[0x00007fa39000bcc0] Threads_lock - owner thread: 0x00007fa39007c000
[0x00007fa39000c1c0] Heap_lock - owner thread: 0x00007fa39000e000

Heap:
 PSYoungGen      total 1384448K, used 1714K [0x00000006d5580000, 0x0000000767600000, 0x00000007c0000000)
  eden space 436736K, 0% used [0x00000006d5580000,0x00000006d5580000,0x00000006f0000000)
  from space 947712K, 0% used [0x00000006f0000000,0x00000006f01ac858,0x0000000729d80000)
  to   space 951296K, 0% used [0x000000072d500000,0x000000072d500000,0x0000000767600000)
 ParOldGen       total 6686208K, used 6686164K [0x0000000500000000, 0x0000000698180000, 0x00000006d5580000)
  object space 6686208K, 99% used [0x0000000500000000,0x0000000698175258,0x0000000698180000)
 Metaspace       used 8866K, capacity 9206K, committed 9344K, reserved 1056768K
  class space    used 941K, capacity 1053K, committed 1152K, reserved 1048576K

Card table byte_map: [0x00007fa37f9ff000,0x00007fa381000000] byte_map_base: 0x00007fa37d1ff000

Marking Bits: (ParMarkBitMap*) 0x00007fa397166c80
 Begin Bits: [0x00007fa3696fc000, 0x00007fa3746fc000)
 End Bits:   [0x00007fa3746fc000, 0x00007fa37f6fc000)

Polling page: 0x00007fa397d8f000

CodeCache: size=245760Kb used=5491Kb max_used=5498Kb free=240268Kb
 bounds [0x00007fa381000000, 0x00007fa381570000, 0x00007fa390000000]
 total_blobs=1775 nmethods=1419 adapters=270
 compilation: enabled

Compilation events (10 events):
Event: 95.588 Thread 0x00007fa3900c2000 1424       3       java.lang.Math::ceil (5 bytes)
Event: 95.588 Thread 0x00007fa3900c2000 nmethod 1424 0x00007fa381546590 code [0x00007fa381546740, 0x00007fa381546908]
Event: 95.680 Thread 0x00007fa3900c2000 1427       3       java.util.LinkedHashMap::<init> (11 bytes)
Event: 95.681 Thread 0x00007fa3900c2000 nmethod 1427 0x00007fa38153f910 code [0x00007fa38153faa0, 0x00007fa38153fca8]
Event: 95.799 Thread 0x00007fa3900c2000 1428 %     3       org.activity.util.TimelineUtils::createUserTimelinesFromCheckinEntriesGowalla @ 150 (302 bytes)
Event: 95.802 Thread 0x00007fa3900c2000 nmethod 1428% 0x00007fa3815576d0 code [0x00007fa381557d20, 0x00007fa38155ba78]
Event: 95.806 Thread 0x00007fa3900c2000 1429       3       org.activity.util.TimelineUtils::createUserTimelinesFromCheckinEntriesGowalla (302 bytes)
Event: 95.809 Thread 0x00007fa3900c2000 nmethod 1429 0x00007fa38155e190 code [0x00007fa38155e7e0, 0x00007fa381562338]
Event: 96.682 Thread 0x00007fa3900c0000 1430 %     4       org.activity.util.TimelineUtils::createUserTimelinesFromCheckinEntriesGowalla @ 150 (302 bytes)
Event: 96.716 Thread 0x00007fa3900c0000 nmethod 1430% 0x00007fa3815510d0 code [0x00007fa381551380, 0x00007fa3815522b0]

GC Heap History (10 events):
Event: 93.655 GC heap after
Heap after GC invocations=89 (full 10):
 PSYoungGen      total 1265664K, used 777472K [0x00000006d5580000, 0x0000000765580000, 0x00000007c0000000)
  eden space 363520K, 0% used [0x00000006d5580000,0x00000006d5580000,0x00000006eb880000)
  from space 902144K, 86% used [0x00000006eb880000,0x000000071afc0000,0x0000000722980000)
  to   space 974848K, 0% used [0x0000000729d80000,0x0000000729d80000,0x0000000765580000)
 ParOldGen       total 6686208K, used 5726096K [0x0000000500000000, 0x0000000698180000, 0x00000006d5580000)
  object space 6686208K, 85% used [0x0000000500000000,0x000000065d7e4220,0x0000000698180000)
 Metaspace       used 8476K, capacity 8806K, committed 8960K, reserved 1056768K
  class space    used 903K, capacity 1011K, committed 1024K, reserved 1048576K
}
Event: 93.889 GC heap before
{Heap before GC invocations=90 (full 10):
 PSYoungGen      total 1265664K, used 1140992K [0x00000006d5580000, 0x0000000765580000, 0x00000007c0000000)
  eden space 363520K, 100% used [0x00000006d5580000,0x00000006eb880000,0x00000006eb880000)
  from space 902144K, 86% used [0x00000006eb880000,0x000000071afc0000,0x0000000722980000)
  to   space 974848K, 0% used [0x0000000729d80000,0x0000000729d80000,0x0000000765580000)
 ParOldGen       total 6686208K, used 5726096K [0x0000000500000000, 0x0000000698180000, 0x00000006d5580000)
  object space 6686208K, 85% used [0x0000000500000000,0x000000065d7e4220,0x0000000698180000)
 Metaspace       used 8476K, capacity 8806K, committed 8960K, reserved 1056768K
  class space    used 903K, capacity 1011K, committed 1024K, reserved 1048576K
Event: 94.441 GC heap after
Heap after GC invocations=90 (full 10):
 PSYoungGen      total 1361920K, used 684768K [0x00000006d5580000, 0x0000000768280000, 0x00000007c0000000)
  eden space 387072K, 0% used [0x00000006d5580000,0x00000006d5580000,0x00000006ecf80000)
  from space 974848K, 70% used [0x0000000729d80000,0x0000000753a38000,0x0000000765580000)
  to   space 997376K, 0% used [0x00000006ecf80000,0x00000006ecf80000,0x0000000729d80000)
 ParOldGen       total 6686208K, used 5911472K [0x0000000500000000, 0x0000000698180000, 0x00000006d5580000)
  object space 6686208K, 88% used [0x0000000500000000,0x0000000668cec220,0x0000000698180000)
 Metaspace       used 8476K, capacity 8806K, committed 8960K, reserved 1056768K
  class space    used 903K, capacity 1011K, committed 1024K, reserved 1048576K
}
Event: 94.665 GC heap before
{Heap before GC invocations=91 (full 10):
 PSYoungGen      total 1361920K, used 1071840K [0x00000006d5580000, 0x0000000768280000, 0x00000007c0000000)
  eden space 387072K, 100% used [0x00000006d5580000,0x00000006ecf80000,0x00000006ecf80000)
  from space 974848K, 70% used [0x0000000729d80000,0x0000000753a38000,0x0000000765580000)
  to   space 997376K, 0% used [0x00000006ecf80000,0x00000006ecf80000,0x0000000729d80000)
 ParOldGen       total 6686208K, used 5911472K [0x0000000500000000, 0x0000000698180000, 0x00000006d5580000)
  object space 6686208K, 88% used [0x0000000500000000,0x0000000668cec220,0x0000000698180000)
 Metaspace       used 8476K, capacity 8806K, committed 8960K, reserved 1056768K
  class space    used 903K, capacity 1011K, committed 1024K, reserved 1048576K
Event: 95.268 GC heap after
Heap after GC invocations=91 (full 10):
 PSYoungGen      total 1384448K, used 581824K [0x00000006d5580000, 0x0000000767180000, 0x00000007c0000000)
  eden space 387072K, 0% used [0x00000006d5580000,0x00000006d5580000,0x00000006ecf80000)
  from space 997376K, 58% used [0x00000006ecf80000,0x00000007107b0000,0x0000000729d80000)
  to   space 974336K, 0% used [0x000000072ba00000,0x000000072ba00000,0x0000000767180000)
 ParOldGen       total 6686208K, used 6113156K [0x0000000500000000, 0x0000000698180000, 0x00000006d5580000)
  object space 6686208K, 91% used [0x0000000500000000,0x00000006751e1290,0x0000000698180000)
 Metaspace       used 8476K, capacity 8806K, committed 8960K, reserved 1056768K
  class space    used 903K, capacity 1011K, committed 1024K, reserved 1048576K
}
Event: 95.822 GC heap before
{Heap before GC invocations=92 (full 10):
 PSYoungGen      total 1384448K, used 968896K [0x00000006d5580000, 0x0000000767180000, 0x00000007c0000000)
  eden space 387072K, 100% used [0x00000006d5580000,0x00000006ecf80000,0x00000006ecf80000)
  from space 997376K, 58% used [0x00000006ecf80000,0x00000007107b0000,0x0000000729d80000)
  to   space 974336K, 0% used [0x000000072ba00000,0x000000072ba00000,0x0000000767180000)
 ParOldGen       total 6686208K, used 6113156K [0x0000000500000000, 0x0000000698180000, 0x00000006d5580000)
  object space 6686208K, 91% used [0x0000000500000000,0x00000006751e1290,0x0000000698180000)
 Metaspace       used 8866K, capacity 9206K, committed 9344K, reserved 1056768K
  class space    used 941K, capacity 1053K, committed 1152K, reserved 1048576K
Event: 96.458 GC heap after
Heap after GC invocations=92 (full 10):
 PSYoungGen      total 1355264K, used 408224K [0x00000006d5580000, 0x0000000763b00000, 0x00000007c0000000)
  eden space 436736K, 0% used [0x00000006d5580000,0x00000006d5580000,0x00000006f0000000)
  from space 918528K, 44% used [0x000000072ba00000,0x00000007448a8000,0x0000000763b00000)
  to   space 947712K, 0% used [0x00000006f0000000,0x00000006f0000000,0x0000000729d80000)
 ParOldGen       total 6686208K, used 6316821K [0x0000000500000000, 0x0000000698180000, 0x00000006d5580000)
  object space 6686208K, 94% used [0x0000000500000000,0x00000006818c5408,0x0000000698180000)
 Metaspace       used 8866K, capacity 9206K, committed 9344K, reserved 1056768K
  class space    used 941K, capacity 1053K, committed 1152K, reserved 1048576K
}
Event: 97.032 GC heap before
{Heap before GC invocations=93 (full 10):
 PSYoungGen      total 1355264K, used 844960K [0x00000006d5580000, 0x0000000763b00000, 0x00000007c0000000)
  eden space 436736K, 100% used [0x00000006d5580000,0x00000006f0000000,0x00000006f0000000)
  from space 918528K, 44% used [0x000000072ba00000,0x00000007448a8000,0x0000000763b00000)
  to   space 947712K, 0% used [0x00000006f0000000,0x00000006f0000000,0x0000000729d80000)
 ParOldGen       total 6686208K, used 6316821K [0x0000000500000000, 0x0000000698180000, 0x00000006d5580000)
  object space 6686208K, 94% used [0x0000000500000000,0x00000006818c5408,0x0000000698180000)
 Metaspace       used 8866K, capacity 9206K, committed 9344K, reserved 1056768K
  class space    used 941K, capacity 1053K, committed 1152K, reserved 1048576K
Event: 97.639 GC heap after
Heap after GC invocations=93 (full 10):
 PSYoungGen      total 1384448K, used 230144K [0x00000006d5580000, 0x0000000767600000, 0x00000007c0000000)
  eden space 436736K, 0% used [0x00000006d5580000,0x00000006d5580000,0x00000006f0000000)
  from space 947712K, 24% used [0x00000006f0000000,0x00000006fe0c0000,0x0000000729d80000)
  to   space 951296K, 0% used [0x000000072d500000,0x000000072d500000,0x0000000767600000)
 ParOldGen       total 6686208K, used 6507965K [0x0000000500000000, 0x0000000698180000, 0x00000006d5580000)
  object space 6686208K, 97% used [0x0000000500000000,0x000000068d36f408,0x0000000698180000)
 Metaspace       used 8866K, capacity 9206K, committed 9344K, reserved 1056768K
  class space    used 941K, capacity 1053K, committed 1152K, reserved 1048576K
}
Event: 97.639 GC heap before
{Heap before GC invocations=94 (full 11):
 PSYoungGen      total 1384448K, used 230144K [0x00000006d5580000, 0x0000000767600000, 0x00000007c0000000)
  eden space 436736K, 0% used [0x00000006d5580000,0x00000006d5580000,0x00000006f0000000)
  from space 947712K, 24% used [0x00000006f0000000,0x00000006fe0c0000,0x0000000729d80000)
  to   space 951296K, 0% used [0x000000072d500000,0x000000072d500000,0x0000000767600000)
 ParOldGen       total 6686208K, used 6507965K [0x0000000500000000, 0x0000000698180000, 0x00000006d5580000)
  object space 6686208K, 97% used [0x0000000500000000,0x000000068d36f408,0x0000000698180000)
 Metaspace       used 8866K, capacity 9206K, committed 9344K, reserved 1056768K
  class space    used 941K, capacity 1053K, committed 1152K, reserved 1048576K

Deoptimization events (10 events):
Event: 68.512 Thread 0x00007fa39000e000 Uncommon trap: reason=class_check action=maybe_recompile pc=0x00007fa3812a87e4 method=java.util.HashMap.putVal(ILjava/lang/Object;Ljava/lang/Object;ZZ)Ljava/lang/Object; @ 203
Event: 68.513 Thread 0x00007fa39000e000 Uncommon trap: reason=class_check action=maybe_recompile pc=0x00007fa3812a87e4 method=java.util.HashMap.putVal(ILjava/lang/Object;Ljava/lang/Object;ZZ)Ljava/lang/Object; @ 203
Event: 68.527 Thread 0x00007fa39000e000 Uncommon trap: reason=class_check action=maybe_recompile pc=0x00007fa3812a87e4 method=java.util.HashMap.putVal(ILjava/lang/Object;Ljava/lang/Object;ZZ)Ljava/lang/Object; @ 203
Event: 68.527 Thread 0x00007fa39000e000 Uncommon trap: reason=class_check action=maybe_recompile pc=0x00007fa3812a87e4 method=java.util.HashMap.putVal(ILjava/lang/Object;Ljava/lang/Object;ZZ)Ljava/lang/Object; @ 203
Event: 69.662 Thread 0x00007fa39000e000 Uncommon trap: reason=predicate action=maybe_recompile pc=0x00007fa3814ca50c method=java.util.AbstractCollection.toArray([Ljava/lang/Object;)[Ljava/lang/Object; @ 49
Event: 69.689 Thread 0x00007fa39000e000 Uncommon trap: reason=array_check action=maybe_recompile pc=0x00007fa3814cc138 method=java.util.AbstractCollection.toArray([Ljava/lang/Object;)[Ljava/lang/Object; @ 119
Event: 69.690 Thread 0x00007fa39000e000 Uncommon trap: reason=array_check action=maybe_recompile pc=0x00007fa3814cc138 method=java.util.AbstractCollection.toArray([Ljava/lang/Object;)[Ljava/lang/Object; @ 119
Event: 69.690 Thread 0x00007fa39000e000 Uncommon trap: reason=array_check action=maybe_recompile pc=0x00007fa3814cc138 method=java.util.AbstractCollection.toArray([Ljava/lang/Object;)[Ljava/lang/Object; @ 119
Event: 69.690 Thread 0x00007fa39000e000 Uncommon trap: reason=array_check action=maybe_recompile pc=0x00007fa3814cc138 method=java.util.AbstractCollection.toArray([Ljava/lang/Object;)[Ljava/lang/Object; @ 119
Event: 95.330 Thread 0x00007fa39000e000 Uncommon trap: reason=null_assert action=make_not_entrant pc=0x00007fa3814f845c method=org.activity.util.TimelineUtils.convertCheckinEntriesToActivityObjectsGowalla(Ljava/util/LinkedHashMap;Ljava/util/LinkedHashMap;)Ljava/util/LinkedHashMap; @ 838

Internal exceptions (10 events):
Event: 0.179 Thread 0x00007fa39000e000 Exception <a 'java/security/PrivilegedActionException'> (0x00000006d5847eb8) thrown at [/HUDSON3/workspace/8-2-build-linux-amd64/jdk8u112/7884/hotspot/src/share/vm/prims/jvm.cpp, line 1390]
Event: 0.199 Thread 0x00007fa39000e000 Exception <a 'java/security/PrivilegedActionException'> (0x00000006d58795e0) thrown at [/HUDSON3/workspace/8-2-build-linux-amd64/jdk8u112/7884/hotspot/src/share/vm/prims/jvm.cpp, line 1390]
Event: 0.199 Thread 0x00007fa39000e000 Exception <a 'java/security/PrivilegedActionException'> (0x00000006d58799d8) thrown at [/HUDSON3/workspace/8-2-build-linux-amd64/jdk8u112/7884/hotspot/src/share/vm/prims/jvm.cpp, line 1390]
Event: 0.226 Thread 0x00007fa39000e000 Exception <a 'java/security/PrivilegedActionException'> (0x00000006d5af8540) thrown at [/HUDSON3/workspace/8-2-build-linux-amd64/jdk8u112/7884/hotspot/src/share/vm/prims/jvm.cpp, line 1390]
Event: 0.226 Thread 0x00007fa39000e000 Exception <a 'java/security/PrivilegedActionException'> (0x00000006d5af8938) thrown at [/HUDSON3/workspace/8-2-build-linux-amd64/jdk8u112/7884/hotspot/src/share/vm/prims/jvm.cpp, line 1390]
Event: 0.286 Thread 0x00007fa39000e000 Exception <a 'java/lang/NoSuchFieldError': method resolution failed> (0x00000006d5c1f2f0) thrown at [/HUDSON3/workspace/8-2-build-linux-amd64/jdk8u112/7884/hotspot/src/share/vm/prims/methodHandles.cpp, line 1146]
Event: 0.288 Thread 0x00007fa39000e000 Exception <a 'java/lang/NoSuchFieldError': method resolution failed> (0x00000006d5c2cac0) thrown at [/HUDSON3/workspace/8-2-build-linux-amd64/jdk8u112/7884/hotspot/src/share/vm/prims/methodHandles.cpp, line 1146]
Event: 0.708 Thread 0x00007fa39000e000 Exception <a 'java/lang/ArrayIndexOutOfBoundsException'> (0x00000006d7342508) thrown at [/HUDSON3/workspace/8-2-build-linux-amd64/jdk8u112/7884/hotspot/src/share/vm/runtime/sharedRuntime.cpp, line 605]
Event: 46.436 Thread 0x00007fa39000e000 Implicit null exception at 0x00007fa38132de59 to 0x00007fa38132e33d
Event: 46.438 Thread 0x00007fa39000e000 Implicit null exception at 0x00007fa381379603 to 0x00007fa38137a329

Events (10 events):
Event: 96.458 Executing VM operation: ParallelGCFailedAllocation done
Event: 96.459 Executing VM operation: RevokeBias
Event: 96.459 Executing VM operation: RevokeBias done
Event: 96.459 Executing VM operation: RevokeBias
Event: 96.459 Executing VM operation: RevokeBias done
Event: 96.459 Executing VM operation: RevokeBias
Event: 96.459 Executing VM operation: RevokeBias done
Event: 96.738 Thread 0x00007fa39000e000 DEOPT PACKING pc=0x00007fa38155b48e sp=0x00007fa397d45560
Event: 96.738 Thread 0x00007fa39000e000 DEOPT UNPACKING pc=0x00007fa381047633 sp=0x00007fa397d453e8 mode 0
Event: 97.032 Executing VM operation: ParallelGCFailedAllocation


Dynamic libraries:
00400000-00401000 r-xp 00000000 08:04 1180653                            /usr/lib/jvm/java-8-jdk/jre/bin/java
00600000-00601000 rw-p 00000000 08:04 1180653                            /usr/lib/jvm/java-8-jdk/jre/bin/java
01148000-01169000 rw-p 00000000 00:00 0                                  [heap]
500000000-698180000 rw-p 00000000 00:00 0 
6d5580000-767600000 rw-p 00000000 00:00 0 
767600000-7c0000000 ---p 00000000 00:00 0 
7c0000000-7c0120000 rw-p 00000000 00:00 0 
7c0120000-800000000 ---p 00000000 00:00 0 
7fa330000000-7fa330021000 rw-p 00000000 00:00 0 
7fa330021000-7fa334000000 ---p 00000000 00:00 0 
7fa334000000-7fa334021000 rw-p 00000000 00:00 0 
7fa334021000-7fa338000000 ---p 00000000 00:00 0 
7fa338000000-7fa338e95000 rw-p 00000000 00:00 0 
7fa338e95000-7fa33c000000 ---p 00000000 00:00 0 
7fa33c000000-7fa33c40c000 rw-p 00000000 00:00 0 
7fa33c40c000-7fa340000000 ---p 00000000 00:00 0 
7fa340000000-7fa340021000 rw-p 00000000 00:00 0 
7fa340021000-7fa344000000 ---p 00000000 00:00 0 
7fa344000000-7fa344f85000 rw-p 00000000 00:00 0 
7fa344f85000-7fa348000000 ---p 00000000 00:00 0 
7fa348000000-7fa348021000 rw-p 00000000 00:00 0 
7fa348021000-7fa34c000000 ---p 00000000 00:00 0 
7fa34c000000-7fa34c021000 rw-p 00000000 00:00 0 
7fa34c021000-7fa350000000 ---p 00000000 00:00 0 
7fa350000000-7fa354000000 rw-p 00000000 00:00 0 
7fa354000000-7fa354290000 rw-p 00000000 00:00 0 
7fa354290000-7fa358000000 ---p 00000000 00:00 0 
7fa358000000-7fa35c000000 rw-p 00000000 00:00 0 
7fa35c000000-7fa35fe3d000 rw-p 00000000 00:00 0 
7fa35fe3d000-7fa360000000 ---p 00000000 00:00 0 
7fa360000000-7fa363585000 rw-p 00000000 00:00 0 
7fa363585000-7fa364000000 ---p 00000000 00:00 0 
7fa36590f000-7fa365910000 r--s 00223000 08:04 8401667                    /home/gunjan/EclipseWorkspace/EditDistanceStandAlone/build/libs/EditDistanceStandAlone-capsule.jar
7fa365910000-7fa365914000 r--s 0001e000 08:04 8657503                    /home/gunjan/git/GeolifeReloaded2_1_cleaned/libs/hgapi83_amidst-64.jar
7fa365914000-7fa365915000 r--s 00223000 08:04 8657850                    /home/gunjan/git/GeolifeReloaded2_1_cleaned/libs/EditDistanceStandAlone-capsule.jar
7fa365915000-7fa36593a000 r--s 004f5000 08:04 8657504                    /home/gunjan/git/GeolifeReloaded2_1_cleaned/libs/spmf.zip
7fa36593a000-7fa36593c000 r--s 00027000 08:04 9438017                    /home/gunjan/.gradle/caches/modules-2/files-2.1/com.github.fommil.netlib/core/1.1.2/574b480eca62f535fad6d259e144fee3ef24b66e/core-1.1.2.jar
7fa36593c000-7fa36593e000 r--s 00001000 08:04 9438015                    /home/gunjan/.gradle/caches/modules-2/files-2.1/com.github.fommil/jniloader/1.1/4840f897eeb54d67ee14e478f8a45cc9937f3ce1/jniloader-1.1.jar
7fa36593e000-7fa36593f000 r--s 0000d000 08:04 9438013                    /home/gunjan/.gradle/caches/modules-2/files-2.1/com.github.fommil.netlib/native_system-java/1.1/3c6a2455f96b354a6940dce1393abb35ed7641da/native_system-java-1.1.jar
7fa36593f000-7fa365940000 r--s 0000d000 08:04 9438011                    /home/gunjan/.gradle/caches/modules-2/files-2.1/com.github.fommil.netlib/native_ref-java/1.1/408c71ffbc3646dda7bee1e22bf19101e5e9ee90/native_ref-java-1.1.jar
7fa365940000-7fa365942000 r--s 00088000 08:04 9438009                    /home/gunjan/.gradle/caches/modules-2/files-2.1/com.github.fommil.netlib/netlib-native_system-win-i686/1.1/c25fd1881cf93f7716f47b7deec859f6b6b7be50/netlib-native_system-win-i686-1.1-natives.jar
7fa365942000-7fa365943000 r--s 0009b000 08:04 9438007                    /home/gunjan/.gradle/caches/modules-2/files-2.1/com.github.fommil.netlib/netlib-native_system-win-x86_64/1.1/222c7915be1daf1c26a4206f375d4957ae5f9d81/netlib-native_system-win-x86_64-1.1-natives.jar
7fa365943000-7fa365944000 r--s 0004b000 08:04 9438005                    /home/gunjan/.gradle/caches/modules-2/files-2.1/com.github.fommil.netlib/netlib-native_system-linux-armhf/1.1/27ae9f6a9c88b3f8d12ffa52d62941615f8ed416/netlib-native_system-linux-armhf-1.1-natives.jar
7fa365944000-7fa365945000 r--s 0006a000 08:04 9438003                    /home/gunjan/.gradle/caches/modules-2/files-2.1/com.github.fommil.netlib/netlib-native_system-linux-i686/1.1/dd43225560dbd9115d306f9be3ca195aed236b78/netlib-native_system-linux-i686-1.1-natives.jar
7fa365945000-7fa365946000 r--s 0006f000 08:04 9438001                    /home/gunjan/.gradle/caches/modules-2/files-2.1/com.github.fommil.netlib/netlib-native_system-linux-x86_64/1.1/163e88facabe7fa29952890dc2d3429e28501120/netlib-native_system-linux-x86_64-1.1-natives.jar
7fa365946000-7fa365947000 r--s 00087000 08:04 9437999                    /home/gunjan/.gradle/caches/modules-2/files-2.1/com.github.fommil.netlib/netlib-native_system-osx-x86_64/1.1/d724e33675dc8eaa5c8fcb05a3aaca6f3339afa7/netlib-native_system-osx-x86_64-1.1-natives.jar
7fa365947000-7fa365948000 r--s 00126000 08:04 9437997                    /home/gunjan/.gradle/caches/modules-2/files-2.1/com.github.fommil.netlib/netlib-native_ref-linux-armhf/1.1/ec467162f74710fd8897cff6888534ceaf297d9a/netlib-native_ref-linux-armhf-1.1-natives.jar
7fa365948000-7fa365949000 r--s 001bd000 08:04 9437995                    /home/gunjan/.gradle/caches/modules-2/files-2.1/com.github.fommil.netlib/netlib-native_ref-win-i686/1.1/167fb794a26cb0bfc74890c704c7137b1d5b50fd/netlib-native_ref-win-i686-1.1-natives.jar
7fa365949000-7fa36594a000 r--s 00232000 08:04 9437993                    /home/gunjan/.gradle/caches/modules-2/files-2.1/com.github.fommil.netlib/netlib-native_ref-win-x86_64/1.1/4ab54511c2844546279d9f8e427c73953b794686/netlib-native_ref-win-x86_64-1.1-natives.jar
7fa36594a000-7fa36594b000 r--s 0016b000 08:04 9437990                    /home/gunjan/.gradle/caches/modules-2/files-2.1/com.github.fommil.netlib/netlib-native_ref-linux-i686/1.1/eedd845b214aea560bce317d778ebb52f8f46038/netlib-native_ref-linux-i686-1.1-natives.jar
7fa36594b000-7fa36594d000 r--s 001aa000 08:04 9437988                    /home/gunjan/.gradle/caches/modules-2/files-2.1/com.github.fommil.netlib/netlib-native_ref-linux-x86_64/1.1/5a3e5787d03c39790d5ae08cce189dd1ccc4a38/netlib-native_ref-linux-x86_64-1.1-natives.jar
7fa36594d000-7fa36594f000 r--s 001c0000 08:04 9437986                    /home/gunjan/.gradle/caches/modules-2/files-2.1/com.github.fommil.netlib/netlib-native_ref-osx-x86_64/1.1/80da53ec862f283dc3b191b9dbd3166ea6671831/netlib-native_ref-osx-x86_64-1.1-natives.jar
7fa36594f000-7fa365950000 r--s 00001000 08:04 208                        /home/gunjan/.gradle/caches/modules-2/files-2.1/com.google.errorprone/error_prone_annotations/2.0.2/8382c6cdc18c8c8ad7840024fa340509cf16be11/error_prone_annotations-2.0.2.jar
7fa365950000-7fa365953000 r--s 00006000 08:04 206                        /home/gunjan/.gradle/caches/modules-2/files-2.1/com.google.code.findbugs/jsr305/1.3.9/40719ea6961c0cb6afaeb6a921eaa1f6afd4cfdf/jsr305-1.3.9.jar
7fa365953000-7fa365959000 r--s 0004b000 08:04 9437984                    /home/gunjan/.gradle/caches/modules-2/files-2.1/org.jfree/jcommon/1.0.23/a316f336ca996e0c6bec4e4fbd49be8f5e1c3968/jcommon-1.0.23.jar
7fa365959000-7fa36595a000 r--s 00000000 08:04 9437982                    /home/gunjan/.gradle/caches/modules-2/files-2.1/net.jcip/jcip-annotations/1.0/afba4942caaeaf46aab0b976afd57cc7c181467e/jcip-annotations-1.0.jar
7fa36595a000-7fa365960000 r--s 00026000 08:04 9437980                    /home/gunjan/.gradle/caches/modules-2/files-2.1/org.jetbrains.kotlin/kotlin-runtime/1.0.2/8ec2d49a780ddba5e9b6860a72969e4d5bbc0c55/kotlin-runtime-1.0.2.jar
7fa365960000-7fa365962000 r--s 0000c000 08:04 9437977                    /home/gunjan/.gradle/caches/modules-2/files-2.1/org.ow2.asm/asm/5.0.4/da08b8cce7bbf903602a25a3a163ae252435795/asm-5.0.4.jar
7fa365962000-7fa365964000 r--s 00011000 08:04 9437975                    /home/gunjan/.gradle/caches/modules-2/files-2.1/com.cedarsoftware/json-io/2.5.1/dd7fe37e5d02b93b014df08655da2b9e0dc2700a/json-io-2.5.1.jar
7fa365964000-7fa365966000 r--s 0000d000 08:04 9437973                    /home/gunjan/.gradle/caches/modules-2/files-2.1/commons-logging/commons-logging/1.1.1/5043bfebc3db072ed80fbd362e7caf00e885d8ae/commons-logging-1.1.1.jar
7fa365966000-7fa365968000 r--s 00009000 08:04 9437971                    /home/gunjan/.gradle/caches/modules-2/files-2.1/org.hamcrest/hamcrest-core/1.3/42a25dc3219429f0e5d060061f71acb49bf010a0/hamcrest-core-1.3.jar
7fa365968000-7fa36596b000 r--s 00018000 08:04 9312811                    /home/gunjan/.gradle/caches/modules-2/files-2.1/commons-io/commons-io/1.4/a8762d07e76cfde2395257a5da47ba7c1dbd3dce/commons-io-1.4.jar
7fa36596b000-7fa36596f000 r--s 000dc000 08:04 9570848                    /home/gunjan/.gradle/caches/modules-2/files-2.1/net.java.dev.jna/jna/4.1.0/1c12d070e602efd8021891cdd7fd18bc129372d4/jna-4.1.0.jar
7fa36596f000-7fa365981000 r--s 000a7000 08:04 204                        /home/gunjan/.gradle/caches/modules-2/files-2.1/com.google.guava/guava-testlib/19.0/ce5b880b206de3f76d364988a6308c68c726f74a/guava-testlib-19.0.jar
7fa365981000-7fa36598a000 r--s 0006f000 08:04 9438180                    /home/gunjan/.gradle/caches/modules-2/files-2.1/log4j/log4j/1.2.17/5af35056b4d257e4b64b9e8069c0746e8b08629f/log4j-1.2.17.jar
7fa36598a000-7fa36599b000 r--s 0016e000 08:04 9437969                    /home/gunjan/.gradle/caches/modules-2/files-2.1/org.jfree/jfreechart/1.0.19/ba9ee7dbb2e4c57a6901c79f614ed2dea9cc0e20/jfreechart-1.0.19.jar
7fa36599b000-7fa36599d000 r--s 0000e000 08:04 9437967                    /home/gunjan/.gradle/caches/modules-2/files-2.1/com.beust/jcommander/1.48/bfcb96281ea3b59d626704f74bc6d625ff51cbce/jcommander-1.48.jar
7fa36599d000-7fa36599e000 r--s 00002000 08:04 9437963                    /home/gunjan/.gradle/caches/modules-2/files-2.1/org.slf4j/slf4j-simple/1.7.12/42db62298b899818ff17352cbc00050e940bbfb0/slf4j-simple-1.7.12.jar
7fa36599e000-7fa3659ae000 r--s 00088000 08:04 9437961                    /home/gunjan/.gradle/caches/modules-2/files-2.1/joda-time/joda-time/2.8.2/d27c24204c5e507b16fec01006b3d0f1ec42aed4/joda-time-2.8.2.jar
7fa3659ae000-7fa3659be000 r--s 00085000 08:04 9437959                    /home/gunjan/.gradle/caches/modules-2/files-2.1/com.mchange/mchange-commons-java/0.2.11/2a6a6c1fe25f28f5a073171956ce6250813467ef/mchange-commons-java-0.2.11.jar
7fa3659be000-7fa3659c0000 r--s 00016000 08:04 9437957                    /home/gunjan/.gradle/caches/modules-2/files-2.1/com.googlecode.netlib-java/netlib-java/1.1/4a9c3b55b23430e5a6ad86101a88aea500ba8086/netlib-java-1.1.jar
7fa3659c0000-7fa3659d2000 r--s 00112000 08:04 9437955                    /home/gunjan/.gradle/caches/modules-2/files-2.1/net.sourceforge.f2j/arpack_combined_all/0.1/225619a060b42605b4d9fd4af11815664abf26eb/arpack_combined_all-0.1.jar
7fa3659d2000-7fa3659d7000 r--s 0003d000 08:04 9437953                    /home/gunjan/.gradle/caches/modules-2/files-2.1/com.googlecode.matrix-toolkits-java/mtj/1.0.4/e14ed840ff5e15de92dba2d1af29201fa70a0f35/mtj-1.0.4.jar
7fa3659d7000-7fa3659db000 r--s 0002f000 08:04 9437951                    /home/gunjan/.gradle/caches/modules-2/files-2.1/nz.ac.waikato.cms.weka.thirdparty/bounce/0.18/d774f9a0aa5cbe08dea8907720c64c417aed861/bounce-0.18.jar
7fa3659db000-7fa3659dc000 r--s 00005000 08:04 9437949                    /home/gunjan/.gradle/caches/modules-2/files-2.1/nz.ac.waikato.cms.weka.thirdparty/java-cup-11b-runtime/2015.03.26/5466fad5c5866f33e3230c30ca623e7e8deff1f8/java-cup-11b-runtime-2015.03.26.jar
7fa3659dc000-7fa3659de000 r--s 00016000 08:04 9437943                    /home/gunjan/.gradle/caches/modules-2/files-2.1/nz.ac.waikato.cms.weka.thirdparty/java-cup-11b/2015.03.26/6e97c5abd2e76d83220f09f72de0b89b6de18dc1/java-cup-11b-2015.03.26.jar
7fa3659de000-7fa3659e2000 r--s 0001a000 08:04 9437936                    /home/gunjan/.gradle/caches/modules-2/files-2.1/org.mapdb/elsa/3.0.0-M5/d7c1920d084e741e04844f512af24012e745e809/elsa-3.0.0-M5.jar
7fa3659e2000-7fa3659e4000 r--s 00038000 08:04 9437934                    /home/gunjan/.gradle/caches/modules-2/files-2.1/net.jpountz.lz4/lz4/1.3.0/c708bb2590c0652a642236ef45d9f99ff842a2ce/lz4-1.3.0.jar
7fa3659e4000-7fa365a10000 r--s 00208000 08:04 9437932                    /home/gunjan/.gradle/caches/modules-2/files-2.1/com.google.guava/guava/19.0/6ce200f6b23222af3d8abb6b6459e6c44f4bb0e9/guava-19.0.jar
7fa365a10000-7fa365a12000 r--s 00009000 08:04 11439006                   /home/gunjan/.gradle/caches/modules-2/files-2.1/org.eclipse.collections/eclipse-collections-forkjoin/7.1.1/892b970cb03461f8c10daba778edbef3f0a26846/eclipse-collections-forkjoin-7.1.1.jar
7fa365a12000-7fa365ab0000 r--s 00896000 08:04 11439004                   /home/gunjan/.gradle/caches/modules-2/files-2.1/org.eclipse.collections/eclipse-collections/7.1.1/83eca9f03f1f2d055df453d72036c5ce2e82896b/eclipse-collections-7.1.1.jar
7fa365ab0000-7fa365ad3000 r--s 000a0000 08:04 11439002                   /home/gunjan/.gradle/caches/modules-2/files-2.1/org.eclipse.collections/eclipse-collections-api/7.1.1/806c2b3bef5364d1a1668f25ce70100fa2c6b919/eclipse-collections-api-7.1.1.jar
7fa365ad3000-7fa365adc000 r--s 00084000 08:04 9437924                    /home/gunjan/.gradle/caches/modules-2/files-2.1/org.jetbrains.kotlin/kotlin-stdlib/1.0.2/22063f19bfd8e50f21fc310842a91ff5b31bb272/kotlin-stdlib-1.0.2.jar
7fa365adc000-7fa365ade000 r--s 00004000 08:04 9437920                    /home/gunjan/.gradle/caches/modules-2/files-2.1/com.esotericsoftware/reflectasm/1.11.3/8b102eed2f12412b254946811111ea48bc03a266/reflectasm-1.11.3.jar
7fa365ade000-7fa365ae0000 r--s 0000d000 08:04 9437918                    /home/gunjan/.gradle/caches/modules-2/files-2.1/com.cedarsoftware/java-util/1.9.0/c5f6deb3213a693d0cc20a78b1052ecc9a2df09c/java-util-1.9.0.jar
7fa365ae0000-7fa365ae2000 r--s 0000b000 08:04 9437916                    /home/gunjan/.gradle/caches/modules-2/files-2.1/org.objenesis/objenesis/2.4/2916b6c96b50c5b3ec4452ed99401db745aabb27/objenesis-2.4.jar
7fa365ae2000-7fa365aeb000 r--s 000ae000 08:04 9437914                    /home/gunjan/.gradle/caches/modules-2/files-2.1/org.javassist/javassist/3.19.0-GA/50120f69224dd8684b445a6f3a5b08fe9b5c60f6/javassist-3.19.0-GA.jar
7fa365aeb000-7fa365aef000 r--s 00041000 08:04 9437912                    /home/gunjan/.gradle/caches/modules-2/files-2.1/com.fasterxml.jackson.core/jackson-core/2.8.1/fd13b1c033741d48291315c6370f7d475a42dccf/jackson-core-2.8.1.jar
7fa365aef000-7fa365af7000 r--s 00045000 08:04 9437910                    /home/gunjan/.gradle/caches/modules-2/files-2.1/junit/junit/4.12/2973d150c0dc1fefe998f834810d68f278ea58ec/junit-4.12.jar
7fa365af7000-7fa365af9000 r--s 0000b000 08:04 9312810                    /home/gunjan/.gradle/caches/modules-2/files-2.1/org.zeroturnaround/zt-exec/1.9/a6c5747098b1ede9f4a6e9c36eaebb357a4430ed/zt-exec-1.9.jar
7fa365af9000-7fa365afc000 r--s 00012000 08:04 9312574                    /home/gunjan/.gradle/caches/modules-2/files-2.1/com.zaxxer/nuprocess/1.1.0/9479382344b61b36dd3ca1ec1b10aaa91295d632/nuprocess-1.1.0.jar
7fa365afc000-7fa365b24000 r--s 00241000 08:04 263                        /home/gunjan/.gradle/caches/modules-2/files-2.1/net.sf.trove4j/trove4j/3.0.3/42ccaf4761f0dfdfa805c9e340d99a755907e2dd/trove4j-3.0.3.jar
7fa365b24000-7fa365b27000 r--s 0001b000 08:04 9438178                    /home/gunjan/.gradle/caches/modules-2/files-2.1/com.google.uzaygezen/uzaygezen-core/0.2/611b82d4c4b4f67cc3d83cf0697ec660fcee2fff/uzaygezen-core-0.2.jar
7fa365b27000-7fa365b2f000 r--s 00042000 08:04 9437906                    /home/gunjan/.gradle/caches/modules-2/files-2.1/org.n52.matlab/matlab-control/5.0.0/ced8fdb8664759574b2f340aa00844f757dfcad0/matlab-control-5.0.0.jar
7fa365b2f000-7fa365b3a000 r--s 000b6000 08:04 9437904                    /home/gunjan/.gradle/caches/modules-2/files-2.1/org.tinyjee.jgraphx/jgraphx/3.4.1.3/a62939cbd5af2dff663e91d061b3e4edc7b8df85/jgraphx-3.4.1.3.jar
7fa365b3a000-7fa365b3d000 r--s 0001f000 08:04 9437902                    /home/gunjan/.gradle/caches/modules-2/files-2.1/com.zaxxer/HikariCP/2.5.1/b896b711e2d98fedf403de590559a123b5fbf1a6/HikariCP-2.5.1.jar
7fa365b3d000-7fa365b44000 r--s 00073000 08:04 9437900                    /home/gunjan/.gradle/caches/modules-2/files-2.1/com.mchange/c3p0/0.9.5.2/5f86cb6130bc6e8475615ed82d5b5e6fb226a86a/c3p0-0.9.5.2.jar
7fa365b44000-7fa365ba3000 r--s 00835000 08:04 9437892                    /home/gunjan/.gradle/caches/modules-2/files-2.1/nz.ac.waikato.cms.weka/weka-stable/3.8.0/5f6547867e775b416982cdcaa2dbef67855a6669/weka-stable-3.8.0.jar
7fa365ba3000-7fa365bca000 r--s 001f6000 08:04 9437884                    /home/gunjan/.gradle/caches/modules-2/files-2.1/org.apache.commons/commons-math3/3.6.1/e4ba98f1d4b3c80ec46392f25e094a6a2e58fcbf/commons-math3-3.6.1.jar
7fa365bca000-7fa365bcb000 ---p 00000000 00:00 0 
7fa365bcb000-7fa365ccb000 rw-p 00000000 00:00 0 
7fa365ccb000-7fa365cce000 ---p 00000000 00:00 0 
7fa365cce000-7fa365dcc000 rw-p 00000000 00:00 0 
7fa365dcc000-7fa365dcf000 ---p 00000000 00:00 0 
7fa365dcf000-7fa365ecd000 rw-p 00000000 00:00 0 
7fa365ecd000-7fa365ed0000 ---p 00000000 00:00 0 
7fa365ed0000-7fa365fce000 rw-p 00000000 00:00 0 
7fa365fce000-7fa365fd1000 ---p 00000000 00:00 0 
7fa365fd1000-7fa3660cf000 rw-p 00000000 00:00 0 
7fa3660cf000-7fa3660d2000 ---p 00000000 00:00 0 
7fa3660d2000-7fa3661d0000 rw-p 00000000 00:00 0 
7fa3661d0000-7fa3663b1000 r--p 00000000 08:04 9986683                    /usr/lib/locale/locale-archive
7fa3663b1000-7fa3663b4000 ---p 00000000 00:00 0 
7fa3663b4000-7fa3664b2000 rw-p 00000000 00:00 0 
7fa3664b2000-7fa3664b5000 ---p 00000000 00:00 0 
7fa3664b5000-7fa3665b3000 rw-p 00000000 00:00 0 
7fa3665b3000-7fa3665b4000 ---p 00000000 00:00 0 
7fa3665b4000-7fa367647000 rw-p 00000000 00:00 0 
7fa367647000-7fa367820000 r--s 03d2c000 08:04 1180452                    /usr/lib/jvm/java-8-jdk/jre/lib/rt.jar
7fa367820000-7fa368020000 rw-p 00000000 00:00 0 
7fa368020000-7fa37f6fc000 rw-p 00000000 00:00 0 
7fa37f6fc000-7fa37f6fd000 ---p 00000000 00:00 0 
7fa37f6fd000-7fa37f7fd000 rw-p 00000000 00:00 0 
7fa37f7fd000-7fa37f7fe000 ---p 00000000 00:00 0 
7fa37f7fe000-7fa37f8fe000 rw-p 00000000 00:00 0 
7fa37f8fe000-7fa37f8ff000 ---p 00000000 00:00 0 
7fa37f8ff000-7fa3806c0000 rw-p 00000000 00:00 0 
7fa3806c0000-7fa3808a9000 ---p 00000000 00:00 0 
7fa3808a9000-7fa380d3a000 rw-p 00000000 00:00 0 
7fa380d3a000-7fa380fff000 ---p 00000000 00:00 0 
7fa380fff000-7fa381000000 rw-p 00000000 00:00 0 
7fa381000000-7fa381570000 rwxp 00000000 00:00 0 
7fa381570000-7fa390000000 ---p 00000000 00:00 0 
7fa390000000-7fa39074e000 rw-p 00000000 00:00 0 
7fa39074e000-7fa394000000 ---p 00000000 00:00 0 
7fa394000000-7fa394002000 r--s 0001e000 08:04 9437908                    /home/gunjan/.gradle/caches/modules-2/files-2.1/net.seninp/jmotif-sax/1.1.1/22909acc5e5c67cd9a4517070a7fb4f7ef926ab3/jmotif-sax-1.1.1.jar
7fa394002000-7fa394009000 r--s 00067000 08:04 9437898                    /home/gunjan/.gradle/caches/modules-2/files-2.1/org.mariadb.jdbc/mariadb-java-client/1.5.4/bd0e2e8494245c2885a79fc92bc3693c88cbfab4/mariadb-java-client-1.5.4.jar
7fa394009000-7fa39400b000 r--s 0000c000 08:04 9437896                    /home/gunjan/.gradle/caches/modules-2/files-2.1/org.json/json/20160810/aca5eb39e2a12fddd6c472b240afe9ebea3a6733/json-20160810.jar
7fa39400b000-7fa394014000 r--s 00062000 08:04 9437894                    /home/gunjan/.gradle/caches/modules-2/files-2.1/org.jgrapht/jgrapht-core/1.0.0/c2adf22c2d37721489de12e70f5c226832045071/jgrapht-core-1.0.0.jar
7fa394014000-7fa39401d000 r--s 000aa000 08:04 9437890                    /home/gunjan/.gradle/caches/modules-2/files-2.1/org.mapdb/mapdb/3.0.2/bcd8209dda05a358318b29719a9e76b21d5e4683/mapdb-3.0.2.jar
7fa39401d000-7fa3940b4000 rw-p 00000000 00:00 0 
7fa3940b4000-7fa3940b5000 ---p 00000000 00:00 0 
7fa3940b5000-7fa394e76000 rw-p 00000000 00:00 0 
7fa394e76000-7fa395060000 ---p 00000000 00:00 0 
7fa395060000-7fa395076000 rw-p 00000000 00:00 0 
7fa395076000-7fa395420000 ---p 00000000 00:00 0 
7fa395420000-7fa39543a000 r-xp 00000000 08:04 1180541                    /usr/lib/jvm/java-8-jdk/jre/lib/amd64/libzip.so
7fa39543a000-7fa39563a000 ---p 0001a000 08:04 1180541                    /usr/lib/jvm/java-8-jdk/jre/lib/amd64/libzip.so
7fa39563a000-7fa39563b000 rw-p 0001a000 08:04 1180541                    /usr/lib/jvm/java-8-jdk/jre/lib/amd64/libzip.so
7fa39563b000-7fa395646000 r-xp 00000000 08:04 9962652                    /usr/lib/libnss_files-2.25.so
7fa395646000-7fa395845000 ---p 0000b000 08:04 9962652                    /usr/lib/libnss_files-2.25.so
7fa395845000-7fa395846000 r--p 0000a000 08:04 9962652                    /usr/lib/libnss_files-2.25.so
7fa395846000-7fa395847000 rw-p 0000b000 08:04 9962652                    /usr/lib/libnss_files-2.25.so
7fa395847000-7fa39584d000 rw-p 00000000 00:00 0 
7fa39584d000-7fa395878000 r-xp 00000000 08:04 1180515                    /usr/lib/jvm/java-8-jdk/jre/lib/amd64/libjava.so
7fa395878000-7fa395a77000 ---p 0002b000 08:04 1180515                    /usr/lib/jvm/java-8-jdk/jre/lib/amd64/libjava.so
7fa395a77000-7fa395a79000 rw-p 0002a000 08:04 1180515                    /usr/lib/jvm/java-8-jdk/jre/lib/amd64/libjava.so
7fa395a79000-7fa395a86000 r-xp 00000000 08:04 1180562                    /usr/lib/jvm/java-8-jdk/jre/lib/amd64/libverify.so
7fa395a86000-7fa395c85000 ---p 0000d000 08:04 1180562                    /usr/lib/jvm/java-8-jdk/jre/lib/amd64/libverify.so
7fa395c85000-7fa395c87000 rw-p 0000c000 08:04 1180562                    /usr/lib/jvm/java-8-jdk/jre/lib/amd64/libverify.so
7fa395c87000-7fa395c8e000 r-xp 00000000 08:04 9962272                    /usr/lib/librt-2.25.so
7fa395c8e000-7fa395e8d000 ---p 00007000 08:04 9962272                    /usr/lib/librt-2.25.so
7fa395e8d000-7fa395e8e000 r--p 00006000 08:04 9962272                    /usr/lib/librt-2.25.so
7fa395e8e000-7fa395e8f000 rw-p 00007000 08:04 9962272                    /usr/lib/librt-2.25.so
7fa395e8f000-7fa395fa1000 r-xp 00000000 08:04 9962314                    /usr/lib/libm-2.25.so
7fa395fa1000-7fa3961a0000 ---p 00112000 08:04 9962314                    /usr/lib/libm-2.25.so
7fa3961a0000-7fa3961a1000 r--p 00111000 08:04 9962314                    /usr/lib/libm-2.25.so
7fa3961a1000-7fa3961a2000 rw-p 00112000 08:04 9962314                    /usr/lib/libm-2.25.so
7fa3961a2000-7fa396e70000 r-xp 00000000 08:04 1180572                    /usr/lib/jvm/java-8-jdk/jre/lib/amd64/server/libjvm.so
7fa396e70000-7fa397070000 ---p 00cce000 08:04 1180572                    /usr/lib/jvm/java-8-jdk/jre/lib/amd64/server/libjvm.so
7fa397070000-7fa397149000 rw-p 00cce000 08:04 1180572                    /usr/lib/jvm/java-8-jdk/jre/lib/amd64/server/libjvm.so
7fa397149000-7fa397194000 rw-p 00000000 00:00 0 
7fa397194000-7fa39732f000 r-xp 00000000 08:04 9963120                    /usr/lib/libc-2.25.so
7fa39732f000-7fa39752e000 ---p 0019b000 08:04 9963120                    /usr/lib/libc-2.25.so
7fa39752e000-7fa397532000 r--p 0019a000 08:04 9963120                    /usr/lib/libc-2.25.so
7fa397532000-7fa397534000 rw-p 0019e000 08:04 9963120                    /usr/lib/libc-2.25.so
7fa397534000-7fa397538000 rw-p 00000000 00:00 0 
7fa397538000-7fa39753b000 r-xp 00000000 08:04 9962388                    /usr/lib/libdl-2.25.so
7fa39753b000-7fa39773a000 ---p 00003000 08:04 9962388                    /usr/lib/libdl-2.25.so
7fa39773a000-7fa39773b000 r--p 00002000 08:04 9962388                    /usr/lib/libdl-2.25.so
7fa39773b000-7fa39773c000 rw-p 00003000 08:04 9962388                    /usr/lib/libdl-2.25.so
7fa39773c000-7fa397751000 r-xp 00000000 08:04 1180570                    /usr/lib/jvm/java-8-jdk/jre/lib/amd64/jli/libjli.so
7fa397751000-7fa397951000 ---p 00015000 08:04 1180570                    /usr/lib/jvm/java-8-jdk/jre/lib/amd64/jli/libjli.so
7fa397951000-7fa397952000 rw-p 00015000 08:04 1180570                    /usr/lib/jvm/java-8-jdk/jre/lib/amd64/jli/libjli.so
7fa397952000-7fa39796b000 r-xp 00000000 08:04 9963199                    /usr/lib/libpthread-2.25.so
7fa39796b000-7fa397b6a000 ---p 00019000 08:04 9963199                    /usr/lib/libpthread-2.25.so
7fa397b6a000-7fa397b6b000 r--p 00018000 08:04 9963199                    /usr/lib/libpthread-2.25.so
7fa397b6b000-7fa397b6c000 rw-p 00019000 08:04 9963199                    /usr/lib/libpthread-2.25.so
7fa397b6c000-7fa397b70000 rw-p 00000000 00:00 0 
7fa397b70000-7fa397b93000 r-xp 00000000 08:04 9963124                    /usr/lib/ld-2.25.so
7fa397b93000-7fa397b94000 r--s 00001000 08:04 9437922                    /home/gunjan/.gradle/caches/modules-2/files-2.1/com.esotericsoftware/minlog/1.3.0/ff07b5f1b01d2f92bb00a337f9a94873712f0827/minlog-1.3.0.jar
7fa397b94000-7fa397b9c000 r--s 00048000 08:04 9437888                    /home/gunjan/.gradle/caches/modules-2/files-2.1/com.esotericsoftware/kryo/4.0.0/9f5c64c1315ec79bee0f56bb88e4ae94b65048ce/kryo-4.0.0.jar
7fa397b9c000-7fa397c46000 rw-p 00000000 00:00 0 
7fa397c46000-7fa397c49000 ---p 00000000 00:00 0 
7fa397c49000-7fa397d49000 rw-p 00000000 00:00 0 
7fa397d49000-7fa397d4a000 r--s 00007000 08:04 202                        /home/gunjan/.gradle/caches/modules-2/files-2.1/com.github.mgunlogson/cuckoofilter4j/1.0.1/1ecac9da72e10f966c90d23c5d774f972d3e940f/cuckoofilter4j-1.0.1.jar
7fa397d4a000-7fa397d51000 r--s 00057000 08:04 9437886                    /home/gunjan/.gradle/caches/modules-2/files-2.1/de.ruedigermoeller/fst/2.48/a04da9aca9ecc7dcf19c5e25b89bc21468e2a3e7/fst-2.48.jar
7fa397d51000-7fa397d59000 r--s 0006e000 08:04 9437882                    /home/gunjan/.gradle/caches/modules-2/files-2.1/org.apache.commons/commons-lang3/3.5/6c6c702c89bfff3cd9e80b04d668c5e190d588c6/commons-lang3-3.5.jar
7fa397d59000-7fa397d5b000 r--s 0000c000 08:04 9437880                    /home/gunjan/.gradle/caches/modules-2/files-2.1/org.apache.commons/commons-exec/1.3/8dfb9facd0830a27b1b5f29f84593f0aeee7773b/commons-exec-1.3.jar
7fa397d5b000-7fa397d5c000 r--s 00009000 08:04 9308247                    /home/gunjan/.gradle/caches/modules-2/files-2.1/org.apache.commons/commons-csv/1.4/fc2512d2109144df353501266ac4bbe179058afd/commons-csv-1.4.jar
7fa397d5c000-7fa397d5e000 r--s 00009000 08:04 9308245                    /home/gunjan/.gradle/caches/modules-2/files-2.1/org.slf4j/slf4j-api/1.7.21/139535a69a4239db087de9bab0bee568bf8e0b70/slf4j-api-1.7.21.jar
7fa397d5e000-7fa397d86000 rw-p 00000000 00:00 0 
7fa397d86000-7fa397d8e000 rw-s 00000000 00:23 44                         /tmp/hsperfdata_gunjan/15332
7fa397d8e000-7fa397d8f000 rw-p 00000000 00:00 0 
7fa397d8f000-7fa397d90000 ---p 00000000 00:00 0 
7fa397d90000-7fa397d92000 rw-p 00000000 00:00 0 
7fa397d92000-7fa397d93000 r--p 00022000 08:04 9963124                    /usr/lib/ld-2.25.so
7fa397d93000-7fa397d94000 rw-p 00023000 08:04 9963124                    /usr/lib/ld-2.25.so
7fa397d94000-7fa397d95000 rw-p 00000000 00:00 0 
7ffc2996e000-7ffc29992000 rw-p 00000000 00:00 0                          [stack]
7ffc299b5000-7ffc299b7000 r--p 00000000 00:00 0                          [vvar]
7ffc299b7000-7ffc299b9000 r-xp 00000000 00:00 0                          [vdso]
ffffffffff600000-ffffffffff601000 r-xp 00000000 00:00 0                  [vsyscall]

VM Arguments:
jvm_args: -Xmx11g -Dfile.encoding=UTF-8 
java_command: org.activity.controller.SuperController
java_class_path (initial): /home/gunjan/git/GeolifeReloaded2_1_cleaned/bin:/home/gunjan/.gradle/caches/modules-2/files-2.1/org.slf4j/slf4j-api/1.7.21/139535a69a4239db087de9bab0bee568bf8e0b70/slf4j-api-1.7.21.jar:/home/gunjan/.gradle/caches/modules-2/files-2.1/org.apache.commons/commons-csv/1.4/fc2512d2109144df353501266ac4bbe179058afd/commons-csv-1.4.jar:/home/gunjan/.gradle/caches/modules-2/files-2.1/org.apache.commons/commons-exec/1.3/8dfb9facd0830a27b1b5f29f84593f0aeee7773b/commons-exec-1.3.jar:/home/gunjan/.gradle/caches/modules-2/files-2.1/org.apache.commons/commons-lang3/3.5/6c6c702c89bfff3cd9e80b04d668c5e190d588c6/commons-lang3-3.5.jar:/home/gunjan/.gradle/caches/modules-2/files-2.1/org.apache.commons/commons-math3/3.6.1/e4ba98f1d4b3c80ec46392f25e094a6a2e58fcbf/commons-math3-3.6.1.jar:/home/gunjan/.gradle/caches/modules-2/files-2.1/de.ruedigermoeller/fst/2.48/a04da9aca9ecc7dcf19c5e25b89bc21468e2a3e7/fst-2.48.jar:/home/gunjan/.gradle/caches/modules-2/files-2.1/com.esotericsoftware/kryo/4.0.0/9f5c64c1315ec79bee0f56bb88e4ae94b65048ce/kryo-4.0.0.jar:/home/gunjan/.gradle/caches/modules-2/files-2.1/org.mapdb/mapdb/3.0.2/bcd8209dda05a358318b29719a9e76b21d5e4683/mapdb-3.0.2.jar:/home/gunjan/.gradle/caches/modules-2/files-2.1/nz.ac.waikato.cms.weka/weka-stable/3.8.0/5f6547867e775b416982cdcaa2dbef67855a6669/weka-stable-3.8.0.jar:/home/gunjan/.gradle/caches/modules-2/files-2.1/org.jgrapht/jgrapht-core/1.0.0/c2adf22c2d37721489de12e70f5c226832045071/jgrapht-core-1.0.0.jar:/home/gunjan/.gradle/caches/modules-2/files-2.1/org.json/json/20160810/aca5eb39e2a12fddd6c472b240afe9ebea3a6733/json-20160810.jar:/home/gunjan/.gradle/caches/modules-2/files-2.1/org.mariadb.jdbc/mariadb-java-client/1.5.4/bd0e2e8494245c2885a79fc92bc3693c88cbfab4/mariadb-java-client-1.5.4.jar:/home/gunjan/.gradle/caches/modules-2/files-2.1/com.mchange/c3p0/0.9.5.2/5f86cb6130bc6e8475615ed82d5b5e6fb226a86a/c3p0-0.9.5.2.jar:/home/gunjan/.gradle/caches/modules-2/files-2.1/com.zaxxer/HikariCP/2.5.1/b896b711e2d
Launcher Type: SUN_STANDARD

Environment Variables:
PATH=/usr/local/sbin:/usr/local/bin:/usr/bin:/opt/android-sdk/platform-tools:/usr/lib/jvm/default/bin:/usr/bin/site_perl:/usr/bin/vendor_perl:/usr/bin/core_perl
SHELL=/bin/bash
DISPLAY=:0

Signal Handlers:
SIGSEGV: [libjvm.so+0xac7800], sa_mask[0]=11111111011111111101111111111110, sa_flags=SA_RESTART|SA_SIGINFO
SIGBUS: [libjvm.so+0xac7800], sa_mask[0]=11111111011111111101111111111110, sa_flags=SA_RESTART|SA_SIGINFO
SIGFPE: [libjvm.so+0x920990], sa_mask[0]=11111111011111111101111111111110, sa_flags=SA_RESTART|SA_SIGINFO
SIGPIPE: [libjvm.so+0x920990], sa_mask[0]=11111111011111111101111111111110, sa_flags=SA_RESTART|SA_SIGINFO
SIGXFSZ: [libjvm.so+0x920990], sa_mask[0]=11111111011111111101111111111110, sa_flags=SA_RESTART|SA_SIGINFO
SIGILL: [libjvm.so+0x920990], sa_mask[0]=11111111011111111101111111111110, sa_flags=SA_RESTART|SA_SIGINFO
SIGUSR1: SIG_DFL, sa_mask[0]=00000000000000000000000000000000, sa_flags=none
SIGUSR2: [libjvm.so+0x9221d0], sa_mask[0]=00100000000000000000000000000000, sa_flags=SA_RESTART|SA_SIGINFO
SIGHUP: [libjvm.so+0x9235d0], sa_mask[0]=11111111011111111101111111111110, sa_flags=SA_RESTART|SA_SIGINFO
SIGINT: SIG_IGN, sa_mask[0]=00000000000000000000000000000000, sa_flags=none
SIGTERM: [libjvm.so+0x9235d0], sa_mask[0]=11111111011111111101111111111110, sa_flags=SA_RESTART|SA_SIGINFO
SIGQUIT: [libjvm.so+0x9235d0], sa_mask[0]=11111111011111111101111111111110, sa_flags=SA_RESTART|SA_SIGINFO


---------------  S Y S T E M  ---------------

OS:DISTRIB_ID=ManjaroLinux
DISTRIB_RELEASE=17.0.1
DISTRIB_CODENAME=Gellivara
DISTRIB_DESCRIPTION="Manjaro Linux"

uname:Linux 4.4.63-1-MANJARO #1 SMP PREEMPT Fri Apr 21 08:43:38 UTC 2017 x86_64
libc:glibc 2.25 NPTL 2.25 
rlimit: STACK 8192k, CORE infinity, NPROC 62741, NOFILE 4096, AS infinity
load average:3.50 1.79 1.28

/proc/meminfo:
MemTotal:       16343804 kB
MemFree:          271128 kB
MemAvailable:     667912 kB
Buffers:           31488 kB
Cached:          1447564 kB
SwapCached:            0 kB
Active:         14700672 kB
Inactive:        1006456 kB
Active(anon):   14363552 kB
Inactive(anon):   820992 kB
Active(file):     337120 kB
Inactive(file):   185464 kB
Unevictable:          64 kB
Mlocked:              64 kB
SwapTotal:             0 kB
SwapFree:              0 kB
Dirty:              1356 kB
Writeback:             0 kB
AnonPages:      14227904 kB
Mapped:           852028 kB
Shmem:            956284 kB
Slab:             140112 kB
SReclaimable:      86268 kB
SUnreclaim:        53844 kB
KernelStack:       15552 kB
PageTables:       110516 kB
NFS_Unstable:          0 kB
Bounce:                0 kB
WritebackTmp:          0 kB
CommitLimit:     8171900 kB
Committed_AS:   23840964 kB
VmallocTotal:   34359738367 kB
VmallocUsed:           0 kB
VmallocChunk:          0 kB
HardwareCorrupted:     0 kB
AnonHugePages:   9961472 kB
HugePages_Total:       0
HugePages_Free:        0
HugePages_Rsvd:        0
HugePages_Surp:        0
Hugepagesize:       2048 kB
DirectMap4k:      197272 kB
DirectMap2M:    11243520 kB
DirectMap1G:     5242880 kB


CPU:total 4 (2 cores per cpu, 2 threads per core) family 6 model 69 stepping 1, cmov, cx8, fxsr, mmx, sse, sse2, sse3, ssse3, sse4.1, sse4.2, popcnt, avx, avx2, aes, clmul, erms, lzcnt, ht, tsc, tscinvbit, bmi1, bmi2

/proc/cpuinfo:
processor	: 0
vendor_id	: GenuineIntel
cpu family	: 6
model		: 69
model name	: Intel(R) Core(TM) i5-4278U CPU @ 2.60GHz
stepping	: 1
microcode	: 0x1f
cpu MHz		: 2683.078
cache size	: 3072 KB
physical id	: 0
siblings	: 4
core id		: 0
cpu cores	: 2
apicid		: 0
initial apicid	: 0
fpu		: yes
fpu_exception	: yes
cpuid level	: 13
wp		: yes
flags		: fpu vme de pse tsc msr pae mce cx8 apic sep mtrr pge mca cmov pat pse36 clflush dts acpi mmx fxsr sse sse2 ss ht tm pbe syscall nx pdpe1gb rdtscp lm constant_tsc arch_perfmon pebs bts rep_good nopl xtopology nonstop_tsc aperfmperf eagerfpu pni pclmulqdq dtes64 monitor ds_cpl vmx est tm2 ssse3 sdbg fma cx16 xtpr pdcm pcid sse4_1 sse4_2 x2apic movbe popcnt tsc_deadline_timer aes xsave avx f16c rdrand lahf_lm abm ida arat epb pln pts dtherm tpr_shadow vnmi flexpriority ept vpid fsgsbase tsc_adjust bmi1 avx2 smep bmi2 erms invpcid xsaveopt
bugs		:
bogomips	: 5201.26
clflush size	: 64
cache_alignment	: 64
address sizes	: 39 bits physical, 48 bits virtual
power management:

processor	: 1
vendor_id	: GenuineIntel
cpu family	: 6
model		: 69
model name	: Intel(R) Core(TM) i5-4278U CPU @ 2.60GHz
stepping	: 1
microcode	: 0x1f
cpu MHz		: 2644.992
cache size	: 3072 KB
physical id	: 0
siblings	: 4
core id		: 1
cpu cores	: 2
apicid		: 2
initial apicid	: 2
fpu		: yes
fpu_exception	: yes
cpuid level	: 13
wp		: yes
flags		: fpu vme de pse tsc msr pae mce cx8 apic sep mtrr pge mca cmov pat pse36 clflush dts acpi mmx fxsr sse sse2 ss ht tm pbe syscall nx pdpe1gb rdtscp lm constant_tsc arch_perfmon pebs bts rep_good nopl xtopology nonstop_tsc aperfmperf eagerfpu pni pclmulqdq dtes64 monitor ds_cpl vmx est tm2 ssse3 sdbg fma cx16 xtpr pdcm pcid sse4_1 sse4_2 x2apic movbe popcnt tsc_deadline_timer aes xsave avx f16c rdrand lahf_lm abm ida arat epb pln pts dtherm tpr_shadow vnmi flexpriority ept vpid fsgsbase tsc_adjust bmi1 avx2 smep bmi2 erms invpcid xsaveopt
bugs		:
bogomips	: 5201.26
clflush size	: 64
cache_alignment	: 64
address sizes	: 39 bits physical, 48 bits virtual
power management:

processor	: 2
vendor_id	: GenuineIntel
cpu family	: 6
model		: 69
model name	: Intel(R) Core(TM) i5-4278U CPU @ 2.60GHz
stepping	: 1
microcode	: 0x1f
cpu MHz		: 2699.937
cache size	: 3072 KB
physical id	: 0
siblings	: 4
core id		: 0
cpu cores	: 2
apicid		: 1
initial apicid	: 1
fpu		: yes
fpu_exception	: yes
cpuid level	: 13
wp		: yes
flags		: fpu vme de pse tsc msr pae mce cx8 apic sep mtrr pge mca cmov pat pse36 clflush dts acpi mmx fxsr sse sse2 ss ht tm pbe syscall nx pdpe1gb rdtscp lm constant_tsc arch_perfmon pebs bts rep_good nopl xtopology nonstop_tsc aperfmperf eagerfpu pni pclmulqdq dtes64 monitor ds_cpl vmx est tm2 ssse3 sdbg fma cx16 xtpr pdcm pcid sse4_1 sse4_2 x2apic movbe popcnt tsc_deadline_timer aes xsave avx f16c rdrand lahf_lm abm ida arat epb pln pts dtherm tpr_shadow vnmi flexpriority ept vpid fsgsbase tsc_adjust bmi1 avx2 smep bmi2 erms invpcid xsaveopt
bugs		:
bogomips	: 5201.26
clflush size	: 64
cache_alignment	: 64
address sizes	: 39 bits physical, 48 bits virtual
power management:

processor	: 3
vendor_id	: GenuineIntel
cpu family	: 6
model		: 69
model name	: Intel(R) Core(TM) i5-4278U CPU @ 2.60GHz
stepping	: 1
microcode	: 0x1f
cpu MHz		: 2699.937
cache size	: 3072 KB
physical id	: 0
siblings	: 4
core id		: 1
cpu cores	: 2
apicid		: 3
initial apicid	: 3
fpu		: yes
fpu_exception	: yes
cpuid level	: 13
wp		: yes
flags		: fpu vme de pse tsc msr pae mce cx8 apic sep mtrr pge mca cmov pat pse36 clflush dts acpi mmx fxsr sse sse2 ss ht tm pbe syscall nx pdpe1gb rdtscp lm constant_tsc arch_perfmon pebs bts rep_good nopl xtopology nonstop_tsc aperfmperf eagerfpu pni pclmulqdq dtes64 monitor ds_cpl vmx est tm2 ssse3 sdbg fma cx16 xtpr pdcm pcid sse4_1 sse4_2 x2apic movbe popcnt tsc_deadline_timer aes xsave avx f16c rdrand lahf_lm abm ida arat epb pln pts dtherm tpr_shadow vnmi flexpriority ept vpid fsgsbase tsc_adjust bmi1 avx2 smep bmi2 erms invpcid xsaveopt
bugs		:
bogomips	: 5201.26
clflush size	: 64
cache_alignment	: 64
address sizes	: 39 bits physical, 48 bits virtual
power management:



Memory: 4k page, physical 16343804k(271128k free), swap 0k(0k free)

vm_info: Java HotSpot(TM) 64-Bit Server VM (25.112-b15) for linux-amd64 JRE (1.8.0_112-b15), built on Sep 22 2016 21:10:53 by "java_re" with gcc 4.3.0 20080428 (Red Hat 4.3.0-8)

time: Thu May  4 18:15:12 2017
elapsed time: 111 seconds (0d 0h 1m 51s)

