#
# There is insufficient memory for the Java Runtime Environment to continue.
# Native memory allocation (mmap) failed to map 1229979648 bytes for committing reserved memory.
# Possible reasons:
#   The system is out of physical RAM or swap space
#   In 32 bit mode, the process size limit was hit
# Possible solutions:
#   Reduce memory load on the system
#   Increase physical memory or swap space
#   Check if swap backing store is full
#   Use 64 bit Java on a 64 bit OS
#   Decrease Java heap size (-Xmx/-Xms)
#   Decrease number of Java threads
#   Decrease Java thread stack sizes (-Xss)
#   Set larger code cache with -XX:ReservedCodeCacheSize=
# This output file may be truncated or incomplete.
#
#  Out of Memory Error (os_linux.cpp:2627), pid=17492, tid=0x00007fa6db08d700
#
# JRE version: Java(TM) SE Runtime Environment (8.0_112-b15) (build 1.8.0_112-b15)
# Java VM: Java HotSpot(TM) 64-Bit Server VM (25.112-b15 mixed mode linux-amd64 compressed oops)
# Core dump written. Default location: /home/gunjan/git/GeolifeReloaded2_1_cleaned/core or core.17492
#

---------------  T H R E A D  ---------------

Current thread (0x00007fa71007c000):  VMThread [stack: 0x00007fa6daf8d000,0x00007fa6db08e000] [id=17503]

Stack: [0x00007fa6daf8d000,0x00007fa6db08e000],  sp=0x00007fa6db08c390,  free space=1020k
Native frames: (J=compiled Java code, j=interpreted, Vv=VM code, C=native code)
V  [libjvm.so+0xac6f7a]  VMError::report_and_die()+0x2ba
V  [libjvm.so+0x4fc71b]  report_vm_out_of_memory(char const*, int, unsigned long, VMErrorType, char const*)+0x8b
V  [libjvm.so+0x923b13]  os::Linux::commit_memory_impl(char*, unsigned long, bool)+0x103
V  [libjvm.so+0x924069]  os::pd_commit_memory(char*, unsigned long, unsigned long, bool)+0x29
V  [libjvm.so+0x91e37a]  os::commit_memory(char*, unsigned long, unsigned long, bool)+0x2a
V  [libjvm.so+0x992da3]  PSVirtualSpace::expand_by(unsigned long)+0x53
V  [libjvm.so+0x983670]  PSOldGen::expand(unsigned long)+0x170
V  [libjvm.so+0x98387b]  PSOldGen::resize(unsigned long)+0x1cb
V  [libjvm.so+0x98b571]  PSParallelCompact::invoke_no_policy(bool)+0x991
V  [libjvm.so+0x990ecd]  PSScavenge::invoke()+0x1ad
V  [libjvm.so+0x947ac0]  ParallelScavengeHeap::failed_mem_allocate(unsigned long)+0x70
V  [libjvm.so+0xac8997]  VM_ParallelGCFailedAllocation::doit()+0x97
V  [libjvm.so+0xad0475]  VM_Operation::evaluate()+0x55
V  [libjvm.so+0xace84a]  VMThread::evaluate_operation(VM_Operation*)+0xba
V  [libjvm.so+0xacebce]  VMThread::loop()+0x1ce
V  [libjvm.so+0xacf040]  VMThread::run()+0x70
V  [libjvm.so+0x926138]  java_start(Thread*)+0x108

VM_Operation (0x00007fa718719280): ParallelGCFailedAllocation, mode: safepoint, requested by thread 0x00007fa71000e000


---------------  P R O C E S S  ---------------

Java Threads: ( => current thread )
  0x00007fa7100c4800 JavaThread "Service Thread" daemon [_thread_blocked, id=17510, stack(0x00007fa6da6a5000,0x00007fa6da7a6000)]
  0x00007fa7100c2000 JavaThread "C1 CompilerThread2" daemon [_thread_blocked, id=17509, stack(0x00007fa6da7a6000,0x00007fa6da8a7000)]
  0x00007fa7100c0000 JavaThread "C2 CompilerThread1" daemon [_thread_blocked, id=17508, stack(0x00007fa6da8a7000,0x00007fa6da9a8000)]
  0x00007fa7100bd000 JavaThread "C2 CompilerThread0" daemon [_thread_blocked, id=17507, stack(0x00007fa6da9a8000,0x00007fa6daaa9000)]
  0x00007fa7100bb800 JavaThread "Signal Dispatcher" daemon [_thread_blocked, id=17506, stack(0x00007fa6daaa9000,0x00007fa6dabaa000)]
  0x00007fa710088800 JavaThread "Finalizer" daemon [_thread_blocked, id=17505, stack(0x00007fa6dad8b000,0x00007fa6dae8c000)]
  0x00007fa710083800 JavaThread "Reference Handler" daemon [_thread_blocked, id=17504, stack(0x00007fa6dae8c000,0x00007fa6daf8d000)]
  0x00007fa71000e000 JavaThread "main" [_thread_blocked, id=17494, stack(0x00007fa71861a000,0x00007fa71871b000)]

Other Threads:
=>0x00007fa71007c000 VMThread [stack: 0x00007fa6daf8d000,0x00007fa6db08e000] [id=17503]
  0x00007fa7100c7800 WatcherThread [stack: 0x00007fa6da5a4000,0x00007fa6da6a5000] [id=17511]

VM state:at safepoint (normal execution)

VM Mutex/Monitor currently owned by a thread:  ([mutex/lock_event])
[0x00007fa71000b640] ExpandHeap_lock - owner thread: 0x00007fa71007c000
[0x00007fa71000bcc0] Threads_lock - owner thread: 0x00007fa71007c000
[0x00007fa71000c1c0] Heap_lock - owner thread: 0x00007fa71000e000

Heap:
 PSYoungGen      total 664064K, used 154220K [0x00000006d5580000, 0x000000075a500000, 0x00000007c0000000)
  eden space 267776K, 0% used [0x00000006d5580000,0x00000006d5580000,0x00000006e5b00000)
  from space 396288K, 38% used [0x00000006e5b00000,0x00000006ef19b0e0,0x00000006fde00000)
  to   space 938496K, 0% used [0x0000000721080000,0x0000000721080000,0x000000075a500000)
 ParOldGen       total 5576192K, used 5576094K [0x0000000500000000, 0x0000000654580000, 0x00000006d5580000)
  object space 5576192K, 99% used [0x0000000500000000,0x0000000654567818,0x0000000654580000)
 Metaspace       used 8889K, capacity 9256K, committed 9600K, reserved 1058816K
  class space    used 940K, capacity 1054K, committed 1152K, reserved 1048576K

Card table byte_map: [0x00007fa714432000,0x00007fa715a33000] byte_map_base: 0x00007fa711c32000

Marking Bits: (ParMarkBitMap*) 0x00007fa717b39c80
 Begin Bits: [0x00007fa6ea155000, 0x00007fa6f5155000)
 End Bits:   [0x00007fa6f5155000, 0x00007fa700155000)

Polling page: 0x00007fa718762000

CodeCache: size=245760Kb used=5133Kb max_used=5161Kb free=240627Kb
 bounds [0x00007fa701000000, 0x00007fa701520000, 0x00007fa710000000]
 total_blobs=1683 nmethods=1328 adapters=269
 compilation: enabled

Compilation events (10 events):
Event: 77.791 Thread 0x00007fa7100bd000 1327 %     4       org.activity.util.TimelineUtils::convertCheckinEntriesToActivityObjectsGowalla @ 397 (898 bytes)
Event: 78.113 Thread 0x00007fa7100c0000 1328       4       java.util.AbstractCollection::toArray (147 bytes)
Event: 78.122 Thread 0x00007fa7100c0000 nmethod 1328 0x00007fa7014df790 code [0x00007fa7014df900, 0x00007fa7014dfd98]
Event: 78.122 Thread 0x00007fa7100c0000 1329       4       java.util.ArrayList::subList (22 bytes)
Event: 78.124 Thread 0x00007fa7100c0000 nmethod 1329 0x00007fa7014df390 code [0x00007fa7014df4e0, 0x00007fa7014df658]
Event: 78.134 Thread 0x00007fa7100c0000 1330       4       java.util.AbstractCollection::toArray (147 bytes)
Event: 78.148 Thread 0x00007fa7100c0000 nmethod 1330 0x00007fa7014e68d0 code [0x00007fa7014e6a60, 0x00007fa7014e70d8]
Event: 78.152 Thread 0x00007fa7100c0000 1331       4       java.util.AbstractCollection::toArray (147 bytes)
Event: 78.180 Thread 0x00007fa7100c0000 nmethod 1331 0x00007fa7014e81d0 code [0x00007fa7014e8360, 0x00007fa7014e8df8]
Event: 78.557 Thread 0x00007fa7100bd000 nmethod 1327% 0x00007fa7015056d0 code [0x00007fa701505c00, 0x00007fa70150c0a0]

GC Heap History (10 events):
Event: 82.051 GC heap after
Heap after GC invocations=68 (full 9):
 PSYoungGen      total 1164288K, used 685440K [0x00000006d5580000, 0x000000075d780000, 0x00000007c0000000)
  eden space 258048K, 0% used [0x00000006d5580000,0x00000006d5580000,0x00000006e5180000)
  from space 906240K, 75% used [0x00000006e5180000,0x000000070eee0000,0x000000071c680000)
  to   space 971776K, 0% used [0x0000000722280000,0x0000000722280000,0x000000075d780000)
 ParOldGen       total 5576192K, used 4795971K [0x0000000500000000, 0x0000000654580000, 0x00000006d5580000)
  object space 5576192K, 86% used [0x0000000500000000,0x0000000624b90ee8,0x0000000654580000)
 Metaspace       used 8889K, capacity 9256K, committed 9600K, reserved 1058816K
  class space    used 940K, capacity 1054K, committed 1152K, reserved 1048576K
}
Event: 82.221 GC heap before
{Heap before GC invocations=69 (full 9):
 PSYoungGen      total 1164288K, used 943488K [0x00000006d5580000, 0x000000075d780000, 0x00000007c0000000)
  eden space 258048K, 100% used [0x00000006d5580000,0x00000006e5180000,0x00000006e5180000)
  from space 906240K, 75% used [0x00000006e5180000,0x000000070eee0000,0x000000071c680000)
  to   space 971776K, 0% used [0x0000000722280000,0x0000000722280000,0x000000075d780000)
 ParOldGen       total 5576192K, used 4795971K [0x0000000500000000, 0x0000000654580000, 0x00000006d5580000)
  object space 5576192K, 86% used [0x0000000500000000,0x0000000624b90ee8,0x0000000654580000)
 Metaspace       used 8889K, capacity 9256K, committed 9600K, reserved 1058816K
  class space    used 940K, capacity 1054K, committed 1152K, reserved 1048576K
Event: 82.596 GC heap after
Heap after GC invocations=69 (full 9):
 PSYoungGen      total 1209856K, used 679712K [0x00000006d5580000, 0x0000000763800000, 0x00000007c0000000)
  eden space 238080K, 0% used [0x00000006d5580000,0x00000006d5580000,0x00000006e3e00000)
  from space 971776K, 69% used [0x0000000722280000,0x000000074ba48000,0x000000075d780000)
  to   space 1020416K, 0% used [0x00000006e3e00000,0x00000006e3e00000,0x0000000722280000)
 ParOldGen       total 5576192K, used 4867203K [0x0000000500000000, 0x0000000654580000, 0x00000006d5580000)
  object space 5576192K, 87% used [0x0000000500000000,0x0000000629120ee8,0x0000000654580000)
 Metaspace       used 8889K, capacity 9256K, committed 9600K, reserved 1058816K
  class space    used 940K, capacity 1054K, committed 1152K, reserved 1048576K
}
Event: 82.758 GC heap before
{Heap before GC invocations=70 (full 9):
 PSYoungGen      total 1209856K, used 917792K [0x00000006d5580000, 0x0000000763800000, 0x00000007c0000000)
  eden space 238080K, 100% used [0x00000006d5580000,0x00000006e3e00000,0x00000006e3e00000)
  from space 971776K, 69% used [0x0000000722280000,0x000000074ba48000,0x000000075d780000)
  to   space 1020416K, 0% used [0x00000006e3e00000,0x00000006e3e00000,0x0000000722280000)
 ParOldGen       total 5576192K, used 4867203K [0x0000000500000000, 0x0000000654580000, 0x00000006d5580000)
  object space 5576192K, 87% used [0x0000000500000000,0x0000000629120ee8,0x0000000654580000)
 Metaspace       used 8889K, capacity 9256K, committed 9600K, reserved 1058816K
  class space    used 940K, capacity 1054K, committed 1152K, reserved 1048576K
Event: 83.136 GC heap after
Heap after GC invocations=70 (full 9):
 PSYoungGen      total 1258496K, used 591808K [0x00000006d5580000, 0x0000000762980000, 0x00000007c0000000)
  eden space 238080K, 0% used [0x00000006d5580000,0x00000006d5580000,0x00000006e3e00000)
  from space 1020416K, 57% used [0x00000006e3e00000,0x0000000707ff0000,0x0000000722280000)
  to   space 1023488K, 0% used [0x0000000724200000,0x0000000724200000,0x0000000762980000)
 ParOldGen       total 5576192K, used 5015923K [0x0000000500000000, 0x0000000654580000, 0x00000006d5580000)
  object space 5576192K, 89% used [0x0000000500000000,0x000000063225cee8,0x0000000654580000)
 Metaspace       used 8889K, capacity 9256K, committed 9600K, reserved 1058816K
  class space    used 940K, capacity 1054K, committed 1152K, reserved 1048576K
}
Event: 83.309 GC heap before
{Heap before GC invocations=71 (full 9):
 PSYoungGen      total 1258496K, used 829888K [0x00000006d5580000, 0x0000000762980000, 0x00000007c0000000)
  eden space 238080K, 100% used [0x00000006d5580000,0x00000006e3e00000,0x00000006e3e00000)
  from space 1020416K, 57% used [0x00000006e3e00000,0x0000000707ff0000,0x0000000722280000)
  to   space 1023488K, 0% used [0x0000000724200000,0x0000000724200000,0x0000000762980000)
 ParOldGen       total 5576192K, used 5015923K [0x0000000500000000, 0x0000000654580000, 0x00000006d5580000)
  object space 5576192K, 89% used [0x0000000500000000,0x000000063225cee8,0x0000000654580000)
 Metaspace       used 8889K, capacity 9256K, committed 9600K, reserved 1058816K
  class space    used 940K, capacity 1054K, committed 1152K, reserved 1048576K
Event: 83.644 GC heap after
Heap after GC invocations=71 (full 9):
 PSYoungGen      total 1213952K, used 490912K [0x00000006d5580000, 0x000000075de00000, 0x00000007c0000000)
  eden space 267776K, 0% used [0x00000006d5580000,0x00000006d5580000,0x00000006e5b00000)
  from space 946176K, 51% used [0x0000000724200000,0x0000000742168000,0x000000075de00000)
  to   space 984576K, 0% used [0x00000006e5b00000,0x00000006e5b00000,0x0000000721c80000)
 ParOldGen       total 5576192K, used 5177769K [0x0000000500000000, 0x0000000654580000, 0x00000006d5580000)
  object space 5576192K, 92% used [0x0000000500000000,0x000000063c06a4d8,0x0000000654580000)
 Metaspace       used 8889K, capacity 9256K, committed 9600K, reserved 1058816K
  class space    used 940K, capacity 1054K, committed 1152K, reserved 1048576K
}
Event: 83.845 GC heap before
{Heap before GC invocations=72 (full 9):
 PSYoungGen      total 1213952K, used 758688K [0x00000006d5580000, 0x000000075de00000, 0x00000007c0000000)
  eden space 267776K, 100% used [0x00000006d5580000,0x00000006e5b00000,0x00000006e5b00000)
  from space 946176K, 51% used [0x0000000724200000,0x0000000742168000,0x000000075de00000)
  to   space 984576K, 0% used [0x00000006e5b00000,0x00000006e5b00000,0x0000000721c80000)
 ParOldGen       total 5576192K, used 5177769K [0x0000000500000000, 0x0000000654580000, 0x00000006d5580000)
  object space 5576192K, 92% used [0x0000000500000000,0x000000063c06a4d8,0x0000000654580000)
 Metaspace       used 8889K, capacity 9256K, committed 9600K, reserved 1058816K
  class space    used 940K, capacity 1054K, committed 1152K, reserved 1048576K
Event: 84.210 GC heap after
Heap after GC invocations=72 (full 9):
 PSYoungGen      total 664064K, used 396256K [0x00000006d5580000, 0x000000075a500000, 0x00000007c0000000)
  eden space 267776K, 0% used [0x00000006d5580000,0x00000006d5580000,0x00000006e5b00000)
  from space 396288K, 99% used [0x00000006e5b00000,0x00000006fddf8000,0x00000006fde00000)
  to   space 938496K, 0% used [0x0000000721080000,0x0000000721080000,0x000000075a500000)
 ParOldGen       total 5576192K, used 5340934K [0x0000000500000000, 0x0000000654580000, 0x00000006d5580000)
  object space 5576192K, 95% used [0x0000000500000000,0x0000000645fc1ba0,0x0000000654580000)
 Metaspace       used 8889K, capacity 9256K, committed 9600K, reserved 1058816K
  class space    used 940K, capacity 1054K, committed 1152K, reserved 1048576K
}
Event: 84.210 GC heap before
{Heap before GC invocations=73 (full 10):
 PSYoungGen      total 664064K, used 396256K [0x00000006d5580000, 0x000000075a500000, 0x00000007c0000000)
  eden space 267776K, 0% used [0x00000006d5580000,0x00000006d5580000,0x00000006e5b00000)
  from space 396288K, 99% used [0x00000006e5b00000,0x00000006fddf8000,0x00000006fde00000)
  to   space 938496K, 0% used [0x0000000721080000,0x0000000721080000,0x000000075a500000)
 ParOldGen       total 5576192K, used 5340934K [0x0000000500000000, 0x0000000654580000, 0x00000006d5580000)
  object space 5576192K, 95% used [0x0000000500000000,0x0000000645fc1ba0,0x0000000654580000)
 Metaspace       used 8889K, capacity 9256K, committed 9600K, reserved 1058816K
  class space    used 940K, capacity 1054K, committed 1152K, reserved 1048576K

Deoptimization events (10 events):
Event: 76.528 Thread 0x00007fa71000e000 Uncommon trap: reason=unstable_if action=reinterpret pc=0x00007fa7013a9d4c method=java.util.Date.getTimeImpl()J @ 14
Event: 76.727 Thread 0x00007fa71000e000 Uncommon trap: reason=class_check action=maybe_recompile pc=0x00007fa7012b88a4 method=java.util.HashMap.putVal(ILjava/lang/Object;Ljava/lang/Object;ZZ)Ljava/lang/Object; @ 203
Event: 76.727 Thread 0x00007fa71000e000 Uncommon trap: reason=class_check action=maybe_recompile pc=0x00007fa7012b88a4 method=java.util.HashMap.putVal(ILjava/lang/Object;Ljava/lang/Object;ZZ)Ljava/lang/Object; @ 203
Event: 76.744 Thread 0x00007fa71000e000 Uncommon trap: reason=class_check action=maybe_recompile pc=0x00007fa7012b88a4 method=java.util.HashMap.putVal(ILjava/lang/Object;Ljava/lang/Object;ZZ)Ljava/lang/Object; @ 203
Event: 76.744 Thread 0x00007fa71000e000 Uncommon trap: reason=class_check action=maybe_recompile pc=0x00007fa7012b88a4 method=java.util.HashMap.putVal(ILjava/lang/Object;Ljava/lang/Object;ZZ)Ljava/lang/Object; @ 203
Event: 78.122 Thread 0x00007fa71000e000 Uncommon trap: reason=predicate action=maybe_recompile pc=0x00007fa7014dfc0c method=java.util.AbstractCollection.toArray([Ljava/lang/Object;)[Ljava/lang/Object; @ 49
Event: 78.149 Thread 0x00007fa71000e000 Uncommon trap: reason=array_check action=maybe_recompile pc=0x00007fa7014e6e38 method=java.util.AbstractCollection.toArray([Ljava/lang/Object;)[Ljava/lang/Object; @ 119
Event: 78.149 Thread 0x00007fa71000e000 Uncommon trap: reason=array_check action=maybe_recompile pc=0x00007fa7014e6e38 method=java.util.AbstractCollection.toArray([Ljava/lang/Object;)[Ljava/lang/Object; @ 119
Event: 78.149 Thread 0x00007fa71000e000 Uncommon trap: reason=array_check action=maybe_recompile pc=0x00007fa7014e6e38 method=java.util.AbstractCollection.toArray([Ljava/lang/Object;)[Ljava/lang/Object; @ 119
Event: 78.149 Thread 0x00007fa71000e000 Uncommon trap: reason=array_check action=maybe_recompile pc=0x00007fa7014e6e38 method=java.util.AbstractCollection.toArray([Ljava/lang/Object;)[Ljava/lang/Object; @ 119

Internal exceptions (10 events):
Event: 0.209 Thread 0x00007fa71000e000 Exception <a 'java/lang/NoSuchFieldError': method resolution failed> (0x00000006d5c2d080) thrown at [/HUDSON3/workspace/8-2-build-linux-amd64/jdk8u112/7884/hotspot/src/share/vm/prims/methodHandles.cpp, line 1146]
Event: 0.607 Thread 0x00007fa71000e000 Implicit null exception at 0x00007fa7012c19d9 to 0x00007fa7012c4605
Event: 0.654 Thread 0x00007fa71000e000 Exception <a 'java/lang/ArrayIndexOutOfBoundsException'> (0x00000006d7434750) thrown at [/HUDSON3/workspace/8-2-build-linux-amd64/jdk8u112/7884/hotspot/src/share/vm/runtime/sharedRuntime.cpp, line 605]
Event: 46.275 Thread 0x00007fa71000e000 Implicit null exception at 0x00007fa70132c174 to 0x00007fa70132c2c9
Event: 46.275 Thread 0x00007fa71000e000 Implicit null exception at 0x00007fa7013456a5 to 0x00007fa701347c59
Event: 46.275 Thread 0x00007fa71000e000 Implicit null exception at 0x00007fa70135cfde to 0x00007fa70135d769
Event: 46.276 Thread 0x00007fa71000e000 Implicit null exception at 0x00007fa701335e5d to 0x00007fa701337899
Event: 46.277 Thread 0x00007fa71000e000 Implicit null exception at 0x00007fa701353ec3 to 0x00007fa701354be9
Event: 46.284 Thread 0x00007fa71000e000 Implicit null exception at 0x00007fa70136855f to 0x00007fa7013699c5
Event: 46.285 Thread 0x00007fa71000e000 Implicit null exception at 0x00007fa70134e434 to 0x00007fa70134e819

Events (10 events):
Event: 81.547 Executing VM operation: ParallelGCFailedAllocation done
Event: 81.712 Executing VM operation: ParallelGCFailedAllocation
Event: 82.051 Executing VM operation: ParallelGCFailedAllocation done
Event: 82.220 Executing VM operation: ParallelGCFailedAllocation
Event: 82.596 Executing VM operation: ParallelGCFailedAllocation done
Event: 82.758 Executing VM operation: ParallelGCFailedAllocation
Event: 83.136 Executing VM operation: ParallelGCFailedAllocation done
Event: 83.309 Executing VM operation: ParallelGCFailedAllocation
Event: 83.644 Executing VM operation: ParallelGCFailedAllocation done
Event: 83.845 Executing VM operation: ParallelGCFailedAllocation


Dynamic libraries:
00400000-00401000 r-xp 00000000 08:04 1180653                            /usr/lib/jvm/java-8-jdk/jre/bin/java
00600000-00601000 rw-p 00000000 08:04 1180653                            /usr/lib/jvm/java-8-jdk/jre/bin/java
00f3d000-00f5e000 rw-p 00000000 00:00 0                                  [heap]
500000000-654580000 rw-p 00000000 00:00 0 
69da80000-6d5580000 ---p 00000000 00:00 0 
6d5580000-75a500000 rw-p 00000000 00:00 0 
75a500000-7c0000000 ---p 00000000 00:00 0 
7c0000000-7c0120000 rw-p 00000000 00:00 0 
7c0120000-800000000 ---p 00000000 00:00 0 
7fa6a8000000-7fa6a80fe000 rw-p 00000000 00:00 0 
7fa6a80fe000-7fa6ac000000 ---p 00000000 00:00 0 
7fa6ac000000-7fa6ac078000 rw-p 00000000 00:00 0 
7fa6ac078000-7fa6b0000000 ---p 00000000 00:00 0 
7fa6b0000000-7fa6b0021000 rw-p 00000000 00:00 0 
7fa6b0021000-7fa6b4000000 ---p 00000000 00:00 0 
7fa6b4000000-7fa6b4021000 rw-p 00000000 00:00 0 
7fa6b4021000-7fa6b8000000 ---p 00000000 00:00 0 
7fa6b8000000-7fa6b8730000 rw-p 00000000 00:00 0 
7fa6b8730000-7fa6bc000000 ---p 00000000 00:00 0 
7fa6bc000000-7fa6bc34f000 rw-p 00000000 00:00 0 
7fa6bc34f000-7fa6c0000000 ---p 00000000 00:00 0 
7fa6c0000000-7fa6c0021000 rw-p 00000000 00:00 0 
7fa6c0021000-7fa6c4000000 ---p 00000000 00:00 0 
7fa6c4000000-7fa6c4b1d000 rw-p 00000000 00:00 0 
7fa6c4b1d000-7fa6c8000000 ---p 00000000 00:00 0 
7fa6c8000000-7fa6c8021000 rw-p 00000000 00:00 0 
7fa6c8021000-7fa6cc000000 ---p 00000000 00:00 0 
7fa6cc000000-7fa6cc021000 rw-p 00000000 00:00 0 
7fa6cc021000-7fa6d0000000 ---p 00000000 00:00 0 
7fa6d0000000-7fa6d028f000 rw-p 00000000 00:00 0 
7fa6d028f000-7fa6d4000000 ---p 00000000 00:00 0 
7fa6d4000000-7fa6d7979000 rw-p 00000000 00:00 0 
7fa6d7979000-7fa6d8000000 ---p 00000000 00:00 0 
7fa6da0e2000-7fa6da122000 rw-p 00000000 00:00 0 
7fa6da122000-7fa6da2e2000 ---p 00000000 00:00 0 
7fa6da2e2000-7fa6da2e3000 r--s 00223000 08:04 8401667                    /home/gunjan/EclipseWorkspace/EditDistanceStandAlone/build/libs/EditDistanceStandAlone-capsule.jar
7fa6da2e3000-7fa6da2e7000 r--s 0001e000 08:04 8657503                    /home/gunjan/git/GeolifeReloaded2_1_cleaned/libs/hgapi83_amidst-64.jar
7fa6da2e7000-7fa6da2e8000 r--s 00223000 08:04 8657850                    /home/gunjan/git/GeolifeReloaded2_1_cleaned/libs/EditDistanceStandAlone-capsule.jar
7fa6da2e8000-7fa6da30d000 r--s 004f5000 08:04 8657504                    /home/gunjan/git/GeolifeReloaded2_1_cleaned/libs/spmf.zip
7fa6da30d000-7fa6da30f000 r--s 00027000 08:04 9438017                    /home/gunjan/.gradle/caches/modules-2/files-2.1/com.github.fommil.netlib/core/1.1.2/574b480eca62f535fad6d259e144fee3ef24b66e/core-1.1.2.jar
7fa6da30f000-7fa6da311000 r--s 00001000 08:04 9438015                    /home/gunjan/.gradle/caches/modules-2/files-2.1/com.github.fommil/jniloader/1.1/4840f897eeb54d67ee14e478f8a45cc9937f3ce1/jniloader-1.1.jar
7fa6da311000-7fa6da312000 r--s 0000d000 08:04 9438013                    /home/gunjan/.gradle/caches/modules-2/files-2.1/com.github.fommil.netlib/native_system-java/1.1/3c6a2455f96b354a6940dce1393abb35ed7641da/native_system-java-1.1.jar
7fa6da312000-7fa6da313000 r--s 0000d000 08:04 9438011                    /home/gunjan/.gradle/caches/modules-2/files-2.1/com.github.fommil.netlib/native_ref-java/1.1/408c71ffbc3646dda7bee1e22bf19101e5e9ee90/native_ref-java-1.1.jar
7fa6da313000-7fa6da315000 r--s 00088000 08:04 9438009                    /home/gunjan/.gradle/caches/modules-2/files-2.1/com.github.fommil.netlib/netlib-native_system-win-i686/1.1/c25fd1881cf93f7716f47b7deec859f6b6b7be50/netlib-native_system-win-i686-1.1-natives.jar
7fa6da315000-7fa6da316000 r--s 0009b000 08:04 9438007                    /home/gunjan/.gradle/caches/modules-2/files-2.1/com.github.fommil.netlib/netlib-native_system-win-x86_64/1.1/222c7915be1daf1c26a4206f375d4957ae5f9d81/netlib-native_system-win-x86_64-1.1-natives.jar
7fa6da316000-7fa6da317000 r--s 0004b000 08:04 9438005                    /home/gunjan/.gradle/caches/modules-2/files-2.1/com.github.fommil.netlib/netlib-native_system-linux-armhf/1.1/27ae9f6a9c88b3f8d12ffa52d62941615f8ed416/netlib-native_system-linux-armhf-1.1-natives.jar
7fa6da317000-7fa6da318000 r--s 0006a000 08:04 9438003                    /home/gunjan/.gradle/caches/modules-2/files-2.1/com.github.fommil.netlib/netlib-native_system-linux-i686/1.1/dd43225560dbd9115d306f9be3ca195aed236b78/netlib-native_system-linux-i686-1.1-natives.jar
7fa6da318000-7fa6da319000 r--s 0006f000 08:04 9438001                    /home/gunjan/.gradle/caches/modules-2/files-2.1/com.github.fommil.netlib/netlib-native_system-linux-x86_64/1.1/163e88facabe7fa29952890dc2d3429e28501120/netlib-native_system-linux-x86_64-1.1-natives.jar
7fa6da319000-7fa6da31a000 r--s 00087000 08:04 9437999                    /home/gunjan/.gradle/caches/modules-2/files-2.1/com.github.fommil.netlib/netlib-native_system-osx-x86_64/1.1/d724e33675dc8eaa5c8fcb05a3aaca6f3339afa7/netlib-native_system-osx-x86_64-1.1-natives.jar
7fa6da31a000-7fa6da31b000 r--s 00126000 08:04 9437997                    /home/gunjan/.gradle/caches/modules-2/files-2.1/com.github.fommil.netlib/netlib-native_ref-linux-armhf/1.1/ec467162f74710fd8897cff6888534ceaf297d9a/netlib-native_ref-linux-armhf-1.1-natives.jar
7fa6da31b000-7fa6da31c000 r--s 001bd000 08:04 9437995                    /home/gunjan/.gradle/caches/modules-2/files-2.1/com.github.fommil.netlib/netlib-native_ref-win-i686/1.1/167fb794a26cb0bfc74890c704c7137b1d5b50fd/netlib-native_ref-win-i686-1.1-natives.jar
7fa6da31c000-7fa6da31d000 r--s 00232000 08:04 9437993                    /home/gunjan/.gradle/caches/modules-2/files-2.1/com.github.fommil.netlib/netlib-native_ref-win-x86_64/1.1/4ab54511c2844546279d9f8e427c73953b794686/netlib-native_ref-win-x86_64-1.1-natives.jar
7fa6da31d000-7fa6da31e000 r--s 0016b000 08:04 9437990                    /home/gunjan/.gradle/caches/modules-2/files-2.1/com.github.fommil.netlib/netlib-native_ref-linux-i686/1.1/eedd845b214aea560bce317d778ebb52f8f46038/netlib-native_ref-linux-i686-1.1-natives.jar
7fa6da31e000-7fa6da320000 r--s 001aa000 08:04 9437988                    /home/gunjan/.gradle/caches/modules-2/files-2.1/com.github.fommil.netlib/netlib-native_ref-linux-x86_64/1.1/5a3e5787d03c39790d5ae08cce189dd1ccc4a38/netlib-native_ref-linux-x86_64-1.1-natives.jar
7fa6da320000-7fa6da322000 r--s 001c0000 08:04 9437986                    /home/gunjan/.gradle/caches/modules-2/files-2.1/com.github.fommil.netlib/netlib-native_ref-osx-x86_64/1.1/80da53ec862f283dc3b191b9dbd3166ea6671831/netlib-native_ref-osx-x86_64-1.1-natives.jar
7fa6da322000-7fa6da323000 r--s 00001000 08:04 208                        /home/gunjan/.gradle/caches/modules-2/files-2.1/com.google.errorprone/error_prone_annotations/2.0.2/8382c6cdc18c8c8ad7840024fa340509cf16be11/error_prone_annotations-2.0.2.jar
7fa6da323000-7fa6da326000 r--s 00006000 08:04 206                        /home/gunjan/.gradle/caches/modules-2/files-2.1/com.google.code.findbugs/jsr305/1.3.9/40719ea6961c0cb6afaeb6a921eaa1f6afd4cfdf/jsr305-1.3.9.jar
7fa6da326000-7fa6da32c000 r--s 0004b000 08:04 9437984                    /home/gunjan/.gradle/caches/modules-2/files-2.1/org.jfree/jcommon/1.0.23/a316f336ca996e0c6bec4e4fbd49be8f5e1c3968/jcommon-1.0.23.jar
7fa6da32c000-7fa6da32d000 r--s 00000000 08:04 9437982                    /home/gunjan/.gradle/caches/modules-2/files-2.1/net.jcip/jcip-annotations/1.0/afba4942caaeaf46aab0b976afd57cc7c181467e/jcip-annotations-1.0.jar
7fa6da32d000-7fa6da333000 r--s 00026000 08:04 9437980                    /home/gunjan/.gradle/caches/modules-2/files-2.1/org.jetbrains.kotlin/kotlin-runtime/1.0.2/8ec2d49a780ddba5e9b6860a72969e4d5bbc0c55/kotlin-runtime-1.0.2.jar
7fa6da333000-7fa6da335000 r--s 0000c000 08:04 9437977                    /home/gunjan/.gradle/caches/modules-2/files-2.1/org.ow2.asm/asm/5.0.4/da08b8cce7bbf903602a25a3a163ae252435795/asm-5.0.4.jar
7fa6da335000-7fa6da337000 r--s 00011000 08:04 9437975                    /home/gunjan/.gradle/caches/modules-2/files-2.1/com.cedarsoftware/json-io/2.5.1/dd7fe37e5d02b93b014df08655da2b9e0dc2700a/json-io-2.5.1.jar
7fa6da337000-7fa6da339000 r--s 0000d000 08:04 9437973                    /home/gunjan/.gradle/caches/modules-2/files-2.1/commons-logging/commons-logging/1.1.1/5043bfebc3db072ed80fbd362e7caf00e885d8ae/commons-logging-1.1.1.jar
7fa6da339000-7fa6da33b000 r--s 00009000 08:04 9437971                    /home/gunjan/.gradle/caches/modules-2/files-2.1/org.hamcrest/hamcrest-core/1.3/42a25dc3219429f0e5d060061f71acb49bf010a0/hamcrest-core-1.3.jar
7fa6da33b000-7fa6da33e000 r--s 00018000 08:04 9312811                    /home/gunjan/.gradle/caches/modules-2/files-2.1/commons-io/commons-io/1.4/a8762d07e76cfde2395257a5da47ba7c1dbd3dce/commons-io-1.4.jar
7fa6da33e000-7fa6da342000 r--s 000dc000 08:04 9570848                    /home/gunjan/.gradle/caches/modules-2/files-2.1/net.java.dev.jna/jna/4.1.0/1c12d070e602efd8021891cdd7fd18bc129372d4/jna-4.1.0.jar
7fa6da342000-7fa6da354000 r--s 000a7000 08:04 204                        /home/gunjan/.gradle/caches/modules-2/files-2.1/com.google.guava/guava-testlib/19.0/ce5b880b206de3f76d364988a6308c68c726f74a/guava-testlib-19.0.jar
7fa6da354000-7fa6da35d000 r--s 0006f000 08:04 9438180                    /home/gunjan/.gradle/caches/modules-2/files-2.1/log4j/log4j/1.2.17/5af35056b4d257e4b64b9e8069c0746e8b08629f/log4j-1.2.17.jar
7fa6da35d000-7fa6da36e000 r--s 0016e000 08:04 9437969                    /home/gunjan/.gradle/caches/modules-2/files-2.1/org.jfree/jfreechart/1.0.19/ba9ee7dbb2e4c57a6901c79f614ed2dea9cc0e20/jfreechart-1.0.19.jar
7fa6da36e000-7fa6da370000 r--s 0000e000 08:04 9437967                    /home/gunjan/.gradle/caches/modules-2/files-2.1/com.beust/jcommander/1.48/bfcb96281ea3b59d626704f74bc6d625ff51cbce/jcommander-1.48.jar
7fa6da370000-7fa6da371000 r--s 00002000 08:04 9437963                    /home/gunjan/.gradle/caches/modules-2/files-2.1/org.slf4j/slf4j-simple/1.7.12/42db62298b899818ff17352cbc00050e940bbfb0/slf4j-simple-1.7.12.jar
7fa6da371000-7fa6da381000 r--s 00088000 08:04 9437961                    /home/gunjan/.gradle/caches/modules-2/files-2.1/joda-time/joda-time/2.8.2/d27c24204c5e507b16fec01006b3d0f1ec42aed4/joda-time-2.8.2.jar
7fa6da381000-7fa6da391000 r--s 00085000 08:04 9437959                    /home/gunjan/.gradle/caches/modules-2/files-2.1/com.mchange/mchange-commons-java/0.2.11/2a6a6c1fe25f28f5a073171956ce6250813467ef/mchange-commons-java-0.2.11.jar
7fa6da391000-7fa6da393000 r--s 00016000 08:04 9437957                    /home/gunjan/.gradle/caches/modules-2/files-2.1/com.googlecode.netlib-java/netlib-java/1.1/4a9c3b55b23430e5a6ad86101a88aea500ba8086/netlib-java-1.1.jar
7fa6da393000-7fa6da3a5000 r--s 00112000 08:04 9437955                    /home/gunjan/.gradle/caches/modules-2/files-2.1/net.sourceforge.f2j/arpack_combined_all/0.1/225619a060b42605b4d9fd4af11815664abf26eb/arpack_combined_all-0.1.jar
7fa6da3a5000-7fa6da3aa000 r--s 0003d000 08:04 9437953                    /home/gunjan/.gradle/caches/modules-2/files-2.1/com.googlecode.matrix-toolkits-java/mtj/1.0.4/e14ed840ff5e15de92dba2d1af29201fa70a0f35/mtj-1.0.4.jar
7fa6da3aa000-7fa6da3ae000 r--s 0002f000 08:04 9437951                    /home/gunjan/.gradle/caches/modules-2/files-2.1/nz.ac.waikato.cms.weka.thirdparty/bounce/0.18/d774f9a0aa5cbe08dea8907720c64c417aed861/bounce-0.18.jar
7fa6da3ae000-7fa6da3af000 r--s 00005000 08:04 9437949                    /home/gunjan/.gradle/caches/modules-2/files-2.1/nz.ac.waikato.cms.weka.thirdparty/java-cup-11b-runtime/2015.03.26/5466fad5c5866f33e3230c30ca623e7e8deff1f8/java-cup-11b-runtime-2015.03.26.jar
7fa6da3af000-7fa6da3b1000 r--s 00016000 08:04 9437943                    /home/gunjan/.gradle/caches/modules-2/files-2.1/nz.ac.waikato.cms.weka.thirdparty/java-cup-11b/2015.03.26/6e97c5abd2e76d83220f09f72de0b89b6de18dc1/java-cup-11b-2015.03.26.jar
7fa6da3b1000-7fa6da3b5000 r--s 0001a000 08:04 9437936                    /home/gunjan/.gradle/caches/modules-2/files-2.1/org.mapdb/elsa/3.0.0-M5/d7c1920d084e741e04844f512af24012e745e809/elsa-3.0.0-M5.jar
7fa6da3b5000-7fa6da3b7000 r--s 00038000 08:04 9437934                    /home/gunjan/.gradle/caches/modules-2/files-2.1/net.jpountz.lz4/lz4/1.3.0/c708bb2590c0652a642236ef45d9f99ff842a2ce/lz4-1.3.0.jar
7fa6da3b7000-7fa6da3e3000 r--s 00208000 08:04 9437932                    /home/gunjan/.gradle/caches/modules-2/files-2.1/com.google.guava/guava/19.0/6ce200f6b23222af3d8abb6b6459e6c44f4bb0e9/guava-19.0.jar
7fa6da3e3000-7fa6da3e5000 r--s 00009000 08:04 11439006                   /home/gunjan/.gradle/caches/modules-2/files-2.1/org.eclipse.collections/eclipse-collections-forkjoin/7.1.1/892b970cb03461f8c10daba778edbef3f0a26846/eclipse-collections-forkjoin-7.1.1.jar
7fa6da3e5000-7fa6da483000 r--s 00896000 08:04 11439004                   /home/gunjan/.gradle/caches/modules-2/files-2.1/org.eclipse.collections/eclipse-collections/7.1.1/83eca9f03f1f2d055df453d72036c5ce2e82896b/eclipse-collections-7.1.1.jar
7fa6da483000-7fa6da4a6000 r--s 000a0000 08:04 11439002                   /home/gunjan/.gradle/caches/modules-2/files-2.1/org.eclipse.collections/eclipse-collections-api/7.1.1/806c2b3bef5364d1a1668f25ce70100fa2c6b919/eclipse-collections-api-7.1.1.jar
7fa6da4a6000-7fa6da4af000 r--s 00084000 08:04 9437924                    /home/gunjan/.gradle/caches/modules-2/files-2.1/org.jetbrains.kotlin/kotlin-stdlib/1.0.2/22063f19bfd8e50f21fc310842a91ff5b31bb272/kotlin-stdlib-1.0.2.jar
7fa6da4af000-7fa6da4b0000 r--s 00001000 08:04 9437922                    /home/gunjan/.gradle/caches/modules-2/files-2.1/com.esotericsoftware/minlog/1.3.0/ff07b5f1b01d2f92bb00a337f9a94873712f0827/minlog-1.3.0.jar
7fa6da4b0000-7fa6da4b2000 r--s 00004000 08:04 9437920                    /home/gunjan/.gradle/caches/modules-2/files-2.1/com.esotericsoftware/reflectasm/1.11.3/8b102eed2f12412b254946811111ea48bc03a266/reflectasm-1.11.3.jar
7fa6da4b2000-7fa6da4b4000 r--s 0000d000 08:04 9437918                    /home/gunjan/.gradle/caches/modules-2/files-2.1/com.cedarsoftware/java-util/1.9.0/c5f6deb3213a693d0cc20a78b1052ecc9a2df09c/java-util-1.9.0.jar
7fa6da4b4000-7fa6da4b6000 r--s 0000b000 08:04 9437916                    /home/gunjan/.gradle/caches/modules-2/files-2.1/org.objenesis/objenesis/2.4/2916b6c96b50c5b3ec4452ed99401db745aabb27/objenesis-2.4.jar
7fa6da4b6000-7fa6da4bf000 r--s 000ae000 08:04 9437914                    /home/gunjan/.gradle/caches/modules-2/files-2.1/org.javassist/javassist/3.19.0-GA/50120f69224dd8684b445a6f3a5b08fe9b5c60f6/javassist-3.19.0-GA.jar
7fa6da4bf000-7fa6da4c3000 r--s 00041000 08:04 9437912                    /home/gunjan/.gradle/caches/modules-2/files-2.1/com.fasterxml.jackson.core/jackson-core/2.8.1/fd13b1c033741d48291315c6370f7d475a42dccf/jackson-core-2.8.1.jar
7fa6da4c3000-7fa6da4cb000 r--s 00045000 08:04 9437910                    /home/gunjan/.gradle/caches/modules-2/files-2.1/junit/junit/4.12/2973d150c0dc1fefe998f834810d68f278ea58ec/junit-4.12.jar
7fa6da4cb000-7fa6da4cd000 r--s 0000b000 08:04 9312810                    /home/gunjan/.gradle/caches/modules-2/files-2.1/org.zeroturnaround/zt-exec/1.9/a6c5747098b1ede9f4a6e9c36eaebb357a4430ed/zt-exec-1.9.jar
7fa6da4cd000-7fa6da4d0000 r--s 00012000 08:04 9312574                    /home/gunjan/.gradle/caches/modules-2/files-2.1/com.zaxxer/nuprocess/1.1.0/9479382344b61b36dd3ca1ec1b10aaa91295d632/nuprocess-1.1.0.jar
7fa6da4d0000-7fa6da4f8000 r--s 00241000 08:04 263                        /home/gunjan/.gradle/caches/modules-2/files-2.1/net.sf.trove4j/trove4j/3.0.3/42ccaf4761f0dfdfa805c9e340d99a755907e2dd/trove4j-3.0.3.jar
7fa6da4f8000-7fa6da4fb000 r--s 0001b000 08:04 9438178                    /home/gunjan/.gradle/caches/modules-2/files-2.1/com.google.uzaygezen/uzaygezen-core/0.2/611b82d4c4b4f67cc3d83cf0697ec660fcee2fff/uzaygezen-core-0.2.jar
7fa6da4fb000-7fa6da4fd000 r--s 0001e000 08:04 9437908                    /home/gunjan/.gradle/caches/modules-2/files-2.1/net.seninp/jmotif-sax/1.1.1/22909acc5e5c67cd9a4517070a7fb4f7ef926ab3/jmotif-sax-1.1.1.jar
7fa6da4fd000-7fa6da505000 r--s 00042000 08:04 9437906                    /home/gunjan/.gradle/caches/modules-2/files-2.1/org.n52.matlab/matlab-control/5.0.0/ced8fdb8664759574b2f340aa00844f757dfcad0/matlab-control-5.0.0.jar
7fa6da505000-7fa6da510000 r--s 000b6000 08:04 9437904                    /home/gunjan/.gradle/caches/modules-2/files-2.1/org.tinyjee.jgraphx/jgraphx/3.4.1.3/a62939cbd5af2dff663e91d061b3e4edc7b8df85/jgraphx-3.4.1.3.jar
7fa6da510000-7fa6da517000 r--s 00073000 08:04 9437900                    /home/gunjan/.gradle/caches/modules-2/files-2.1/com.mchange/c3p0/0.9.5.2/5f86cb6130bc6e8475615ed82d5b5e6fb226a86a/c3p0-0.9.5.2.jar
7fa6da517000-7fa6da51e000 r--s 00067000 08:04 9437898                    /home/gunjan/.gradle/caches/modules-2/files-2.1/org.mariadb.jdbc/mariadb-java-client/1.5.4/bd0e2e8494245c2885a79fc92bc3693c88cbfab4/mariadb-java-client-1.5.4.jar
7fa6da51e000-7fa6da57d000 r--s 00835000 08:04 9437892                    /home/gunjan/.gradle/caches/modules-2/files-2.1/nz.ac.waikato.cms.weka/weka-stable/3.8.0/5f6547867e775b416982cdcaa2dbef67855a6669/weka-stable-3.8.0.jar
7fa6da57d000-7fa6da5a4000 r--s 001f6000 08:04 9437884                    /home/gunjan/.gradle/caches/modules-2/files-2.1/org.apache.commons/commons-math3/3.6.1/e4ba98f1d4b3c80ec46392f25e094a6a2e58fcbf/commons-math3-3.6.1.jar
7fa6da5a4000-7fa6da5a5000 ---p 00000000 00:00 0 
7fa6da5a5000-7fa6da6a5000 rw-p 00000000 00:00 0 
7fa6da6a5000-7fa6da6a8000 ---p 00000000 00:00 0 
7fa6da6a8000-7fa6da7a6000 rw-p 00000000 00:00 0 
7fa6da7a6000-7fa6da7a9000 ---p 00000000 00:00 0 
7fa6da7a9000-7fa6da8a7000 rw-p 00000000 00:00 0 
7fa6da8a7000-7fa6da8aa000 ---p 00000000 00:00 0 
7fa6da8aa000-7fa6da9a8000 rw-p 00000000 00:00 0 
7fa6da9a8000-7fa6da9ab000 ---p 00000000 00:00 0 
7fa6da9ab000-7fa6daaa9000 rw-p 00000000 00:00 0 
7fa6daaa9000-7fa6daaac000 ---p 00000000 00:00 0 
7fa6daaac000-7fa6dabaa000 rw-p 00000000 00:00 0 
7fa6dabaa000-7fa6dad8b000 r--p 00000000 08:04 9986683                    /usr/lib/locale/locale-archive
7fa6dad8b000-7fa6dad8e000 ---p 00000000 00:00 0 
7fa6dad8e000-7fa6dae8c000 rw-p 00000000 00:00 0 
7fa6dae8c000-7fa6dae8f000 ---p 00000000 00:00 0 
7fa6dae8f000-7fa6daf8d000 rw-p 00000000 00:00 0 
7fa6daf8d000-7fa6daf8e000 ---p 00000000 00:00 0 
7fa6daf8e000-7fa6dc000000 rw-p 00000000 00:00 0 
7fa6dc000000-7fa6deeb9000 rw-p 00000000 00:00 0 
7fa6deeb9000-7fa6e0000000 ---p 00000000 00:00 0 
7fa6e0000000-7fa6e4000000 rw-p 00000000 00:00 0 
7fa6e4000000-7fa6e8000000 rw-p 00000000 00:00 0 
7fa6e8000000-7fa6e8009000 r--s 00062000 08:04 9437894                    /home/gunjan/.gradle/caches/modules-2/files-2.1/org.jgrapht/jgrapht-core/1.0.0/c2adf22c2d37721489de12e70f5c226832045071/jgrapht-core-1.0.0.jar
7fa6e8009000-7fa6e802a000 rw-p 00000000 00:00 0 
7fa6e802a000-7fa6e8203000 r--s 03d2c000 08:04 1180452                    /usr/lib/jvm/java-8-jdk/jre/lib/rt.jar
7fa6e8203000-7fa6e8a79000 rw-p 00000000 00:00 0 
7fa6e8a79000-7fa700bf8000 rw-p 00000000 00:00 0 
7fa700bf8000-7fa701000000 ---p 00000000 00:00 0 
7fa701000000-7fa701520000 rwxp 00000000 00:00 0 
7fa701520000-7fa710000000 ---p 00000000 00:00 0 
7fa710000000-7fa71075f000 rw-p 00000000 00:00 0 
7fa71075f000-7fa714000000 ---p 00000000 00:00 0 
7fa714000000-7fa714001000 r--s 00007000 08:04 202                        /home/gunjan/.gradle/caches/modules-2/files-2.1/com.github.mgunlogson/cuckoofilter4j/1.0.1/1ecac9da72e10f966c90d23c5d774f972d3e940f/cuckoofilter4j-1.0.1.jar
7fa714001000-7fa714004000 r--s 0001f000 08:04 9437902                    /home/gunjan/.gradle/caches/modules-2/files-2.1/com.zaxxer/HikariCP/2.5.1/b896b711e2d98fedf403de590559a123b5fbf1a6/HikariCP-2.5.1.jar
7fa714004000-7fa71400d000 r--s 000aa000 08:04 9437890                    /home/gunjan/.gradle/caches/modules-2/files-2.1/org.mapdb/mapdb/3.0.2/bcd8209dda05a358318b29719a9e76b21d5e4683/mapdb-3.0.2.jar
7fa71400d000-7fa71402e000 rw-p 00000000 00:00 0 
7fa71402e000-7fa71402f000 ---p 00000000 00:00 0 
7fa71402f000-7fa71412f000 rw-p 00000000 00:00 0 
7fa71412f000-7fa714130000 ---p 00000000 00:00 0 
7fa714130000-7fa714230000 rw-p 00000000 00:00 0 
7fa714230000-7fa714231000 ---p 00000000 00:00 0 
7fa714231000-7fa714331000 rw-p 00000000 00:00 0 
7fa714331000-7fa714332000 ---p 00000000 00:00 0 
7fa714332000-7fa714ed5000 rw-p 00000000 00:00 0 
7fa714ed5000-7fa7152dc000 ---p 00000000 00:00 0 
7fa7152dc000-7fa715705000 rw-p 00000000 00:00 0 
7fa715705000-7fa715a32000 ---p 00000000 00:00 0 
7fa715a32000-7fa715a48000 rw-p 00000000 00:00 0 
7fa715a48000-7fa715df3000 ---p 00000000 00:00 0 
7fa715df3000-7fa715e0d000 r-xp 00000000 08:04 1180541                    /usr/lib/jvm/java-8-jdk/jre/lib/amd64/libzip.so
7fa715e0d000-7fa71600d000 ---p 0001a000 08:04 1180541                    /usr/lib/jvm/java-8-jdk/jre/lib/amd64/libzip.so
7fa71600d000-7fa71600e000 rw-p 0001a000 08:04 1180541                    /usr/lib/jvm/java-8-jdk/jre/lib/amd64/libzip.so
7fa71600e000-7fa716019000 r-xp 00000000 08:04 9962652                    /usr/lib/libnss_files-2.25.so
7fa716019000-7fa716218000 ---p 0000b000 08:04 9962652                    /usr/lib/libnss_files-2.25.so
7fa716218000-7fa716219000 r--p 0000a000 08:04 9962652                    /usr/lib/libnss_files-2.25.so
7fa716219000-7fa71621a000 rw-p 0000b000 08:04 9962652                    /usr/lib/libnss_files-2.25.so
7fa71621a000-7fa716220000 rw-p 00000000 00:00 0 
7fa716220000-7fa71624b000 r-xp 00000000 08:04 1180515                    /usr/lib/jvm/java-8-jdk/jre/lib/amd64/libjava.so
7fa71624b000-7fa71644a000 ---p 0002b000 08:04 1180515                    /usr/lib/jvm/java-8-jdk/jre/lib/amd64/libjava.so
7fa71644a000-7fa71644c000 rw-p 0002a000 08:04 1180515                    /usr/lib/jvm/java-8-jdk/jre/lib/amd64/libjava.so
7fa71644c000-7fa716459000 r-xp 00000000 08:04 1180562                    /usr/lib/jvm/java-8-jdk/jre/lib/amd64/libverify.so
7fa716459000-7fa716658000 ---p 0000d000 08:04 1180562                    /usr/lib/jvm/java-8-jdk/jre/lib/amd64/libverify.so
7fa716658000-7fa71665a000 rw-p 0000c000 08:04 1180562                    /usr/lib/jvm/java-8-jdk/jre/lib/amd64/libverify.so
7fa71665a000-7fa716661000 r-xp 00000000 08:04 9962272                    /usr/lib/librt-2.25.so
7fa716661000-7fa716860000 ---p 00007000 08:04 9962272                    /usr/lib/librt-2.25.so
7fa716860000-7fa716861000 r--p 00006000 08:04 9962272                    /usr/lib/librt-2.25.so
7fa716861000-7fa716862000 rw-p 00007000 08:04 9962272                    /usr/lib/librt-2.25.so
7fa716862000-7fa716974000 r-xp 00000000 08:04 9962314                    /usr/lib/libm-2.25.so
7fa716974000-7fa716b73000 ---p 00112000 08:04 9962314                    /usr/lib/libm-2.25.so
7fa716b73000-7fa716b74000 r--p 00111000 08:04 9962314                    /usr/lib/libm-2.25.so
7fa716b74000-7fa716b75000 rw-p 00112000 08:04 9962314                    /usr/lib/libm-2.25.so
7fa716b75000-7fa717843000 r-xp 00000000 08:04 1180572                    /usr/lib/jvm/java-8-jdk/jre/lib/amd64/server/libjvm.so
7fa717843000-7fa717a43000 ---p 00cce000 08:04 1180572                    /usr/lib/jvm/java-8-jdk/jre/lib/amd64/server/libjvm.so
7fa717a43000-7fa717b1c000 rw-p 00cce000 08:04 1180572                    /usr/lib/jvm/java-8-jdk/jre/lib/amd64/server/libjvm.so
7fa717b1c000-7fa717b67000 rw-p 00000000 00:00 0 
7fa717b67000-7fa717d02000 r-xp 00000000 08:04 9963120                    /usr/lib/libc-2.25.so
7fa717d02000-7fa717f01000 ---p 0019b000 08:04 9963120                    /usr/lib/libc-2.25.so
7fa717f01000-7fa717f05000 r--p 0019a000 08:04 9963120                    /usr/lib/libc-2.25.so
7fa717f05000-7fa717f07000 rw-p 0019e000 08:04 9963120                    /usr/lib/libc-2.25.so
7fa717f07000-7fa717f0b000 rw-p 00000000 00:00 0 
7fa717f0b000-7fa717f0e000 r-xp 00000000 08:04 9962388                    /usr/lib/libdl-2.25.so
7fa717f0e000-7fa71810d000 ---p 00003000 08:04 9962388                    /usr/lib/libdl-2.25.so
7fa71810d000-7fa71810e000 r--p 00002000 08:04 9962388                    /usr/lib/libdl-2.25.so
7fa71810e000-7fa71810f000 rw-p 00003000 08:04 9962388                    /usr/lib/libdl-2.25.so
7fa71810f000-7fa718124000 r-xp 00000000 08:04 1180570                    /usr/lib/jvm/java-8-jdk/jre/lib/amd64/jli/libjli.so
7fa718124000-7fa718324000 ---p 00015000 08:04 1180570                    /usr/lib/jvm/java-8-jdk/jre/lib/amd64/jli/libjli.so
7fa718324000-7fa718325000 rw-p 00015000 08:04 1180570                    /usr/lib/jvm/java-8-jdk/jre/lib/amd64/jli/libjli.so
7fa718325000-7fa71833e000 r-xp 00000000 08:04 9963199                    /usr/lib/libpthread-2.25.so
7fa71833e000-7fa71853d000 ---p 00019000 08:04 9963199                    /usr/lib/libpthread-2.25.so
7fa71853d000-7fa71853e000 r--p 00018000 08:04 9963199                    /usr/lib/libpthread-2.25.so
7fa71853e000-7fa71853f000 rw-p 00019000 08:04 9963199                    /usr/lib/libpthread-2.25.so
7fa71853f000-7fa718543000 rw-p 00000000 00:00 0 
7fa718543000-7fa718566000 r-xp 00000000 08:04 9963124                    /usr/lib/ld-2.25.so
7fa718566000-7fa718568000 r--s 0000c000 08:04 9437896                    /home/gunjan/.gradle/caches/modules-2/files-2.1/org.json/json/20160810/aca5eb39e2a12fddd6c472b240afe9ebea3a6733/json-20160810.jar
7fa718568000-7fa718570000 r--s 00048000 08:04 9437888                    /home/gunjan/.gradle/caches/modules-2/files-2.1/com.esotericsoftware/kryo/4.0.0/9f5c64c1315ec79bee0f56bb88e4ae94b65048ce/kryo-4.0.0.jar
7fa718570000-7fa71861a000 rw-p 00000000 00:00 0 
7fa71861a000-7fa71861d000 ---p 00000000 00:00 0 
7fa71861d000-7fa71871d000 rw-p 00000000 00:00 0 
7fa71871d000-7fa718724000 r--s 00057000 08:04 9437886                    /home/gunjan/.gradle/caches/modules-2/files-2.1/de.ruedigermoeller/fst/2.48/a04da9aca9ecc7dcf19c5e25b89bc21468e2a3e7/fst-2.48.jar
7fa718724000-7fa71872c000 r--s 0006e000 08:04 9437882                    /home/gunjan/.gradle/caches/modules-2/files-2.1/org.apache.commons/commons-lang3/3.5/6c6c702c89bfff3cd9e80b04d668c5e190d588c6/commons-lang3-3.5.jar
7fa71872c000-7fa71872e000 r--s 0000c000 08:04 9437880                    /home/gunjan/.gradle/caches/modules-2/files-2.1/org.apache.commons/commons-exec/1.3/8dfb9facd0830a27b1b5f29f84593f0aeee7773b/commons-exec-1.3.jar
7fa71872e000-7fa71872f000 r--s 00009000 08:04 9308247                    /home/gunjan/.gradle/caches/modules-2/files-2.1/org.apache.commons/commons-csv/1.4/fc2512d2109144df353501266ac4bbe179058afd/commons-csv-1.4.jar
7fa71872f000-7fa718731000 r--s 00009000 08:04 9308245                    /home/gunjan/.gradle/caches/modules-2/files-2.1/org.slf4j/slf4j-api/1.7.21/139535a69a4239db087de9bab0bee568bf8e0b70/slf4j-api-1.7.21.jar
7fa718731000-7fa718759000 rw-p 00000000 00:00 0 
7fa718759000-7fa718761000 rw-s 00000000 00:26 48                         /tmp/hsperfdata_gunjan/17492
7fa718761000-7fa718762000 rw-p 00000000 00:00 0 
7fa718762000-7fa718763000 ---p 00000000 00:00 0 
7fa718763000-7fa718765000 rw-p 00000000 00:00 0 
7fa718765000-7fa718766000 r--p 00022000 08:04 9963124                    /usr/lib/ld-2.25.so
7fa718766000-7fa718767000 rw-p 00023000 08:04 9963124                    /usr/lib/ld-2.25.so
7fa718767000-7fa718768000 rw-p 00000000 00:00 0 
7ffffa0c7000-7ffffa0eb000 rw-p 00000000 00:00 0                          [stack]
7ffffa12a000-7ffffa12c000 r--p 00000000 00:00 0                          [vvar]
7ffffa12c000-7ffffa12e000 r-xp 00000000 00:00 0                          [vdso]
ffffffffff600000-ffffffffff601000 r-xp 00000000 00:00 0                  [vsyscall]

VM Arguments:
jvm_args: -Xmx11g -Dfile.encoding=UTF-8 
java_command: org.activity.controller.SuperController
java_class_path (initial): /home/gunjan/git/GeolifeReloaded2_1_cleaned/bin:/home/gunjan/.gradle/caches/modules-2/files-2.1/org.slf4j/slf4j-api/1.7.21/139535a69a4239db087de9bab0bee568bf8e0b70/slf4j-api-1.7.21.jar:/home/gunjan/.gradle/caches/modules-2/files-2.1/org.apache.commons/commons-csv/1.4/fc2512d2109144df353501266ac4bbe179058afd/commons-csv-1.4.jar:/home/gunjan/.gradle/caches/modules-2/files-2.1/org.apache.commons/commons-exec/1.3/8dfb9facd0830a27b1b5f29f84593f0aeee7773b/commons-exec-1.3.jar:/home/gunjan/.gradle/caches/modules-2/files-2.1/org.apache.commons/commons-lang3/3.5/6c6c702c89bfff3cd9e80b04d668c5e190d588c6/commons-lang3-3.5.jar:/home/gunjan/.gradle/caches/modules-2/files-2.1/org.apache.commons/commons-math3/3.6.1/e4ba98f1d4b3c80ec46392f25e094a6a2e58fcbf/commons-math3-3.6.1.jar:/home/gunjan/.gradle/caches/modules-2/files-2.1/de.ruedigermoeller/fst/2.48/a04da9aca9ecc7dcf19c5e25b89bc21468e2a3e7/fst-2.48.jar:/home/gunjan/.gradle/caches/modules-2/files-2.1/com.esotericsoftware/kryo/4.0.0/9f5c64c1315ec79bee0f56bb88e4ae94b65048ce/kryo-4.0.0.jar:/home/gunjan/.gradle/caches/modules-2/files-2.1/org.mapdb/mapdb/3.0.2/bcd8209dda05a358318b29719a9e76b21d5e4683/mapdb-3.0.2.jar:/home/gunjan/.gradle/caches/modules-2/files-2.1/nz.ac.waikato.cms.weka/weka-stable/3.8.0/5f6547867e775b416982cdcaa2dbef67855a6669/weka-stable-3.8.0.jar:/home/gunjan/.gradle/caches/modules-2/files-2.1/org.jgrapht/jgrapht-core/1.0.0/c2adf22c2d37721489de12e70f5c226832045071/jgrapht-core-1.0.0.jar:/home/gunjan/.gradle/caches/modules-2/files-2.1/org.json/json/20160810/aca5eb39e2a12fddd6c472b240afe9ebea3a6733/json-20160810.jar:/home/gunjan/.gradle/caches/modules-2/files-2.1/org.mariadb.jdbc/mariadb-java-client/1.5.4/bd0e2e8494245c2885a79fc92bc3693c88cbfab4/mariadb-java-client-1.5.4.jar:/home/gunjan/.gradle/caches/modules-2/files-2.1/com.mchange/c3p0/0.9.5.2/5f86cb6130bc6e8475615ed82d5b5e6fb226a86a/c3p0-0.9.5.2.jar:/home/gunjan/.gradle/caches/modules-2/files-2.1/com.zaxxer/HikariCP/2.5.1/b896b711e2d
Launcher Type: SUN_STANDARD

Environment Variables:
PATH=/usr/local/sbin:/usr/local/bin:/usr/bin:/opt/android-sdk/platform-tools:/usr/lib/jvm/default/bin:/usr/bin/site_perl:/usr/bin/vendor_perl:/usr/bin/core_perl
SHELL=/bin/bash
DISPLAY=:0

Signal Handlers:
SIGSEGV: [libjvm.so+0xac7800], sa_mask[0]=11111111011111111101111111111110, sa_flags=SA_RESTART|SA_SIGINFO
SIGBUS: [libjvm.so+0xac7800], sa_mask[0]=11111111011111111101111111111110, sa_flags=SA_RESTART|SA_SIGINFO
SIGFPE: [libjvm.so+0x920990], sa_mask[0]=11111111011111111101111111111110, sa_flags=SA_RESTART|SA_SIGINFO
SIGPIPE: [libjvm.so+0x920990], sa_mask[0]=11111111011111111101111111111110, sa_flags=SA_RESTART|SA_SIGINFO
SIGXFSZ: [libjvm.so+0x920990], sa_mask[0]=11111111011111111101111111111110, sa_flags=SA_RESTART|SA_SIGINFO
SIGILL: [libjvm.so+0x920990], sa_mask[0]=11111111011111111101111111111110, sa_flags=SA_RESTART|SA_SIGINFO
SIGUSR1: SIG_DFL, sa_mask[0]=00000000000000000000000000000000, sa_flags=none
SIGUSR2: [libjvm.so+0x9221d0], sa_mask[0]=00100000000000000000000000000000, sa_flags=SA_RESTART|SA_SIGINFO
SIGHUP: [libjvm.so+0x9235d0], sa_mask[0]=11111111011111111101111111111110, sa_flags=SA_RESTART|SA_SIGINFO
SIGINT: SIG_IGN, sa_mask[0]=00000000000000000000000000000000, sa_flags=none
SIGTERM: [libjvm.so+0x9235d0], sa_mask[0]=11111111011111111101111111111110, sa_flags=SA_RESTART|SA_SIGINFO
SIGQUIT: [libjvm.so+0x9235d0], sa_mask[0]=11111111011111111101111111111110, sa_flags=SA_RESTART|SA_SIGINFO


---------------  S Y S T E M  ---------------

OS:DISTRIB_ID=ManjaroLinux
DISTRIB_RELEASE=17.0.1
DISTRIB_CODENAME=Gellivara
DISTRIB_DESCRIPTION="Manjaro Linux"

uname:Linux 4.9.30-1-MANJARO #1 SMP PREEMPT Thu May 25 20:31:43 UTC 2017 x86_64
libc:glibc 2.25 NPTL 2.25 
rlimit: STACK 8192k, CORE infinity, NPROC 62736, NOFILE 4096, AS infinity
load average:4.57 2.15 1.15

/proc/meminfo:
MemTotal:       16344012 kB
MemFree:          159860 kB
MemAvailable:     258684 kB
Buffers:           12508 kB
Cached:          1265232 kB
SwapCached:            0 kB
Active:         14721076 kB
Inactive:        1075220 kB
Active(anon):   14556840 kB
Inactive(anon):   918808 kB
Active(file):     164236 kB
Inactive(file):   156412 kB
Unevictable:          64 kB
Mlocked:              64 kB
SwapTotal:             0 kB
SwapFree:              0 kB
Dirty:              6636 kB
Writeback:             0 kB
AnonPages:      14518736 kB
Mapped:           914372 kB
Shmem:            956980 kB
Slab:             130884 kB
SReclaimable:      70096 kB
SUnreclaim:        60788 kB
KernelStack:       17168 kB
PageTables:       123696 kB
NFS_Unstable:          0 kB
Bounce:                0 kB
WritebackTmp:          0 kB
CommitLimit:     8172004 kB
Committed_AS:   24177388 kB
VmallocTotal:   34359738367 kB
VmallocUsed:           0 kB
VmallocChunk:          0 kB
HardwareCorrupted:     0 kB
AnonHugePages:   6500352 kB
ShmemHugePages:        0 kB
ShmemPmdMapped:        0 kB
HugePages_Total:       0
HugePages_Free:        0
HugePages_Rsvd:        0
HugePages_Surp:        0
Hugepagesize:       2048 kB
DirectMap4k:      211608 kB
DirectMap2M:    12277760 kB
DirectMap1G:     4194304 kB


CPU:total 4 (2 cores per cpu, 2 threads per core) family 6 model 69 stepping 1, cmov, cx8, fxsr, mmx, sse, sse2, sse3, ssse3, sse4.1, sse4.2, popcnt, avx, avx2, aes, clmul, erms, lzcnt, ht, tsc, tscinvbit, bmi1, bmi2

/proc/cpuinfo:
processor	: 0
vendor_id	: GenuineIntel
cpu family	: 6
model		: 69
model name	: Intel(R) Core(TM) i5-4278U CPU @ 2.60GHz
stepping	: 1
microcode	: 0x20
cpu MHz		: 2826.928
cache size	: 3072 KB
physical id	: 0
siblings	: 4
core id		: 0
cpu cores	: 2
apicid		: 0
initial apicid	: 0
fpu		: yes
fpu_exception	: yes
cpuid level	: 13
wp		: yes
flags		: fpu vme de pse tsc msr pae mce cx8 apic sep mtrr pge mca cmov pat pse36 clflush dts acpi mmx fxsr sse sse2 ss ht tm pbe syscall nx pdpe1gb rdtscp lm constant_tsc arch_perfmon pebs bts rep_good nopl xtopology nonstop_tsc aperfmperf eagerfpu pni pclmulqdq dtes64 monitor ds_cpl vmx est tm2 ssse3 sdbg fma cx16 xtpr pdcm pcid sse4_1 sse4_2 x2apic movbe popcnt tsc_deadline_timer aes xsave avx f16c rdrand lahf_lm abm epb tpr_shadow vnmi flexpriority ept vpid fsgsbase tsc_adjust bmi1 avx2 smep bmi2 erms invpcid xsaveopt dtherm ida arat pln pts
bugs		:
bogomips	: 5202.79
clflush size	: 64
cache_alignment	: 64
address sizes	: 39 bits physical, 48 bits virtual
power management:

processor	: 1
vendor_id	: GenuineIntel
cpu family	: 6
model		: 69
model name	: Intel(R) Core(TM) i5-4278U CPU @ 2.60GHz
stepping	: 1
microcode	: 0x20
cpu MHz		: 2728.222
cache size	: 3072 KB
physical id	: 0
siblings	: 4
core id		: 1
cpu cores	: 2
apicid		: 2
initial apicid	: 2
fpu		: yes
fpu_exception	: yes
cpuid level	: 13
wp		: yes
flags		: fpu vme de pse tsc msr pae mce cx8 apic sep mtrr pge mca cmov pat pse36 clflush dts acpi mmx fxsr sse sse2 ss ht tm pbe syscall nx pdpe1gb rdtscp lm constant_tsc arch_perfmon pebs bts rep_good nopl xtopology nonstop_tsc aperfmperf eagerfpu pni pclmulqdq dtes64 monitor ds_cpl vmx est tm2 ssse3 sdbg fma cx16 xtpr pdcm pcid sse4_1 sse4_2 x2apic movbe popcnt tsc_deadline_timer aes xsave avx f16c rdrand lahf_lm abm epb tpr_shadow vnmi flexpriority ept vpid fsgsbase tsc_adjust bmi1 avx2 smep bmi2 erms invpcid xsaveopt dtherm ida arat pln pts
bugs		:
bogomips	: 5203.20
clflush size	: 64
cache_alignment	: 64
address sizes	: 39 bits physical, 48 bits virtual
power management:

processor	: 2
vendor_id	: GenuineIntel
cpu family	: 6
model		: 69
model name	: Intel(R) Core(TM) i5-4278U CPU @ 2.60GHz
stepping	: 1
microcode	: 0x20
cpu MHz		: 2624.914
cache size	: 3072 KB
physical id	: 0
siblings	: 4
core id		: 0
cpu cores	: 2
apicid		: 1
initial apicid	: 1
fpu		: yes
fpu_exception	: yes
cpuid level	: 13
wp		: yes
flags		: fpu vme de pse tsc msr pae mce cx8 apic sep mtrr pge mca cmov pat pse36 clflush dts acpi mmx fxsr sse sse2 ss ht tm pbe syscall nx pdpe1gb rdtscp lm constant_tsc arch_perfmon pebs bts rep_good nopl xtopology nonstop_tsc aperfmperf eagerfpu pni pclmulqdq dtes64 monitor ds_cpl vmx est tm2 ssse3 sdbg fma cx16 xtpr pdcm pcid sse4_1 sse4_2 x2apic movbe popcnt tsc_deadline_timer aes xsave avx f16c rdrand lahf_lm abm epb tpr_shadow vnmi flexpriority ept vpid fsgsbase tsc_adjust bmi1 avx2 smep bmi2 erms invpcid xsaveopt dtherm ida arat pln pts
bugs		:
bogomips	: 5204.87
clflush size	: 64
cache_alignment	: 64
address sizes	: 39 bits physical, 48 bits virtual
power management:

processor	: 3
vendor_id	: GenuineIntel
cpu family	: 6
model		: 69
model name	: Intel(R) Core(TM) i5-4278U CPU @ 2.60GHz
stepping	: 1
microcode	: 0x20
cpu MHz		: 2609.521
cache size	: 3072 KB
physical id	: 0
siblings	: 4
core id		: 1
cpu cores	: 2
apicid		: 3
initial apicid	: 3
fpu		: yes
fpu_exception	: yes
cpuid level	: 13
wp		: yes
flags		: fpu vme de pse tsc msr pae mce cx8 apic sep mtrr pge mca cmov pat pse36 clflush dts acpi mmx fxsr sse sse2 ss ht tm pbe syscall nx pdpe1gb rdtscp lm constant_tsc arch_perfmon pebs bts rep_good nopl xtopology nonstop_tsc aperfmperf eagerfpu pni pclmulqdq dtes64 monitor ds_cpl vmx est tm2 ssse3 sdbg fma cx16 xtpr pdcm pcid sse4_1 sse4_2 x2apic movbe popcnt tsc_deadline_timer aes xsave avx f16c rdrand lahf_lm abm epb tpr_shadow vnmi flexpriority ept vpid fsgsbase tsc_adjust bmi1 avx2 smep bmi2 erms invpcid xsaveopt dtherm ida arat pln pts
bugs		:
bogomips	: 5203.38
clflush size	: 64
cache_alignment	: 64
address sizes	: 39 bits physical, 48 bits virtual
power management:



Memory: 4k page, physical 16344012k(159860k free), swap 0k(0k free)

vm_info: Java HotSpot(TM) 64-Bit Server VM (25.112-b15) for linux-amd64 JRE (1.8.0_112-b15), built on Sep 22 2016 21:10:53 by "java_re" with gcc 4.3.0 20080428 (Red Hat 4.3.0-8)

time: Tue May 30 18:27:34 2017
elapsed time: 99 seconds (0d 0h 1m 39s)

