#
# There is insufficient memory for the Java Runtime Environment to continue.
# Native memory allocation (mmap) failed to map 2364014592 bytes for committing reserved memory.
# Possible reasons:
#   The system is out of physical RAM or swap space
#   In 32 bit mode, the process size limit was hit
# Possible solutions:
#   Reduce memory load on the system
#   Increase physical memory or swap space
#   Check if swap backing store is full
#   Use 64 bit Java on a 64 bit OS
#   Decrease Java heap size (-Xmx/-Xms)
#   Decrease number of Java threads
#   Decrease Java thread stack sizes (-Xss)
#   Set larger code cache with -XX:ReservedCodeCacheSize=
# This output file may be truncated or incomplete.
#
#  Out of Memory Error (os_linux.cpp:2627), pid=22430, tid=0x00007fa898371700
#
# JRE version: Java(TM) SE Runtime Environment (8.0_112-b15) (build 1.8.0_112-b15)
# Java VM: Java HotSpot(TM) 64-Bit Server VM (25.112-b15 mixed mode linux-amd64 compressed oops)
# Core dump written. Default location: /home/gunjan/git/GeolifeReloaded2_1_cleaned/core or core.22430
#

---------------  T H R E A D  ---------------

Current thread (0x00007fa8ac07c000):  VMThread [stack: 0x00007fa898271000,0x00007fa898372000] [id=22441]

Stack: [0x00007fa898271000,0x00007fa898372000],  sp=0x00007fa898370290,  free space=1020k
Native frames: (J=compiled Java code, j=interpreted, Vv=VM code, C=native code)
V  [libjvm.so+0xac6f7a]  VMError::report_and_die()+0x2ba
V  [libjvm.so+0x4fc71b]  report_vm_out_of_memory(char const*, int, unsigned long, VMErrorType, char const*)+0x8b
V  [libjvm.so+0x923b13]  os::Linux::commit_memory_impl(char*, unsigned long, bool)+0x103
V  [libjvm.so+0x924069]  os::pd_commit_memory(char*, unsigned long, unsigned long, bool)+0x29
V  [libjvm.so+0x91e37a]  os::commit_memory(char*, unsigned long, unsigned long, bool)+0x2a
V  [libjvm.so+0x992da3]  PSVirtualSpace::expand_by(unsigned long)+0x53
V  [libjvm.so+0x983670]  PSOldGen::expand(unsigned long)+0x170
V  [libjvm.so+0x98387b]  PSOldGen::resize(unsigned long)+0x1cb
V  [libjvm.so+0x98b571]  PSParallelCompact::invoke_no_policy(bool)+0x991
V  [libjvm.so+0x990ecd]  PSScavenge::invoke()+0x1ad
V  [libjvm.so+0x947ac0]  ParallelScavengeHeap::failed_mem_allocate(unsigned long)+0x70
V  [libjvm.so+0xac8997]  VM_ParallelGCFailedAllocation::doit()+0x97
V  [libjvm.so+0xad0475]  VM_Operation::evaluate()+0x55
V  [libjvm.so+0xace84a]  VMThread::evaluate_operation(VM_Operation*)+0xba
V  [libjvm.so+0xacebce]  VMThread::loop()+0x1ce
V  [libjvm.so+0xacf040]  VMThread::run()+0x70
V  [libjvm.so+0x926138]  java_start(Thread*)+0x108

VM_Operation (0x00007fa8b39f75a0): ParallelGCFailedAllocation, mode: safepoint, requested by thread 0x00007fa8ac00e000


---------------  P R O C E S S  ---------------

Java Threads: ( => current thread )
  0x00007fa8ac73e800 JavaThread "AWT-EventQueue-0" [_thread_blocked, id=23089, stack(0x00007fa89045b000,0x00007fa89055c000)]
  0x00007fa8ac73c000 JavaThread "AWT-Shutdown" [_thread_blocked, id=23088, stack(0x00007fa89055c000,0x00007fa89065d000)]
  0x00007fa8ac687800 JavaThread "AWT-XAWT" daemon [_thread_blocked, id=23086, stack(0x00007fa891006000,0x00007fa891107000)]
  0x00007fa8ac664000 JavaThread "Java2D Disposer" daemon [_thread_blocked, id=23085, stack(0x00007fa891518000,0x00007fa891619000)]
  0x00007fa8ac0c5000 JavaThread "Service Thread" daemon [_thread_blocked, id=22448, stack(0x00007fa89391a000,0x00007fa893a1b000)]
  0x00007fa8ac0c2000 JavaThread "C1 CompilerThread2" daemon [_thread_blocked, id=22447, stack(0x00007fa893a1b000,0x00007fa893b1c000)]
  0x00007fa8ac0c0000 JavaThread "C2 CompilerThread1" daemon [_thread_blocked, id=22446, stack(0x00007fa893b1c000,0x00007fa893c1d000)]
  0x00007fa8ac0bd000 JavaThread "C2 CompilerThread0" daemon [_thread_blocked, id=22445, stack(0x00007fa893c1d000,0x00007fa893d1e000)]
  0x00007fa8ac0bb800 JavaThread "Signal Dispatcher" daemon [_thread_blocked, id=22444, stack(0x00007fa893d1e000,0x00007fa893e1f000)]
  0x00007fa8ac088800 JavaThread "Finalizer" daemon [_thread_blocked, id=22443, stack(0x00007fa89806f000,0x00007fa898170000)]
  0x00007fa8ac083800 JavaThread "Reference Handler" daemon [_thread_blocked, id=22442, stack(0x00007fa898170000,0x00007fa898271000)]
  0x00007fa8ac00e000 JavaThread "main" [_thread_blocked, id=22436, stack(0x00007fa8b38f8000,0x00007fa8b39f9000)]

Other Threads:
=>0x00007fa8ac07c000 VMThread [stack: 0x00007fa898271000,0x00007fa898372000] [id=22441]
  0x00007fa8ac0c8000 WatcherThread [stack: 0x00007fa893819000,0x00007fa89391a000] [id=22449]

VM state:at safepoint (normal execution)

VM Mutex/Monitor currently owned by a thread:  ([mutex/lock_event])
[0x00007fa8ac00b640] ExpandHeap_lock - owner thread: 0x00007fa8ac07c000
[0x00007fa8ac00bcc0] Threads_lock - owner thread: 0x00007fa8ac07c000
[0x00007fa8ac00c1c0] Heap_lock - owner thread: 0x00007fa8ac00e000

Heap:
 PSYoungGen      total 1737728K, used 952169K [0x00000006d5580000, 0x0000000790c80000, 0x00000007c0000000)
  eden space 456192K, 0% used [0x00000006d5580000,0x00000006d5580000,0x00000006f1300000)
  from space 1281536K, 74% used [0x00000006f1300000,0x000000072b4da4d0,0x000000073f680000)
  to   space 1281536K, 0% used [0x0000000742900000,0x0000000742900000,0x0000000790c80000)
 ParOldGen       total 4826112K, used 4826102K [0x0000000500000000, 0x0000000626900000, 0x00000006d5580000)
  object space 4826112K, 99% used [0x0000000500000000,0x00000006268fd8a8,0x0000000626900000)
 Metaspace       used 16825K, capacity 17306K, committed 17664K, reserved 1064960K
  class space    used 1854K, capacity 1980K, committed 2048K, reserved 1048576K

Card table byte_map: [0x00007fa89b9ff000,0x00007fa89d000000] byte_map_base: 0x00007fa8991ff000

Marking Bits: (ParMarkBitMap*) 0x00007fa8b2e17c80
 Begin Bits: [0x00007fa866000000, 0x00007fa871000000)
 End Bits:   [0x00007fa871000000, 0x00007fa87c000000)

Polling page: 0x00007fa8b3a40000

CodeCache: size=245760Kb used=8464Kb max_used=8950Kb free=237295Kb
 bounds [0x00007fa89d000000, 0x00007fa89d8e0000, 0x00007fa8ac000000]
 total_blobs=2777 nmethods=2147 adapters=543
 compilation: enabled

Compilation events (10 events):
Event: 380.425 Thread 0x00007fa8ac0c2000 2834   !   3       sun.nio.cs.StreamDecoder::inReady (36 bytes)
Event: 380.426 Thread 0x00007fa8ac0c2000 nmethod 2834 0x00007fa89d60ecd0 code [0x00007fa89d60ee60, 0x00007fa89d60f288]
Event: 380.431 Thread 0x00007fa8ac0c0000 2835   !   4       sun.nio.ch.FileChannelImpl::position (258 bytes)
Event: 380.447 Thread 0x00007fa8ac0c0000 nmethod 2835 0x00007fa89d7fb0d0 code [0x00007fa89d7fb2e0, 0x00007fa89d7fc520]
Event: 380.620 Thread 0x00007fa8ac0bd000 2836       4       sun.nio.ch.ChannelInputStream::available (54 bytes)
Event: 380.621 Thread 0x00007fa8ac0bd000 nmethod 2836 0x00007fa89d598650 code [0x00007fa89d5987c0, 0x00007fa89d5988d8]
Event: 380.630 Thread 0x00007fa8ac0c0000 2837       4       java.io.BufferedReader::fill (170 bytes)
Event: 380.632 Thread 0x00007fa8ac0c0000 nmethod 2837 0x00007fa89d7a6810 code [0x00007fa89d7a6980, 0x00007fa89d7a6ac8]
Event: 380.643 Thread 0x00007fa8ac0bd000 2838   !   4       sun.nio.cs.StreamDecoder::inReady (36 bytes)
Event: 380.645 Thread 0x00007fa8ac0bd000 nmethod 2838 0x00007fa89d60df90 code [0x00007fa89d60e100, 0x00007fa89d60e2d8]

GC Heap History (10 events):
Event: 394.668 GC heap after
Heap after GC invocations=188 (full 13):
 PSYoungGen      total 1654784K, used 1281504K [0x00000006d5580000, 0x000000078ae00000, 0x00000007c0000000)
  eden space 373248K, 0% used [0x00000006d5580000,0x00000006d5580000,0x00000006ec200000)
  from space 1281536K, 99% used [0x00000006ec200000,0x000000073a578360,0x000000073a580000)
  to   space 1281536K, 0% used [0x000000073ca80000,0x000000073ca80000,0x000000078ae00000)
 ParOldGen       total 4826112K, used 2988813K [0x0000000500000000, 0x0000000626900000, 0x00000006d5580000)
  object space 4826112K, 61% used [0x0000000500000000,0x00000005b66c3558,0x0000000626900000)
 Metaspace       used 16825K, capacity 17306K, committed 17664K, reserved 1064960K
  class space    used 1854K, capacity 1980K, committed 2048K, reserved 1048576K
}
Event: 395.273 GC heap before
{Heap before GC invocations=189 (full 13):
 PSYoungGen      total 1654784K, used 1654752K [0x00000006d5580000, 0x000000078ae00000, 0x00000007c0000000)
  eden space 373248K, 100% used [0x00000006d5580000,0x00000006ec200000,0x00000006ec200000)
  from space 1281536K, 99% used [0x00000006ec200000,0x000000073a578360,0x000000073a580000)
  to   space 1281536K, 0% used [0x000000073ca80000,0x000000073ca80000,0x000000078ae00000)
 ParOldGen       total 4826112K, used 2988813K [0x0000000500000000, 0x0000000626900000, 0x00000006d5580000)
  object space 4826112K, 61% used [0x0000000500000000,0x00000005b66c3558,0x0000000626900000)
 Metaspace       used 16825K, capacity 17306K, committed 17664K, reserved 1064960K
  class space    used 1854K, capacity 1980K, committed 2048K, reserved 1048576K
Event: 396.316 GC heap after
Heap after GC invocations=189 (full 13):
 PSYoungGen      total 1692672K, used 1281504K [0x00000006d5580000, 0x000000078b080000, 0x00000007c0000000)
  eden space 411136K, 0% used [0x00000006d5580000,0x00000006d5580000,0x00000006ee700000)
  from space 1281536K, 99% used [0x000000073ca80000,0x000000078adf8360,0x000000078ae00000)
  to   space 1281536K, 0% used [0x00000006ee700000,0x00000006ee700000,0x000000073ca80000)
 ParOldGen       total 4826112K, used 3360533K [0x0000000500000000, 0x0000000626900000, 0x00000006d5580000)
  object space 4826112K, 69% used [0x0000000500000000,0x00000005cd1c5558,0x0000000626900000)
 Metaspace       used 16825K, capacity 17306K, committed 17664K, reserved 1064960K
  class space    used 1854K, capacity 1980K, committed 2048K, reserved 1048576K
}
Event: 397.010 GC heap before
{Heap before GC invocations=190 (full 13):
 PSYoungGen      total 1692672K, used 1692640K [0x00000006d5580000, 0x000000078b080000, 0x00000007c0000000)
  eden space 411136K, 100% used [0x00000006d5580000,0x00000006ee700000,0x00000006ee700000)
  from space 1281536K, 99% used [0x000000073ca80000,0x000000078adf8360,0x000000078ae00000)
  to   space 1281536K, 0% used [0x00000006ee700000,0x00000006ee700000,0x000000073ca80000)
 ParOldGen       total 4826112K, used 3360533K [0x0000000500000000, 0x0000000626900000, 0x00000006d5580000)
  object space 4826112K, 69% used [0x0000000500000000,0x00000005cd1c5558,0x0000000626900000)
 Metaspace       used 16825K, capacity 17306K, committed 17664K, reserved 1064960K
  class space    used 1854K, capacity 1980K, committed 2048K, reserved 1048576K
Event: 397.829 GC heap after
Heap after GC invocations=190 (full 13):
 PSYoungGen      total 1692672K, used 1281504K [0x00000006d5580000, 0x000000078da00000, 0x00000007c0000000)
  eden space 411136K, 0% used [0x00000006d5580000,0x00000006d5580000,0x00000006ee700000)
  from space 1281536K, 99% used [0x00000006ee700000,0x000000073ca78360,0x000000073ca80000)
  to   space 1281536K, 0% used [0x000000073f680000,0x000000073f680000,0x000000078da00000)
 ParOldGen       total 4826112K, used 3770037K [0x0000000500000000, 0x0000000626900000, 0x00000006d5580000)
  object space 4826112K, 78% used [0x0000000500000000,0x00000005e61ad558,0x0000000626900000)
 Metaspace       used 16825K, capacity 17306K, committed 17664K, reserved 1064960K
  class space    used 1854K, capacity 1980K, committed 2048K, reserved 1048576K
}
Event: 398.470 GC heap before
{Heap before GC invocations=191 (full 13):
 PSYoungGen      total 1692672K, used 1692640K [0x00000006d5580000, 0x000000078da00000, 0x00000007c0000000)
  eden space 411136K, 100% used [0x00000006d5580000,0x00000006ee700000,0x00000006ee700000)
  from space 1281536K, 99% used [0x00000006ee700000,0x000000073ca78360,0x000000073ca80000)
  to   space 1281536K, 0% used [0x000000073f680000,0x000000073f680000,0x000000078da00000)
 ParOldGen       total 4826112K, used 3770037K [0x0000000500000000, 0x0000000626900000, 0x00000006d5580000)
  object space 4826112K, 78% used [0x0000000500000000,0x00000005e61ad558,0x0000000626900000)
 Metaspace       used 16825K, capacity 17306K, committed 17664K, reserved 1064960K
  class space    used 1854K, capacity 1980K, committed 2048K, reserved 1048576K
Event: 399.252 GC heap after
Heap after GC invocations=191 (full 13):
 PSYoungGen      total 1737728K, used 1281504K [0x00000006d5580000, 0x000000078db00000, 0x00000007c0000000)
  eden space 456192K, 0% used [0x00000006d5580000,0x00000006d5580000,0x00000006f1300000)
  from space 1281536K, 99% used [0x000000073f680000,0x000000078d9f8360,0x000000078da00000)
  to   space 1281536K, 0% used [0x00000006f1300000,0x00000006f1300000,0x000000073f680000)
 ParOldGen       total 4826112K, used 4179541K [0x0000000500000000, 0x0000000626900000, 0x00000006d5580000)
  object space 4826112K, 86% used [0x0000000500000000,0x00000005ff195558,0x0000000626900000)
 Metaspace       used 16825K, capacity 17306K, committed 17664K, reserved 1064960K
  class space    used 1854K, capacity 1980K, committed 2048K, reserved 1048576K
}
Event: 399.958 GC heap before
{Heap before GC invocations=192 (full 13):
 PSYoungGen      total 1737728K, used 1737696K [0x00000006d5580000, 0x000000078db00000, 0x00000007c0000000)
  eden space 456192K, 100% used [0x00000006d5580000,0x00000006f1300000,0x00000006f1300000)
  from space 1281536K, 99% used [0x000000073f680000,0x000000078d9f8360,0x000000078da00000)
  to   space 1281536K, 0% used [0x00000006f1300000,0x00000006f1300000,0x000000073f680000)
 ParOldGen       total 4826112K, used 4179541K [0x0000000500000000, 0x0000000626900000, 0x00000006d5580000)
  object space 4826112K, 86% used [0x0000000500000000,0x00000005ff195558,0x0000000626900000)
 Metaspace       used 16825K, capacity 17306K, committed 17664K, reserved 1064960K
  class space    used 1854K, capacity 1980K, committed 2048K, reserved 1048576K
Event: 400.772 GC heap after
Heap after GC invocations=192 (full 13):
 PSYoungGen      total 1737728K, used 1266304K [0x00000006d5580000, 0x0000000790c80000, 0x00000007c0000000)
  eden space 456192K, 0% used [0x00000006d5580000,0x00000006d5580000,0x00000006f1300000)
  from space 1281536K, 98% used [0x00000006f1300000,0x000000073e7a0000,0x000000073f680000)
  to   space 1281536K, 0% used [0x0000000742900000,0x0000000742900000,0x0000000790c80000)
 ParOldGen       total 4826112K, used 4648246K [0x0000000500000000, 0x0000000626900000, 0x00000006d5580000)
  object space 4826112K, 96% used [0x0000000500000000,0x000000061bb4d8b8,0x0000000626900000)
 Metaspace       used 16825K, capacity 17306K, committed 17664K, reserved 1064960K
  class space    used 1854K, capacity 1980K, committed 2048K, reserved 1048576K
}
Event: 400.772 GC heap before
{Heap before GC invocations=193 (full 14):
 PSYoungGen      total 1737728K, used 1266304K [0x00000006d5580000, 0x0000000790c80000, 0x00000007c0000000)
  eden space 456192K, 0% used [0x00000006d5580000,0x00000006d5580000,0x00000006f1300000)
  from space 1281536K, 98% used [0x00000006f1300000,0x000000073e7a0000,0x000000073f680000)
  to   space 1281536K, 0% used [0x0000000742900000,0x0000000742900000,0x0000000790c80000)
 ParOldGen       total 4826112K, used 4648246K [0x0000000500000000, 0x0000000626900000, 0x00000006d5580000)
  object space 4826112K, 96% used [0x0000000500000000,0x000000061bb4d8b8,0x0000000626900000)
 Metaspace       used 16825K, capacity 17306K, committed 17664K, reserved 1064960K
  class space    used 1854K, capacity 1980K, committed 2048K, reserved 1048576K

Deoptimization events (10 events):
Event: 366.146 Thread 0x00007fa8ac00e000 Uncommon trap: reason=bimorphic action=maybe_recompile pc=0x00007fa89d8115d4 method=java.util.Iterator.forEachRemaining(Ljava/util/function/Consumer;)V @ 6
Event: 366.468 Thread 0x00007fa8ac00e000 Uncommon trap: reason=unstable_if action=reinterpret pc=0x00007fa89d8a64d0 method=java.io.BufferedReader.readLine(Z)Ljava/lang/String; @ 265
Event: 368.263 Thread 0x00007fa8ac00e000 Uncommon trap: reason=unstable_if action=reinterpret pc=0x00007fa89d2eb1f0 method=sun.nio.cs.UTF_8$Decoder.decodeArrayLoop(Ljava/nio/ByteBuffer;Ljava/nio/CharBuffer;)Ljava/nio/charset/CoderResult; @ 84
Event: 368.263 Thread 0x00007fa8ac00e000 Uncommon trap: reason=unstable_if action=reinterpret pc=0x00007fa89d86b278 method=java.nio.charset.CharsetDecoder.decode(Ljava/nio/ByteBuffer;Ljava/nio/CharBuffer;Z)Ljava/nio/charset/CoderResult; @ 94
Event: 368.263 Thread 0x00007fa8ac00e000 Uncommon trap: reason=unstable_if action=reinterpret pc=0x00007fa89d89c04c method=sun.nio.cs.StreamDecoder.implRead([CII)I @ 71
Event: 368.264 Thread 0x00007fa8ac00e000 Uncommon trap: reason=unstable_if action=reinterpret pc=0x00007fa89d8a2be4 method=sun.nio.cs.StreamDecoder.implRead([CII)I @ 71
Event: 368.264 Thread 0x00007fa8ac00e000 Uncommon trap: reason=unstable_if action=reinterpret pc=0x00007fa89d8a0570 method=sun.nio.cs.StreamDecoder.implRead([CII)I @ 71
Event: 368.272 Thread 0x00007fa8ac00e000 Uncommon trap: reason=unstable_if action=reinterpret pc=0x00007fa89d69977c method=sun.nio.cs.UTF_8$Decoder.decodeArrayLoop(Ljava/nio/ByteBuffer;Ljava/nio/CharBuffer;)Ljava/nio/charset/CoderResult; @ 84
Event: 380.423 Thread 0x00007fa8ac00e000 Uncommon trap: reason=unstable_if action=reinterpret pc=0x00007fa89d78ff28 method=sun.nio.ch.ChannelInputStream.available()I @ 41
Event: 380.423 Thread 0x00007fa8ac00e000 Uncommon trap: reason=unstable_if action=reinterpret pc=0x00007fa89d7ae1e4 method=sun.nio.ch.ChannelInputStream.available()I @ 41

Internal exceptions (10 events):
Event: 127.959 Thread 0x00007fa8ac00e000 Exception <a 'java/io/FileNotFoundException'> (0x00000006db33e328) thrown at [/HUDSON3/workspace/8-2-build-linux-amd64/jdk8u112/7884/hotspot/src/share/vm/prims/jni.cpp, line 709]
Event: 127.967 Thread 0x00007fa8ac00e000 Implicit null exception at 0x00007fa89d11f87c to 0x00007fa89d11f919
Event: 128.224 Thread 0x00007fa8ac00e000 Implicit null exception at 0x00007fa89d231275 to 0x00007fa89d231639
Event: 128.225 Thread 0x00007fa8ac00e000 Implicit null exception at 0x00007fa89d20f6f6 to 0x00007fa89d20fac5
Event: 128.279 Thread 0x00007fa8ac6c0000 Implicit null exception at 0x00007fa89d5a93e6 to 0x00007fa89d5a99dd
Event: 128.369 Thread 0x00007fa8ac00e000 Implicit null exception at 0x00007fa89d10acb5 to 0x00007fa89d10ad39
Event: 128.649 Thread 0x00007fa8ac73e800 Exception <a 'java/lang/UnsupportedOperationException': > (0x00000006dd60a378) thrown at [/HUDSON3/workspace/8-2-build-linux-amd64/jdk8u112/7884/hotspot/src/share/vm/prims/jni.cpp, line 735]
Event: 358.111 Thread 0x00007fa8ac00e000 Implicit null exception at 0x00007fa89d7cf4d0 to 0x00007fa89d7cfcf1
Event: 358.112 Thread 0x00007fa8ac00e000 Implicit null exception at 0x00007fa89d75d488 to 0x00007fa89d75d931
Event: 358.664 Thread 0x00007fa8ac00e000 Implicit null exception at 0x00007fa89d83e637 to 0x00007fa89d83fdc5

Events (10 events):
Event: 393.310 Executing VM operation: ParallelGCFailedAllocation done
Event: 393.687 Executing VM operation: ParallelGCFailedAllocation
Event: 394.668 Executing VM operation: ParallelGCFailedAllocation done
Event: 395.273 Executing VM operation: ParallelGCFailedAllocation
Event: 396.316 Executing VM operation: ParallelGCFailedAllocation done
Event: 397.010 Executing VM operation: ParallelGCFailedAllocation
Event: 397.829 Executing VM operation: ParallelGCFailedAllocation done
Event: 398.470 Executing VM operation: ParallelGCFailedAllocation
Event: 399.252 Executing VM operation: ParallelGCFailedAllocation done
Event: 399.958 Executing VM operation: ParallelGCFailedAllocation


Dynamic libraries:
00400000-00401000 r-xp 00000000 08:04 1180653                            /usr/lib/jvm/java-8-jdk/jre/bin/java
00600000-00601000 rw-p 00000000 08:04 1180653                            /usr/lib/jvm/java-8-jdk/jre/bin/java
0217a000-0219b000 rw-p 00000000 00:00 0                                  [heap]
500000000-626900000 rw-p 00000000 00:00 0 
6b3780000-6d5580000 ---p 00000000 00:00 0 
6d5580000-790c80000 rw-p 00000000 00:00 0 
790c80000-7c0000000 ---p 00000000 00:00 0 
7c0000000-7c0200000 rw-p 00000000 00:00 0 
7c0200000-800000000 ---p 00000000 00:00 0 
7fa830000000-7fa830021000 rw-p 00000000 00:00 0 
7fa830021000-7fa834000000 ---p 00000000 00:00 0 
7fa834000000-7fa834185000 rw-p 00000000 00:00 0 
7fa834185000-7fa838000000 ---p 00000000 00:00 0 
7fa838000000-7fa838292000 rw-p 00000000 00:00 0 
7fa838292000-7fa83c000000 ---p 00000000 00:00 0 
7fa83c000000-7fa83c021000 rw-p 00000000 00:00 0 
7fa83c021000-7fa840000000 ---p 00000000 00:00 0 
7fa840000000-7fa840021000 rw-p 00000000 00:00 0 
7fa840021000-7fa844000000 ---p 00000000 00:00 0 
7fa844000000-7fa844021000 rw-p 00000000 00:00 0 
7fa844021000-7fa848000000 ---p 00000000 00:00 0 
7fa848000000-7fa84858c000 rw-p 00000000 00:00 0 
7fa84858c000-7fa84c000000 ---p 00000000 00:00 0 
7fa84c000000-7fa84c021000 rw-p 00000000 00:00 0 
7fa84c021000-7fa850000000 ---p 00000000 00:00 0 
7fa850000000-7fa851554000 rw-p 00000000 00:00 0 
7fa851554000-7fa854000000 ---p 00000000 00:00 0 
7fa854000000-7fa854ed5000 rw-p 00000000 00:00 0 
7fa854ed5000-7fa858000000 ---p 00000000 00:00 0 
7fa858000000-7fa858021000 rw-p 00000000 00:00 0 
7fa858021000-7fa85c000000 ---p 00000000 00:00 0 
7fa85c000000-7fa85c021000 rw-p 00000000 00:00 0 
7fa85c021000-7fa860000000 ---p 00000000 00:00 0 
7fa860000000-7fa860021000 rw-p 00000000 00:00 0 
7fa860021000-7fa864000000 ---p 00000000 00:00 0 
7fa866000000-7fa87c000000 rw-p 00000000 00:00 0 
7fa87c000000-7fa87f4fb000 rw-p 00000000 00:00 0 
7fa87f4fb000-7fa880000000 ---p 00000000 00:00 0 
7fa880000000-7fa8802c6000 rw-p 00000000 00:00 0 
7fa8802c6000-7fa884000000 ---p 00000000 00:00 0 
7fa884000000-7fa88774e000 rw-p 00000000 00:00 0 
7fa88774e000-7fa888000000 ---p 00000000 00:00 0 
7fa88b173000-7fa88b1e5000 r-xp 00000000 08:04 9965381                    /usr/lib/libpcre.so.1.2.8
7fa88b1e5000-7fa88b3e4000 ---p 00072000 08:04 9965381                    /usr/lib/libpcre.so.1.2.8
7fa88b3e4000-7fa88b3e5000 r--p 00071000 08:04 9965381                    /usr/lib/libpcre.so.1.2.8
7fa88b3e5000-7fa88b3e6000 rw-p 00072000 08:04 9965381                    /usr/lib/libpcre.so.1.2.8
7fa88b612000-7fa88b723000 r-xp 00000000 08:04 9963907                    /usr/lib/libglib-2.0.so.0.5200.2
7fa88b723000-7fa88b923000 ---p 00111000 08:04 9963907                    /usr/lib/libglib-2.0.so.0.5200.2
7fa88b923000-7fa88b924000 r--p 00111000 08:04 9963907                    /usr/lib/libglib-2.0.so.0.5200.2
7fa88b924000-7fa88b925000 rw-p 00112000 08:04 9963907                    /usr/lib/libglib-2.0.so.0.5200.2
7fa88b925000-7fa88b926000 rw-p 00000000 00:00 0 
7fa88c000000-7fa88fd25000 rw-p 00000000 00:00 0 
7fa88fd25000-7fa890000000 ---p 00000000 00:00 0 
7fa89025b000-7fa89039b000 rw-p 00000000 00:00 0 
7fa89039b000-7fa89045b000 ---p 00000000 00:00 0 
7fa89045b000-7fa89045e000 ---p 00000000 00:00 0 
7fa89045e000-7fa89055c000 rw-p 00000000 00:00 0 
7fa89055c000-7fa89055f000 ---p 00000000 00:00 0 
7fa89055f000-7fa89065d000 rw-p 00000000 00:00 0 
7fa89065d000-7fa8906c6000 r-xp 00000000 08:04 1180511                    /usr/lib/jvm/java-8-jdk/jre/lib/amd64/libt2k.so
7fa8906c6000-7fa8908c6000 ---p 00069000 08:04 1180511                    /usr/lib/jvm/java-8-jdk/jre/lib/amd64/libt2k.so
7fa8908c6000-7fa8908cd000 rw-p 00069000 08:04 1180511                    /usr/lib/jvm/java-8-jdk/jre/lib/amd64/libt2k.so
7fa8908cd000-7fa8908dd000 rw-p 00000000 00:00 0 
7fa8908dd000-7fa8908ee000 r-xp 00000000 08:04 1180539                    /usr/lib/jvm/java-8-jdk/jre/lib/amd64/libnio.so
7fa8908ee000-7fa890aed000 ---p 00011000 08:04 1180539                    /usr/lib/jvm/java-8-jdk/jre/lib/amd64/libnio.so
7fa890aed000-7fa890aee000 rw-p 00010000 08:04 1180539                    /usr/lib/jvm/java-8-jdk/jre/lib/amd64/libnio.so
7fa890aee000-7fa890b04000 r-xp 00000000 08:04 1180563                    /usr/lib/jvm/java-8-jdk/jre/lib/amd64/libnet.so
7fa890b04000-7fa890d04000 ---p 00016000 08:04 1180563                    /usr/lib/jvm/java-8-jdk/jre/lib/amd64/libnet.so
7fa890d04000-7fa890d05000 rw-p 00016000 08:04 1180563                    /usr/lib/jvm/java-8-jdk/jre/lib/amd64/libnet.so
7fa890d05000-7fa890f05000 rw-p 00000000 00:00 0 
7fa890f05000-7fa890f08000 ---p 00000000 00:00 0 
7fa890f08000-7fa891006000 rw-p 00000000 00:00 0 
7fa891006000-7fa891009000 ---p 00000000 00:00 0 
7fa891009000-7fa891107000 rw-p 00000000 00:00 0 
7fa891107000-7fa89110c000 r-xp 00000000 08:04 9963466                    /usr/lib/libXfixes.so.3.1.0
7fa89110c000-7fa89130b000 ---p 00005000 08:04 9963466                    /usr/lib/libXfixes.so.3.1.0
7fa89130b000-7fa89130c000 r--p 00004000 08:04 9963466                    /usr/lib/libXfixes.so.3.1.0
7fa89130c000-7fa89130d000 rw-p 00005000 08:04 9963466                    /usr/lib/libXfixes.so.3.1.0
7fa89130d000-7fa891317000 r-xp 00000000 08:04 9976311                    /usr/lib/libXcursor.so.1.0.2
7fa891317000-7fa891516000 ---p 0000a000 08:04 9976311                    /usr/lib/libXcursor.so.1.0.2
7fa891516000-7fa891517000 r--p 00009000 08:04 9976311                    /usr/lib/libXcursor.so.1.0.2
7fa891517000-7fa891518000 rw-p 0000a000 08:04 9976311                    /usr/lib/libXcursor.so.1.0.2
7fa891518000-7fa89151b000 ---p 00000000 00:00 0 
7fa89151b000-7fa891819000 rw-p 00000000 00:00 0 
7fa891819000-7fa89182f000 r-xp 00000000 08:04 9986693                    /usr/lib/libgcc_s.so.1
7fa89182f000-7fa891a2e000 ---p 00016000 08:04 9986693                    /usr/lib/libgcc_s.so.1
7fa891a2e000-7fa891a2f000 r--p 00015000 08:04 9986693                    /usr/lib/libgcc_s.so.1
7fa891a2f000-7fa891a30000 rw-p 00016000 08:04 9986693                    /usr/lib/libgcc_s.so.1
7fa891a30000-7fa891a95000 r-xp 00000000 08:04 1180545                    /usr/lib/jvm/java-8-jdk/jre/lib/amd64/libfontmanager.so
7fa891a95000-7fa891c94000 ---p 00065000 08:04 1180545                    /usr/lib/jvm/java-8-jdk/jre/lib/amd64/libfontmanager.so
7fa891c94000-7fa891c99000 rw-p 00064000 08:04 1180545                    /usr/lib/jvm/java-8-jdk/jre/lib/amd64/libfontmanager.so
7fa891c99000-7fa891ca9000 rw-p 00000000 00:00 0 
7fa891ca9000-7fa891cae000 r-xp 00000000 08:04 9966722                    /usr/lib/libXdmcp.so.6.0.0
7fa891cae000-7fa891ead000 ---p 00005000 08:04 9966722                    /usr/lib/libXdmcp.so.6.0.0
7fa891ead000-7fa891eae000 r--p 00004000 08:04 9966722                    /usr/lib/libXdmcp.so.6.0.0
7fa891eae000-7fa891eaf000 rw-p 00005000 08:04 9966722                    /usr/lib/libXdmcp.so.6.0.0
7fa891eaf000-7fa891eb1000 r-xp 00000000 08:04 9966720                    /usr/lib/libXau.so.6.0.0
7fa891eb1000-7fa8920b1000 ---p 00002000 08:04 9966720                    /usr/lib/libXau.so.6.0.0
7fa8920b1000-7fa8920b2000 r--p 00002000 08:04 9966720                    /usr/lib/libXau.so.6.0.0
7fa8920b2000-7fa8920b3000 rw-p 00003000 08:04 9966720                    /usr/lib/libXau.so.6.0.0
7fa8920b3000-7fa8920db000 r-xp 00000000 08:04 9967036                    /usr/lib/libxcb.so.1.1.0
7fa8920db000-7fa8922da000 ---p 00028000 08:04 9967036                    /usr/lib/libxcb.so.1.1.0
7fa8922da000-7fa8922db000 r--p 00027000 08:04 9967036                    /usr/lib/libxcb.so.1.1.0
7fa8922db000-7fa8922dc000 rw-p 00028000 08:04 9967036                    /usr/lib/libxcb.so.1.1.0
7fa8922dc000-7fa8922eb000 r-xp 00000000 08:04 9965027                    /usr/lib/libXi.so.6.1.0
7fa8922eb000-7fa8924eb000 ---p 0000f000 08:04 9965027                    /usr/lib/libXi.so.6.1.0
7fa8924eb000-7fa8924ec000 r--p 0000f000 08:04 9965027                    /usr/lib/libXi.so.6.1.0
7fa8924ec000-7fa8924ed000 rw-p 00010000 08:04 9965027                    /usr/lib/libXi.so.6.1.0
7fa8924ed000-7fa8924f2000 r-xp 00000000 08:04 9963460                    /usr/lib/libXtst.so.6.1.0
7fa8924f2000-7fa8926f1000 ---p 00005000 08:04 9963460                    /usr/lib/libXtst.so.6.1.0
7fa8926f1000-7fa8926f2000 r--p 00004000 08:04 9963460                    /usr/lib/libXtst.so.6.1.0
7fa8926f2000-7fa8926f3000 rw-p 00005000 08:04 9963460                    /usr/lib/libXtst.so.6.1.0
7fa8926f3000-7fa8926fc000 r-xp 00000000 08:04 9974557                    /usr/lib/libXrender.so.1.3.0
7fa8926fc000-7fa8928fc000 ---p 00009000 08:04 9974557                    /usr/lib/libXrender.so.1.3.0
7fa8928fc000-7fa8928fd000 r--p 00009000 08:04 9974557                    /usr/lib/libXrender.so.1.3.0
7fa8928fd000-7fa8928fe000 rw-p 0000a000 08:04 9974557                    /usr/lib/libXrender.so.1.3.0
7fa8928fe000-7fa892a37000 r-xp 00000000 08:04 9971013                    /usr/lib/libX11.so.6.3.0
7fa892a37000-7fa892c37000 ---p 00139000 08:04 9971013                    /usr/lib/libX11.so.6.3.0
7fa892c37000-7fa892c38000 r--p 00139000 08:04 9971013                    /usr/lib/libX11.so.6.3.0
7fa892c38000-7fa892c3d000 rw-p 0013a000 08:04 9971013                    /usr/lib/libX11.so.6.3.0
7fa892c3d000-7fa892c4e000 r-xp 00000000 08:04 9966723                    /usr/lib/libXext.so.6.4.0
7fa892c4e000-7fa892e4d000 ---p 00011000 08:04 9966723                    /usr/lib/libXext.so.6.4.0
7fa892e4d000-7fa892e4e000 r--p 00010000 08:04 9966723                    /usr/lib/libXext.so.6.4.0
7fa892e4e000-7fa892e4f000 rw-p 00011000 08:04 9966723                    /usr/lib/libXext.so.6.4.0
7fa892e82000-7fa892e95000 r--s 00345000 08:04 1180433                    /usr/lib/jvm/java-8-jdk/jre/lib/resources.jar
7fa892e95000-7fa892ee9000 r-xp 00000000 08:04 1180537                    /usr/lib/jvm/java-8-jdk/jre/lib/amd64/libawt_xawt.so
7fa892ee9000-7fa8930e9000 ---p 00054000 08:04 1180537                    /usr/lib/jvm/java-8-jdk/jre/lib/amd64/libawt_xawt.so
7fa8930e9000-7fa8930ed000 rw-p 00054000 08:04 1180537                    /usr/lib/jvm/java-8-jdk/jre/lib/amd64/libawt_xawt.so
7fa8930ed000-7fa8930ee000 rw-p 00000000 00:00 0 
7fa8930ee000-7fa893190000 r-xp 00000000 08:04 1180508                    /usr/lib/jvm/java-8-jdk/jre/lib/amd64/libawt.so
7fa893190000-7fa893390000 ---p 000a2000 08:04 1180508                    /usr/lib/jvm/java-8-jdk/jre/lib/amd64/libawt.so
7fa893390000-7fa89339c000 rw-p 000a2000 08:04 1180508                    /usr/lib/jvm/java-8-jdk/jre/lib/amd64/libawt.so
7fa89339c000-7fa8935c0000 rw-p 00000000 00:00 0 
7fa8935c0000-7fa8935c1000 r--s 00223000 08:04 8401667                    /home/gunjan/EclipseWorkspace/EditDistanceStandAlone/build/libs/EditDistanceStandAlone-capsule.jar
7fa8935c1000-7fa8935c5000 r--s 0001e000 08:04 8657503                    /home/gunjan/git/GeolifeReloaded2_1_cleaned/libs/hgapi83_amidst-64.jar
7fa8935c5000-7fa8935c6000 r--s 00223000 08:04 8657850                    /home/gunjan/git/GeolifeReloaded2_1_cleaned/libs/EditDistanceStandAlone-capsule.jar
7fa8935c6000-7fa8935eb000 r--s 004f5000 08:04 8657504                    /home/gunjan/git/GeolifeReloaded2_1_cleaned/libs/spmf.zip
7fa8935eb000-7fa8935ed000 r--s 00027000 08:04 9438017                    /home/gunjan/.gradle/caches/modules-2/files-2.1/com.github.fommil.netlib/core/1.1.2/574b480eca62f535fad6d259e144fee3ef24b66e/core-1.1.2.jar
7fa8935ed000-7fa8935ef000 r--s 00001000 08:04 9438015                    /home/gunjan/.gradle/caches/modules-2/files-2.1/com.github.fommil/jniloader/1.1/4840f897eeb54d67ee14e478f8a45cc9937f3ce1/jniloader-1.1.jar
7fa8935ef000-7fa8935f0000 r--s 0000d000 08:04 9438013                    /home/gunjan/.gradle/caches/modules-2/files-2.1/com.github.fommil.netlib/native_system-java/1.1/3c6a2455f96b354a6940dce1393abb35ed7641da/native_system-java-1.1.jar
7fa8935f0000-7fa8935f1000 r--s 0000d000 08:04 9438011                    /home/gunjan/.gradle/caches/modules-2/files-2.1/com.github.fommil.netlib/native_ref-java/1.1/408c71ffbc3646dda7bee1e22bf19101e5e9ee90/native_ref-java-1.1.jar
7fa8935f1000-7fa8935f3000 r--s 00088000 08:04 9438009                    /home/gunjan/.gradle/caches/modules-2/files-2.1/com.github.fommil.netlib/netlib-native_system-win-i686/1.1/c25fd1881cf93f7716f47b7deec859f6b6b7be50/netlib-native_system-win-i686-1.1-natives.jar
7fa8935f3000-7fa8935f4000 r--s 0009b000 08:04 9438007                    /home/gunjan/.gradle/caches/modules-2/files-2.1/com.github.fommil.netlib/netlib-native_system-win-x86_64/1.1/222c7915be1daf1c26a4206f375d4957ae5f9d81/netlib-native_system-win-x86_64-1.1-natives.jar
7fa8935f4000-7fa8935f5000 r--s 0004b000 08:04 9438005                    /home/gunjan/.gradle/caches/modules-2/files-2.1/com.github.fommil.netlib/netlib-native_system-linux-armhf/1.1/27ae9f6a9c88b3f8d12ffa52d62941615f8ed416/netlib-native_system-linux-armhf-1.1-natives.jar
7fa8935f5000-7fa8935f6000 r--s 0006a000 08:04 9438003                    /home/gunjan/.gradle/caches/modules-2/files-2.1/com.github.fommil.netlib/netlib-native_system-linux-i686/1.1/dd43225560dbd9115d306f9be3ca195aed236b78/netlib-native_system-linux-i686-1.1-natives.jar
7fa8935f6000-7fa8935f7000 r--s 0006f000 08:04 9438001                    /home/gunjan/.gradle/caches/modules-2/files-2.1/com.github.fommil.netlib/netlib-native_system-linux-x86_64/1.1/163e88facabe7fa29952890dc2d3429e28501120/netlib-native_system-linux-x86_64-1.1-natives.jar
7fa8935f7000-7fa8935f8000 r--s 00087000 08:04 9437999                    /home/gunjan/.gradle/caches/modules-2/files-2.1/com.github.fommil.netlib/netlib-native_system-osx-x86_64/1.1/d724e33675dc8eaa5c8fcb05a3aaca6f3339afa7/netlib-native_system-osx-x86_64-1.1-natives.jar
7fa8935f8000-7fa8935f9000 r--s 00126000 08:04 9437997                    /home/gunjan/.gradle/caches/modules-2/files-2.1/com.github.fommil.netlib/netlib-native_ref-linux-armhf/1.1/ec467162f74710fd8897cff6888534ceaf297d9a/netlib-native_ref-linux-armhf-1.1-natives.jar
7fa8935f9000-7fa8935fa000 r--s 001bd000 08:04 9437995                    /home/gunjan/.gradle/caches/modules-2/files-2.1/com.github.fommil.netlib/netlib-native_ref-win-i686/1.1/167fb794a26cb0bfc74890c704c7137b1d5b50fd/netlib-native_ref-win-i686-1.1-natives.jar
7fa8935fa000-7fa8935fb000 r--s 00232000 08:04 9437993                    /home/gunjan/.gradle/caches/modules-2/files-2.1/com.github.fommil.netlib/netlib-native_ref-win-x86_64/1.1/4ab54511c2844546279d9f8e427c73953b794686/netlib-native_ref-win-x86_64-1.1-natives.jar
7fa8935fb000-7fa8935fc000 r--s 0016b000 08:04 9437990                    /home/gunjan/.gradle/caches/modules-2/files-2.1/com.github.fommil.netlib/netlib-native_ref-linux-i686/1.1/eedd845b214aea560bce317d778ebb52f8f46038/netlib-native_ref-linux-i686-1.1-natives.jar
7fa8935fc000-7fa8935fe000 r--s 001aa000 08:04 9437988                    /home/gunjan/.gradle/caches/modules-2/files-2.1/com.github.fommil.netlib/netlib-native_ref-linux-x86_64/1.1/5a3e5787d03c39790d5ae08cce189dd1ccc4a38/netlib-native_ref-linux-x86_64-1.1-natives.jar
7fa8935fe000-7fa893600000 r--s 001c0000 08:04 9437986                    /home/gunjan/.gradle/caches/modules-2/files-2.1/com.github.fommil.netlib/netlib-native_ref-osx-x86_64/1.1/80da53ec862f283dc3b191b9dbd3166ea6671831/netlib-native_ref-osx-x86_64-1.1-natives.jar
7fa893600000-7fa893601000 r--s 00001000 08:04 208                        /home/gunjan/.gradle/caches/modules-2/files-2.1/com.google.errorprone/error_prone_annotations/2.0.2/8382c6cdc18c8c8ad7840024fa340509cf16be11/error_prone_annotations-2.0.2.jar
7fa893601000-7fa893604000 r--s 00006000 08:04 206                        /home/gunjan/.gradle/caches/modules-2/files-2.1/com.google.code.findbugs/jsr305/1.3.9/40719ea6961c0cb6afaeb6a921eaa1f6afd4cfdf/jsr305-1.3.9.jar
7fa893604000-7fa89360a000 r--s 0004b000 08:04 9437984                    /home/gunjan/.gradle/caches/modules-2/files-2.1/org.jfree/jcommon/1.0.23/a316f336ca996e0c6bec4e4fbd49be8f5e1c3968/jcommon-1.0.23.jar
7fa89360a000-7fa89360b000 r--s 00000000 08:04 9437982                    /home/gunjan/.gradle/caches/modules-2/files-2.1/net.jcip/jcip-annotations/1.0/afba4942caaeaf46aab0b976afd57cc7c181467e/jcip-annotations-1.0.jar
7fa89360b000-7fa893611000 r--s 00026000 08:04 9437980                    /home/gunjan/.gradle/caches/modules-2/files-2.1/org.jetbrains.kotlin/kotlin-runtime/1.0.2/8ec2d49a780ddba5e9b6860a72969e4d5bbc0c55/kotlin-runtime-1.0.2.jar
7fa893611000-7fa893613000 r--s 0000c000 08:04 9437977                    /home/gunjan/.gradle/caches/modules-2/files-2.1/org.ow2.asm/asm/5.0.4/da08b8cce7bbf903602a25a3a163ae252435795/asm-5.0.4.jar
7fa893613000-7fa893615000 r--s 00011000 08:04 9437975                    /home/gunjan/.gradle/caches/modules-2/files-2.1/com.cedarsoftware/json-io/2.5.1/dd7fe37e5d02b93b014df08655da2b9e0dc2700a/json-io-2.5.1.jar
7fa893615000-7fa893617000 r--s 0000d000 08:04 9437973                    /home/gunjan/.gradle/caches/modules-2/files-2.1/commons-logging/commons-logging/1.1.1/5043bfebc3db072ed80fbd362e7caf00e885d8ae/commons-logging-1.1.1.jar
7fa893617000-7fa893619000 r--s 00009000 08:04 9437971                    /home/gunjan/.gradle/caches/modules-2/files-2.1/org.hamcrest/hamcrest-core/1.3/42a25dc3219429f0e5d060061f71acb49bf010a0/hamcrest-core-1.3.jar
7fa893619000-7fa89361c000 r--s 00018000 08:04 9312811                    /home/gunjan/.gradle/caches/modules-2/files-2.1/commons-io/commons-io/1.4/a8762d07e76cfde2395257a5da47ba7c1dbd3dce/commons-io-1.4.jar
7fa89361c000-7fa893620000 r--s 000dc000 08:04 9570848                    /home/gunjan/.gradle/caches/modules-2/files-2.1/net.java.dev.jna/jna/4.1.0/1c12d070e602efd8021891cdd7fd18bc129372d4/jna-4.1.0.jar
7fa893620000-7fa893632000 r--s 000a7000 08:04 204                        /home/gunjan/.gradle/caches/modules-2/files-2.1/com.google.guava/guava-testlib/19.0/ce5b880b206de3f76d364988a6308c68c726f74a/guava-testlib-19.0.jar
7fa893632000-7fa89363b000 r--s 0006f000 08:04 9438180                    /home/gunjan/.gradle/caches/modules-2/files-2.1/log4j/log4j/1.2.17/5af35056b4d257e4b64b9e8069c0746e8b08629f/log4j-1.2.17.jar
7fa89363b000-7fa89364c000 r--s 0016e000 08:04 9437969                    /home/gunjan/.gradle/caches/modules-2/files-2.1/org.jfree/jfreechart/1.0.19/ba9ee7dbb2e4c57a6901c79f614ed2dea9cc0e20/jfreechart-1.0.19.jar
7fa89364c000-7fa89364e000 r--s 0000e000 08:04 9437967                    /home/gunjan/.gradle/caches/modules-2/files-2.1/com.beust/jcommander/1.48/bfcb96281ea3b59d626704f74bc6d625ff51cbce/jcommander-1.48.jar
7fa89364e000-7fa89364f000 r--s 00002000 08:04 9437963                    /home/gunjan/.gradle/caches/modules-2/files-2.1/org.slf4j/slf4j-simple/1.7.12/42db62298b899818ff17352cbc00050e940bbfb0/slf4j-simple-1.7.12.jar
7fa89364f000-7fa89365f000 r--s 00088000 08:04 9437961                    /home/gunjan/.gradle/caches/modules-2/files-2.1/joda-time/joda-time/2.8.2/d27c24204c5e507b16fec01006b3d0f1ec42aed4/joda-time-2.8.2.jar
7fa89365f000-7fa89366f000 r--s 00085000 08:04 9437959                    /home/gunjan/.gradle/caches/modules-2/files-2.1/com.mchange/mchange-commons-java/0.2.11/2a6a6c1fe25f28f5a073171956ce6250813467ef/mchange-commons-java-0.2.11.jar
7fa89366f000-7fa893671000 r--s 00016000 08:04 9437957                    /home/gunjan/.gradle/caches/modules-2/files-2.1/com.googlecode.netlib-java/netlib-java/1.1/4a9c3b55b23430e5a6ad86101a88aea500ba8086/netlib-java-1.1.jar
7fa893671000-7fa893683000 r--s 00112000 08:04 9437955                    /home/gunjan/.gradle/caches/modules-2/files-2.1/net.sourceforge.f2j/arpack_combined_all/0.1/225619a060b42605b4d9fd4af11815664abf26eb/arpack_combined_all-0.1.jar
7fa893683000-7fa893688000 r--s 0003d000 08:04 9437953                    /home/gunjan/.gradle/caches/modules-2/files-2.1/com.googlecode.matrix-toolkits-java/mtj/1.0.4/e14ed840ff5e15de92dba2d1af29201fa70a0f35/mtj-1.0.4.jar
7fa893688000-7fa89368c000 r--s 0002f000 08:04 9437951                    /home/gunjan/.gradle/caches/modules-2/files-2.1/nz.ac.waikato.cms.weka.thirdparty/bounce/0.18/d774f9a0aa5cbe08dea8907720c64c417aed861/bounce-0.18.jar
7fa89368c000-7fa89368d000 r--s 00005000 08:04 9437949                    /home/gunjan/.gradle/caches/modules-2/files-2.1/nz.ac.waikato.cms.weka.thirdparty/java-cup-11b-runtime/2015.03.26/5466fad5c5866f33e3230c30ca623e7e8deff1f8/java-cup-11b-runtime-2015.03.26.jar
7fa89368d000-7fa89368f000 r--s 00016000 08:04 9437943                    /home/gunjan/.gradle/caches/modules-2/files-2.1/nz.ac.waikato.cms.weka.thirdparty/java-cup-11b/2015.03.26/6e97c5abd2e76d83220f09f72de0b89b6de18dc1/java-cup-11b-2015.03.26.jar
7fa89368f000-7fa893693000 r--s 0001a000 08:04 9437936                    /home/gunjan/.gradle/caches/modules-2/files-2.1/org.mapdb/elsa/3.0.0-M5/d7c1920d084e741e04844f512af24012e745e809/elsa-3.0.0-M5.jar
7fa893693000-7fa893695000 r--s 00038000 08:04 9437934                    /home/gunjan/.gradle/caches/modules-2/files-2.1/net.jpountz.lz4/lz4/1.3.0/c708bb2590c0652a642236ef45d9f99ff842a2ce/lz4-1.3.0.jar
7fa893695000-7fa8936c1000 r--s 00208000 08:04 9437932                    /home/gunjan/.gradle/caches/modules-2/files-2.1/com.google.guava/guava/19.0/6ce200f6b23222af3d8abb6b6459e6c44f4bb0e9/guava-19.0.jar
7fa8936c1000-7fa8936c3000 r--s 00009000 08:04 11439006                   /home/gunjan/.gradle/caches/modules-2/files-2.1/org.eclipse.collections/eclipse-collections-forkjoin/7.1.1/892b970cb03461f8c10daba778edbef3f0a26846/eclipse-collections-forkjoin-7.1.1.jar
7fa8936c3000-7fa893761000 r--s 00896000 08:04 11439004                   /home/gunjan/.gradle/caches/modules-2/files-2.1/org.eclipse.collections/eclipse-collections/7.1.1/83eca9f03f1f2d055df453d72036c5ce2e82896b/eclipse-collections-7.1.1.jar
7fa893761000-7fa893784000 r--s 000a0000 08:04 11439002                   /home/gunjan/.gradle/caches/modules-2/files-2.1/org.eclipse.collections/eclipse-collections-api/7.1.1/806c2b3bef5364d1a1668f25ce70100fa2c6b919/eclipse-collections-api-7.1.1.jar
7fa893784000-7fa89378d000 r--s 00084000 08:04 9437924                    /home/gunjan/.gradle/caches/modules-2/files-2.1/org.jetbrains.kotlin/kotlin-stdlib/1.0.2/22063f19bfd8e50f21fc310842a91ff5b31bb272/kotlin-stdlib-1.0.2.jar
7fa89378d000-7fa89378e000 r--s 00001000 08:04 9437922                    /home/gunjan/.gradle/caches/modules-2/files-2.1/com.esotericsoftware/minlog/1.3.0/ff07b5f1b01d2f92bb00a337f9a94873712f0827/minlog-1.3.0.jar
7fa89378e000-7fa893790000 r--s 00004000 08:04 9437920                    /home/gunjan/.gradle/caches/modules-2/files-2.1/com.esotericsoftware/reflectasm/1.11.3/8b102eed2f12412b254946811111ea48bc03a266/reflectasm-1.11.3.jar
7fa893790000-7fa893792000 r--s 0000d000 08:04 9437918                    /home/gunjan/.gradle/caches/modules-2/files-2.1/com.cedarsoftware/java-util/1.9.0/c5f6deb3213a693d0cc20a78b1052ecc9a2df09c/java-util-1.9.0.jar
7fa893792000-7fa8937ba000 r--s 00241000 08:04 263                        /home/gunjan/.gradle/caches/modules-2/files-2.1/net.sf.trove4j/trove4j/3.0.3/42ccaf4761f0dfdfa805c9e340d99a755907e2dd/trove4j-3.0.3.jar
7fa8937ba000-7fa893819000 r--s 00835000 08:04 9437892                    /home/gunjan/.gradle/caches/modules-2/files-2.1/nz.ac.waikato.cms.weka/weka-stable/3.8.0/5f6547867e775b416982cdcaa2dbef67855a6669/weka-stable-3.8.0.jar
7fa893819000-7fa89381a000 ---p 00000000 00:00 0 
7fa89381a000-7fa89391a000 rw-p 00000000 00:00 0 
7fa89391a000-7fa89391d000 ---p 00000000 00:00 0 
7fa89391d000-7fa893a1b000 rw-p 00000000 00:00 0 
7fa893a1b000-7fa893a1e000 ---p 00000000 00:00 0 
7fa893a1e000-7fa893b1c000 rw-p 00000000 00:00 0 
7fa893b1c000-7fa893b1f000 ---p 00000000 00:00 0 
7fa893b1f000-7fa893c1d000 rw-p 00000000 00:00 0 
7fa893c1d000-7fa893c20000 ---p 00000000 00:00 0 
7fa893c20000-7fa893d1e000 rw-p 00000000 00:00 0 
7fa893d1e000-7fa893d21000 ---p 00000000 00:00 0 
7fa893d21000-7fa893e1f000 rw-p 00000000 00:00 0 
7fa893e1f000-7fa894000000 r--p 00000000 08:04 9986683                    /usr/lib/locale/locale-archive
7fa894000000-7fa897c26000 rw-p 00000000 00:00 0 
7fa897c26000-7fa898000000 ---p 00000000 00:00 0 
7fa898000000-7fa898002000 r--s 0000b000 08:04 9437916                    /home/gunjan/.gradle/caches/modules-2/files-2.1/org.objenesis/objenesis/2.4/2916b6c96b50c5b3ec4452ed99401db745aabb27/objenesis-2.4.jar
7fa898002000-7fa89800b000 r--s 000ae000 08:04 9437914                    /home/gunjan/.gradle/caches/modules-2/files-2.1/org.javassist/javassist/3.19.0-GA/50120f69224dd8684b445a6f3a5b08fe9b5c60f6/javassist-3.19.0-GA.jar
7fa89800b000-7fa89800f000 r--s 00041000 08:04 9437912                    /home/gunjan/.gradle/caches/modules-2/files-2.1/com.fasterxml.jackson.core/jackson-core/2.8.1/fd13b1c033741d48291315c6370f7d475a42dccf/jackson-core-2.8.1.jar
7fa89800f000-7fa898017000 r--s 00045000 08:04 9437910                    /home/gunjan/.gradle/caches/modules-2/files-2.1/junit/junit/4.12/2973d150c0dc1fefe998f834810d68f278ea58ec/junit-4.12.jar
7fa898017000-7fa898019000 r--s 0000b000 08:04 9312810                    /home/gunjan/.gradle/caches/modules-2/files-2.1/org.zeroturnaround/zt-exec/1.9/a6c5747098b1ede9f4a6e9c36eaebb357a4430ed/zt-exec-1.9.jar
7fa898019000-7fa89801c000 r--s 00012000 08:04 9312574                    /home/gunjan/.gradle/caches/modules-2/files-2.1/com.zaxxer/nuprocess/1.1.0/9479382344b61b36dd3ca1ec1b10aaa91295d632/nuprocess-1.1.0.jar
7fa89801c000-7fa89801d000 r--s 00007000 08:04 202                        /home/gunjan/.gradle/caches/modules-2/files-2.1/com.github.mgunlogson/cuckoofilter4j/1.0.1/1ecac9da72e10f966c90d23c5d774f972d3e940f/cuckoofilter4j-1.0.1.jar
7fa89801d000-7fa898020000 r--s 0001b000 08:04 9438178                    /home/gunjan/.gradle/caches/modules-2/files-2.1/com.google.uzaygezen/uzaygezen-core/0.2/611b82d4c4b4f67cc3d83cf0697ec660fcee2fff/uzaygezen-core-0.2.jar
7fa898020000-7fa898022000 r--s 0001e000 08:04 9437908                    /home/gunjan/.gradle/caches/modules-2/files-2.1/net.seninp/jmotif-sax/1.1.1/22909acc5e5c67cd9a4517070a7fb4f7ef926ab3/jmotif-sax-1.1.1.jar
7fa898022000-7fa89802a000 r--s 00042000 08:04 9437906                    /home/gunjan/.gradle/caches/modules-2/files-2.1/org.n52.matlab/matlab-control/5.0.0/ced8fdb8664759574b2f340aa00844f757dfcad0/matlab-control-5.0.0.jar
7fa89802a000-7fa898035000 r--s 000b6000 08:04 9437904                    /home/gunjan/.gradle/caches/modules-2/files-2.1/org.tinyjee.jgraphx/jgraphx/3.4.1.3/a62939cbd5af2dff663e91d061b3e4edc7b8df85/jgraphx-3.4.1.3.jar
7fa898035000-7fa898038000 r--s 0001f000 08:04 9437902                    /home/gunjan/.gradle/caches/modules-2/files-2.1/com.zaxxer/HikariCP/2.5.1/b896b711e2d98fedf403de590559a123b5fbf1a6/HikariCP-2.5.1.jar
7fa898038000-7fa89803f000 r--s 00073000 08:04 9437900                    /home/gunjan/.gradle/caches/modules-2/files-2.1/com.mchange/c3p0/0.9.5.2/5f86cb6130bc6e8475615ed82d5b5e6fb226a86a/c3p0-0.9.5.2.jar
7fa89803f000-7fa898048000 r--s 00062000 08:04 9437894                    /home/gunjan/.gradle/caches/modules-2/files-2.1/org.jgrapht/jgrapht-core/1.0.0/c2adf22c2d37721489de12e70f5c226832045071/jgrapht-core-1.0.0.jar
7fa898048000-7fa89806f000 r--s 001f6000 08:04 9437884                    /home/gunjan/.gradle/caches/modules-2/files-2.1/org.apache.commons/commons-math3/3.6.1/e4ba98f1d4b3c80ec46392f25e094a6a2e58fcbf/commons-math3-3.6.1.jar
7fa89806f000-7fa898072000 ---p 00000000 00:00 0 
7fa898072000-7fa898170000 rw-p 00000000 00:00 0 
7fa898170000-7fa898173000 ---p 00000000 00:00 0 
7fa898173000-7fa898271000 rw-p 00000000 00:00 0 
7fa898271000-7fa898272000 ---p 00000000 00:00 0 
7fa898272000-7fa899305000 rw-p 00000000 00:00 0 
7fa899305000-7fa8994de000 r--s 03d2c000 08:04 1180452                    /usr/lib/jvm/java-8-jdk/jre/lib/rt.jar
7fa8994de000-7fa89b489000 rw-p 00000000 00:00 0 
7fa89b489000-7fa89b9ff000 ---p 00000000 00:00 0 
7fa89b9ff000-7fa89c334000 rw-p 00000000 00:00 0 
7fa89c334000-7fa89c8a9000 ---p 00000000 00:00 0 
7fa89c8a9000-7fa89ce86000 rw-p 00000000 00:00 0 
7fa89ce86000-7fa89cfff000 ---p 00000000 00:00 0 
7fa89cfff000-7fa89d000000 rw-p 00000000 00:00 0 
7fa89d000000-7fa89d8e0000 rwxp 00000000 00:00 0 
7fa89d8e0000-7fa8ac000000 ---p 00000000 00:00 0 
7fa8ac000000-7fa8ac855000 rw-p 00000000 00:00 0 
7fa8ac855000-7fa8b0000000 ---p 00000000 00:00 0 
7fa8b0000000-7fa8b0007000 r--s 00067000 08:04 9437898                    /home/gunjan/.gradle/caches/modules-2/files-2.1/org.mariadb.jdbc/mariadb-java-client/1.5.4/bd0e2e8494245c2885a79fc92bc3693c88cbfab4/mariadb-java-client-1.5.4.jar
7fa8b0007000-7fa8b0010000 r--s 000aa000 08:04 9437890                    /home/gunjan/.gradle/caches/modules-2/files-2.1/org.mapdb/mapdb/3.0.2/bcd8209dda05a358318b29719a9e76b21d5e4683/mapdb-3.0.2.jar
7fa8b0010000-7fa8b090d000 rw-p 00000000 00:00 0 
7fa8b090d000-7fa8b090e000 ---p 00000000 00:00 0 
7fa8b090e000-7fa8b0a0e000 rw-p 00000000 00:00 0 
7fa8b0a0e000-7fa8b0a0f000 ---p 00000000 00:00 0 
7fa8b0a0f000-7fa8b0b0f000 rw-p 00000000 00:00 0 
7fa8b0b0f000-7fa8b0b10000 ---p 00000000 00:00 0 
7fa8b0b10000-7fa8b0c10000 rw-p 00000000 00:00 0 
7fa8b0c10000-7fa8b0c11000 ---p 00000000 00:00 0 
7fa8b0c11000-7fa8b0d35000 rw-p 00000000 00:00 0 
7fa8b0d35000-7fa8b10d1000 ---p 00000000 00:00 0 
7fa8b10d1000-7fa8b10eb000 r-xp 00000000 08:04 1180541                    /usr/lib/jvm/java-8-jdk/jre/lib/amd64/libzip.so
7fa8b10eb000-7fa8b12eb000 ---p 0001a000 08:04 1180541                    /usr/lib/jvm/java-8-jdk/jre/lib/amd64/libzip.so
7fa8b12eb000-7fa8b12ec000 rw-p 0001a000 08:04 1180541                    /usr/lib/jvm/java-8-jdk/jre/lib/amd64/libzip.so
7fa8b12ec000-7fa8b12f7000 r-xp 00000000 08:04 9962652                    /usr/lib/libnss_files-2.25.so
7fa8b12f7000-7fa8b14f6000 ---p 0000b000 08:04 9962652                    /usr/lib/libnss_files-2.25.so
7fa8b14f6000-7fa8b14f7000 r--p 0000a000 08:04 9962652                    /usr/lib/libnss_files-2.25.so
7fa8b14f7000-7fa8b14f8000 rw-p 0000b000 08:04 9962652                    /usr/lib/libnss_files-2.25.so
7fa8b14f8000-7fa8b14fe000 rw-p 00000000 00:00 0 
7fa8b14fe000-7fa8b1529000 r-xp 00000000 08:04 1180515                    /usr/lib/jvm/java-8-jdk/jre/lib/amd64/libjava.so
7fa8b1529000-7fa8b1728000 ---p 0002b000 08:04 1180515                    /usr/lib/jvm/java-8-jdk/jre/lib/amd64/libjava.so
7fa8b1728000-7fa8b172a000 rw-p 0002a000 08:04 1180515                    /usr/lib/jvm/java-8-jdk/jre/lib/amd64/libjava.so
7fa8b172a000-7fa8b1737000 r-xp 00000000 08:04 1180562                    /usr/lib/jvm/java-8-jdk/jre/lib/amd64/libverify.so
7fa8b1737000-7fa8b1936000 ---p 0000d000 08:04 1180562                    /usr/lib/jvm/java-8-jdk/jre/lib/amd64/libverify.so
7fa8b1936000-7fa8b1938000 rw-p 0000c000 08:04 1180562                    /usr/lib/jvm/java-8-jdk/jre/lib/amd64/libverify.so
7fa8b1938000-7fa8b193f000 r-xp 00000000 08:04 9962272                    /usr/lib/librt-2.25.so
7fa8b193f000-7fa8b1b3e000 ---p 00007000 08:04 9962272                    /usr/lib/librt-2.25.so
7fa8b1b3e000-7fa8b1b3f000 r--p 00006000 08:04 9962272                    /usr/lib/librt-2.25.so
7fa8b1b3f000-7fa8b1b40000 rw-p 00007000 08:04 9962272                    /usr/lib/librt-2.25.so
7fa8b1b40000-7fa8b1c52000 r-xp 00000000 08:04 9962314                    /usr/lib/libm-2.25.so
7fa8b1c52000-7fa8b1e51000 ---p 00112000 08:04 9962314                    /usr/lib/libm-2.25.so
7fa8b1e51000-7fa8b1e52000 r--p 00111000 08:04 9962314                    /usr/lib/libm-2.25.so
7fa8b1e52000-7fa8b1e53000 rw-p 00112000 08:04 9962314                    /usr/lib/libm-2.25.so
7fa8b1e53000-7fa8b2b21000 r-xp 00000000 08:04 1180572                    /usr/lib/jvm/java-8-jdk/jre/lib/amd64/server/libjvm.so
7fa8b2b21000-7fa8b2d21000 ---p 00cce000 08:04 1180572                    /usr/lib/jvm/java-8-jdk/jre/lib/amd64/server/libjvm.so
7fa8b2d21000-7fa8b2dfa000 rw-p 00cce000 08:04 1180572                    /usr/lib/jvm/java-8-jdk/jre/lib/amd64/server/libjvm.so
7fa8b2dfa000-7fa8b2e45000 rw-p 00000000 00:00 0 
7fa8b2e45000-7fa8b2fe0000 r-xp 00000000 08:04 9963120                    /usr/lib/libc-2.25.so
7fa8b2fe0000-7fa8b31df000 ---p 0019b000 08:04 9963120                    /usr/lib/libc-2.25.so
7fa8b31df000-7fa8b31e3000 r--p 0019a000 08:04 9963120                    /usr/lib/libc-2.25.so
7fa8b31e3000-7fa8b31e5000 rw-p 0019e000 08:04 9963120                    /usr/lib/libc-2.25.so
7fa8b31e5000-7fa8b31e9000 rw-p 00000000 00:00 0 
7fa8b31e9000-7fa8b31ec000 r-xp 00000000 08:04 9962388                    /usr/lib/libdl-2.25.so
7fa8b31ec000-7fa8b33eb000 ---p 00003000 08:04 9962388                    /usr/lib/libdl-2.25.so
7fa8b33eb000-7fa8b33ec000 r--p 00002000 08:04 9962388                    /usr/lib/libdl-2.25.so
7fa8b33ec000-7fa8b33ed000 rw-p 00003000 08:04 9962388                    /usr/lib/libdl-2.25.so
7fa8b33ed000-7fa8b3402000 r-xp 00000000 08:04 1180570                    /usr/lib/jvm/java-8-jdk/jre/lib/amd64/jli/libjli.so
7fa8b3402000-7fa8b3602000 ---p 00015000 08:04 1180570                    /usr/lib/jvm/java-8-jdk/jre/lib/amd64/jli/libjli.so
7fa8b3602000-7fa8b3603000 rw-p 00015000 08:04 1180570                    /usr/lib/jvm/java-8-jdk/jre/lib/amd64/jli/libjli.so
7fa8b3603000-7fa8b361c000 r-xp 00000000 08:04 9963199                    /usr/lib/libpthread-2.25.so
7fa8b361c000-7fa8b381b000 ---p 00019000 08:04 9963199                    /usr/lib/libpthread-2.25.so
7fa8b381b000-7fa8b381c000 r--p 00018000 08:04 9963199                    /usr/lib/libpthread-2.25.so
7fa8b381c000-7fa8b381d000 rw-p 00019000 08:04 9963199                    /usr/lib/libpthread-2.25.so
7fa8b381d000-7fa8b3821000 rw-p 00000000 00:00 0 
7fa8b3821000-7fa8b3844000 r-xp 00000000 08:04 9963124                    /usr/lib/ld-2.25.so
7fa8b3844000-7fa8b3846000 r--s 0000c000 08:04 9437896                    /home/gunjan/.gradle/caches/modules-2/files-2.1/org.json/json/20160810/aca5eb39e2a12fddd6c472b240afe9ebea3a6733/json-20160810.jar
7fa8b3846000-7fa8b384e000 r--s 00048000 08:04 9437888                    /home/gunjan/.gradle/caches/modules-2/files-2.1/com.esotericsoftware/kryo/4.0.0/9f5c64c1315ec79bee0f56bb88e4ae94b65048ce/kryo-4.0.0.jar
7fa8b384e000-7fa8b38f8000 rw-p 00000000 00:00 0 
7fa8b38f8000-7fa8b38fb000 ---p 00000000 00:00 0 
7fa8b38fb000-7fa8b39fb000 rw-p 00000000 00:00 0 
7fa8b39fb000-7fa8b3a02000 r--s 00057000 08:04 9437886                    /home/gunjan/.gradle/caches/modules-2/files-2.1/de.ruedigermoeller/fst/2.48/a04da9aca9ecc7dcf19c5e25b89bc21468e2a3e7/fst-2.48.jar
7fa8b3a02000-7fa8b3a0a000 r--s 0006e000 08:04 9437882                    /home/gunjan/.gradle/caches/modules-2/files-2.1/org.apache.commons/commons-lang3/3.5/6c6c702c89bfff3cd9e80b04d668c5e190d588c6/commons-lang3-3.5.jar
7fa8b3a0a000-7fa8b3a0c000 r--s 0000c000 08:04 9437880                    /home/gunjan/.gradle/caches/modules-2/files-2.1/org.apache.commons/commons-exec/1.3/8dfb9facd0830a27b1b5f29f84593f0aeee7773b/commons-exec-1.3.jar
7fa8b3a0c000-7fa8b3a0d000 r--s 00009000 08:04 9308247                    /home/gunjan/.gradle/caches/modules-2/files-2.1/org.apache.commons/commons-csv/1.4/fc2512d2109144df353501266ac4bbe179058afd/commons-csv-1.4.jar
7fa8b3a0d000-7fa8b3a0f000 r--s 00009000 08:04 9308245                    /home/gunjan/.gradle/caches/modules-2/files-2.1/org.slf4j/slf4j-api/1.7.21/139535a69a4239db087de9bab0bee568bf8e0b70/slf4j-api-1.7.21.jar
7fa8b3a0f000-7fa8b3a37000 rw-p 00000000 00:00 0 
7fa8b3a37000-7fa8b3a3f000 rw-s 00000000 00:26 20                         /tmp/hsperfdata_gunjan/22430
7fa8b3a3f000-7fa8b3a40000 rw-p 00000000 00:00 0 
7fa8b3a40000-7fa8b3a41000 ---p 00000000 00:00 0 
7fa8b3a41000-7fa8b3a43000 rw-p 00000000 00:00 0 
7fa8b3a43000-7fa8b3a44000 r--p 00022000 08:04 9963124                    /usr/lib/ld-2.25.so
7fa8b3a44000-7fa8b3a45000 rw-p 00023000 08:04 9963124                    /usr/lib/ld-2.25.so
7fa8b3a45000-7fa8b3a46000 rw-p 00000000 00:00 0 
7ffc08617000-7ffc0863b000 rw-p 00000000 00:00 0                          [stack]
7ffc08733000-7ffc08735000 r--p 00000000 00:00 0                          [vvar]
7ffc08735000-7ffc08737000 r-xp 00000000 00:00 0                          [vdso]
ffffffffff600000-ffffffffff601000 r-xp 00000000 00:00 0                  [vsyscall]

VM Arguments:
jvm_args: -Xmx11g -Dfile.encoding=UTF-8 
java_command: org.activity.controller.SuperController
java_class_path (initial): /home/gunjan/git/GeolifeReloaded2_1_cleaned/bin:/home/gunjan/.gradle/caches/modules-2/files-2.1/org.slf4j/slf4j-api/1.7.21/139535a69a4239db087de9bab0bee568bf8e0b70/slf4j-api-1.7.21.jar:/home/gunjan/.gradle/caches/modules-2/files-2.1/org.apache.commons/commons-csv/1.4/fc2512d2109144df353501266ac4bbe179058afd/commons-csv-1.4.jar:/home/gunjan/.gradle/caches/modules-2/files-2.1/org.apache.commons/commons-exec/1.3/8dfb9facd0830a27b1b5f29f84593f0aeee7773b/commons-exec-1.3.jar:/home/gunjan/.gradle/caches/modules-2/files-2.1/org.apache.commons/commons-lang3/3.5/6c6c702c89bfff3cd9e80b04d668c5e190d588c6/commons-lang3-3.5.jar:/home/gunjan/.gradle/caches/modules-2/files-2.1/org.apache.commons/commons-math3/3.6.1/e4ba98f1d4b3c80ec46392f25e094a6a2e58fcbf/commons-math3-3.6.1.jar:/home/gunjan/.gradle/caches/modules-2/files-2.1/de.ruedigermoeller/fst/2.48/a04da9aca9ecc7dcf19c5e25b89bc21468e2a3e7/fst-2.48.jar:/home/gunjan/.gradle/caches/modules-2/files-2.1/com.esotericsoftware/kryo/4.0.0/9f5c64c1315ec79bee0f56bb88e4ae94b65048ce/kryo-4.0.0.jar:/home/gunjan/.gradle/caches/modules-2/files-2.1/org.mapdb/mapdb/3.0.2/bcd8209dda05a358318b29719a9e76b21d5e4683/mapdb-3.0.2.jar:/home/gunjan/.gradle/caches/modules-2/files-2.1/nz.ac.waikato.cms.weka/weka-stable/3.8.0/5f6547867e775b416982cdcaa2dbef67855a6669/weka-stable-3.8.0.jar:/home/gunjan/.gradle/caches/modules-2/files-2.1/org.jgrapht/jgrapht-core/1.0.0/c2adf22c2d37721489de12e70f5c226832045071/jgrapht-core-1.0.0.jar:/home/gunjan/.gradle/caches/modules-2/files-2.1/org.json/json/20160810/aca5eb39e2a12fddd6c472b240afe9ebea3a6733/json-20160810.jar:/home/gunjan/.gradle/caches/modules-2/files-2.1/org.mariadb.jdbc/mariadb-java-client/1.5.4/bd0e2e8494245c2885a79fc92bc3693c88cbfab4/mariadb-java-client-1.5.4.jar:/home/gunjan/.gradle/caches/modules-2/files-2.1/com.mchange/c3p0/0.9.5.2/5f86cb6130bc6e8475615ed82d5b5e6fb226a86a/c3p0-0.9.5.2.jar:/home/gunjan/.gradle/caches/modules-2/files-2.1/com.zaxxer/HikariCP/2.5.1/b896b711e2d
Launcher Type: SUN_STANDARD

Environment Variables:
PATH=/usr/local/sbin:/usr/local/bin:/usr/bin:/opt/android-sdk/platform-tools:/usr/lib/jvm/default/bin:/usr/bin/site_perl:/usr/bin/vendor_perl:/usr/bin/core_perl
SHELL=/bin/bash
DISPLAY=:0

Signal Handlers:
SIGSEGV: [libjvm.so+0xac7800], sa_mask[0]=11111111011111111101111111111110, sa_flags=SA_RESTART|SA_SIGINFO
SIGBUS: [libjvm.so+0xac7800], sa_mask[0]=11111111011111111101111111111110, sa_flags=SA_RESTART|SA_SIGINFO
SIGFPE: [libjvm.so+0x920990], sa_mask[0]=11111111011111111101111111111110, sa_flags=SA_RESTART|SA_SIGINFO
SIGPIPE: [libjvm.so+0x920990], sa_mask[0]=11111111011111111101111111111110, sa_flags=SA_RESTART|SA_SIGINFO
SIGXFSZ: [libjvm.so+0x920990], sa_mask[0]=11111111011111111101111111111110, sa_flags=SA_RESTART|SA_SIGINFO
SIGILL: [libjvm.so+0x920990], sa_mask[0]=11111111011111111101111111111110, sa_flags=SA_RESTART|SA_SIGINFO
SIGUSR1: SIG_DFL, sa_mask[0]=00000000000000000000000000000000, sa_flags=none
SIGUSR2: [libjvm.so+0x9221d0], sa_mask[0]=00100000000000000000000000000000, sa_flags=SA_RESTART|SA_SIGINFO
SIGHUP: [libjvm.so+0x9235d0], sa_mask[0]=11111111011111111101111111111110, sa_flags=SA_RESTART|SA_SIGINFO
SIGINT: SIG_IGN, sa_mask[0]=00000000000000000000000000000000, sa_flags=none
SIGTERM: [libjvm.so+0x9235d0], sa_mask[0]=11111111011111111101111111111110, sa_flags=SA_RESTART|SA_SIGINFO
SIGQUIT: [libjvm.so+0x9235d0], sa_mask[0]=11111111011111111101111111111110, sa_flags=SA_RESTART|SA_SIGINFO


---------------  S Y S T E M  ---------------

OS:DISTRIB_ID=ManjaroLinux
DISTRIB_RELEASE=17.0.1
DISTRIB_CODENAME=Gellivara
DISTRIB_DESCRIPTION="Manjaro Linux"

uname:Linux 4.9.30-1-MANJARO #1 SMP PREEMPT Thu May 25 20:31:43 UTC 2017 x86_64
libc:glibc 2.25 NPTL 2.25 
rlimit: STACK 8192k, CORE infinity, NPROC 62736, NOFILE 4096, AS infinity
load average:3.43 2.50 1.62

/proc/meminfo:
MemTotal:       16344012 kB
MemFree:          185280 kB
MemAvailable:    1948796 kB
Buffers:           66244 kB
Cached:          2760556 kB
SwapCached:            0 kB
Active:         14274728 kB
Inactive:        1549232 kB
Active(anon):   13033212 kB
Inactive(anon):   821452 kB
Active(file):    1241516 kB
Inactive(file):   727780 kB
Unevictable:          64 kB
Mlocked:              64 kB
SwapTotal:             0 kB
SwapFree:              0 kB
Dirty:              2056 kB
Writeback:             0 kB
AnonPages:      12997472 kB
Mapped:           816080 kB
Shmem:            857312 kB
Slab:             147888 kB
SReclaimable:     102180 kB
SUnreclaim:        45708 kB
KernelStack:       12464 kB
PageTables:        78100 kB
NFS_Unstable:          0 kB
Bounce:                0 kB
WritebackTmp:          0 kB
CommitLimit:     8172004 kB
Committed_AS:   17993132 kB
VmallocTotal:   34359738367 kB
VmallocUsed:           0 kB
VmallocChunk:          0 kB
HardwareCorrupted:     0 kB
AnonHugePages:   5677056 kB
ShmemHugePages:        0 kB
ShmemPmdMapped:        0 kB
HugePages_Total:       0
HugePages_Free:        0
HugePages_Rsvd:        0
HugePages_Surp:        0
Hugepagesize:       2048 kB
DirectMap4k:      232088 kB
DirectMap2M:    12257280 kB
DirectMap1G:     4194304 kB


CPU:total 4 (2 cores per cpu, 2 threads per core) family 6 model 69 stepping 1, cmov, cx8, fxsr, mmx, sse, sse2, sse3, ssse3, sse4.1, sse4.2, popcnt, avx, avx2, aes, clmul, erms, lzcnt, ht, tsc, tscinvbit, bmi1, bmi2

/proc/cpuinfo:
processor	: 0
vendor_id	: GenuineIntel
cpu family	: 6
model		: 69
model name	: Intel(R) Core(TM) i5-4278U CPU @ 2.60GHz
stepping	: 1
microcode	: 0x20
cpu MHz		: 3100.195
cache size	: 3072 KB
physical id	: 0
siblings	: 4
core id		: 0
cpu cores	: 2
apicid		: 0
initial apicid	: 0
fpu		: yes
fpu_exception	: yes
cpuid level	: 13
wp		: yes
flags		: fpu vme de pse tsc msr pae mce cx8 apic sep mtrr pge mca cmov pat pse36 clflush dts acpi mmx fxsr sse sse2 ss ht tm pbe syscall nx pdpe1gb rdtscp lm constant_tsc arch_perfmon pebs bts rep_good nopl xtopology nonstop_tsc aperfmperf eagerfpu pni pclmulqdq dtes64 monitor ds_cpl vmx est tm2 ssse3 sdbg fma cx16 xtpr pdcm pcid sse4_1 sse4_2 x2apic movbe popcnt tsc_deadline_timer aes xsave avx f16c rdrand lahf_lm abm epb tpr_shadow vnmi flexpriority ept vpid fsgsbase tsc_adjust bmi1 avx2 smep bmi2 erms invpcid xsaveopt dtherm ida arat pln pts
bugs		:
bogomips	: 5202.79
clflush size	: 64
cache_alignment	: 64
address sizes	: 39 bits physical, 48 bits virtual
power management:

processor	: 1
vendor_id	: GenuineIntel
cpu family	: 6
model		: 69
model name	: Intel(R) Core(TM) i5-4278U CPU @ 2.60GHz
stepping	: 1
microcode	: 0x20
cpu MHz		: 3110.192
cache size	: 3072 KB
physical id	: 0
siblings	: 4
core id		: 1
cpu cores	: 2
apicid		: 2
initial apicid	: 2
fpu		: yes
fpu_exception	: yes
cpuid level	: 13
wp		: yes
flags		: fpu vme de pse tsc msr pae mce cx8 apic sep mtrr pge mca cmov pat pse36 clflush dts acpi mmx fxsr sse sse2 ss ht tm pbe syscall nx pdpe1gb rdtscp lm constant_tsc arch_perfmon pebs bts rep_good nopl xtopology nonstop_tsc aperfmperf eagerfpu pni pclmulqdq dtes64 monitor ds_cpl vmx est tm2 ssse3 sdbg fma cx16 xtpr pdcm pcid sse4_1 sse4_2 x2apic movbe popcnt tsc_deadline_timer aes xsave avx f16c rdrand lahf_lm abm epb tpr_shadow vnmi flexpriority ept vpid fsgsbase tsc_adjust bmi1 avx2 smep bmi2 erms invpcid xsaveopt dtherm ida arat pln pts
bugs		:
bogomips	: 5203.20
clflush size	: 64
cache_alignment	: 64
address sizes	: 39 bits physical, 48 bits virtual
power management:

processor	: 2
vendor_id	: GenuineIntel
cpu family	: 6
model		: 69
model name	: Intel(R) Core(TM) i5-4278U CPU @ 2.60GHz
stepping	: 1
microcode	: 0x20
cpu MHz		: 3011.010
cache size	: 3072 KB
physical id	: 0
siblings	: 4
core id		: 0
cpu cores	: 2
apicid		: 1
initial apicid	: 1
fpu		: yes
fpu_exception	: yes
cpuid level	: 13
wp		: yes
flags		: fpu vme de pse tsc msr pae mce cx8 apic sep mtrr pge mca cmov pat pse36 clflush dts acpi mmx fxsr sse sse2 ss ht tm pbe syscall nx pdpe1gb rdtscp lm constant_tsc arch_perfmon pebs bts rep_good nopl xtopology nonstop_tsc aperfmperf eagerfpu pni pclmulqdq dtes64 monitor ds_cpl vmx est tm2 ssse3 sdbg fma cx16 xtpr pdcm pcid sse4_1 sse4_2 x2apic movbe popcnt tsc_deadline_timer aes xsave avx f16c rdrand lahf_lm abm epb tpr_shadow vnmi flexpriority ept vpid fsgsbase tsc_adjust bmi1 avx2 smep bmi2 erms invpcid xsaveopt dtherm ida arat pln pts
bugs		:
bogomips	: 5204.87
clflush size	: 64
cache_alignment	: 64
address sizes	: 39 bits physical, 48 bits virtual
power management:

processor	: 3
vendor_id	: GenuineIntel
cpu family	: 6
model		: 69
model name	: Intel(R) Core(TM) i5-4278U CPU @ 2.60GHz
stepping	: 1
microcode	: 0x20
cpu MHz		: 3099.877
cache size	: 3072 KB
physical id	: 0
siblings	: 4
core id		: 1
cpu cores	: 2
apicid		: 3
initial apicid	: 3
fpu		: yes
fpu_exception	: yes
cpuid level	: 13
wp		: yes
flags		: fpu vme de pse tsc msr pae mce cx8 apic sep mtrr pge mca cmov pat pse36 clflush dts acpi mmx fxsr sse sse2 ss ht tm pbe syscall nx pdpe1gb rdtscp lm constant_tsc arch_perfmon pebs bts rep_good nopl xtopology nonstop_tsc aperfmperf eagerfpu pni pclmulqdq dtes64 monitor ds_cpl vmx est tm2 ssse3 sdbg fma cx16 xtpr pdcm pcid sse4_1 sse4_2 x2apic movbe popcnt tsc_deadline_timer aes xsave avx f16c rdrand lahf_lm abm epb tpr_shadow vnmi flexpriority ept vpid fsgsbase tsc_adjust bmi1 avx2 smep bmi2 erms invpcid xsaveopt dtherm ida arat pln pts
bugs		:
bogomips	: 5203.38
clflush size	: 64
cache_alignment	: 64
address sizes	: 39 bits physical, 48 bits virtual
power management:



Memory: 4k page, physical 16344012k(185280k free), swap 0k(0k free)

vm_info: Java HotSpot(TM) 64-Bit Server VM (25.112-b15) for linux-amd64 JRE (1.8.0_112-b15), built on Sep 22 2016 21:10:53 by "java_re" with gcc 4.3.0 20080428 (Red Hat 4.3.0-8)

time: Tue May 30 19:53:44 2017
elapsed time: 412 seconds (0d 0h 6m 52s)

