#
# There is insufficient memory for the Java Runtime Environment to continue.
# Native memory allocation (mmap) failed to map 995622912 bytes for committing reserved memory.
# Possible reasons:
#   The system is out of physical RAM or swap space
#   In 32 bit mode, the process size limit was hit
# Possible solutions:
#   Reduce memory load on the system
#   Increase physical memory or swap space
#   Check if swap backing store is full
#   Use 64 bit Java on a 64 bit OS
#   Decrease Java heap size (-Xmx/-Xms)
#   Decrease number of Java threads
#   Decrease Java thread stack sizes (-Xss)
#   Set larger code cache with -XX:ReservedCodeCacheSize=
# This output file may be truncated or incomplete.
#
#  Out of Memory Error (os_linux.cpp:2627), pid=11687, tid=0x00007ff003afa700
#
# JRE version: Java(TM) SE Runtime Environment (8.0_112-b15) (build 1.8.0_112-b15)
# Java VM: Java HotSpot(TM) 64-Bit Server VM (25.112-b15 mixed mode linux-amd64 compressed oops)
# Core dump written. Default location: /home/gunjan/git/GeolifeReloaded2_1_cleaned/core or core.11687
#

---------------  T H R E A D  ---------------

Current thread (0x00007ff02407c000):  VMThread [stack: 0x00007ff0039fa000,0x00007ff003afb000] [id=11694]

Stack: [0x00007ff0039fa000,0x00007ff003afb000],  sp=0x00007ff003af9210,  free space=1020k
Native frames: (J=compiled Java code, j=interpreted, Vv=VM code, C=native code)
V  [libjvm.so+0xac6f7a]  VMError::report_and_die()+0x2ba
V  [libjvm.so+0x4fc71b]  report_vm_out_of_memory(char const*, int, unsigned long, VMErrorType, char const*)+0x8b
V  [libjvm.so+0x923b13]  os::Linux::commit_memory_impl(char*, unsigned long, bool)+0x103
V  [libjvm.so+0x924069]  os::pd_commit_memory(char*, unsigned long, unsigned long, bool)+0x29
V  [libjvm.so+0x91e37a]  os::commit_memory(char*, unsigned long, unsigned long, bool)+0x2a
V  [libjvm.so+0x992da3]  PSVirtualSpace::expand_by(unsigned long)+0x53
V  [libjvm.so+0x983670]  PSOldGen::expand(unsigned long)+0x170
V  [libjvm.so+0x98387b]  PSOldGen::resize(unsigned long)+0x1cb
V  [libjvm.so+0x98b571]  PSParallelCompact::invoke_no_policy(bool)+0x991
V  [libjvm.so+0x990ecd]  PSScavenge::invoke()+0x1ad
V  [libjvm.so+0x947ac0]  ParallelScavengeHeap::failed_mem_allocate(unsigned long)+0x70
V  [libjvm.so+0xac8997]  VM_ParallelGCFailedAllocation::doit()+0x97
V  [libjvm.so+0xad0475]  VM_Operation::evaluate()+0x55
V  [libjvm.so+0xace84a]  VMThread::evaluate_operation(VM_Operation*)+0xba
V  [libjvm.so+0xacebce]  VMThread::loop()+0x1ce
V  [libjvm.so+0xacf040]  VMThread::run()+0x70
V  [libjvm.so+0x926138]  java_start(Thread*)+0x108

VM_Operation (0x00007ff02b228ee0): ParallelGCFailedAllocation, mode: safepoint, requested by thread 0x00007ff02400e000


---------------  P R O C E S S  ---------------

Java Threads: ( => current thread )
  0x00007ff0240cd000 JavaThread "Service Thread" daemon [_thread_blocked, id=11705, stack(0x00007ff003112000,0x00007ff003213000)]
  0x00007ff0240c2000 JavaThread "C1 CompilerThread2" daemon [_thread_blocked, id=11704, stack(0x00007ff003213000,0x00007ff003314000)]
  0x00007ff0240c0000 JavaThread "C2 CompilerThread1" daemon [_thread_blocked, id=11703, stack(0x00007ff003314000,0x00007ff003415000)]
  0x00007ff0240bd000 JavaThread "C2 CompilerThread0" daemon [_thread_blocked, id=11702, stack(0x00007ff003415000,0x00007ff003516000)]
  0x00007ff0240bb800 JavaThread "Signal Dispatcher" daemon [_thread_blocked, id=11701, stack(0x00007ff003516000,0x00007ff003617000)]
  0x00007ff024088800 JavaThread "Finalizer" daemon [_thread_blocked, id=11696, stack(0x00007ff0037f8000,0x00007ff0038f9000)]
  0x00007ff024083800 JavaThread "Reference Handler" daemon [_thread_blocked, id=11695, stack(0x00007ff0038f9000,0x00007ff0039fa000)]
  0x00007ff02400e000 JavaThread "main" [_thread_blocked, id=11689, stack(0x00007ff02b12a000,0x00007ff02b22b000)]

Other Threads:
=>0x00007ff02407c000 VMThread [stack: 0x00007ff0039fa000,0x00007ff003afb000] [id=11694]
  0x00007ff0240d0000 WatcherThread [stack: 0x00007ff003011000,0x00007ff003112000] [id=11706]

VM state:at safepoint (normal execution)

VM Mutex/Monitor currently owned by a thread:  ([mutex/lock_event])
[0x00007ff02400b640] ExpandHeap_lock - owner thread: 0x00007ff02407c000
[0x00007ff02400bcc0] Threads_lock - owner thread: 0x00007ff02407c000
[0x00007ff02400c1c0] Heap_lock - owner thread: 0x00007ff02400e000

Heap:
 PSYoungGen      total 930816K, used 0K [0x00000006d5580000, 0x0000000733780000, 0x00000007c0000000)
  eden space 348672K, 0% used [0x00000006d5580000,0x00000006d5580000,0x00000006eaa00000)
  from space 582144K, 0% used [0x00000006eaa00000,0x00000006eaa00000,0x000000070e280000)
  to   space 577024K, 0% used [0x0000000710400000,0x0000000710400000,0x0000000733780000)
 ParOldGen       total 5183488K, used 4984488K [0x0000000500000000, 0x000000063c600000, 0x00000006d5580000)
  object space 5183488K, 96% used [0x0000000500000000,0x00000006303aa370,0x000000063c600000)
 Metaspace       used 8876K, capacity 9256K, committed 9600K, reserved 1058816K
  class space    used 940K, capacity 1054K, committed 1152K, reserved 1048576K

Card table byte_map: [0x00007ff0139ff000,0x00007ff015000000] byte_map_base: 0x00007ff0111ff000

Marking Bits: (ParMarkBitMap*) 0x00007ff02a649c80
 Begin Bits: [0x00007fefe6000000, 0x00007feff1000000)
 End Bits:   [0x00007feff1000000, 0x00007feffc000000)

Polling page: 0x00007ff02b272000

CodeCache: size=245760Kb used=4865Kb max_used=4877Kb free=240894Kb
 bounds [0x00007ff015000000, 0x00007ff0154d0000, 0x00007ff024000000]
 total_blobs=1671 nmethods=1316 adapters=269
 compilation: enabled

Compilation events (10 events):
Event: 63.377 Thread 0x00007ff0240bd000 1328       4       java.util.ArrayList::subList (22 bytes)
Event: 63.378 Thread 0x00007ff0240bd000 nmethod 1328 0x00007ff0154b8f90 code [0x00007ff0154b90e0, 0x00007ff0154b9258]
Event: 63.384 Thread 0x00007ff0240bd000 1329       4       java.util.AbstractCollection::toArray (147 bytes)
Event: 63.397 Thread 0x00007ff0240bd000 nmethod 1329 0x00007ff0154be890 code [0x00007ff0154bea20, 0x00007ff0154bf098]
Event: 63.402 Thread 0x00007ff0240bd000 1330       4       java.util.AbstractCollection::toArray (147 bytes)
Event: 63.604 Thread 0x00007ff0240bd000 nmethod 1330 0x00007ff0154c0190 code [0x00007ff0154c0320, 0x00007ff0154c0db8]
Event: 63.688 Thread 0x00007ff0240c2000 1331       3       java.util.LinkedHashMap$LinkedEntryIterator::next (5 bytes)
Event: 63.688 Thread 0x00007ff0240c2000 nmethod 1331 0x00007ff0154b8a90 code [0x00007ff0154b8c00, 0x00007ff0154b8ee8]
Event: 63.688 Thread 0x00007ff0240c2000 1332       3       java.util.LinkedHashMap$LinkedEntryIterator::next (5 bytes)
Event: 63.689 Thread 0x00007ff0240c2000 nmethod 1332 0x00007ff0154b8690 code [0x00007ff0154b8800, 0x00007ff0154b8a08]

GC Heap History (10 events):
Event: 62.468 GC heap after
Heap after GC invocations=49 (full 8):
 PSYoungGen      total 855552K, used 231504K [0x00000006d5580000, 0x000000072e000000, 0x00000007c0000000)
  eden space 272896K, 0% used [0x00000006d5580000,0x00000006d5580000,0x00000006e6000000)
  from space 582656K, 39% used [0x00000006e6000000,0x00000006f4214010,0x0000000709900000)
  to   space 569856K, 0% used [0x000000070b380000,0x000000070b380000,0x000000072e000000)
 ParOldGen       total 5183488K, used 4453209K [0x0000000500000000, 0x000000063c600000, 0x00000006d5580000)
  object space 5183488K, 85% used [0x0000000500000000,0x000000060fcd6790,0x000000063c600000)
 Metaspace       used 8875K, capacity 9256K, committed 9600K, reserved 1058816K
  class space    used 940K, capacity 1054K, committed 1152K, reserved 1048576K
}
Event: 62.739 GC heap before
{Heap before GC invocations=50 (full 8):
 PSYoungGen      total 855552K, used 504400K [0x00000006d5580000, 0x000000072e000000, 0x00000007c0000000)
  eden space 272896K, 100% used [0x00000006d5580000,0x00000006e6000000,0x00000006e6000000)
  from space 582656K, 39% used [0x00000006e6000000,0x00000006f4214010,0x0000000709900000)
  to   space 569856K, 0% used [0x000000070b380000,0x000000070b380000,0x000000072e000000)
 ParOldGen       total 5183488K, used 4453209K [0x0000000500000000, 0x000000063c600000, 0x00000006d5580000)
  object space 5183488K, 85% used [0x0000000500000000,0x000000060fcd6790,0x000000063c600000)
 Metaspace       used 8875K, capacity 9256K, committed 9600K, reserved 1058816K
  class space    used 940K, capacity 1054K, committed 1152K, reserved 1048576K
Event: 63.156 GC heap after
Heap after GC invocations=50 (full 8):
 PSYoungGen      total 880128K, used 138752K [0x00000006d5580000, 0x000000072e480000, 0x00000007c0000000)
  eden space 310272K, 0% used [0x00000006d5580000,0x00000006d5580000,0x00000006e8480000)
  from space 569856K, 24% used [0x000000070b380000,0x0000000713b00000,0x000000072e000000)
  to   space 572416K, 0% used [0x00000006e8480000,0x00000006e8480000,0x000000070b380000)
 ParOldGen       total 5183488K, used 4613284K [0x0000000500000000, 0x000000063c600000, 0x00000006d5580000)
  object space 5183488K, 88% used [0x0000000500000000,0x00000006199292b8,0x000000063c600000)
 Metaspace       used 8875K, capacity 9256K, committed 9600K, reserved 1058816K
  class space    used 940K, capacity 1054K, committed 1152K, reserved 1048576K
}
Event: 63.405 GC heap before
{Heap before GC invocations=51 (full 8):
 PSYoungGen      total 880128K, used 449024K [0x00000006d5580000, 0x000000072e480000, 0x00000007c0000000)
  eden space 310272K, 100% used [0x00000006d5580000,0x00000006e8480000,0x00000006e8480000)
  from space 569856K, 24% used [0x000000070b380000,0x0000000713b00000,0x000000072e000000)
  to   space 572416K, 0% used [0x00000006e8480000,0x00000006e8480000,0x000000070b380000)
 ParOldGen       total 5183488K, used 4613284K [0x0000000500000000, 0x000000063c600000, 0x00000006d5580000)
  object space 5183488K, 88% used [0x0000000500000000,0x00000006199292b8,0x000000063c600000)
 Metaspace       used 8875K, capacity 9256K, committed 9600K, reserved 1058816K
  class space    used 940K, capacity 1054K, committed 1152K, reserved 1048576K
Event: 63.594 GC heap after
Heap after GC invocations=51 (full 8):
 PSYoungGen      total 882688K, used 75744K [0x00000006d5580000, 0x0000000731a80000, 0x00000007c0000000)
  eden space 310272K, 0% used [0x00000006d5580000,0x00000006d5580000,0x00000006e8480000)
  from space 572416K, 13% used [0x00000006e8480000,0x00000006ece78000,0x000000070b380000)
  to   space 580608K, 0% used [0x000000070e380000,0x000000070e380000,0x0000000731a80000)
 ParOldGen       total 5183488K, used 4752716K [0x0000000500000000, 0x000000063c600000, 0x00000006d5580000)
  object space 5183488K, 91% used [0x0000000500000000,0x00000006221532c8,0x000000063c600000)
 Metaspace       used 8875K, capacity 9256K, committed 9600K, reserved 1058816K
  class space    used 940K, capacity 1054K, committed 1152K, reserved 1048576K
}
Event: 63.819 GC heap before
{Heap before GC invocations=52 (full 8):
 PSYoungGen      total 882688K, used 386016K [0x00000006d5580000, 0x0000000731a80000, 0x00000007c0000000)
  eden space 310272K, 100% used [0x00000006d5580000,0x00000006e8480000,0x00000006e8480000)
  from space 572416K, 13% used [0x00000006e8480000,0x00000006ece78000,0x000000070b380000)
  to   space 580608K, 0% used [0x000000070e380000,0x000000070e380000,0x0000000731a80000)
 ParOldGen       total 5183488K, used 4752716K [0x0000000500000000, 0x000000063c600000, 0x00000006d5580000)
  object space 5183488K, 91% used [0x0000000500000000,0x00000006221532c8,0x000000063c600000)
 Metaspace       used 8876K, capacity 9256K, committed 9600K, reserved 1058816K
  class space    used 940K, capacity 1054K, committed 1152K, reserved 1048576K
Event: 64.011 GC heap after
Heap after GC invocations=52 (full 8):
 PSYoungGen      total 929280K, used 75744K [0x00000006d5580000, 0x0000000731b00000, 0x00000007c0000000)
  eden space 348672K, 0% used [0x00000006d5580000,0x00000006d5580000,0x00000006eaa00000)
  from space 580608K, 13% used [0x000000070e380000,0x0000000712d78000,0x0000000731a80000)
  to   space 582144K, 0% used [0x00000006eaa00000,0x00000006eaa00000,0x000000070e280000)
 ParOldGen       total 5183488K, used 4828852K [0x0000000500000000, 0x000000063c600000, 0x00000006d5580000)
  object space 5183488K, 93% used [0x0000000500000000,0x0000000626bad2c8,0x000000063c600000)
 Metaspace       used 8876K, capacity 9256K, committed 9600K, reserved 1058816K
  class space    used 940K, capacity 1054K, committed 1152K, reserved 1048576K
}
Event: 64.340 GC heap before
{Heap before GC invocations=53 (full 8):
 PSYoungGen      total 929280K, used 424416K [0x00000006d5580000, 0x0000000731b00000, 0x00000007c0000000)
  eden space 348672K, 100% used [0x00000006d5580000,0x00000006eaa00000,0x00000006eaa00000)
  from space 580608K, 13% used [0x000000070e380000,0x0000000712d78000,0x0000000731a80000)
  to   space 582144K, 0% used [0x00000006eaa00000,0x00000006eaa00000,0x000000070e280000)
 ParOldGen       total 5183488K, used 4828852K [0x0000000500000000, 0x000000063c600000, 0x00000006d5580000)
  object space 5183488K, 93% used [0x0000000500000000,0x0000000626bad2c8,0x000000063c600000)
 Metaspace       used 8876K, capacity 9256K, committed 9600K, reserved 1058816K
  class space    used 940K, capacity 1054K, committed 1152K, reserved 1048576K
Event: 64.529 GC heap after
Heap after GC invocations=53 (full 8):
 PSYoungGen      total 930816K, used 85120K [0x00000006d5580000, 0x0000000733780000, 0x00000007c0000000)
  eden space 348672K, 0% used [0x00000006d5580000,0x00000006d5580000,0x00000006eaa00000)
  from space 582144K, 14% used [0x00000006eaa00000,0x00000006efd20000,0x000000070e280000)
  to   space 577024K, 0% used [0x0000000710400000,0x0000000710400000,0x0000000733780000)
 ParOldGen       total 5183488K, used 4904996K [0x0000000500000000, 0x000000063c600000, 0x00000006d5580000)
  object space 5183488K, 94% used [0x0000000500000000,0x000000062b6092c8,0x000000063c600000)
 Metaspace       used 8876K, capacity 9256K, committed 9600K, reserved 1058816K
  class space    used 940K, capacity 1054K, committed 1152K, reserved 1048576K
}
Event: 64.529 GC heap before
{Heap before GC invocations=54 (full 9):
 PSYoungGen      total 930816K, used 85120K [0x00000006d5580000, 0x0000000733780000, 0x00000007c0000000)
  eden space 348672K, 0% used [0x00000006d5580000,0x00000006d5580000,0x00000006eaa00000)
  from space 582144K, 14% used [0x00000006eaa00000,0x00000006efd20000,0x000000070e280000)
  to   space 577024K, 0% used [0x0000000710400000,0x0000000710400000,0x0000000733780000)
 ParOldGen       total 5183488K, used 4904996K [0x0000000500000000, 0x000000063c600000, 0x00000006d5580000)
  object space 5183488K, 94% used [0x0000000500000000,0x000000062b6092c8,0x000000063c600000)
 Metaspace       used 8876K, capacity 9256K, committed 9600K, reserved 1058816K
  class space    used 940K, capacity 1054K, committed 1152K, reserved 1048576K

Deoptimization events (10 events):
Event: 61.503 Thread 0x00007ff02400e000 Uncommon trap: reason=unstable_if action=reinterpret pc=0x00007ff015420608 method=java.util.Date.getTimeImpl()J @ 14
Event: 61.655 Thread 0x00007ff02400e000 Uncommon trap: reason=class_check action=maybe_recompile pc=0x00007ff0152aa224 method=java.util.HashMap.putVal(ILjava/lang/Object;Ljava/lang/Object;ZZ)Ljava/lang/Object; @ 203
Event: 61.655 Thread 0x00007ff02400e000 Uncommon trap: reason=class_check action=maybe_recompile pc=0x00007ff0152aa224 method=java.util.HashMap.putVal(ILjava/lang/Object;Ljava/lang/Object;ZZ)Ljava/lang/Object; @ 203
Event: 61.674 Thread 0x00007ff02400e000 Uncommon trap: reason=class_check action=maybe_recompile pc=0x00007ff0152aa224 method=java.util.HashMap.putVal(ILjava/lang/Object;Ljava/lang/Object;ZZ)Ljava/lang/Object; @ 203
Event: 61.674 Thread 0x00007ff02400e000 Uncommon trap: reason=class_check action=maybe_recompile pc=0x00007ff0152aa224 method=java.util.HashMap.putVal(ILjava/lang/Object;Ljava/lang/Object;ZZ)Ljava/lang/Object; @ 203
Event: 63.377 Thread 0x00007ff02400e000 Uncommon trap: reason=predicate action=maybe_recompile pc=0x00007ff0154b980c method=java.util.AbstractCollection.toArray([Ljava/lang/Object;)[Ljava/lang/Object; @ 49
Event: 63.397 Thread 0x00007ff02400e000 Uncommon trap: reason=array_check action=maybe_recompile pc=0x00007ff0154bedf8 method=java.util.AbstractCollection.toArray([Ljava/lang/Object;)[Ljava/lang/Object; @ 119
Event: 63.397 Thread 0x00007ff02400e000 Uncommon trap: reason=array_check action=maybe_recompile pc=0x00007ff0154bedf8 method=java.util.AbstractCollection.toArray([Ljava/lang/Object;)[Ljava/lang/Object; @ 119
Event: 63.397 Thread 0x00007ff02400e000 Uncommon trap: reason=array_check action=maybe_recompile pc=0x00007ff0154bedf8 method=java.util.AbstractCollection.toArray([Ljava/lang/Object;)[Ljava/lang/Object; @ 119
Event: 63.397 Thread 0x00007ff02400e000 Uncommon trap: reason=array_check action=maybe_recompile pc=0x00007ff0154bedf8 method=java.util.AbstractCollection.toArray([Ljava/lang/Object;)[Ljava/lang/Object; @ 119

Internal exceptions (10 events):
Event: 0.251 Thread 0x00007ff02400e000 Exception <a 'java/security/PrivilegedActionException'> (0x00000006d587aa30) thrown at [/HUDSON3/workspace/8-2-build-linux-amd64/jdk8u112/7884/hotspot/src/share/vm/prims/jvm.cpp, line 1390]
Event: 0.251 Thread 0x00007ff02400e000 Exception <a 'java/security/PrivilegedActionException'> (0x00000006d587ae28) thrown at [/HUDSON3/workspace/8-2-build-linux-amd64/jdk8u112/7884/hotspot/src/share/vm/prims/jvm.cpp, line 1390]
Event: 0.280 Thread 0x00007ff02400e000 Exception <a 'java/security/PrivilegedActionException'> (0x00000006d5af8b20) thrown at [/HUDSON3/workspace/8-2-build-linux-amd64/jdk8u112/7884/hotspot/src/share/vm/prims/jvm.cpp, line 1390]
Event: 0.280 Thread 0x00007ff02400e000 Exception <a 'java/security/PrivilegedActionException'> (0x00000006d5af8f18) thrown at [/HUDSON3/workspace/8-2-build-linux-amd64/jdk8u112/7884/hotspot/src/share/vm/prims/jvm.cpp, line 1390]
Event: 0.382 Thread 0x00007ff02400e000 Exception <a 'java/lang/NoSuchFieldError': method resolution failed> (0x00000006d5c1f850) thrown at [/HUDSON3/workspace/8-2-build-linux-amd64/jdk8u112/7884/hotspot/src/share/vm/prims/methodHandles.cpp, line 1146]
Event: 0.385 Thread 0x00007ff02400e000 Exception <a 'java/lang/NoSuchFieldError': method resolution failed> (0x00000006d5c2d020) thrown at [/HUDSON3/workspace/8-2-build-linux-amd64/jdk8u112/7884/hotspot/src/share/vm/prims/methodHandles.cpp, line 1146]
Event: 1.225 Thread 0x00007ff02400e000 Implicit null exception at 0x00007ff0152b8051 to 0x00007ff0152bac6d
Event: 1.342 Thread 0x00007ff02400e000 Exception <a 'java/lang/ArrayIndexOutOfBoundsException'> (0x00000006d7431140) thrown at [/HUDSON3/workspace/8-2-build-linux-amd64/jdk8u112/7884/hotspot/src/share/vm/runtime/sharedRuntime.cpp, line 605]
Event: 45.488 Thread 0x00007ff02400e000 Implicit null exception at 0x00007ff01533d387 to 0x00007ff01533d925
Event: 45.490 Thread 0x00007ff02400e000 Implicit null exception at 0x00007ff015361b2e to 0x00007ff015364abd

Events (10 events):
Event: 63.397 Thread 0x00007ff02400e000 DEOPT PACKING pc=0x00007ff0154bedf8 sp=0x00007ff02b229000
Event: 63.397 Thread 0x00007ff02400e000 DEOPT UNPACKING pc=0x00007ff015005229 sp=0x00007ff02b228fc8 mode 2
Event: 63.397 Thread 0x00007ff02400e000 Uncommon trap: trap_request=0xffffffd6 fr.pc=0x00007ff0154bedf8
Event: 63.397 Thread 0x00007ff02400e000 DEOPT PACKING pc=0x00007ff0154bedf8 sp=0x00007ff02b2290c0
Event: 63.397 Thread 0x00007ff02400e000 DEOPT UNPACKING pc=0x00007ff015005229 sp=0x00007ff02b229088 mode 2
Event: 63.405 Executing VM operation: ParallelGCFailedAllocation
Event: 63.594 Executing VM operation: ParallelGCFailedAllocation done
Event: 63.819 Executing VM operation: ParallelGCFailedAllocation
Event: 64.011 Executing VM operation: ParallelGCFailedAllocation done
Event: 64.340 Executing VM operation: ParallelGCFailedAllocation


Dynamic libraries:
00400000-00401000 r-xp 00000000 08:04 1180653                            /usr/lib/jvm/java-8-jdk/jre/bin/java
00600000-00601000 rw-p 00000000 08:04 1180653                            /usr/lib/jvm/java-8-jdk/jre/bin/java
018f5000-01916000 rw-p 00000000 00:00 0                                  [heap]
500000000-63c600000 rw-p 00000000 00:00 0 
677b80000-6d5580000 ---p 00000000 00:00 0 
6d5580000-733780000 rw-p 00000000 00:00 0 
733780000-7c0000000 ---p 00000000 00:00 0 
7c0000000-7c0120000 rw-p 00000000 00:00 0 
7c0120000-800000000 ---p 00000000 00:00 0 
7fefb8000000-7fefb8021000 rw-p 00000000 00:00 0 
7fefb8021000-7fefbc000000 ---p 00000000 00:00 0 
7fefc0000000-7fefc02c9000 rw-p 00000000 00:00 0 
7fefc02c9000-7fefc4000000 ---p 00000000 00:00 0 
7fefc4000000-7fefc4021000 rw-p 00000000 00:00 0 
7fefc4021000-7fefc8000000 ---p 00000000 00:00 0 
7fefc8000000-7fefc85f8000 rw-p 00000000 00:00 0 
7fefc85f8000-7fefcc000000 ---p 00000000 00:00 0 
7fefd0000000-7fefd0021000 rw-p 00000000 00:00 0 
7fefd0021000-7fefd4000000 ---p 00000000 00:00 0 
7fefd4000000-7fefd4879000 rw-p 00000000 00:00 0 
7fefd4879000-7fefd8000000 ---p 00000000 00:00 0 
7fefd8000000-7fefd8021000 rw-p 00000000 00:00 0 
7fefd8021000-7fefdc000000 ---p 00000000 00:00 0 
7fefdc000000-7fefdc021000 rw-p 00000000 00:00 0 
7fefdc021000-7fefe0000000 ---p 00000000 00:00 0 
7fefe0000000-7fefe0290000 rw-p 00000000 00:00 0 
7fefe0290000-7fefe4000000 ---p 00000000 00:00 0 
7fefe6000000-7feffc000000 rw-p 00000000 00:00 0 
7feffc000000-7fefff233000 rw-p 00000000 00:00 0 
7fefff233000-7ff000000000 ---p 00000000 00:00 0 
7ff002bf2000-7ff002c32000 rw-p 00000000 00:00 0 
7ff002c32000-7ff002df2000 ---p 00000000 00:00 0 
7ff002df2000-7ff002df3000 r--s 00223000 08:04 8401667                    /home/gunjan/EclipseWorkspace/EditDistanceStandAlone/build/libs/EditDistanceStandAlone-capsule.jar
7ff002df3000-7ff002df7000 r--s 0001e000 08:04 8657503                    /home/gunjan/git/GeolifeReloaded2_1_cleaned/libs/hgapi83_amidst-64.jar
7ff002df7000-7ff002df8000 r--s 00223000 08:04 8657850                    /home/gunjan/git/GeolifeReloaded2_1_cleaned/libs/EditDistanceStandAlone-capsule.jar
7ff002df8000-7ff002e1d000 r--s 004f5000 08:04 8657504                    /home/gunjan/git/GeolifeReloaded2_1_cleaned/libs/spmf.zip
7ff002e1d000-7ff002e1f000 r--s 00027000 08:04 9438017                    /home/gunjan/.gradle/caches/modules-2/files-2.1/com.github.fommil.netlib/core/1.1.2/574b480eca62f535fad6d259e144fee3ef24b66e/core-1.1.2.jar
7ff002e1f000-7ff002e21000 r--s 00001000 08:04 9438015                    /home/gunjan/.gradle/caches/modules-2/files-2.1/com.github.fommil/jniloader/1.1/4840f897eeb54d67ee14e478f8a45cc9937f3ce1/jniloader-1.1.jar
7ff002e21000-7ff002e22000 r--s 0000d000 08:04 9438013                    /home/gunjan/.gradle/caches/modules-2/files-2.1/com.github.fommil.netlib/native_system-java/1.1/3c6a2455f96b354a6940dce1393abb35ed7641da/native_system-java-1.1.jar
7ff002e22000-7ff002e23000 r--s 0000d000 08:04 9438011                    /home/gunjan/.gradle/caches/modules-2/files-2.1/com.github.fommil.netlib/native_ref-java/1.1/408c71ffbc3646dda7bee1e22bf19101e5e9ee90/native_ref-java-1.1.jar
7ff002e23000-7ff002e25000 r--s 00088000 08:04 9438009                    /home/gunjan/.gradle/caches/modules-2/files-2.1/com.github.fommil.netlib/netlib-native_system-win-i686/1.1/c25fd1881cf93f7716f47b7deec859f6b6b7be50/netlib-native_system-win-i686-1.1-natives.jar
7ff002e25000-7ff002e26000 r--s 0009b000 08:04 9438007                    /home/gunjan/.gradle/caches/modules-2/files-2.1/com.github.fommil.netlib/netlib-native_system-win-x86_64/1.1/222c7915be1daf1c26a4206f375d4957ae5f9d81/netlib-native_system-win-x86_64-1.1-natives.jar
7ff002e26000-7ff002e27000 r--s 0004b000 08:04 9438005                    /home/gunjan/.gradle/caches/modules-2/files-2.1/com.github.fommil.netlib/netlib-native_system-linux-armhf/1.1/27ae9f6a9c88b3f8d12ffa52d62941615f8ed416/netlib-native_system-linux-armhf-1.1-natives.jar
7ff002e27000-7ff002e28000 r--s 0006a000 08:04 9438003                    /home/gunjan/.gradle/caches/modules-2/files-2.1/com.github.fommil.netlib/netlib-native_system-linux-i686/1.1/dd43225560dbd9115d306f9be3ca195aed236b78/netlib-native_system-linux-i686-1.1-natives.jar
7ff002e28000-7ff002e29000 r--s 0006f000 08:04 9438001                    /home/gunjan/.gradle/caches/modules-2/files-2.1/com.github.fommil.netlib/netlib-native_system-linux-x86_64/1.1/163e88facabe7fa29952890dc2d3429e28501120/netlib-native_system-linux-x86_64-1.1-natives.jar
7ff002e29000-7ff002e2a000 r--s 00087000 08:04 9437999                    /home/gunjan/.gradle/caches/modules-2/files-2.1/com.github.fommil.netlib/netlib-native_system-osx-x86_64/1.1/d724e33675dc8eaa5c8fcb05a3aaca6f3339afa7/netlib-native_system-osx-x86_64-1.1-natives.jar
7ff002e2a000-7ff002e2b000 r--s 00126000 08:04 9437997                    /home/gunjan/.gradle/caches/modules-2/files-2.1/com.github.fommil.netlib/netlib-native_ref-linux-armhf/1.1/ec467162f74710fd8897cff6888534ceaf297d9a/netlib-native_ref-linux-armhf-1.1-natives.jar
7ff002e2b000-7ff002e2c000 r--s 001bd000 08:04 9437995                    /home/gunjan/.gradle/caches/modules-2/files-2.1/com.github.fommil.netlib/netlib-native_ref-win-i686/1.1/167fb794a26cb0bfc74890c704c7137b1d5b50fd/netlib-native_ref-win-i686-1.1-natives.jar
7ff002e2c000-7ff002e2d000 r--s 00232000 08:04 9437993                    /home/gunjan/.gradle/caches/modules-2/files-2.1/com.github.fommil.netlib/netlib-native_ref-win-x86_64/1.1/4ab54511c2844546279d9f8e427c73953b794686/netlib-native_ref-win-x86_64-1.1-natives.jar
7ff002e2d000-7ff002e2e000 r--s 0016b000 08:04 9437990                    /home/gunjan/.gradle/caches/modules-2/files-2.1/com.github.fommil.netlib/netlib-native_ref-linux-i686/1.1/eedd845b214aea560bce317d778ebb52f8f46038/netlib-native_ref-linux-i686-1.1-natives.jar
7ff002e2e000-7ff002e30000 r--s 001aa000 08:04 9437988                    /home/gunjan/.gradle/caches/modules-2/files-2.1/com.github.fommil.netlib/netlib-native_ref-linux-x86_64/1.1/5a3e5787d03c39790d5ae08cce189dd1ccc4a38/netlib-native_ref-linux-x86_64-1.1-natives.jar
7ff002e30000-7ff002e32000 r--s 001c0000 08:04 9437986                    /home/gunjan/.gradle/caches/modules-2/files-2.1/com.github.fommil.netlib/netlib-native_ref-osx-x86_64/1.1/80da53ec862f283dc3b191b9dbd3166ea6671831/netlib-native_ref-osx-x86_64-1.1-natives.jar
7ff002e32000-7ff002e33000 r--s 00001000 08:04 208                        /home/gunjan/.gradle/caches/modules-2/files-2.1/com.google.errorprone/error_prone_annotations/2.0.2/8382c6cdc18c8c8ad7840024fa340509cf16be11/error_prone_annotations-2.0.2.jar
7ff002e33000-7ff002e36000 r--s 00006000 08:04 206                        /home/gunjan/.gradle/caches/modules-2/files-2.1/com.google.code.findbugs/jsr305/1.3.9/40719ea6961c0cb6afaeb6a921eaa1f6afd4cfdf/jsr305-1.3.9.jar
7ff002e36000-7ff002e3c000 r--s 0004b000 08:04 9437984                    /home/gunjan/.gradle/caches/modules-2/files-2.1/org.jfree/jcommon/1.0.23/a316f336ca996e0c6bec4e4fbd49be8f5e1c3968/jcommon-1.0.23.jar
7ff002e3c000-7ff002e3d000 r--s 00000000 08:04 9437982                    /home/gunjan/.gradle/caches/modules-2/files-2.1/net.jcip/jcip-annotations/1.0/afba4942caaeaf46aab0b976afd57cc7c181467e/jcip-annotations-1.0.jar
7ff002e3d000-7ff002e43000 r--s 00026000 08:04 9437980                    /home/gunjan/.gradle/caches/modules-2/files-2.1/org.jetbrains.kotlin/kotlin-runtime/1.0.2/8ec2d49a780ddba5e9b6860a72969e4d5bbc0c55/kotlin-runtime-1.0.2.jar
7ff002e43000-7ff002e45000 r--s 0000c000 08:04 9437977                    /home/gunjan/.gradle/caches/modules-2/files-2.1/org.ow2.asm/asm/5.0.4/da08b8cce7bbf903602a25a3a163ae252435795/asm-5.0.4.jar
7ff002e45000-7ff002e47000 r--s 00011000 08:04 9437975                    /home/gunjan/.gradle/caches/modules-2/files-2.1/com.cedarsoftware/json-io/2.5.1/dd7fe37e5d02b93b014df08655da2b9e0dc2700a/json-io-2.5.1.jar
7ff002e47000-7ff002e49000 r--s 0000d000 08:04 9437973                    /home/gunjan/.gradle/caches/modules-2/files-2.1/commons-logging/commons-logging/1.1.1/5043bfebc3db072ed80fbd362e7caf00e885d8ae/commons-logging-1.1.1.jar
7ff002e49000-7ff002e4b000 r--s 00009000 08:04 9437971                    /home/gunjan/.gradle/caches/modules-2/files-2.1/org.hamcrest/hamcrest-core/1.3/42a25dc3219429f0e5d060061f71acb49bf010a0/hamcrest-core-1.3.jar
7ff002e4b000-7ff002e4e000 r--s 00018000 08:04 9312811                    /home/gunjan/.gradle/caches/modules-2/files-2.1/commons-io/commons-io/1.4/a8762d07e76cfde2395257a5da47ba7c1dbd3dce/commons-io-1.4.jar
7ff002e4e000-7ff002e52000 r--s 000dc000 08:04 9570848                    /home/gunjan/.gradle/caches/modules-2/files-2.1/net.java.dev.jna/jna/4.1.0/1c12d070e602efd8021891cdd7fd18bc129372d4/jna-4.1.0.jar
7ff002e52000-7ff002e64000 r--s 000a7000 08:04 204                        /home/gunjan/.gradle/caches/modules-2/files-2.1/com.google.guava/guava-testlib/19.0/ce5b880b206de3f76d364988a6308c68c726f74a/guava-testlib-19.0.jar
7ff002e64000-7ff002e6d000 r--s 0006f000 08:04 9438180                    /home/gunjan/.gradle/caches/modules-2/files-2.1/log4j/log4j/1.2.17/5af35056b4d257e4b64b9e8069c0746e8b08629f/log4j-1.2.17.jar
7ff002e6d000-7ff002e7e000 r--s 0016e000 08:04 9437969                    /home/gunjan/.gradle/caches/modules-2/files-2.1/org.jfree/jfreechart/1.0.19/ba9ee7dbb2e4c57a6901c79f614ed2dea9cc0e20/jfreechart-1.0.19.jar
7ff002e7e000-7ff002e80000 r--s 0000e000 08:04 9437967                    /home/gunjan/.gradle/caches/modules-2/files-2.1/com.beust/jcommander/1.48/bfcb96281ea3b59d626704f74bc6d625ff51cbce/jcommander-1.48.jar
7ff002e80000-7ff002e81000 r--s 00002000 08:04 9437963                    /home/gunjan/.gradle/caches/modules-2/files-2.1/org.slf4j/slf4j-simple/1.7.12/42db62298b899818ff17352cbc00050e940bbfb0/slf4j-simple-1.7.12.jar
7ff002e81000-7ff002e91000 r--s 00088000 08:04 9437961                    /home/gunjan/.gradle/caches/modules-2/files-2.1/joda-time/joda-time/2.8.2/d27c24204c5e507b16fec01006b3d0f1ec42aed4/joda-time-2.8.2.jar
7ff002e91000-7ff002ea1000 r--s 00085000 08:04 9437959                    /home/gunjan/.gradle/caches/modules-2/files-2.1/com.mchange/mchange-commons-java/0.2.11/2a6a6c1fe25f28f5a073171956ce6250813467ef/mchange-commons-java-0.2.11.jar
7ff002ea1000-7ff002ea3000 r--s 00016000 08:04 9437957                    /home/gunjan/.gradle/caches/modules-2/files-2.1/com.googlecode.netlib-java/netlib-java/1.1/4a9c3b55b23430e5a6ad86101a88aea500ba8086/netlib-java-1.1.jar
7ff002ea3000-7ff002eb5000 r--s 00112000 08:04 9437955                    /home/gunjan/.gradle/caches/modules-2/files-2.1/net.sourceforge.f2j/arpack_combined_all/0.1/225619a060b42605b4d9fd4af11815664abf26eb/arpack_combined_all-0.1.jar
7ff002eb5000-7ff002eba000 r--s 0003d000 08:04 9437953                    /home/gunjan/.gradle/caches/modules-2/files-2.1/com.googlecode.matrix-toolkits-java/mtj/1.0.4/e14ed840ff5e15de92dba2d1af29201fa70a0f35/mtj-1.0.4.jar
7ff002eba000-7ff002ebe000 r--s 0002f000 08:04 9437951                    /home/gunjan/.gradle/caches/modules-2/files-2.1/nz.ac.waikato.cms.weka.thirdparty/bounce/0.18/d774f9a0aa5cbe08dea8907720c64c417aed861/bounce-0.18.jar
7ff002ebe000-7ff002ebf000 r--s 00005000 08:04 9437949                    /home/gunjan/.gradle/caches/modules-2/files-2.1/nz.ac.waikato.cms.weka.thirdparty/java-cup-11b-runtime/2015.03.26/5466fad5c5866f33e3230c30ca623e7e8deff1f8/java-cup-11b-runtime-2015.03.26.jar
7ff002ebf000-7ff002ec1000 r--s 00016000 08:04 9437943                    /home/gunjan/.gradle/caches/modules-2/files-2.1/nz.ac.waikato.cms.weka.thirdparty/java-cup-11b/2015.03.26/6e97c5abd2e76d83220f09f72de0b89b6de18dc1/java-cup-11b-2015.03.26.jar
7ff002ec1000-7ff002ec5000 r--s 0001a000 08:04 9437936                    /home/gunjan/.gradle/caches/modules-2/files-2.1/org.mapdb/elsa/3.0.0-M5/d7c1920d084e741e04844f512af24012e745e809/elsa-3.0.0-M5.jar
7ff002ec5000-7ff002ec7000 r--s 00038000 08:04 9437934                    /home/gunjan/.gradle/caches/modules-2/files-2.1/net.jpountz.lz4/lz4/1.3.0/c708bb2590c0652a642236ef45d9f99ff842a2ce/lz4-1.3.0.jar
7ff002ec7000-7ff002ef3000 r--s 00208000 08:04 9437932                    /home/gunjan/.gradle/caches/modules-2/files-2.1/com.google.guava/guava/19.0/6ce200f6b23222af3d8abb6b6459e6c44f4bb0e9/guava-19.0.jar
7ff002ef3000-7ff002ef5000 r--s 00009000 08:04 11439006                   /home/gunjan/.gradle/caches/modules-2/files-2.1/org.eclipse.collections/eclipse-collections-forkjoin/7.1.1/892b970cb03461f8c10daba778edbef3f0a26846/eclipse-collections-forkjoin-7.1.1.jar
7ff002ef5000-7ff002f93000 r--s 00896000 08:04 11439004                   /home/gunjan/.gradle/caches/modules-2/files-2.1/org.eclipse.collections/eclipse-collections/7.1.1/83eca9f03f1f2d055df453d72036c5ce2e82896b/eclipse-collections-7.1.1.jar
7ff002f93000-7ff002fb6000 r--s 000a0000 08:04 11439002                   /home/gunjan/.gradle/caches/modules-2/files-2.1/org.eclipse.collections/eclipse-collections-api/7.1.1/806c2b3bef5364d1a1668f25ce70100fa2c6b919/eclipse-collections-api-7.1.1.jar
7ff002fb6000-7ff002fbf000 r--s 00084000 08:04 9437924                    /home/gunjan/.gradle/caches/modules-2/files-2.1/org.jetbrains.kotlin/kotlin-stdlib/1.0.2/22063f19bfd8e50f21fc310842a91ff5b31bb272/kotlin-stdlib-1.0.2.jar
7ff002fbf000-7ff002fc0000 r--s 00001000 08:04 9437922                    /home/gunjan/.gradle/caches/modules-2/files-2.1/com.esotericsoftware/minlog/1.3.0/ff07b5f1b01d2f92bb00a337f9a94873712f0827/minlog-1.3.0.jar
7ff002fc0000-7ff002fc2000 r--s 00004000 08:04 9437920                    /home/gunjan/.gradle/caches/modules-2/files-2.1/com.esotericsoftware/reflectasm/1.11.3/8b102eed2f12412b254946811111ea48bc03a266/reflectasm-1.11.3.jar
7ff002fc2000-7ff002fc4000 r--s 0000d000 08:04 9437918                    /home/gunjan/.gradle/caches/modules-2/files-2.1/com.cedarsoftware/java-util/1.9.0/c5f6deb3213a693d0cc20a78b1052ecc9a2df09c/java-util-1.9.0.jar
7ff002fc4000-7ff002fc6000 r--s 0000b000 08:04 9437916                    /home/gunjan/.gradle/caches/modules-2/files-2.1/org.objenesis/objenesis/2.4/2916b6c96b50c5b3ec4452ed99401db745aabb27/objenesis-2.4.jar
7ff002fc6000-7ff002fcf000 r--s 000ae000 08:04 9437914                    /home/gunjan/.gradle/caches/modules-2/files-2.1/org.javassist/javassist/3.19.0-GA/50120f69224dd8684b445a6f3a5b08fe9b5c60f6/javassist-3.19.0-GA.jar
7ff002fcf000-7ff002fd3000 r--s 00041000 08:04 9437912                    /home/gunjan/.gradle/caches/modules-2/files-2.1/com.fasterxml.jackson.core/jackson-core/2.8.1/fd13b1c033741d48291315c6370f7d475a42dccf/jackson-core-2.8.1.jar
7ff002fd3000-7ff002fdb000 r--s 00045000 08:04 9437910                    /home/gunjan/.gradle/caches/modules-2/files-2.1/junit/junit/4.12/2973d150c0dc1fefe998f834810d68f278ea58ec/junit-4.12.jar
7ff002fdb000-7ff002fdd000 r--s 0000b000 08:04 9312810                    /home/gunjan/.gradle/caches/modules-2/files-2.1/org.zeroturnaround/zt-exec/1.9/a6c5747098b1ede9f4a6e9c36eaebb357a4430ed/zt-exec-1.9.jar
7ff002fdd000-7ff002fe0000 r--s 00012000 08:04 9312574                    /home/gunjan/.gradle/caches/modules-2/files-2.1/com.zaxxer/nuprocess/1.1.0/9479382344b61b36dd3ca1ec1b10aaa91295d632/nuprocess-1.1.0.jar
7ff002fe0000-7ff003008000 r--s 00241000 08:04 263                        /home/gunjan/.gradle/caches/modules-2/files-2.1/net.sf.trove4j/trove4j/3.0.3/42ccaf4761f0dfdfa805c9e340d99a755907e2dd/trove4j-3.0.3.jar
7ff003008000-7ff003009000 r--s 00007000 08:04 202                        /home/gunjan/.gradle/caches/modules-2/files-2.1/com.github.mgunlogson/cuckoofilter4j/1.0.1/1ecac9da72e10f966c90d23c5d774f972d3e940f/cuckoofilter4j-1.0.1.jar
7ff003009000-7ff003011000 r--s 00042000 08:04 9437906                    /home/gunjan/.gradle/caches/modules-2/files-2.1/org.n52.matlab/matlab-control/5.0.0/ced8fdb8664759574b2f340aa00844f757dfcad0/matlab-control-5.0.0.jar
7ff003011000-7ff003012000 ---p 00000000 00:00 0 
7ff003012000-7ff003112000 rw-p 00000000 00:00 0 
7ff003112000-7ff003115000 ---p 00000000 00:00 0 
7ff003115000-7ff003213000 rw-p 00000000 00:00 0 
7ff003213000-7ff003216000 ---p 00000000 00:00 0 
7ff003216000-7ff003314000 rw-p 00000000 00:00 0 
7ff003314000-7ff003317000 ---p 00000000 00:00 0 
7ff003317000-7ff003415000 rw-p 00000000 00:00 0 
7ff003415000-7ff003418000 ---p 00000000 00:00 0 
7ff003418000-7ff003516000 rw-p 00000000 00:00 0 
7ff003516000-7ff003519000 ---p 00000000 00:00 0 
7ff003519000-7ff003617000 rw-p 00000000 00:00 0 
7ff003617000-7ff0037f8000 r--p 00000000 08:04 9986683                    /usr/lib/locale/locale-archive
7ff0037f8000-7ff0037fb000 ---p 00000000 00:00 0 
7ff0037fb000-7ff0038f9000 rw-p 00000000 00:00 0 
7ff0038f9000-7ff0038fc000 ---p 00000000 00:00 0 
7ff0038fc000-7ff0039fa000 rw-p 00000000 00:00 0 
7ff0039fa000-7ff0039fb000 ---p 00000000 00:00 0 
7ff0039fb000-7ff004000000 rw-p 00000000 00:00 0 
7ff004000000-7ff007b70000 rw-p 00000000 00:00 0 
7ff007b70000-7ff008000000 ---p 00000000 00:00 0 
7ff008000000-7ff00a9b0000 rw-p 00000000 00:00 0 
7ff00a9b0000-7ff00c000000 ---p 00000000 00:00 0 
7ff00c000000-7ff00e513000 rw-p 00000000 00:00 0 
7ff00e513000-7ff010000000 ---p 00000000 00:00 0 
7ff010000000-7ff010003000 r--s 0001b000 08:04 9438178                    /home/gunjan/.gradle/caches/modules-2/files-2.1/com.google.uzaygezen/uzaygezen-core/0.2/611b82d4c4b4f67cc3d83cf0697ec660fcee2fff/uzaygezen-core-0.2.jar
7ff010003000-7ff010005000 r--s 0001e000 08:04 9437908                    /home/gunjan/.gradle/caches/modules-2/files-2.1/net.seninp/jmotif-sax/1.1.1/22909acc5e5c67cd9a4517070a7fb4f7ef926ab3/jmotif-sax-1.1.1.jar
7ff010005000-7ff010010000 r--s 000b6000 08:04 9437904                    /home/gunjan/.gradle/caches/modules-2/files-2.1/org.tinyjee.jgraphx/jgraphx/3.4.1.3/a62939cbd5af2dff663e91d061b3e4edc7b8df85/jgraphx-3.4.1.3.jar
7ff010010000-7ff010013000 r--s 0001f000 08:04 9437902                    /home/gunjan/.gradle/caches/modules-2/files-2.1/com.zaxxer/HikariCP/2.5.1/b896b711e2d98fedf403de590559a123b5fbf1a6/HikariCP-2.5.1.jar
7ff010013000-7ff01001a000 r--s 00073000 08:04 9437900                    /home/gunjan/.gradle/caches/modules-2/files-2.1/com.mchange/c3p0/0.9.5.2/5f86cb6130bc6e8475615ed82d5b5e6fb226a86a/c3p0-0.9.5.2.jar
7ff01001a000-7ff010021000 r--s 00067000 08:04 9437898                    /home/gunjan/.gradle/caches/modules-2/files-2.1/org.mariadb.jdbc/mariadb-java-client/1.5.4/bd0e2e8494245c2885a79fc92bc3693c88cbfab4/mariadb-java-client-1.5.4.jar
7ff010021000-7ff01002a000 r--s 00062000 08:04 9437894                    /home/gunjan/.gradle/caches/modules-2/files-2.1/org.jgrapht/jgrapht-core/1.0.0/c2adf22c2d37721489de12e70f5c226832045071/jgrapht-core-1.0.0.jar
7ff01002a000-7ff010089000 r--s 00835000 08:04 9437892                    /home/gunjan/.gradle/caches/modules-2/files-2.1/nz.ac.waikato.cms.weka/weka-stable/3.8.0/5f6547867e775b416982cdcaa2dbef67855a6669/weka-stable-3.8.0.jar
7ff010089000-7ff010092000 r--s 000aa000 08:04 9437890                    /home/gunjan/.gradle/caches/modules-2/files-2.1/org.mapdb/mapdb/3.0.2/bcd8209dda05a358318b29719a9e76b21d5e4683/mapdb-3.0.2.jar
7ff010092000-7ff0100b9000 r--s 001f6000 08:04 9437884                    /home/gunjan/.gradle/caches/modules-2/files-2.1/org.apache.commons/commons-math3/3.6.1/e4ba98f1d4b3c80ec46392f25e094a6a2e58fcbf/commons-math3-3.6.1.jar
7ff0100b9000-7ff010b05000 rw-p 00000000 00:00 0 
7ff010b05000-7ff010cde000 r--s 03d2c000 08:04 1180452                    /usr/lib/jvm/java-8-jdk/jre/lib/rt.jar
7ff010cde000-7ff011554000 rw-p 00000000 00:00 0 
7ff011554000-7ff013537000 rw-p 00000000 00:00 0 
7ff013537000-7ff0139ff000 ---p 00000000 00:00 0 
7ff0139ff000-7ff0143e2000 rw-p 00000000 00:00 0 
7ff0143e2000-7ff0148a9000 ---p 00000000 00:00 0 
7ff0148a9000-7ff014b9b000 rw-p 00000000 00:00 0 
7ff014b9b000-7ff014fff000 ---p 00000000 00:00 0 
7ff014fff000-7ff015000000 rw-p 00000000 00:00 0 
7ff015000000-7ff0154d0000 rwxp 00000000 00:00 0 
7ff0154d0000-7ff024000000 ---p 00000000 00:00 0 
7ff024000000-7ff024747000 rw-p 00000000 00:00 0 
7ff024747000-7ff028000000 ---p 00000000 00:00 0 
7ff028000000-7ff02813f000 rw-p 00000000 00:00 0 
7ff02813f000-7ff028140000 ---p 00000000 00:00 0 
7ff028140000-7ff028240000 rw-p 00000000 00:00 0 
7ff028240000-7ff028241000 ---p 00000000 00:00 0 
7ff028241000-7ff028341000 rw-p 00000000 00:00 0 
7ff028341000-7ff028342000 ---p 00000000 00:00 0 
7ff028342000-7ff028442000 rw-p 00000000 00:00 0 
7ff028442000-7ff028443000 ---p 00000000 00:00 0 
7ff028443000-7ff028557000 rw-p 00000000 00:00 0 
7ff028557000-7ff028903000 ---p 00000000 00:00 0 
7ff028903000-7ff02891d000 r-xp 00000000 08:04 1180541                    /usr/lib/jvm/java-8-jdk/jre/lib/amd64/libzip.so
7ff02891d000-7ff028b1d000 ---p 0001a000 08:04 1180541                    /usr/lib/jvm/java-8-jdk/jre/lib/amd64/libzip.so
7ff028b1d000-7ff028b1e000 rw-p 0001a000 08:04 1180541                    /usr/lib/jvm/java-8-jdk/jre/lib/amd64/libzip.so
7ff028b1e000-7ff028b29000 r-xp 00000000 08:04 9962652                    /usr/lib/libnss_files-2.25.so
7ff028b29000-7ff028d28000 ---p 0000b000 08:04 9962652                    /usr/lib/libnss_files-2.25.so
7ff028d28000-7ff028d29000 r--p 0000a000 08:04 9962652                    /usr/lib/libnss_files-2.25.so
7ff028d29000-7ff028d2a000 rw-p 0000b000 08:04 9962652                    /usr/lib/libnss_files-2.25.so
7ff028d2a000-7ff028d30000 rw-p 00000000 00:00 0 
7ff028d30000-7ff028d5b000 r-xp 00000000 08:04 1180515                    /usr/lib/jvm/java-8-jdk/jre/lib/amd64/libjava.so
7ff028d5b000-7ff028f5a000 ---p 0002b000 08:04 1180515                    /usr/lib/jvm/java-8-jdk/jre/lib/amd64/libjava.so
7ff028f5a000-7ff028f5c000 rw-p 0002a000 08:04 1180515                    /usr/lib/jvm/java-8-jdk/jre/lib/amd64/libjava.so
7ff028f5c000-7ff028f69000 r-xp 00000000 08:04 1180562                    /usr/lib/jvm/java-8-jdk/jre/lib/amd64/libverify.so
7ff028f69000-7ff029168000 ---p 0000d000 08:04 1180562                    /usr/lib/jvm/java-8-jdk/jre/lib/amd64/libverify.so
7ff029168000-7ff02916a000 rw-p 0000c000 08:04 1180562                    /usr/lib/jvm/java-8-jdk/jre/lib/amd64/libverify.so
7ff02916a000-7ff029171000 r-xp 00000000 08:04 9962272                    /usr/lib/librt-2.25.so
7ff029171000-7ff029370000 ---p 00007000 08:04 9962272                    /usr/lib/librt-2.25.so
7ff029370000-7ff029371000 r--p 00006000 08:04 9962272                    /usr/lib/librt-2.25.so
7ff029371000-7ff029372000 rw-p 00007000 08:04 9962272                    /usr/lib/librt-2.25.so
7ff029372000-7ff029484000 r-xp 00000000 08:04 9962314                    /usr/lib/libm-2.25.so
7ff029484000-7ff029683000 ---p 00112000 08:04 9962314                    /usr/lib/libm-2.25.so
7ff029683000-7ff029684000 r--p 00111000 08:04 9962314                    /usr/lib/libm-2.25.so
7ff029684000-7ff029685000 rw-p 00112000 08:04 9962314                    /usr/lib/libm-2.25.so
7ff029685000-7ff02a353000 r-xp 00000000 08:04 1180572                    /usr/lib/jvm/java-8-jdk/jre/lib/amd64/server/libjvm.so
7ff02a353000-7ff02a553000 ---p 00cce000 08:04 1180572                    /usr/lib/jvm/java-8-jdk/jre/lib/amd64/server/libjvm.so
7ff02a553000-7ff02a62c000 rw-p 00cce000 08:04 1180572                    /usr/lib/jvm/java-8-jdk/jre/lib/amd64/server/libjvm.so
7ff02a62c000-7ff02a677000 rw-p 00000000 00:00 0 
7ff02a677000-7ff02a812000 r-xp 00000000 08:04 9963120                    /usr/lib/libc-2.25.so
7ff02a812000-7ff02aa11000 ---p 0019b000 08:04 9963120                    /usr/lib/libc-2.25.so
7ff02aa11000-7ff02aa15000 r--p 0019a000 08:04 9963120                    /usr/lib/libc-2.25.so
7ff02aa15000-7ff02aa17000 rw-p 0019e000 08:04 9963120                    /usr/lib/libc-2.25.so
7ff02aa17000-7ff02aa1b000 rw-p 00000000 00:00 0 
7ff02aa1b000-7ff02aa1e000 r-xp 00000000 08:04 9962388                    /usr/lib/libdl-2.25.so
7ff02aa1e000-7ff02ac1d000 ---p 00003000 08:04 9962388                    /usr/lib/libdl-2.25.so
7ff02ac1d000-7ff02ac1e000 r--p 00002000 08:04 9962388                    /usr/lib/libdl-2.25.so
7ff02ac1e000-7ff02ac1f000 rw-p 00003000 08:04 9962388                    /usr/lib/libdl-2.25.so
7ff02ac1f000-7ff02ac34000 r-xp 00000000 08:04 1180570                    /usr/lib/jvm/java-8-jdk/jre/lib/amd64/jli/libjli.so
7ff02ac34000-7ff02ae34000 ---p 00015000 08:04 1180570                    /usr/lib/jvm/java-8-jdk/jre/lib/amd64/jli/libjli.so
7ff02ae34000-7ff02ae35000 rw-p 00015000 08:04 1180570                    /usr/lib/jvm/java-8-jdk/jre/lib/amd64/jli/libjli.so
7ff02ae35000-7ff02ae4e000 r-xp 00000000 08:04 9963199                    /usr/lib/libpthread-2.25.so
7ff02ae4e000-7ff02b04d000 ---p 00019000 08:04 9963199                    /usr/lib/libpthread-2.25.so
7ff02b04d000-7ff02b04e000 r--p 00018000 08:04 9963199                    /usr/lib/libpthread-2.25.so
7ff02b04e000-7ff02b04f000 rw-p 00019000 08:04 9963199                    /usr/lib/libpthread-2.25.so
7ff02b04f000-7ff02b053000 rw-p 00000000 00:00 0 
7ff02b053000-7ff02b076000 r-xp 00000000 08:04 9963124                    /usr/lib/ld-2.25.so
7ff02b076000-7ff02b078000 r--s 0000c000 08:04 9437896                    /home/gunjan/.gradle/caches/modules-2/files-2.1/org.json/json/20160810/aca5eb39e2a12fddd6c472b240afe9ebea3a6733/json-20160810.jar
7ff02b078000-7ff02b080000 r--s 00048000 08:04 9437888                    /home/gunjan/.gradle/caches/modules-2/files-2.1/com.esotericsoftware/kryo/4.0.0/9f5c64c1315ec79bee0f56bb88e4ae94b65048ce/kryo-4.0.0.jar
7ff02b080000-7ff02b12a000 rw-p 00000000 00:00 0 
7ff02b12a000-7ff02b12d000 ---p 00000000 00:00 0 
7ff02b12d000-7ff02b22d000 rw-p 00000000 00:00 0 
7ff02b22d000-7ff02b234000 r--s 00057000 08:04 9437886                    /home/gunjan/.gradle/caches/modules-2/files-2.1/de.ruedigermoeller/fst/2.48/a04da9aca9ecc7dcf19c5e25b89bc21468e2a3e7/fst-2.48.jar
7ff02b234000-7ff02b23c000 r--s 0006e000 08:04 9437882                    /home/gunjan/.gradle/caches/modules-2/files-2.1/org.apache.commons/commons-lang3/3.5/6c6c702c89bfff3cd9e80b04d668c5e190d588c6/commons-lang3-3.5.jar
7ff02b23c000-7ff02b23e000 r--s 0000c000 08:04 9437880                    /home/gunjan/.gradle/caches/modules-2/files-2.1/org.apache.commons/commons-exec/1.3/8dfb9facd0830a27b1b5f29f84593f0aeee7773b/commons-exec-1.3.jar
7ff02b23e000-7ff02b23f000 r--s 00009000 08:04 9308247                    /home/gunjan/.gradle/caches/modules-2/files-2.1/org.apache.commons/commons-csv/1.4/fc2512d2109144df353501266ac4bbe179058afd/commons-csv-1.4.jar
7ff02b23f000-7ff02b241000 r--s 00009000 08:04 9308245                    /home/gunjan/.gradle/caches/modules-2/files-2.1/org.slf4j/slf4j-api/1.7.21/139535a69a4239db087de9bab0bee568bf8e0b70/slf4j-api-1.7.21.jar
7ff02b241000-7ff02b269000 rw-p 00000000 00:00 0 
7ff02b269000-7ff02b271000 rw-s 00000000 00:26 79                         /tmp/hsperfdata_gunjan/11687
7ff02b271000-7ff02b272000 rw-p 00000000 00:00 0 
7ff02b272000-7ff02b273000 ---p 00000000 00:00 0 
7ff02b273000-7ff02b275000 rw-p 00000000 00:00 0 
7ff02b275000-7ff02b276000 r--p 00022000 08:04 9963124                    /usr/lib/ld-2.25.so
7ff02b276000-7ff02b277000 rw-p 00023000 08:04 9963124                    /usr/lib/ld-2.25.so
7ff02b277000-7ff02b278000 rw-p 00000000 00:00 0 
7ffcc6098000-7ffcc60bc000 rw-p 00000000 00:00 0                          [stack]
7ffcc6170000-7ffcc6172000 r--p 00000000 00:00 0                          [vvar]
7ffcc6172000-7ffcc6174000 r-xp 00000000 00:00 0                          [vdso]
ffffffffff600000-ffffffffff601000 r-xp 00000000 00:00 0                  [vsyscall]

VM Arguments:
jvm_args: -Xmx11g -Dfile.encoding=UTF-8 
java_command: org.activity.controller.SuperController
java_class_path (initial): /home/gunjan/git/GeolifeReloaded2_1_cleaned/bin:/home/gunjan/.gradle/caches/modules-2/files-2.1/org.slf4j/slf4j-api/1.7.21/139535a69a4239db087de9bab0bee568bf8e0b70/slf4j-api-1.7.21.jar:/home/gunjan/.gradle/caches/modules-2/files-2.1/org.apache.commons/commons-csv/1.4/fc2512d2109144df353501266ac4bbe179058afd/commons-csv-1.4.jar:/home/gunjan/.gradle/caches/modules-2/files-2.1/org.apache.commons/commons-exec/1.3/8dfb9facd0830a27b1b5f29f84593f0aeee7773b/commons-exec-1.3.jar:/home/gunjan/.gradle/caches/modules-2/files-2.1/org.apache.commons/commons-lang3/3.5/6c6c702c89bfff3cd9e80b04d668c5e190d588c6/commons-lang3-3.5.jar:/home/gunjan/.gradle/caches/modules-2/files-2.1/org.apache.commons/commons-math3/3.6.1/e4ba98f1d4b3c80ec46392f25e094a6a2e58fcbf/commons-math3-3.6.1.jar:/home/gunjan/.gradle/caches/modules-2/files-2.1/de.ruedigermoeller/fst/2.48/a04da9aca9ecc7dcf19c5e25b89bc21468e2a3e7/fst-2.48.jar:/home/gunjan/.gradle/caches/modules-2/files-2.1/com.esotericsoftware/kryo/4.0.0/9f5c64c1315ec79bee0f56bb88e4ae94b65048ce/kryo-4.0.0.jar:/home/gunjan/.gradle/caches/modules-2/files-2.1/org.mapdb/mapdb/3.0.2/bcd8209dda05a358318b29719a9e76b21d5e4683/mapdb-3.0.2.jar:/home/gunjan/.gradle/caches/modules-2/files-2.1/nz.ac.waikato.cms.weka/weka-stable/3.8.0/5f6547867e775b416982cdcaa2dbef67855a6669/weka-stable-3.8.0.jar:/home/gunjan/.gradle/caches/modules-2/files-2.1/org.jgrapht/jgrapht-core/1.0.0/c2adf22c2d37721489de12e70f5c226832045071/jgrapht-core-1.0.0.jar:/home/gunjan/.gradle/caches/modules-2/files-2.1/org.json/json/20160810/aca5eb39e2a12fddd6c472b240afe9ebea3a6733/json-20160810.jar:/home/gunjan/.gradle/caches/modules-2/files-2.1/org.mariadb.jdbc/mariadb-java-client/1.5.4/bd0e2e8494245c2885a79fc92bc3693c88cbfab4/mariadb-java-client-1.5.4.jar:/home/gunjan/.gradle/caches/modules-2/files-2.1/com.mchange/c3p0/0.9.5.2/5f86cb6130bc6e8475615ed82d5b5e6fb226a86a/c3p0-0.9.5.2.jar:/home/gunjan/.gradle/caches/modules-2/files-2.1/com.zaxxer/HikariCP/2.5.1/b896b711e2d
Launcher Type: SUN_STANDARD

Environment Variables:
PATH=/usr/local/sbin:/usr/local/bin:/usr/bin:/opt/android-sdk/platform-tools:/usr/lib/jvm/default/bin:/usr/bin/site_perl:/usr/bin/vendor_perl:/usr/bin/core_perl
SHELL=/bin/bash
DISPLAY=:0

Signal Handlers:
SIGSEGV: [libjvm.so+0xac7800], sa_mask[0]=11111111011111111101111111111110, sa_flags=SA_RESTART|SA_SIGINFO
SIGBUS: [libjvm.so+0xac7800], sa_mask[0]=11111111011111111101111111111110, sa_flags=SA_RESTART|SA_SIGINFO
SIGFPE: [libjvm.so+0x920990], sa_mask[0]=11111111011111111101111111111110, sa_flags=SA_RESTART|SA_SIGINFO
SIGPIPE: [libjvm.so+0x920990], sa_mask[0]=11111111011111111101111111111110, sa_flags=SA_RESTART|SA_SIGINFO
SIGXFSZ: [libjvm.so+0x920990], sa_mask[0]=11111111011111111101111111111110, sa_flags=SA_RESTART|SA_SIGINFO
SIGILL: [libjvm.so+0x920990], sa_mask[0]=11111111011111111101111111111110, sa_flags=SA_RESTART|SA_SIGINFO
SIGUSR1: SIG_DFL, sa_mask[0]=00000000000000000000000000000000, sa_flags=none
SIGUSR2: [libjvm.so+0x9221d0], sa_mask[0]=00100000000000000000000000000000, sa_flags=SA_RESTART|SA_SIGINFO
SIGHUP: [libjvm.so+0x9235d0], sa_mask[0]=11111111011111111101111111111110, sa_flags=SA_RESTART|SA_SIGINFO
SIGINT: SIG_IGN, sa_mask[0]=00000000000000000000000000000000, sa_flags=none
SIGTERM: [libjvm.so+0x9235d0], sa_mask[0]=11111111011111111101111111111110, sa_flags=SA_RESTART|SA_SIGINFO
SIGQUIT: [libjvm.so+0x9235d0], sa_mask[0]=11111111011111111101111111111110, sa_flags=SA_RESTART|SA_SIGINFO


---------------  S Y S T E M  ---------------

OS:DISTRIB_ID=ManjaroLinux
DISTRIB_RELEASE=17.0.1
DISTRIB_CODENAME=Gellivara
DISTRIB_DESCRIPTION="Manjaro Linux"

uname:Linux 4.9.30-1-MANJARO #1 SMP PREEMPT Thu May 25 20:31:43 UTC 2017 x86_64
libc:glibc 2.25 NPTL 2.25 
rlimit: STACK 8192k, CORE infinity, NPROC 62736, NOFILE 4096, AS infinity
load average:2.66 1.31 0.76

/proc/meminfo:
MemTotal:       16344012 kB
MemFree:          258344 kB
MemAvailable:     498432 kB
Buffers:           10912 kB
Cached:          2097616 kB
SwapCached:            0 kB
Active:         13977840 kB
Inactive:        1679292 kB
Active(anon):   13757848 kB
Inactive(anon):  1445144 kB
Active(file):     219992 kB
Inactive(file):   234148 kB
Unevictable:          64 kB
Mlocked:              64 kB
SwapTotal:             0 kB
SwapFree:              0 kB
Dirty:                52 kB
Writeback:             0 kB
AnonPages:      13548736 kB
Mapped:          1101068 kB
Shmem:           1654372 kB
Slab:             151300 kB
SReclaimable:      85636 kB
SUnreclaim:        65664 kB
KernelStack:       19648 kB
PageTables:       133796 kB
NFS_Unstable:          0 kB
Bounce:                0 kB
WritebackTmp:          0 kB
CommitLimit:     8172004 kB
Committed_AS:   26493676 kB
VmallocTotal:   34359738367 kB
VmallocUsed:           0 kB
VmallocChunk:          0 kB
HardwareCorrupted:     0 kB
AnonHugePages:   6596608 kB
ShmemHugePages:        0 kB
ShmemPmdMapped:        0 kB
HugePages_Total:       0
HugePages_Free:        0
HugePages_Rsvd:        0
HugePages_Surp:        0
Hugepagesize:       2048 kB
DirectMap4k:      227992 kB
DirectMap2M:    11212800 kB
DirectMap1G:     5242880 kB


CPU:total 4 (2 cores per cpu, 2 threads per core) family 6 model 69 stepping 1, cmov, cx8, fxsr, mmx, sse, sse2, sse3, ssse3, sse4.1, sse4.2, popcnt, avx, avx2, aes, clmul, erms, lzcnt, ht, tsc, tscinvbit, bmi1, bmi2

/proc/cpuinfo:
processor	: 0
vendor_id	: GenuineIntel
cpu family	: 6
model		: 69
model name	: Intel(R) Core(TM) i5-4278U CPU @ 2.60GHz
stepping	: 1
microcode	: 0x20
cpu MHz		: 3089.245
cache size	: 3072 KB
physical id	: 0
siblings	: 4
core id		: 0
cpu cores	: 2
apicid		: 0
initial apicid	: 0
fpu		: yes
fpu_exception	: yes
cpuid level	: 13
wp		: yes
flags		: fpu vme de pse tsc msr pae mce cx8 apic sep mtrr pge mca cmov pat pse36 clflush dts acpi mmx fxsr sse sse2 ss ht tm pbe syscall nx pdpe1gb rdtscp lm constant_tsc arch_perfmon pebs bts rep_good nopl xtopology nonstop_tsc aperfmperf eagerfpu pni pclmulqdq dtes64 monitor ds_cpl vmx est tm2 ssse3 sdbg fma cx16 xtpr pdcm pcid sse4_1 sse4_2 x2apic movbe popcnt tsc_deadline_timer aes xsave avx f16c rdrand lahf_lm abm epb tpr_shadow vnmi flexpriority ept vpid fsgsbase tsc_adjust bmi1 avx2 smep bmi2 erms invpcid xsaveopt dtherm ida arat pln pts
bugs		:
bogomips	: 5201.39
clflush size	: 64
cache_alignment	: 64
address sizes	: 39 bits physical, 48 bits virtual
power management:

processor	: 1
vendor_id	: GenuineIntel
cpu family	: 6
model		: 69
model name	: Intel(R) Core(TM) i5-4278U CPU @ 2.60GHz
stepping	: 1
microcode	: 0x20
cpu MHz		: 3074.328
cache size	: 3072 KB
physical id	: 0
siblings	: 4
core id		: 1
cpu cores	: 2
apicid		: 2
initial apicid	: 2
fpu		: yes
fpu_exception	: yes
cpuid level	: 13
wp		: yes
flags		: fpu vme de pse tsc msr pae mce cx8 apic sep mtrr pge mca cmov pat pse36 clflush dts acpi mmx fxsr sse sse2 ss ht tm pbe syscall nx pdpe1gb rdtscp lm constant_tsc arch_perfmon pebs bts rep_good nopl xtopology nonstop_tsc aperfmperf eagerfpu pni pclmulqdq dtes64 monitor ds_cpl vmx est tm2 ssse3 sdbg fma cx16 xtpr pdcm pcid sse4_1 sse4_2 x2apic movbe popcnt tsc_deadline_timer aes xsave avx f16c rdrand lahf_lm abm epb tpr_shadow vnmi flexpriority ept vpid fsgsbase tsc_adjust bmi1 avx2 smep bmi2 erms invpcid xsaveopt dtherm ida arat pln pts
bugs		:
bogomips	: 5203.77
clflush size	: 64
cache_alignment	: 64
address sizes	: 39 bits physical, 48 bits virtual
power management:

processor	: 2
vendor_id	: GenuineIntel
cpu family	: 6
model		: 69
model name	: Intel(R) Core(TM) i5-4278U CPU @ 2.60GHz
stepping	: 1
microcode	: 0x20
cpu MHz		: 3099.877
cache size	: 3072 KB
physical id	: 0
siblings	: 4
core id		: 0
cpu cores	: 2
apicid		: 1
initial apicid	: 1
fpu		: yes
fpu_exception	: yes
cpuid level	: 13
wp		: yes
flags		: fpu vme de pse tsc msr pae mce cx8 apic sep mtrr pge mca cmov pat pse36 clflush dts acpi mmx fxsr sse sse2 ss ht tm pbe syscall nx pdpe1gb rdtscp lm constant_tsc arch_perfmon pebs bts rep_good nopl xtopology nonstop_tsc aperfmperf eagerfpu pni pclmulqdq dtes64 monitor ds_cpl vmx est tm2 ssse3 sdbg fma cx16 xtpr pdcm pcid sse4_1 sse4_2 x2apic movbe popcnt tsc_deadline_timer aes xsave avx f16c rdrand lahf_lm abm epb tpr_shadow vnmi flexpriority ept vpid fsgsbase tsc_adjust bmi1 avx2 smep bmi2 erms invpcid xsaveopt dtherm ida arat pln pts
bugs		:
bogomips	: 5203.47
clflush size	: 64
cache_alignment	: 64
address sizes	: 39 bits physical, 48 bits virtual
power management:

processor	: 3
vendor_id	: GenuineIntel
cpu family	: 6
model		: 69
model name	: Intel(R) Core(TM) i5-4278U CPU @ 2.60GHz
stepping	: 1
microcode	: 0x20
cpu MHz		: 3099.719
cache size	: 3072 KB
physical id	: 0
siblings	: 4
core id		: 1
cpu cores	: 2
apicid		: 3
initial apicid	: 3
fpu		: yes
fpu_exception	: yes
cpuid level	: 13
wp		: yes
flags		: fpu vme de pse tsc msr pae mce cx8 apic sep mtrr pge mca cmov pat pse36 clflush dts acpi mmx fxsr sse sse2 ss ht tm pbe syscall nx pdpe1gb rdtscp lm constant_tsc arch_perfmon pebs bts rep_good nopl xtopology nonstop_tsc aperfmperf eagerfpu pni pclmulqdq dtes64 monitor ds_cpl vmx est tm2 ssse3 sdbg fma cx16 xtpr pdcm pcid sse4_1 sse4_2 x2apic movbe popcnt tsc_deadline_timer aes xsave avx f16c rdrand lahf_lm abm epb tpr_shadow vnmi flexpriority ept vpid fsgsbase tsc_adjust bmi1 avx2 smep bmi2 erms invpcid xsaveopt dtherm ida arat pln pts
bugs		:
bogomips	: 5203.96
clflush size	: 64
cache_alignment	: 64
address sizes	: 39 bits physical, 48 bits virtual
power management:



Memory: 4k page, physical 16344012k(258344k free), swap 0k(0k free)

vm_info: Java HotSpot(TM) 64-Bit Server VM (25.112-b15) for linux-amd64 JRE (1.8.0_112-b15), built on Sep 22 2016 21:10:53 by "java_re" with gcc 4.3.0 20080428 (Red Hat 4.3.0-8)

time: Mon May 29 15:57:39 2017
elapsed time: 70 seconds (0d 0h 1m 10s)

