#
# There is insufficient memory for the Java Runtime Environment to continue.
# Native memory allocation (mmap) failed to map 488112128 bytes for committing reserved memory.
# Possible reasons:
#   The system is out of physical RAM or swap space
#   In 32 bit mode, the process size limit was hit
# Possible solutions:
#   Reduce memory load on the system
#   Increase physical memory or swap space
#   Check if swap backing store is full
#   Use 64 bit Java on a 64 bit OS
#   Decrease Java heap size (-Xmx/-Xms)
#   Decrease number of Java threads
#   Decrease Java thread stack sizes (-Xss)
#   Set larger code cache with -XX:ReservedCodeCacheSize=
# This output file may be truncated or incomplete.
#
#  Out of Memory Error (os_linux.cpp:2627), pid=21603, tid=0x00007f8e174f2700
#
# JRE version: Java(TM) SE Runtime Environment (8.0_112-b15) (build 1.8.0_112-b15)
# Java VM: Java HotSpot(TM) 64-Bit Server VM (25.112-b15 mixed mode linux-amd64 compressed oops)
# Core dump written. Default location: /home/gunjan/git/GeolifeReloaded2_1_cleaned/core or core.21603
#

---------------  T H R E A D  ---------------

Current thread (0x00007f8e5007c000):  VMThread [stack: 0x00007f8e173f2000,0x00007f8e174f3000] [id=21615]

Stack: [0x00007f8e173f2000,0x00007f8e174f3000],  sp=0x00007f8e174f0ff0,  free space=1019k
Native frames: (J=compiled Java code, j=interpreted, Vv=VM code, C=native code)
V  [libjvm.so+0xac6f7a]  VMError::report_and_die()+0x2ba
V  [libjvm.so+0x4fc71b]  report_vm_out_of_memory(char const*, int, unsigned long, VMErrorType, char const*)+0x8b
V  [libjvm.so+0x923b13]  os::Linux::commit_memory_impl(char*, unsigned long, bool)+0x103
V  [libjvm.so+0x924069]  os::pd_commit_memory(char*, unsigned long, unsigned long, bool)+0x29
V  [libjvm.so+0x91e37a]  os::commit_memory(char*, unsigned long, unsigned long, bool)+0x2a
V  [libjvm.so+0x992da3]  PSVirtualSpace::expand_by(unsigned long)+0x53
V  [libjvm.so+0x983670]  PSOldGen::expand(unsigned long)+0x170
V  [libjvm.so+0x98387b]  PSOldGen::resize(unsigned long)+0x1cb
V  [libjvm.so+0x98b571]  PSParallelCompact::invoke_no_policy(bool)+0x991
V  [libjvm.so+0x98b863]  PSParallelCompact::invoke(bool)+0x63
V  [libjvm.so+0x483204]  CollectedHeap::collect_as_vm_thread(GCCause::Cause)+0x114
V  [libjvm.so+0xac83f1]  VM_CollectForMetadataAllocation::doit()+0x161
V  [libjvm.so+0xad0475]  VM_Operation::evaluate()+0x55
V  [libjvm.so+0xace84a]  VMThread::evaluate_operation(VM_Operation*)+0xba
V  [libjvm.so+0xacebce]  VMThread::loop()+0x1ce
V  [libjvm.so+0xacf040]  VMThread::run()+0x70
V  [libjvm.so+0x926138]  java_start(Thread*)+0x108

VM_Operation (0x00007f8e15003b80): CollectForMetadataAllocation, mode: safepoint, requested by thread 0x00007f8dcc018000


---------------  P R O C E S S  ---------------

Java Threads: ( => current thread )
  0x00007f8dcc018000 JavaThread "*** Profiler Agent Special Execution Thread 2" daemon [_thread_blocked, id=21726, stack(0x00007f8e14f05000,0x00007f8e15006000)]
  0x00007f8dcc050000 JavaThread "process reaper" daemon [_thread_blocked, id=21725, stack(0x00007f8e14dcb000,0x00007f8e14e04000)]
  0x00007f8dc8038800 JavaThread "*** Profiler Agent Special Execution Thread 6" daemon [_thread_blocked, id=21720, stack(0x00007f8e1513a000,0x00007f8e1523b000)]
  0x00007f8dc8036000 JavaThread "*** JFluid Monitor thread ***" daemon [_thread_blocked, id=21719, stack(0x00007f8e1523b000,0x00007f8e1533c000)]
  0x00007f8dc8027000 JavaThread "*** Profiler Agent Communication Thread" daemon [_thread_blocked, id=21716, stack(0x00007f8e14e04000,0x00007f8e14f05000)]
  0x00007f8dec006800 JavaThread "RMI TCP Connection(idle)" daemon [_thread_blocked, id=21675, stack(0x00007f8e15341000,0x00007f8e15442000)]
  0x00007f8dec004800 JavaThread "RMI TCP Connection(4)-127.0.0.1" daemon [_thread_blocked, id=21643, stack(0x00007f8e15442000,0x00007f8e15543000)]
  0x00007f8dec003000 JavaThread "RMI TCP Connection(2)-127.0.0.1" daemon [_thread_blocked, id=21639, stack(0x00007f8e15543000,0x00007f8e15644000)]
  0x00007f8de0063800 JavaThread "JMX server connection timeout 14" daemon [_thread_blocked, id=21636, stack(0x00007f8e15844000,0x00007f8e15945000)]
  0x00007f8de005f000 JavaThread "RMI Scheduler(0)" daemon [_thread_blocked, id=21634, stack(0x00007f8e15945000,0x00007f8e15a46000)]
  0x00007f8dec001800 JavaThread "RMI TCP Connection(1)-127.0.0.1" daemon [_thread_blocked, id=21633, stack(0x00007f8e15a46000,0x00007f8e15b47000)]
  0x00007f8de809c000 JavaThread "RMI TCP Accept-0" daemon [_thread_in_native, id=21626, stack(0x00007f8e15b47000,0x00007f8e15c48000)]
  0x00007f8e00001000 JavaThread "Attach Listener" daemon [_thread_blocked, id=21625, stack(0x00007f8e16689000,0x00007f8e1678a000)]
  0x00007f8e500cd000 JavaThread "Service Thread" daemon [_thread_blocked, id=21622, stack(0x00007f8e16b0a000,0x00007f8e16c0b000)]
  0x00007f8e500c1800 JavaThread "C1 CompilerThread2" daemon [_thread_blocked, id=21621, stack(0x00007f8e16c0b000,0x00007f8e16d0c000)]
  0x00007f8e500c0000 JavaThread "C2 CompilerThread1" daemon [_thread_blocked, id=21620, stack(0x00007f8e16d0c000,0x00007f8e16e0d000)]
  0x00007f8e500bd000 JavaThread "C2 CompilerThread0" daemon [_thread_blocked, id=21619, stack(0x00007f8e16e0d000,0x00007f8e16f0e000)]
  0x00007f8e500bb800 JavaThread "Signal Dispatcher" daemon [_thread_blocked, id=21618, stack(0x00007f8e16f0e000,0x00007f8e1700f000)]
  0x00007f8e50088000 JavaThread "Finalizer" daemon [_thread_blocked, id=21617, stack(0x00007f8e171f0000,0x00007f8e172f1000)]
  0x00007f8e50083800 JavaThread "Reference Handler" daemon [_thread_blocked, id=21616, stack(0x00007f8e172f1000,0x00007f8e173f2000)]
  0x00007f8e5000e000 JavaThread "main" [_thread_blocked, id=21609, stack(0x00007f8e58ac1000,0x00007f8e58bc2000)]

Other Threads:
=>0x00007f8e5007c000 VMThread [stack: 0x00007f8e173f2000,0x00007f8e174f3000] [id=21615]
  0x00007f8e500d0000 WatcherThread [stack: 0x00007f8e16a09000,0x00007f8e16b0a000] [id=21623]

VM state:at safepoint (normal execution)

VM Mutex/Monitor currently owned by a thread:  ([mutex/lock_event])
[0x00007f8e5000b5e0] ExpandHeap_lock - owner thread: 0x00007f8e5007c000
[0x00007f8e5000bc60] Threads_lock - owner thread: 0x00007f8e5007c000
[0x00007f8e5000c160] Heap_lock - owner thread: 0x00007f8dcc018000

Heap:
 PSYoungGen      total 545280K, used 0K [0x00000006d5580000, 0x0000000712080000, 0x00000007c0000000)
  eden space 161280K, 0% used [0x00000006d5580000,0x00000006d5580000,0x00000006df300000)
  from space 384000K, 0% used [0x00000006df300000,0x00000006df300000,0x00000006f6a00000)
  to   space 410624K, 0% used [0x00000006f8f80000,0x00000006f8f80000,0x0000000712080000)
 ParOldGen       total 6432768K, used 5561947K [0x0000000500000000, 0x0000000688a00000, 0x00000006d5580000)
  object space 6432768K, 86% used [0x0000000500000000,0x0000000653796e70,0x0000000688a00000)
 Metaspace       used 21696K, capacity 22278K, committed 22400K, reserved 1069056K
  class space    used 1952K, capacity 2223K, committed 2304K, reserved 1048576K

Card table byte_map: [0x00007f8e548da000,0x00007f8e55edb000] byte_map_base: 0x00007f8e520da000

Marking Bits: (ParMarkBitMap*) 0x00007f8e57fe1c80
 Begin Bits: [0x00007f8e1a000000, 0x00007f8e25000000)
 End Bits:   [0x00007f8e25000000, 0x00007f8e30000000)

Polling page: 0x00007f8e58c0a000

CodeCache: size=245760Kb used=3678Kb max_used=7404Kb free=242081Kb
 bounds [0x00007f8e41000000, 0x00007f8e41760000, 0x00007f8e50000000]
 total_blobs=1409 nmethods=999 adapters=323
 compilation: enabled

Compilation events (10 events):
Event: 116.866 Thread 0x00007f8e500c0000 3279       4       java.io.ObjectOutputStream::writeClassDesc (60 bytes)
Event: 116.868 Thread 0x00007f8e500c1800 nmethod 3376% 0x00007f8e41354a50 code [0x00007f8e41354ee0, 0x00007f8e413576b8]
Event: 116.870 Thread 0x00007f8e500c1800 3377       2       com.sun.jmx.mbeanserver.DefaultMXBeanMappingFactory$ArrayMapping::toNonNullOpenValue (64 bytes)
Event: 116.871 Thread 0x00007f8e500c1800 nmethod 3377 0x00007f8e4150ea50 code [0x00007f8e4150ec00, 0x00007f8e4150ef88]
Event: 116.874 Thread 0x00007f8e500c1800 3379       2       javax.management.openmbean.ArrayType::isValue (168 bytes)
Event: 116.875 Thread 0x00007f8e500c1800 nmethod 3379 0x00007f8e4165fdd0 code [0x00007f8e41660000, 0x00007f8e416606c8]
Event: 116.877 Thread 0x00007f8e500c1800 3382       2       sun.rmi.runtime.Log$LoggerLog::isLoggable (9 bytes)
Event: 116.877 Thread 0x00007f8e500c1800 nmethod 3382 0x00007f8e4165f910 code [0x00007f8e4165fa80, 0x00007f8e4165fc10]
Event: 116.877 Thread 0x00007f8e500c1800 3383       2       java.lang.String::indexOf (7 bytes)
Event: 116.878 Thread 0x00007f8e500c1800 nmethod 3383 0x00007f8e4150e610 code [0x00007f8e4150e780, 0x00007f8e4150e928]

GC Heap History (10 events):
Event: 110.967 GC heap after
Heap after GC invocations=200 (full 12):
 PSYoungGen      total 533504K, used 184019K [0x00000006d5580000, 0x000000070cd00000, 0x00000007c0000000)
  eden space 148992K, 0% used [0x00000006d5580000,0x00000006d5580000,0x00000006de700000)
  from space 384512K, 47% used [0x00000006de700000,0x00000006e9ab4f90,0x00000006f5e80000)
  to   space 372224K, 0% used [0x00000006f6180000,0x00000006f6180000,0x000000070cd00000)
 ParOldGen       total 6432768K, used 5232851K [0x0000000500000000, 0x0000000688a00000, 0x00000006d5580000)
  object space 6432768K, 81% used [0x0000000500000000,0x000000063f634f50,0x0000000688a00000)
 Metaspace       used 12756K, capacity 13314K, committed 13440K, reserved 1060864K
  class space    used 1422K, capacity 1582K, committed 1664K, reserved 1048576K
}
Event: 111.511 GC heap before
{Heap before GC invocations=201 (full 12):
 PSYoungGen      total 533504K, used 333011K [0x00000006d5580000, 0x000000070cd00000, 0x00000007c0000000)
  eden space 148992K, 100% used [0x00000006d5580000,0x00000006de700000,0x00000006de700000)
  from space 384512K, 47% used [0x00000006de700000,0x00000006e9ab4f90,0x00000006f5e80000)
  to   space 372224K, 0% used [0x00000006f6180000,0x00000006f6180000,0x000000070cd00000)
 ParOldGen       total 6432768K, used 5232851K [0x0000000500000000, 0x0000000688a00000, 0x00000006d5580000)
  object space 6432768K, 81% used [0x0000000500000000,0x000000063f634f50,0x0000000688a00000)
 Metaspace       used 13600K, capacity 14228K, committed 14464K, reserved 1062912K
  class space    used 1575K, capacity 1868K, committed 1920K, reserved 1048576K
Event: 111.681 GC heap after
Heap after GC invocations=201 (full 12):
 PSYoungGen      total 515072K, used 191219K [0x00000006d5580000, 0x000000070b900000, 0x00000007c0000000)
  eden space 163328K, 0% used [0x00000006d5580000,0x00000006d5580000,0x00000006df500000)
  from space 351744K, 54% used [0x00000006f6180000,0x0000000701c3cf90,0x000000070b900000)
  to   space 362496K, 0% used [0x00000006df500000,0x00000006df500000,0x00000006f5700000)
 ParOldGen       total 6432768K, used 5258299K [0x0000000500000000, 0x0000000688a00000, 0x00000006d5580000)
  object space 6432768K, 81% used [0x0000000500000000,0x0000000640f0ef50,0x0000000688a00000)
 Metaspace       used 13600K, capacity 14228K, committed 14464K, reserved 1062912K
  class space    used 1575K, capacity 1868K, committed 1920K, reserved 1048576K
}
Event: 112.720 GC heap before
{Heap before GC invocations=202 (full 12):
 PSYoungGen      total 515072K, used 354547K [0x00000006d5580000, 0x000000070b900000, 0x00000007c0000000)
  eden space 163328K, 100% used [0x00000006d5580000,0x00000006df500000,0x00000006df500000)
  from space 351744K, 54% used [0x00000006f6180000,0x0000000701c3cf90,0x000000070b900000)
  to   space 362496K, 0% used [0x00000006df500000,0x00000006df500000,0x00000006f5700000)
 ParOldGen       total 6432768K, used 5258299K [0x0000000500000000, 0x0000000688a00000, 0x00000006d5580000)
  object space 6432768K, 81% used [0x0000000500000000,0x0000000640f0ef50,0x0000000688a00000)
 Metaspace       used 13619K, capacity 14298K, committed 14464K, reserved 1062912K
  class space    used 1576K, capacity 1869K, committed 1920K, reserved 1048576K
Event: 113.020 GC heap after
Heap after GC invocations=202 (full 12):
 PSYoungGen      total 525824K, used 229459K [0x00000006d5580000, 0x000000070d100000, 0x00000007c0000000)
  eden space 163328K, 0% used [0x00000006d5580000,0x00000006d5580000,0x00000006df500000)
  from space 362496K, 63% used [0x00000006df500000,0x00000006ed514f90,0x00000006f5700000)
  to   space 367616K, 0% used [0x00000006f6a00000,0x00000006f6a00000,0x000000070d100000)
 ParOldGen       total 6432768K, used 5258299K [0x0000000500000000, 0x0000000688a00000, 0x00000006d5580000)
  object space 6432768K, 81% used [0x0000000500000000,0x0000000640f0ef50,0x0000000688a00000)
 Metaspace       used 13619K, capacity 14298K, committed 14464K, reserved 1062912K
  class space    used 1576K, capacity 1869K, committed 1920K, reserved 1048576K
}
Event: 113.939 GC heap before
{Heap before GC invocations=203 (full 12):
 PSYoungGen      total 525824K, used 392787K [0x00000006d5580000, 0x000000070d100000, 0x00000007c0000000)
  eden space 163328K, 100% used [0x00000006d5580000,0x00000006df500000,0x00000006df500000)
  from space 362496K, 63% used [0x00000006df500000,0x00000006ed514f90,0x00000006f5700000)
  to   space 367616K, 0% used [0x00000006f6a00000,0x00000006f6a00000,0x000000070d100000)
 ParOldGen       total 6432768K, used 5258299K [0x0000000500000000, 0x0000000688a00000, 0x00000006d5580000)
  object space 6432768K, 81% used [0x0000000500000000,0x0000000640f0ef50,0x0000000688a00000)
 Metaspace       used 13633K, capacity 14298K, committed 14464K, reserved 1062912K
  class space    used 1576K, capacity 1869K, committed 1920K, reserved 1048576K
Event: 114.316 GC heap after
Heap after GC invocations=203 (full 12):
 PSYoungGen      total 528896K, used 267507K [0x00000006d5580000, 0x000000070f080000, 0x00000007c0000000)
  eden space 161280K, 0% used [0x00000006d5580000,0x00000006d5580000,0x00000006df300000)
  from space 367616K, 72% used [0x00000006f6a00000,0x0000000706f3cf90,0x000000070d100000)
  to   space 384000K, 0% used [0x00000006df300000,0x00000006df300000,0x00000006f6a00000)
 ParOldGen       total 6432768K, used 5258299K [0x0000000500000000, 0x0000000688a00000, 0x00000006d5580000)
  object space 6432768K, 81% used [0x0000000500000000,0x0000000640f0ef50,0x0000000688a00000)
 Metaspace       used 13633K, capacity 14298K, committed 14464K, reserved 1062912K
  class space    used 1576K, capacity 1869K, committed 1920K, reserved 1048576K
}
Event: 116.884 GC heap before
{Heap before GC invocations=204 (full 12):
 PSYoungGen      total 528896K, used 423119K [0x00000006d5580000, 0x000000070f080000, 0x00000007c0000000)
  eden space 161280K, 96% used [0x00000006d5580000,0x00000006ded77030,0x00000006df300000)
  from space 367616K, 72% used [0x00000006f6a00000,0x0000000706f3cf90,0x000000070d100000)
  to   space 384000K, 0% used [0x00000006df300000,0x00000006df300000,0x00000006f6a00000)
 ParOldGen       total 6432768K, used 5258299K [0x0000000500000000, 0x0000000688a00000, 0x00000006d5580000)
  object space 6432768K, 81% used [0x0000000500000000,0x0000000640f0ef50,0x0000000688a00000)
 Metaspace       used 21696K, capacity 22278K, committed 22400K, reserved 1069056K
  class space    used 1952K, capacity 2223K, committed 2304K, reserved 1048576K
Event: 117.034 GC heap after
Heap after GC invocations=204 (full 12):
 PSYoungGen      total 545280K, used 305755K [0x00000006d5580000, 0x0000000712080000, 0x00000007c0000000)
  eden space 161280K, 0% used [0x00000006d5580000,0x00000006d5580000,0x00000006df300000)
  from space 384000K, 79% used [0x00000006df300000,0x00000006f1d96ec0,0x00000006f6a00000)
  to   space 410624K, 0% used [0x00000006f8f80000,0x00000006f8f80000,0x0000000712080000)
 ParOldGen       total 6432768K, used 5258307K [0x0000000500000000, 0x0000000688a00000, 0x00000006d5580000)
  object space 6432768K, 81% used [0x0000000500000000,0x0000000640f10f50,0x0000000688a00000)
 Metaspace       used 21696K, capacity 22278K, committed 22400K, reserved 1069056K
  class space    used 1952K, capacity 2223K, committed 2304K, reserved 1048576K
}
Event: 117.034 GC heap before
{Heap before GC invocations=205 (full 13):
 PSYoungGen      total 545280K, used 305755K [0x00000006d5580000, 0x0000000712080000, 0x00000007c0000000)
  eden space 161280K, 0% used [0x00000006d5580000,0x00000006d5580000,0x00000006df300000)
  from space 384000K, 79% used [0x00000006df300000,0x00000006f1d96ec0,0x00000006f6a00000)
  to   space 410624K, 0% used [0x00000006f8f80000,0x00000006f8f80000,0x0000000712080000)
 ParOldGen       total 6432768K, used 5258307K [0x0000000500000000, 0x0000000688a00000, 0x00000006d5580000)
  object space 6432768K, 81% used [0x0000000500000000,0x0000000640f10f50,0x0000000688a00000)
 Metaspace       used 21696K, capacity 22278K, committed 22400K, reserved 1069056K
  class space    used 1952K, capacity 2223K, committed 2304K, reserved 1048576K

Deoptimization events (10 events):
Event: 100.237 Thread 0x00007f8dc8027000 Uncommon trap: reason=unstable_if action=reinterpret pc=0x00007f8e414be500 method=java.io.ObjectOutputStream$BlockDataOutputStream.writeBytes(Ljava/lang/String;)V @ 22
Event: 100.237 Thread 0x00007f8dc8027000 Uncommon trap: reason=unstable_if action=reinterpret pc=0x00007f8e4121f84c method=java.io.ObjectOutputStream$BlockDataOutputStream.writeBlockHeader(I)V @ 4
Event: 100.238 Thread 0x00007f8dc8027000 Uncommon trap: reason=unstable_if action=reinterpret pc=0x00007f8e41466ba0 method=java.io.ObjectOutputStream$BlockDataOutputStream.writeBytes(Ljava/lang/String;)V @ 22
Event: 100.814 Thread 0x00007f8dc8027000 Uncommon trap: reason=class_check action=maybe_recompile pc=0x00007f8e4136ff3c method=java.io.ObjectInputStream$PeekInputStream.read([BII)I @ 50
Event: 100.820 Thread 0x00007f8dc8027000 Uncommon trap: reason=unstable_if action=reinterpret pc=0x00007f8e413d0dfc method=java.io.ObjectInputStream$BlockDataInputStream.readUnsignedShort()I @ 4
Event: 100.821 Thread 0x00007f8dc8027000 Uncommon trap: reason=unstable_if action=reinterpret pc=0x00007f8e41473664 method=java.io.ObjectInputStream$BlockDataInputStream.readUTFBody(J)Ljava/lang/String; @ 12
Event: 100.846 Thread 0x00007f8dc8027000 Uncommon trap: reason=class_check action=maybe_recompile pc=0x00007f8e4136ff3c method=java.io.ObjectInputStream$PeekInputStream.read([BII)I @ 50
Event: 109.254 Thread 0x00007f8dc8027000 Uncommon trap: reason=bimorphic action=maybe_recompile pc=0x00007f8e412df10c method=java.io.ObjectInputStream$PeekInputStream.read()I @ 23
Event: 109.254 Thread 0x00007f8dc8027000 Uncommon trap: reason=bimorphic action=maybe_recompile pc=0x00007f8e412df10c method=java.io.ObjectInputStream$PeekInputStream.read()I @ 23
Event: 109.264 Thread 0x00007f8dc8027000 Uncommon trap: reason=bimorphic action=maybe_recompile pc=0x00007f8e41457cbc method=java.util.Collections$UnmodifiableCollection$1.next()Ljava/lang/Object; @ 4

Internal exceptions (10 events):
Event: 5.861 Thread 0x00007f8dec001800 Exception <a 'java/lang/NoSuchMethodError': <clinit>> (0x00000006d5a5dfd0) thrown at [/HUDSON3/workspace/8-2-build-linux-amd64/jdk8u112/7884/hotspot/src/share/vm/prims/jni.cpp, line 1613]
Event: 5.861 Thread 0x00007f8dec001800 Exception <a 'java/lang/NoSuchMethodError': <clinit>> (0x00000006d5a5e918) thrown at [/HUDSON3/workspace/8-2-build-linux-amd64/jdk8u112/7884/hotspot/src/share/vm/prims/jni.cpp, line 1613]
Event: 5.871 Thread 0x00007f8dec001800 Exception <a 'java/lang/NoSuchMethodError': <clinit>> (0x00000006d5a6eb78) thrown at [/HUDSON3/workspace/8-2-build-linux-amd64/jdk8u112/7884/hotspot/src/share/vm/prims/jni.cpp, line 1613]
Event: 5.871 Thread 0x00007f8dec001800 Exception <a 'java/lang/NoSuchMethodError': <clinit>> (0x00000006d5a6f7c0) thrown at [/HUDSON3/workspace/8-2-build-linux-amd64/jdk8u112/7884/hotspot/src/share/vm/prims/jni.cpp, line 1613]
Event: 5.871 Thread 0x00007f8dec001800 Exception <a 'java/lang/NoSuchMethodError': <clinit>> (0x00000006d5a703d8) thrown at [/HUDSON3/workspace/8-2-build-linux-amd64/jdk8u112/7884/hotspot/src/share/vm/prims/jni.cpp, line 1613]
Event: 7.413 Thread 0x00007f8dec001800 Exception <a 'java/lang/NoSuchMethodError': <clinit>> (0x00000006d5583e60) thrown at [/HUDSON3/workspace/8-2-build-linux-amd64/jdk8u112/7884/hotspot/src/share/vm/prims/jni.cpp, line 1613]
Event: 52.530 Thread 0x00007f8e5000e000 Implicit null exception at 0x00007f8e412f1a5c to 0x00007f8e412f3741
Event: 52.530 Thread 0x00007f8e5000e000 Implicit null exception at 0x00007f8e413e9a3b to 0x00007f8e413ea0b1
Event: 52.532 Thread 0x00007f8e5000e000 Implicit null exception at 0x00007f8e413c0159 to 0x00007f8e413c0da9
Event: 52.533 Thread 0x00007f8e5000e000 Implicit null exception at 0x00007f8e413d0ddd to 0x00007f8e413d7dd5

Events (10 events):
Event: 116.822 Executing VM operation: RedefineClasses done
Event: 116.822 Executing VM operation: RevokeBias
Event: 116.822 Executing VM operation: RevokeBias done
Event: 116.824 Executing VM operation: ThreadDump
Event: 116.824 Executing VM operation: ThreadDump done
Event: 116.847 Executing VM operation: ThreadDump
Event: 116.856 Executing VM operation: ThreadDump done
Event: 116.869 Executing VM operation: ThreadDump
Event: 116.870 Executing VM operation: ThreadDump done
Event: 116.884 Executing VM operation: CollectForMetadataAllocation


Dynamic libraries:
00400000-00401000 r-xp 00000000 08:04 1180653                            /usr/lib/jvm/java-8-jdk/jre/bin/java
00600000-00601000 rw-p 00000000 08:04 1180653                            /usr/lib/jvm/java-8-jdk/jre/bin/java
01bf1000-01c12000 rw-p 00000000 00:00 0                                  [heap]
500000000-688a00000 rw-p 00000000 00:00 0 
6a5b80000-6d5580000 ---p 00000000 00:00 0 
6d5580000-712080000 rw-p 00000000 00:00 0 
712080000-7c0000000 ---p 00000000 00:00 0 
7c0000000-7c0240000 rw-p 00000000 00:00 0 
7c0240000-800000000 ---p 00000000 00:00 0 
7f8db8000000-7f8db8426000 rw-p 00000000 00:00 0 
7f8db8426000-7f8dbc000000 ---p 00000000 00:00 0 
7f8dc0000000-7f8dc0021000 rw-p 00000000 00:00 0 
7f8dc0021000-7f8dc4000000 ---p 00000000 00:00 0 
7f8dc4000000-7f8dc4021000 rw-p 00000000 00:00 0 
7f8dc4021000-7f8dc8000000 ---p 00000000 00:00 0 
7f8dc8000000-7f8dc8040000 rw-p 00000000 00:00 0 
7f8dc8040000-7f8dcc000000 ---p 00000000 00:00 0 
7f8dcc000000-7f8dcc2d8000 rw-p 00000000 00:00 0 
7f8dcc2d8000-7f8dd0000000 ---p 00000000 00:00 0 
7f8dd0000000-7f8dd0021000 rw-p 00000000 00:00 0 
7f8dd0021000-7f8dd4000000 ---p 00000000 00:00 0 
7f8dd4000000-7f8dd4021000 rw-p 00000000 00:00 0 
7f8dd4021000-7f8dd8000000 ---p 00000000 00:00 0 
7f8dd8000000-7f8dd8021000 rw-p 00000000 00:00 0 
7f8dd8021000-7f8ddc000000 ---p 00000000 00:00 0 
7f8ddc000000-7f8ddc040000 rw-p 00000000 00:00 0 
7f8ddc040000-7f8de0000000 ---p 00000000 00:00 0 
7f8de0000000-7f8de031d000 rw-p 00000000 00:00 0 
7f8de031d000-7f8de4000000 ---p 00000000 00:00 0 
7f8de4000000-7f8de4021000 rw-p 00000000 00:00 0 
7f8de4021000-7f8de8000000 ---p 00000000 00:00 0 
7f8de8000000-7f8de80d8000 rw-p 00000000 00:00 0 
7f8de80d8000-7f8dec000000 ---p 00000000 00:00 0 
7f8dec000000-7f8dec021000 rw-p 00000000 00:00 0 
7f8dec021000-7f8df0000000 ---p 00000000 00:00 0 
7f8df0000000-7f8df0021000 rw-p 00000000 00:00 0 
7f8df0021000-7f8df4000000 ---p 00000000 00:00 0 
7f8df4000000-7f8df4021000 rw-p 00000000 00:00 0 
7f8df4021000-7f8df8000000 ---p 00000000 00:00 0 
7f8df8000000-7f8df9928000 rw-p 00000000 00:00 0 
7f8df9928000-7f8dfc000000 ---p 00000000 00:00 0 
7f8dfc000000-7f8dfc4b0000 rw-p 00000000 00:00 0 
7f8dfc4b0000-7f8e00000000 ---p 00000000 00:00 0 
7f8e00000000-7f8e00021000 rw-p 00000000 00:00 0 
7f8e00021000-7f8e04000000 ---p 00000000 00:00 0 
7f8e04000000-7f8e0592b000 rw-p 00000000 00:00 0 
7f8e0592b000-7f8e08000000 ---p 00000000 00:00 0 
7f8e08000000-7f8e08021000 rw-p 00000000 00:00 0 
7f8e08021000-7f8e0c000000 ---p 00000000 00:00 0 
7f8e0c000000-7f8e0c021000 rw-p 00000000 00:00 0 
7f8e0c021000-7f8e10000000 ---p 00000000 00:00 0 
7f8e10000000-7f8e10444000 rw-p 00000000 00:00 0 
7f8e10444000-7f8e14000000 ---p 00000000 00:00 0 
7f8e144a6000-7f8e14646000 rw-p 00000000 00:00 0 
7f8e14646000-7f8e146a6000 ---p 00000000 00:00 0 
7f8e146a6000-7f8e148a6000 rw-p 00000000 00:00 0 
7f8e148a6000-7f8e14aa6000 rw-p 00000000 00:00 0 
7f8e14aa6000-7f8e14ca6000 rw-p 00000000 00:00 0 
7f8e14ca6000-7f8e14dcb000 rw-s 00000000 00:23 116                        /tmp/jfluidbuf6657400784685545616.tmp
7f8e14dcb000-7f8e14dce000 ---p 00000000 00:00 0 
7f8e14dce000-7f8e14e04000 rw-p 00000000 00:00 0 
7f8e14e04000-7f8e14e07000 ---p 00000000 00:00 0 
7f8e14e07000-7f8e14f05000 rw-p 00000000 00:00 0 
7f8e14f05000-7f8e14f08000 ---p 00000000 00:00 0 
7f8e14f08000-7f8e15006000 rw-p 00000000 00:00 0 
7f8e15006000-7f8e1500f000 r-xp 00000000 08:04 10025200                   /usr/share/visualvm/profiler/lib/deployed/jdk16/linux-amd64/libprofilerinterface.so
7f8e1500f000-7f8e1510f000 ---p 00009000 08:04 10025200                   /usr/share/visualvm/profiler/lib/deployed/jdk16/linux-amd64/libprofilerinterface.so
7f8e1510f000-7f8e15110000 rw-p 00009000 08:04 10025200                   /usr/share/visualvm/profiler/lib/deployed/jdk16/linux-amd64/libprofilerinterface.so
7f8e15127000-7f8e1513a000 r--s 00345000 08:04 1180433                    /usr/lib/jvm/java-8-jdk/jre/lib/resources.jar
7f8e1513a000-7f8e1513d000 ---p 00000000 00:00 0 
7f8e1513d000-7f8e1523b000 rw-p 00000000 00:00 0 
7f8e1523b000-7f8e1523e000 ---p 00000000 00:00 0 
7f8e1523e000-7f8e1533c000 rw-p 00000000 00:00 0 
7f8e1533c000-7f8e1533d000 r--s 00003000 08:04 10025198                   /usr/share/visualvm/profiler/lib/jfluid-server-15.jar
7f8e1533d000-7f8e15341000 r--s 00052000 08:04 10025197                   /usr/share/visualvm/profiler/lib/jfluid-server.jar
7f8e15341000-7f8e15344000 ---p 00000000 00:00 0 
7f8e15344000-7f8e15442000 rw-p 00000000 00:00 0 
7f8e15442000-7f8e15445000 ---p 00000000 00:00 0 
7f8e15445000-7f8e15543000 rw-p 00000000 00:00 0 
7f8e15543000-7f8e15546000 ---p 00000000 00:00 0 
7f8e15546000-7f8e15844000 rw-p 00000000 00:00 0 
7f8e15844000-7f8e15847000 ---p 00000000 00:00 0 
7f8e15847000-7f8e15945000 rw-p 00000000 00:00 0 
7f8e15945000-7f8e15948000 ---p 00000000 00:00 0 
7f8e15948000-7f8e15a46000 rw-p 00000000 00:00 0 
7f8e15a46000-7f8e15a49000 ---p 00000000 00:00 0 
7f8e15a49000-7f8e15b47000 rw-p 00000000 00:00 0 
7f8e15b47000-7f8e15b4a000 ---p 00000000 00:00 0 
7f8e15b4a000-7f8e15c48000 rw-p 00000000 00:00 0 
7f8e15c48000-7f8e15c4d000 r--s 00098000 08:04 1180456                    /usr/lib/jvm/java-8-jdk/jre/lib/jsse.jar
7f8e15c4d000-7f8e15c4e000 r--s 00000000 08:04 1180447                    /usr/lib/jvm/java-8-jdk/jre/lib/management-agent.jar
7f8e15c4e000-7f8e15c5f000 r-xp 00000000 08:04 1180539                    /usr/lib/jvm/java-8-jdk/jre/lib/amd64/libnio.so
7f8e15c5f000-7f8e15e5e000 ---p 00011000 08:04 1180539                    /usr/lib/jvm/java-8-jdk/jre/lib/amd64/libnio.so
7f8e15e5e000-7f8e15e5f000 rw-p 00010000 08:04 1180539                    /usr/lib/jvm/java-8-jdk/jre/lib/amd64/libnio.so
7f8e15e5f000-7f8e15e68000 r-xp 00000000 08:04 1180528                    /usr/lib/jvm/java-8-jdk/jre/lib/amd64/libmanagement.so
7f8e15e68000-7f8e16067000 ---p 00009000 08:04 1180528                    /usr/lib/jvm/java-8-jdk/jre/lib/amd64/libmanagement.so
7f8e16067000-7f8e16068000 rw-p 00008000 08:04 1180528                    /usr/lib/jvm/java-8-jdk/jre/lib/amd64/libmanagement.so
7f8e16068000-7f8e16268000 rw-p 00000000 00:00 0 
7f8e16268000-7f8e1627e000 r-xp 00000000 08:04 1180563                    /usr/lib/jvm/java-8-jdk/jre/lib/amd64/libnet.so
7f8e1627e000-7f8e1647e000 ---p 00016000 08:04 1180563                    /usr/lib/jvm/java-8-jdk/jre/lib/amd64/libnet.so
7f8e1647e000-7f8e1647f000 rw-p 00016000 08:04 1180563                    /usr/lib/jvm/java-8-jdk/jre/lib/amd64/libnet.so
7f8e1647f000-7f8e16489000 r-xp 00000000 08:04 1180507                    /usr/lib/jvm/java-8-jdk/jre/lib/amd64/libinstrument.so
7f8e16489000-7f8e16688000 ---p 0000a000 08:04 1180507                    /usr/lib/jvm/java-8-jdk/jre/lib/amd64/libinstrument.so
7f8e16688000-7f8e16689000 rw-p 00009000 08:04 1180507                    /usr/lib/jvm/java-8-jdk/jre/lib/amd64/libinstrument.so
7f8e16689000-7f8e1668c000 ---p 00000000 00:00 0 
7f8e1668c000-7f8e1678a000 rw-p 00000000 00:00 0 
7f8e1678a000-7f8e1678b000 r--s 00223000 08:04 8401667                    /home/gunjan/EclipseWorkspace/EditDistanceStandAlone/build/libs/EditDistanceStandAlone-capsule.jar
7f8e1678b000-7f8e1678f000 r--s 0001e000 08:04 8657503                    /home/gunjan/git/GeolifeReloaded2_1_cleaned/libs/hgapi83_amidst-64.jar
7f8e1678f000-7f8e16790000 r--s 00223000 08:04 8657850                    /home/gunjan/git/GeolifeReloaded2_1_cleaned/libs/EditDistanceStandAlone-capsule.jar
7f8e16790000-7f8e167b5000 r--s 004f5000 08:04 8657504                    /home/gunjan/git/GeolifeReloaded2_1_cleaned/libs/spmf.zip
7f8e167b5000-7f8e167b7000 r--s 00027000 08:04 9438017                    /home/gunjan/.gradle/caches/modules-2/files-2.1/com.github.fommil.netlib/core/1.1.2/574b480eca62f535fad6d259e144fee3ef24b66e/core-1.1.2.jar
7f8e167b7000-7f8e167b9000 r--s 00001000 08:04 9438015                    /home/gunjan/.gradle/caches/modules-2/files-2.1/com.github.fommil/jniloader/1.1/4840f897eeb54d67ee14e478f8a45cc9937f3ce1/jniloader-1.1.jar
7f8e167b9000-7f8e167ba000 r--s 0000d000 08:04 9438013                    /home/gunjan/.gradle/caches/modules-2/files-2.1/com.github.fommil.netlib/native_system-java/1.1/3c6a2455f96b354a6940dce1393abb35ed7641da/native_system-java-1.1.jar
7f8e167ba000-7f8e167bb000 r--s 0000d000 08:04 9438011                    /home/gunjan/.gradle/caches/modules-2/files-2.1/com.github.fommil.netlib/native_ref-java/1.1/408c71ffbc3646dda7bee1e22bf19101e5e9ee90/native_ref-java-1.1.jar
7f8e167bb000-7f8e167bd000 r--s 00088000 08:04 9438009                    /home/gunjan/.gradle/caches/modules-2/files-2.1/com.github.fommil.netlib/netlib-native_system-win-i686/1.1/c25fd1881cf93f7716f47b7deec859f6b6b7be50/netlib-native_system-win-i686-1.1-natives.jar
7f8e167bd000-7f8e167be000 r--s 0009b000 08:04 9438007                    /home/gunjan/.gradle/caches/modules-2/files-2.1/com.github.fommil.netlib/netlib-native_system-win-x86_64/1.1/222c7915be1daf1c26a4206f375d4957ae5f9d81/netlib-native_system-win-x86_64-1.1-natives.jar
7f8e167be000-7f8e167bf000 r--s 0004b000 08:04 9438005                    /home/gunjan/.gradle/caches/modules-2/files-2.1/com.github.fommil.netlib/netlib-native_system-linux-armhf/1.1/27ae9f6a9c88b3f8d12ffa52d62941615f8ed416/netlib-native_system-linux-armhf-1.1-natives.jar
7f8e167bf000-7f8e167c0000 r--s 0006a000 08:04 9438003                    /home/gunjan/.gradle/caches/modules-2/files-2.1/com.github.fommil.netlib/netlib-native_system-linux-i686/1.1/dd43225560dbd9115d306f9be3ca195aed236b78/netlib-native_system-linux-i686-1.1-natives.jar
7f8e167c0000-7f8e167c1000 r--s 0006f000 08:04 9438001                    /home/gunjan/.gradle/caches/modules-2/files-2.1/com.github.fommil.netlib/netlib-native_system-linux-x86_64/1.1/163e88facabe7fa29952890dc2d3429e28501120/netlib-native_system-linux-x86_64-1.1-natives.jar
7f8e167c1000-7f8e167c2000 r--s 00087000 08:04 9437999                    /home/gunjan/.gradle/caches/modules-2/files-2.1/com.github.fommil.netlib/netlib-native_system-osx-x86_64/1.1/d724e33675dc8eaa5c8fcb05a3aaca6f3339afa7/netlib-native_system-osx-x86_64-1.1-natives.jar
7f8e167c2000-7f8e167c3000 r--s 00126000 08:04 9437997                    /home/gunjan/.gradle/caches/modules-2/files-2.1/com.github.fommil.netlib/netlib-native_ref-linux-armhf/1.1/ec467162f74710fd8897cff6888534ceaf297d9a/netlib-native_ref-linux-armhf-1.1-natives.jar
7f8e167c3000-7f8e167c4000 r--s 001bd000 08:04 9437995                    /home/gunjan/.gradle/caches/modules-2/files-2.1/com.github.fommil.netlib/netlib-native_ref-win-i686/1.1/167fb794a26cb0bfc74890c704c7137b1d5b50fd/netlib-native_ref-win-i686-1.1-natives.jar
7f8e167c4000-7f8e167c5000 r--s 00232000 08:04 9437993                    /home/gunjan/.gradle/caches/modules-2/files-2.1/com.github.fommil.netlib/netlib-native_ref-win-x86_64/1.1/4ab54511c2844546279d9f8e427c73953b794686/netlib-native_ref-win-x86_64-1.1-natives.jar
7f8e167c5000-7f8e167c6000 r--s 0016b000 08:04 9437990                    /home/gunjan/.gradle/caches/modules-2/files-2.1/com.github.fommil.netlib/netlib-native_ref-linux-i686/1.1/eedd845b214aea560bce317d778ebb52f8f46038/netlib-native_ref-linux-i686-1.1-natives.jar
7f8e167c6000-7f8e167c8000 r--s 001aa000 08:04 9437988                    /home/gunjan/.gradle/caches/modules-2/files-2.1/com.github.fommil.netlib/netlib-native_ref-linux-x86_64/1.1/5a3e5787d03c39790d5ae08cce189dd1ccc4a38/netlib-native_ref-linux-x86_64-1.1-natives.jar
7f8e167c8000-7f8e167ca000 r--s 001c0000 08:04 9437986                    /home/gunjan/.gradle/caches/modules-2/files-2.1/com.github.fommil.netlib/netlib-native_ref-osx-x86_64/1.1/80da53ec862f283dc3b191b9dbd3166ea6671831/netlib-native_ref-osx-x86_64-1.1-natives.jar
7f8e167ca000-7f8e167cb000 r--s 00001000 08:04 208                        /home/gunjan/.gradle/caches/modules-2/files-2.1/com.google.errorprone/error_prone_annotations/2.0.2/8382c6cdc18c8c8ad7840024fa340509cf16be11/error_prone_annotations-2.0.2.jar
7f8e167cb000-7f8e167ce000 r--s 00006000 08:04 206                        /home/gunjan/.gradle/caches/modules-2/files-2.1/com.google.code.findbugs/jsr305/1.3.9/40719ea6961c0cb6afaeb6a921eaa1f6afd4cfdf/jsr305-1.3.9.jar
7f8e167ce000-7f8e167d4000 r--s 0004b000 08:04 9437984                    /home/gunjan/.gradle/caches/modules-2/files-2.1/org.jfree/jcommon/1.0.23/a316f336ca996e0c6bec4e4fbd49be8f5e1c3968/jcommon-1.0.23.jar
7f8e167d4000-7f8e167d5000 r--s 00000000 08:04 9437982                    /home/gunjan/.gradle/caches/modules-2/files-2.1/net.jcip/jcip-annotations/1.0/afba4942caaeaf46aab0b976afd57cc7c181467e/jcip-annotations-1.0.jar
7f8e167d5000-7f8e167db000 r--s 00026000 08:04 9437980                    /home/gunjan/.gradle/caches/modules-2/files-2.1/org.jetbrains.kotlin/kotlin-runtime/1.0.2/8ec2d49a780ddba5e9b6860a72969e4d5bbc0c55/kotlin-runtime-1.0.2.jar
7f8e167db000-7f8e167dd000 r--s 0000c000 08:04 9437977                    /home/gunjan/.gradle/caches/modules-2/files-2.1/org.ow2.asm/asm/5.0.4/da08b8cce7bbf903602a25a3a163ae252435795/asm-5.0.4.jar
7f8e167dd000-7f8e167df000 r--s 00011000 08:04 9437975                    /home/gunjan/.gradle/caches/modules-2/files-2.1/com.cedarsoftware/json-io/2.5.1/dd7fe37e5d02b93b014df08655da2b9e0dc2700a/json-io-2.5.1.jar
7f8e167df000-7f8e167e1000 r--s 0000d000 08:04 9437973                    /home/gunjan/.gradle/caches/modules-2/files-2.1/commons-logging/commons-logging/1.1.1/5043bfebc3db072ed80fbd362e7caf00e885d8ae/commons-logging-1.1.1.jar
7f8e167e1000-7f8e167e3000 r--s 00009000 08:04 9437971                    /home/gunjan/.gradle/caches/modules-2/files-2.1/org.hamcrest/hamcrest-core/1.3/42a25dc3219429f0e5d060061f71acb49bf010a0/hamcrest-core-1.3.jar
7f8e167e3000-7f8e167e6000 r--s 00018000 08:04 9312811                    /home/gunjan/.gradle/caches/modules-2/files-2.1/commons-io/commons-io/1.4/a8762d07e76cfde2395257a5da47ba7c1dbd3dce/commons-io-1.4.jar
7f8e167e6000-7f8e167ea000 r--s 000dc000 08:04 9570848                    /home/gunjan/.gradle/caches/modules-2/files-2.1/net.java.dev.jna/jna/4.1.0/1c12d070e602efd8021891cdd7fd18bc129372d4/jna-4.1.0.jar
7f8e167ea000-7f8e167fc000 r--s 000a7000 08:04 204                        /home/gunjan/.gradle/caches/modules-2/files-2.1/com.google.guava/guava-testlib/19.0/ce5b880b206de3f76d364988a6308c68c726f74a/guava-testlib-19.0.jar
7f8e167fc000-7f8e16805000 r--s 0006f000 08:04 9438180                    /home/gunjan/.gradle/caches/modules-2/files-2.1/log4j/log4j/1.2.17/5af35056b4d257e4b64b9e8069c0746e8b08629f/log4j-1.2.17.jar
7f8e16805000-7f8e16816000 r--s 0016e000 08:04 9437969                    /home/gunjan/.gradle/caches/modules-2/files-2.1/org.jfree/jfreechart/1.0.19/ba9ee7dbb2e4c57a6901c79f614ed2dea9cc0e20/jfreechart-1.0.19.jar
7f8e16816000-7f8e16818000 r--s 0000e000 08:04 9437967                    /home/gunjan/.gradle/caches/modules-2/files-2.1/com.beust/jcommander/1.48/bfcb96281ea3b59d626704f74bc6d625ff51cbce/jcommander-1.48.jar
7f8e16818000-7f8e16819000 r--s 00002000 08:04 9437963                    /home/gunjan/.gradle/caches/modules-2/files-2.1/org.slf4j/slf4j-simple/1.7.12/42db62298b899818ff17352cbc00050e940bbfb0/slf4j-simple-1.7.12.jar
7f8e16819000-7f8e16829000 r--s 00088000 08:04 9437961                    /home/gunjan/.gradle/caches/modules-2/files-2.1/joda-time/joda-time/2.8.2/d27c24204c5e507b16fec01006b3d0f1ec42aed4/joda-time-2.8.2.jar
7f8e16829000-7f8e16839000 r--s 00085000 08:04 9437959                    /home/gunjan/.gradle/caches/modules-2/files-2.1/com.mchange/mchange-commons-java/0.2.11/2a6a6c1fe25f28f5a073171956ce6250813467ef/mchange-commons-java-0.2.11.jar
7f8e16839000-7f8e1683b000 r--s 00016000 08:04 9437957                    /home/gunjan/.gradle/caches/modules-2/files-2.1/com.googlecode.netlib-java/netlib-java/1.1/4a9c3b55b23430e5a6ad86101a88aea500ba8086/netlib-java-1.1.jar
7f8e1683b000-7f8e1684d000 r--s 00112000 08:04 9437955                    /home/gunjan/.gradle/caches/modules-2/files-2.1/net.sourceforge.f2j/arpack_combined_all/0.1/225619a060b42605b4d9fd4af11815664abf26eb/arpack_combined_all-0.1.jar
7f8e1684d000-7f8e16852000 r--s 0003d000 08:04 9437953                    /home/gunjan/.gradle/caches/modules-2/files-2.1/com.googlecode.matrix-toolkits-java/mtj/1.0.4/e14ed840ff5e15de92dba2d1af29201fa70a0f35/mtj-1.0.4.jar
7f8e16852000-7f8e16856000 r--s 0002f000 08:04 9437951                    /home/gunjan/.gradle/caches/modules-2/files-2.1/nz.ac.waikato.cms.weka.thirdparty/bounce/0.18/d774f9a0aa5cbe08dea8907720c64c417aed861/bounce-0.18.jar
7f8e16856000-7f8e16857000 r--s 00005000 08:04 9437949                    /home/gunjan/.gradle/caches/modules-2/files-2.1/nz.ac.waikato.cms.weka.thirdparty/java-cup-11b-runtime/2015.03.26/5466fad5c5866f33e3230c30ca623e7e8deff1f8/java-cup-11b-runtime-2015.03.26.jar
7f8e16857000-7f8e16859000 r--s 00016000 08:04 9437943                    /home/gunjan/.gradle/caches/modules-2/files-2.1/nz.ac.waikato.cms.weka.thirdparty/java-cup-11b/2015.03.26/6e97c5abd2e76d83220f09f72de0b89b6de18dc1/java-cup-11b-2015.03.26.jar
7f8e16859000-7f8e1685d000 r--s 0001a000 08:04 9437936                    /home/gunjan/.gradle/caches/modules-2/files-2.1/org.mapdb/elsa/3.0.0-M5/d7c1920d084e741e04844f512af24012e745e809/elsa-3.0.0-M5.jar
7f8e1685d000-7f8e1685f000 r--s 00038000 08:04 9437934                    /home/gunjan/.gradle/caches/modules-2/files-2.1/net.jpountz.lz4/lz4/1.3.0/c708bb2590c0652a642236ef45d9f99ff842a2ce/lz4-1.3.0.jar
7f8e1685f000-7f8e1688b000 r--s 00208000 08:04 9437932                    /home/gunjan/.gradle/caches/modules-2/files-2.1/com.google.guava/guava/19.0/6ce200f6b23222af3d8abb6b6459e6c44f4bb0e9/guava-19.0.jar
7f8e1688b000-7f8e1688d000 r--s 00009000 08:04 11439006                   /home/gunjan/.gradle/caches/modules-2/files-2.1/org.eclipse.collections/eclipse-collections-forkjoin/7.1.1/892b970cb03461f8c10daba778edbef3f0a26846/eclipse-collections-forkjoin-7.1.1.jar
7f8e1688d000-7f8e1692b000 r--s 00896000 08:04 11439004                   /home/gunjan/.gradle/caches/modules-2/files-2.1/org.eclipse.collections/eclipse-collections/7.1.1/83eca9f03f1f2d055df453d72036c5ce2e82896b/eclipse-collections-7.1.1.jar
7f8e1692b000-7f8e1694e000 r--s 000a0000 08:04 11439002                   /home/gunjan/.gradle/caches/modules-2/files-2.1/org.eclipse.collections/eclipse-collections-api/7.1.1/806c2b3bef5364d1a1668f25ce70100fa2c6b919/eclipse-collections-api-7.1.1.jar
7f8e1694e000-7f8e16957000 r--s 00084000 08:04 9437924                    /home/gunjan/.gradle/caches/modules-2/files-2.1/org.jetbrains.kotlin/kotlin-stdlib/1.0.2/22063f19bfd8e50f21fc310842a91ff5b31bb272/kotlin-stdlib-1.0.2.jar
7f8e16957000-7f8e16959000 r--s 00004000 08:04 9437920                    /home/gunjan/.gradle/caches/modules-2/files-2.1/com.esotericsoftware/reflectasm/1.11.3/8b102eed2f12412b254946811111ea48bc03a266/reflectasm-1.11.3.jar
7f8e16959000-7f8e1695b000 r--s 0000d000 08:04 9437918                    /home/gunjan/.gradle/caches/modules-2/files-2.1/com.cedarsoftware/java-util/1.9.0/c5f6deb3213a693d0cc20a78b1052ecc9a2df09c/java-util-1.9.0.jar
7f8e1695b000-7f8e1695d000 r--s 0000b000 08:04 9437916                    /home/gunjan/.gradle/caches/modules-2/files-2.1/org.objenesis/objenesis/2.4/2916b6c96b50c5b3ec4452ed99401db745aabb27/objenesis-2.4.jar
7f8e1695d000-7f8e16966000 r--s 000ae000 08:04 9437914                    /home/gunjan/.gradle/caches/modules-2/files-2.1/org.javassist/javassist/3.19.0-GA/50120f69224dd8684b445a6f3a5b08fe9b5c60f6/javassist-3.19.0-GA.jar
7f8e16966000-7f8e1696a000 r--s 00041000 08:04 9437912                    /home/gunjan/.gradle/caches/modules-2/files-2.1/com.fasterxml.jackson.core/jackson-core/2.8.1/fd13b1c033741d48291315c6370f7d475a42dccf/jackson-core-2.8.1.jar
7f8e1696a000-7f8e16972000 r--s 00045000 08:04 9437910                    /home/gunjan/.gradle/caches/modules-2/files-2.1/junit/junit/4.12/2973d150c0dc1fefe998f834810d68f278ea58ec/junit-4.12.jar
7f8e16972000-7f8e16974000 r--s 0000b000 08:04 9312810                    /home/gunjan/.gradle/caches/modules-2/files-2.1/org.zeroturnaround/zt-exec/1.9/a6c5747098b1ede9f4a6e9c36eaebb357a4430ed/zt-exec-1.9.jar
7f8e16974000-7f8e16977000 r--s 00012000 08:04 9312574                    /home/gunjan/.gradle/caches/modules-2/files-2.1/com.zaxxer/nuprocess/1.1.0/9479382344b61b36dd3ca1ec1b10aaa91295d632/nuprocess-1.1.0.jar
7f8e16977000-7f8e1699f000 r--s 00241000 08:04 263                        /home/gunjan/.gradle/caches/modules-2/files-2.1/net.sf.trove4j/trove4j/3.0.3/42ccaf4761f0dfdfa805c9e340d99a755907e2dd/trove4j-3.0.3.jar
7f8e1699f000-7f8e169a2000 r--s 0001b000 08:04 9438178                    /home/gunjan/.gradle/caches/modules-2/files-2.1/com.google.uzaygezen/uzaygezen-core/0.2/611b82d4c4b4f67cc3d83cf0697ec660fcee2fff/uzaygezen-core-0.2.jar
7f8e169a2000-7f8e169aa000 r--s 00042000 08:04 9437906                    /home/gunjan/.gradle/caches/modules-2/files-2.1/org.n52.matlab/matlab-control/5.0.0/ced8fdb8664759574b2f340aa00844f757dfcad0/matlab-control-5.0.0.jar
7f8e169aa000-7f8e16a09000 r--s 00835000 08:04 9437892                    /home/gunjan/.gradle/caches/modules-2/files-2.1/nz.ac.waikato.cms.weka/weka-stable/3.8.0/5f6547867e775b416982cdcaa2dbef67855a6669/weka-stable-3.8.0.jar
7f8e16a09000-7f8e16a0a000 ---p 00000000 00:00 0 
7f8e16a0a000-7f8e16b0a000 rw-p 00000000 00:00 0 
7f8e16b0a000-7f8e16b0d000 ---p 00000000 00:00 0 
7f8e16b0d000-7f8e16c0b000 rw-p 00000000 00:00 0 
7f8e16c0b000-7f8e16c0e000 ---p 00000000 00:00 0 
7f8e16c0e000-7f8e16d0c000 rw-p 00000000 00:00 0 
7f8e16d0c000-7f8e16d0f000 ---p 00000000 00:00 0 
7f8e16d0f000-7f8e16e0d000 rw-p 00000000 00:00 0 
7f8e16e0d000-7f8e16e10000 ---p 00000000 00:00 0 
7f8e16e10000-7f8e16f0e000 rw-p 00000000 00:00 0 
7f8e16f0e000-7f8e16f11000 ---p 00000000 00:00 0 
7f8e16f11000-7f8e1700f000 rw-p 00000000 00:00 0 
7f8e1700f000-7f8e171f0000 r--p 00000000 08:04 9986683                    /usr/lib/locale/locale-archive
7f8e171f0000-7f8e171f3000 ---p 00000000 00:00 0 
7f8e171f3000-7f8e172f1000 rw-p 00000000 00:00 0 
7f8e172f1000-7f8e172f4000 ---p 00000000 00:00 0 
7f8e172f4000-7f8e173f2000 rw-p 00000000 00:00 0 
7f8e173f2000-7f8e173f3000 ---p 00000000 00:00 0 
7f8e173f3000-7f8e18a00000 rw-p 00000000 00:00 0 
7f8e18a00000-7f8e30000000 rw-p 00000000 00:00 0 
7f8e30000000-7f8e30fcf000 rw-p 00000000 00:00 0 
7f8e30fcf000-7f8e34000000 ---p 00000000 00:00 0 
7f8e34000000-7f8e35160000 rw-p 00000000 00:00 0 
7f8e35160000-7f8e38000000 ---p 00000000 00:00 0 
7f8e38000000-7f8e38da5000 rw-p 00000000 00:00 0 
7f8e38da5000-7f8e3c000000 ---p 00000000 00:00 0 
7f8e3c000000-7f8e3cef1000 rw-p 00000000 00:00 0 
7f8e3cef1000-7f8e40000000 ---p 00000000 00:00 0 
7f8e40000000-7f8e40002000 r--s 0001e000 08:04 9437908                    /home/gunjan/.gradle/caches/modules-2/files-2.1/net.seninp/jmotif-sax/1.1.1/22909acc5e5c67cd9a4517070a7fb4f7ef926ab3/jmotif-sax-1.1.1.jar
7f8e40002000-7f8e4000d000 r--s 000b6000 08:04 9437904                    /home/gunjan/.gradle/caches/modules-2/files-2.1/org.tinyjee.jgraphx/jgraphx/3.4.1.3/a62939cbd5af2dff663e91d061b3e4edc7b8df85/jgraphx-3.4.1.3.jar
7f8e4000d000-7f8e40014000 r--s 00073000 08:04 9437900                    /home/gunjan/.gradle/caches/modules-2/files-2.1/com.mchange/c3p0/0.9.5.2/5f86cb6130bc6e8475615ed82d5b5e6fb226a86a/c3p0-0.9.5.2.jar
7f8e40014000-7f8e4001b000 r--s 00067000 08:04 9437898                    /home/gunjan/.gradle/caches/modules-2/files-2.1/org.mariadb.jdbc/mariadb-java-client/1.5.4/bd0e2e8494245c2885a79fc92bc3693c88cbfab4/mariadb-java-client-1.5.4.jar
7f8e4001b000-7f8e40024000 r--s 00062000 08:04 9437894                    /home/gunjan/.gradle/caches/modules-2/files-2.1/org.jgrapht/jgrapht-core/1.0.0/c2adf22c2d37721489de12e70f5c226832045071/jgrapht-core-1.0.0.jar
7f8e40024000-7f8e4002d000 r--s 000aa000 08:04 9437890                    /home/gunjan/.gradle/caches/modules-2/files-2.1/org.mapdb/mapdb/3.0.2/bcd8209dda05a358318b29719a9e76b21d5e4683/mapdb-3.0.2.jar
7f8e4002d000-7f8e40054000 r--s 001f6000 08:04 9437884                    /home/gunjan/.gradle/caches/modules-2/files-2.1/org.apache.commons/commons-math3/3.6.1/e4ba98f1d4b3c80ec46392f25e094a6a2e58fcbf/commons-math3-3.6.1.jar
7f8e40054000-7f8e40d9a000 rw-p 00000000 00:00 0 
7f8e40d9a000-7f8e41000000 ---p 00000000 00:00 0 
7f8e41000000-7f8e41760000 rwxp 00000000 00:00 0 
7f8e41760000-7f8e50000000 ---p 00000000 00:00 0 
7f8e50000000-7f8e50736000 rw-p 00000000 00:00 0 
7f8e50736000-7f8e54000000 ---p 00000000 00:00 0 
7f8e54000000-7f8e54003000 r--s 0001f000 08:04 9437902                    /home/gunjan/.gradle/caches/modules-2/files-2.1/com.zaxxer/HikariCP/2.5.1/b896b711e2d98fedf403de590559a123b5fbf1a6/HikariCP-2.5.1.jar
7f8e54003000-7f8e54005000 r--s 0000c000 08:04 9437896                    /home/gunjan/.gradle/caches/modules-2/files-2.1/org.json/json/20160810/aca5eb39e2a12fddd6c472b240afe9ebea3a6733/json-20160810.jar
7f8e54005000-7f8e541ab000 rw-p 00000000 00:00 0 
7f8e541ab000-7f8e54384000 r--s 03d2c000 08:04 1180452                    /usr/lib/jvm/java-8-jdk/jre/lib/rt.jar
7f8e54384000-7f8e544d6000 rw-p 00000000 00:00 0 
7f8e544d6000-7f8e544d7000 ---p 00000000 00:00 0 
7f8e544d7000-7f8e545d7000 rw-p 00000000 00:00 0 
7f8e545d7000-7f8e545d8000 ---p 00000000 00:00 0 
7f8e545d8000-7f8e546d8000 rw-p 00000000 00:00 0 
7f8e546d8000-7f8e546d9000 ---p 00000000 00:00 0 
7f8e546d9000-7f8e547d9000 rw-p 00000000 00:00 0 
7f8e547d9000-7f8e547da000 ---p 00000000 00:00 0 
7f8e547da000-7f8e5551f000 rw-p 00000000 00:00 0 
7f8e5551f000-7f8e55784000 ---p 00000000 00:00 0 
7f8e55784000-7f8e5596b000 rw-p 00000000 00:00 0 
7f8e5596b000-7f8e55eda000 ---p 00000000 00:00 0 
7f8e55eda000-7f8e55ef9000 rw-p 00000000 00:00 0 
7f8e55ef9000-7f8e5629b000 ---p 00000000 00:00 0 
7f8e5629b000-7f8e562b5000 r-xp 00000000 08:04 1180541                    /usr/lib/jvm/java-8-jdk/jre/lib/amd64/libzip.so
7f8e562b5000-7f8e564b5000 ---p 0001a000 08:04 1180541                    /usr/lib/jvm/java-8-jdk/jre/lib/amd64/libzip.so
7f8e564b5000-7f8e564b6000 rw-p 0001a000 08:04 1180541                    /usr/lib/jvm/java-8-jdk/jre/lib/amd64/libzip.so
7f8e564b6000-7f8e564c1000 r-xp 00000000 08:04 9962652                    /usr/lib/libnss_files-2.25.so
7f8e564c1000-7f8e566c0000 ---p 0000b000 08:04 9962652                    /usr/lib/libnss_files-2.25.so
7f8e566c0000-7f8e566c1000 r--p 0000a000 08:04 9962652                    /usr/lib/libnss_files-2.25.so
7f8e566c1000-7f8e566c2000 rw-p 0000b000 08:04 9962652                    /usr/lib/libnss_files-2.25.so
7f8e566c2000-7f8e566c8000 rw-p 00000000 00:00 0 
7f8e566c8000-7f8e566f3000 r-xp 00000000 08:04 1180515                    /usr/lib/jvm/java-8-jdk/jre/lib/amd64/libjava.so
7f8e566f3000-7f8e568f2000 ---p 0002b000 08:04 1180515                    /usr/lib/jvm/java-8-jdk/jre/lib/amd64/libjava.so
7f8e568f2000-7f8e568f4000 rw-p 0002a000 08:04 1180515                    /usr/lib/jvm/java-8-jdk/jre/lib/amd64/libjava.so
7f8e568f4000-7f8e56901000 r-xp 00000000 08:04 1180562                    /usr/lib/jvm/java-8-jdk/jre/lib/amd64/libverify.so
7f8e56901000-7f8e56b00000 ---p 0000d000 08:04 1180562                    /usr/lib/jvm/java-8-jdk/jre/lib/amd64/libverify.so
7f8e56b00000-7f8e56b02000 rw-p 0000c000 08:04 1180562                    /usr/lib/jvm/java-8-jdk/jre/lib/amd64/libverify.so
7f8e56b02000-7f8e56b09000 r-xp 00000000 08:04 9962272                    /usr/lib/librt-2.25.so
7f8e56b09000-7f8e56d08000 ---p 00007000 08:04 9962272                    /usr/lib/librt-2.25.so
7f8e56d08000-7f8e56d09000 r--p 00006000 08:04 9962272                    /usr/lib/librt-2.25.so
7f8e56d09000-7f8e56d0a000 rw-p 00007000 08:04 9962272                    /usr/lib/librt-2.25.so
7f8e56d0a000-7f8e56e1c000 r-xp 00000000 08:04 9962314                    /usr/lib/libm-2.25.so
7f8e56e1c000-7f8e5701b000 ---p 00112000 08:04 9962314                    /usr/lib/libm-2.25.so
7f8e5701b000-7f8e5701c000 r--p 00111000 08:04 9962314                    /usr/lib/libm-2.25.so
7f8e5701c000-7f8e5701d000 rw-p 00112000 08:04 9962314                    /usr/lib/libm-2.25.so
7f8e5701d000-7f8e57ceb000 r-xp 00000000 08:04 1180572                    /usr/lib/jvm/java-8-jdk/jre/lib/amd64/server/libjvm.so
7f8e57ceb000-7f8e57eeb000 ---p 00cce000 08:04 1180572                    /usr/lib/jvm/java-8-jdk/jre/lib/amd64/server/libjvm.so
7f8e57eeb000-7f8e57fc4000 rw-p 00cce000 08:04 1180572                    /usr/lib/jvm/java-8-jdk/jre/lib/amd64/server/libjvm.so
7f8e57fc4000-7f8e5800f000 rw-p 00000000 00:00 0 
7f8e5800f000-7f8e581aa000 r-xp 00000000 08:04 9963120                    /usr/lib/libc-2.25.so
7f8e581aa000-7f8e583a9000 ---p 0019b000 08:04 9963120                    /usr/lib/libc-2.25.so
7f8e583a9000-7f8e583ad000 r--p 0019a000 08:04 9963120                    /usr/lib/libc-2.25.so
7f8e583ad000-7f8e583af000 rw-p 0019e000 08:04 9963120                    /usr/lib/libc-2.25.so
7f8e583af000-7f8e583b3000 rw-p 00000000 00:00 0 
7f8e583b3000-7f8e583b6000 r-xp 00000000 08:04 9962388                    /usr/lib/libdl-2.25.so
7f8e583b6000-7f8e585b5000 ---p 00003000 08:04 9962388                    /usr/lib/libdl-2.25.so
7f8e585b5000-7f8e585b6000 r--p 00002000 08:04 9962388                    /usr/lib/libdl-2.25.so
7f8e585b6000-7f8e585b7000 rw-p 00003000 08:04 9962388                    /usr/lib/libdl-2.25.so
7f8e585b7000-7f8e585cc000 r-xp 00000000 08:04 1180570                    /usr/lib/jvm/java-8-jdk/jre/lib/amd64/jli/libjli.so
7f8e585cc000-7f8e587cc000 ---p 00015000 08:04 1180570                    /usr/lib/jvm/java-8-jdk/jre/lib/amd64/jli/libjli.so
7f8e587cc000-7f8e587cd000 rw-p 00015000 08:04 1180570                    /usr/lib/jvm/java-8-jdk/jre/lib/amd64/jli/libjli.so
7f8e587cd000-7f8e587e6000 r-xp 00000000 08:04 9963199                    /usr/lib/libpthread-2.25.so
7f8e587e6000-7f8e589e5000 ---p 00019000 08:04 9963199                    /usr/lib/libpthread-2.25.so
7f8e589e5000-7f8e589e6000 r--p 00018000 08:04 9963199                    /usr/lib/libpthread-2.25.so
7f8e589e6000-7f8e589e7000 rw-p 00019000 08:04 9963199                    /usr/lib/libpthread-2.25.so
7f8e589e7000-7f8e589eb000 rw-p 00000000 00:00 0 
7f8e589eb000-7f8e58a0e000 r-xp 00000000 08:04 9963124                    /usr/lib/ld-2.25.so
7f8e58a0e000-7f8e58a0f000 r--s 00001000 08:04 9437922                    /home/gunjan/.gradle/caches/modules-2/files-2.1/com.esotericsoftware/minlog/1.3.0/ff07b5f1b01d2f92bb00a337f9a94873712f0827/minlog-1.3.0.jar
7f8e58a0f000-7f8e58a17000 r--s 00048000 08:04 9437888                    /home/gunjan/.gradle/caches/modules-2/files-2.1/com.esotericsoftware/kryo/4.0.0/9f5c64c1315ec79bee0f56bb88e4ae94b65048ce/kryo-4.0.0.jar
7f8e58a17000-7f8e58ac1000 rw-p 00000000 00:00 0 
7f8e58ac1000-7f8e58ac4000 ---p 00000000 00:00 0 
7f8e58ac4000-7f8e58bc4000 rw-p 00000000 00:00 0 
7f8e58bc4000-7f8e58bc5000 r--s 00007000 08:04 202                        /home/gunjan/.gradle/caches/modules-2/files-2.1/com.github.mgunlogson/cuckoofilter4j/1.0.1/1ecac9da72e10f966c90d23c5d774f972d3e940f/cuckoofilter4j-1.0.1.jar
7f8e58bc5000-7f8e58bcc000 r--s 00057000 08:04 9437886                    /home/gunjan/.gradle/caches/modules-2/files-2.1/de.ruedigermoeller/fst/2.48/a04da9aca9ecc7dcf19c5e25b89bc21468e2a3e7/fst-2.48.jar
7f8e58bcc000-7f8e58bd4000 r--s 0006e000 08:04 9437882                    /home/gunjan/.gradle/caches/modules-2/files-2.1/org.apache.commons/commons-lang3/3.5/6c6c702c89bfff3cd9e80b04d668c5e190d588c6/commons-lang3-3.5.jar
7f8e58bd4000-7f8e58bd6000 r--s 0000c000 08:04 9437880                    /home/gunjan/.gradle/caches/modules-2/files-2.1/org.apache.commons/commons-exec/1.3/8dfb9facd0830a27b1b5f29f84593f0aeee7773b/commons-exec-1.3.jar
7f8e58bd6000-7f8e58bd7000 r--s 00009000 08:04 9308247                    /home/gunjan/.gradle/caches/modules-2/files-2.1/org.apache.commons/commons-csv/1.4/fc2512d2109144df353501266ac4bbe179058afd/commons-csv-1.4.jar
7f8e58bd7000-7f8e58bd9000 r--s 00009000 08:04 9308245                    /home/gunjan/.gradle/caches/modules-2/files-2.1/org.slf4j/slf4j-api/1.7.21/139535a69a4239db087de9bab0bee568bf8e0b70/slf4j-api-1.7.21.jar
7f8e58bd9000-7f8e58c01000 rw-p 00000000 00:00 0 
7f8e58c01000-7f8e58c09000 rw-s 00000000 00:23 113                        /tmp/hsperfdata_gunjan/21603
7f8e58c09000-7f8e58c0a000 rw-p 00000000 00:00 0 
7f8e58c0a000-7f8e58c0b000 ---p 00000000 00:00 0 
7f8e58c0b000-7f8e58c0d000 rw-p 00000000 00:00 0 
7f8e58c0d000-7f8e58c0e000 r--p 00022000 08:04 9963124                    /usr/lib/ld-2.25.so
7f8e58c0e000-7f8e58c0f000 rw-p 00023000 08:04 9963124                    /usr/lib/ld-2.25.so
7f8e58c0f000-7f8e58c10000 rw-p 00000000 00:00 0 
7fff26179000-7fff2619d000 rw-p 00000000 00:00 0                          [stack]
7fff261e2000-7fff261e4000 r--p 00000000 00:00 0                          [vvar]
7fff261e4000-7fff261e6000 r-xp 00000000 00:00 0                          [vdso]
ffffffffff600000-ffffffffff601000 r-xp 00000000 00:00 0                  [vsyscall]

VM Arguments:
jvm_args: -Xmx11g -Dfile.encoding=UTF-8 
java_command: org.activity.controller.SuperController
java_class_path (initial): /home/gunjan/git/GeolifeReloaded2_1_cleaned/bin:/home/gunjan/.gradle/caches/modules-2/files-2.1/org.slf4j/slf4j-api/1.7.21/139535a69a4239db087de9bab0bee568bf8e0b70/slf4j-api-1.7.21.jar:/home/gunjan/.gradle/caches/modules-2/files-2.1/org.apache.commons/commons-csv/1.4/fc2512d2109144df353501266ac4bbe179058afd/commons-csv-1.4.jar:/home/gunjan/.gradle/caches/modules-2/files-2.1/org.apache.commons/commons-exec/1.3/8dfb9facd0830a27b1b5f29f84593f0aeee7773b/commons-exec-1.3.jar:/home/gunjan/.gradle/caches/modules-2/files-2.1/org.apache.commons/commons-lang3/3.5/6c6c702c89bfff3cd9e80b04d668c5e190d588c6/commons-lang3-3.5.jar:/home/gunjan/.gradle/caches/modules-2/files-2.1/org.apache.commons/commons-math3/3.6.1/e4ba98f1d4b3c80ec46392f25e094a6a2e58fcbf/commons-math3-3.6.1.jar:/home/gunjan/.gradle/caches/modules-2/files-2.1/de.ruedigermoeller/fst/2.48/a04da9aca9ecc7dcf19c5e25b89bc21468e2a3e7/fst-2.48.jar:/home/gunjan/.gradle/caches/modules-2/files-2.1/com.esotericsoftware/kryo/4.0.0/9f5c64c1315ec79bee0f56bb88e4ae94b65048ce/kryo-4.0.0.jar:/home/gunjan/.gradle/caches/modules-2/files-2.1/org.mapdb/mapdb/3.0.2/bcd8209dda05a358318b29719a9e76b21d5e4683/mapdb-3.0.2.jar:/home/gunjan/.gradle/caches/modules-2/files-2.1/nz.ac.waikato.cms.weka/weka-stable/3.8.0/5f6547867e775b416982cdcaa2dbef67855a6669/weka-stable-3.8.0.jar:/home/gunjan/.gradle/caches/modules-2/files-2.1/org.jgrapht/jgrapht-core/1.0.0/c2adf22c2d37721489de12e70f5c226832045071/jgrapht-core-1.0.0.jar:/home/gunjan/.gradle/caches/modules-2/files-2.1/org.json/json/20160810/aca5eb39e2a12fddd6c472b240afe9ebea3a6733/json-20160810.jar:/home/gunjan/.gradle/caches/modules-2/files-2.1/org.mariadb.jdbc/mariadb-java-client/1.5.4/bd0e2e8494245c2885a79fc92bc3693c88cbfab4/mariadb-java-client-1.5.4.jar:/home/gunjan/.gradle/caches/modules-2/files-2.1/com.mchange/c3p0/0.9.5.2/5f86cb6130bc6e8475615ed82d5b5e6fb226a86a/c3p0-0.9.5.2.jar:/home/gunjan/.gradle/caches/modules-2/files-2.1/com.zaxxer/HikariCP/2.5.1/b896b711e2d
Launcher Type: SUN_STANDARD

Environment Variables:
PATH=/usr/local/sbin:/usr/local/bin:/usr/bin:/opt/android-sdk/platform-tools:/usr/lib/jvm/default/bin:/usr/bin/site_perl:/usr/bin/vendor_perl:/usr/bin/core_perl
SHELL=/bin/bash
DISPLAY=:0

Signal Handlers:
SIGSEGV: [libjvm.so+0xac7800], sa_mask[0]=11111111011111111101111111111110, sa_flags=SA_RESTART|SA_SIGINFO
SIGBUS: [libjvm.so+0xac7800], sa_mask[0]=11111111011111111101111111111110, sa_flags=SA_RESTART|SA_SIGINFO
SIGFPE: [libjvm.so+0x920990], sa_mask[0]=11111111011111111101111111111110, sa_flags=SA_RESTART|SA_SIGINFO
SIGPIPE: [libjvm.so+0x920990], sa_mask[0]=11111111011111111101111111111110, sa_flags=SA_RESTART|SA_SIGINFO
SIGXFSZ: [libjvm.so+0x920990], sa_mask[0]=11111111011111111101111111111110, sa_flags=SA_RESTART|SA_SIGINFO
SIGILL: [libjvm.so+0x920990], sa_mask[0]=11111111011111111101111111111110, sa_flags=SA_RESTART|SA_SIGINFO
SIGUSR1: SIG_DFL, sa_mask[0]=00000000000000000000000000000000, sa_flags=none
SIGUSR2: [libjvm.so+0x9221d0], sa_mask[0]=00100000000000000000000000000000, sa_flags=SA_RESTART|SA_SIGINFO
SIGHUP: [libjvm.so+0x9235d0], sa_mask[0]=11111111011111111101111111111110, sa_flags=SA_RESTART|SA_SIGINFO
SIGINT: SIG_IGN, sa_mask[0]=00000000000000000000000000000000, sa_flags=none
SIGTERM: [libjvm.so+0x9235d0], sa_mask[0]=11111111011111111101111111111110, sa_flags=SA_RESTART|SA_SIGINFO
SIGQUIT: [libjvm.so+0x9235d0], sa_mask[0]=11111111011111111101111111111110, sa_flags=SA_RESTART|SA_SIGINFO


---------------  S Y S T E M  ---------------

OS:DISTRIB_ID=ManjaroLinux
DISTRIB_RELEASE=17.0.1
DISTRIB_CODENAME=Gellivara
DISTRIB_DESCRIPTION="Manjaro Linux"

uname:Linux 4.4.59-1-MANJARO #1 SMP PREEMPT Fri Mar 31 16:51:12 UTC 2017 x86_64
libc:glibc 2.25 NPTL 2.25 
rlimit: STACK 8192k, CORE infinity, NPROC 62741, NOFILE 4096, AS infinity
load average:4.34 1.80 1.04

/proc/meminfo:
MemTotal:       16343820 kB
MemFree:          166876 kB
MemAvailable:     151180 kB
Buffers:            1680 kB
Cached:          1224092 kB
SwapCached:            0 kB
Active:         14715520 kB
Inactive:        1108356 kB
Active(anon):   14676708 kB
Inactive(anon):  1059636 kB
Active(file):      38812 kB
Inactive(file):    48720 kB
Unevictable:         112 kB
Mlocked:             112 kB
SwapTotal:             0 kB
SwapFree:              0 kB
Dirty:               456 kB
Writeback:             0 kB
AnonPages:      14598864 kB
Mapped:           775604 kB
Shmem:           1137684 kB
Slab:             108324 kB
SReclaimable:      50004 kB
SUnreclaim:        58320 kB
KernelStack:       18896 kB
PageTables:       116072 kB
NFS_Unstable:          0 kB
Bounce:                0 kB
WritebackTmp:          0 kB
CommitLimit:     8171908 kB
Committed_AS:   24635484 kB
VmallocTotal:   34359738367 kB
VmallocUsed:           0 kB
VmallocChunk:          0 kB
HardwareCorrupted:     0 kB
AnonHugePages:   9488384 kB
HugePages_Total:       0
HugePages_Free:        0
HugePages_Rsvd:        0
HugePages_Surp:        0
Hugepagesize:       2048 kB
DirectMap4k:      248472 kB
DirectMap2M:    13289472 kB
DirectMap1G:     3145728 kB


CPU:total 4 (2 cores per cpu, 2 threads per core) family 6 model 69 stepping 1, cmov, cx8, fxsr, mmx, sse, sse2, sse3, ssse3, sse4.1, sse4.2, popcnt, avx, avx2, aes, clmul, erms, lzcnt, ht, tsc, tscinvbit, bmi1, bmi2

/proc/cpuinfo:
processor	: 0
vendor_id	: GenuineIntel
cpu family	: 6
model		: 69
model name	: Intel(R) Core(TM) i5-4278U CPU @ 2.60GHz
stepping	: 1
microcode	: 0x1f
cpu MHz		: 2862.234
cache size	: 3072 KB
physical id	: 0
siblings	: 4
core id		: 0
cpu cores	: 2
apicid		: 0
initial apicid	: 0
fpu		: yes
fpu_exception	: yes
cpuid level	: 13
wp		: yes
flags		: fpu vme de pse tsc msr pae mce cx8 apic sep mtrr pge mca cmov pat pse36 clflush dts acpi mmx fxsr sse sse2 ss ht tm pbe syscall nx pdpe1gb rdtscp lm constant_tsc arch_perfmon pebs bts rep_good nopl xtopology nonstop_tsc aperfmperf eagerfpu pni pclmulqdq dtes64 monitor ds_cpl vmx est tm2 ssse3 sdbg fma cx16 xtpr pdcm pcid sse4_1 sse4_2 x2apic movbe popcnt tsc_deadline_timer aes xsave avx f16c rdrand lahf_lm abm ida arat epb pln pts dtherm tpr_shadow vnmi flexpriority ept vpid fsgsbase tsc_adjust bmi1 avx2 smep bmi2 erms invpcid xsaveopt
bugs		:
bogomips	: 5201.33
clflush size	: 64
cache_alignment	: 64
address sizes	: 39 bits physical, 48 bits virtual
power management:

processor	: 1
vendor_id	: GenuineIntel
cpu family	: 6
model		: 69
model name	: Intel(R) Core(TM) i5-4278U CPU @ 2.60GHz
stepping	: 1
microcode	: 0x1f
cpu MHz		: 3011.835
cache size	: 3072 KB
physical id	: 0
siblings	: 4
core id		: 1
cpu cores	: 2
apicid		: 2
initial apicid	: 2
fpu		: yes
fpu_exception	: yes
cpuid level	: 13
wp		: yes
flags		: fpu vme de pse tsc msr pae mce cx8 apic sep mtrr pge mca cmov pat pse36 clflush dts acpi mmx fxsr sse sse2 ss ht tm pbe syscall nx pdpe1gb rdtscp lm constant_tsc arch_perfmon pebs bts rep_good nopl xtopology nonstop_tsc aperfmperf eagerfpu pni pclmulqdq dtes64 monitor ds_cpl vmx est tm2 ssse3 sdbg fma cx16 xtpr pdcm pcid sse4_1 sse4_2 x2apic movbe popcnt tsc_deadline_timer aes xsave avx f16c rdrand lahf_lm abm ida arat epb pln pts dtherm tpr_shadow vnmi flexpriority ept vpid fsgsbase tsc_adjust bmi1 avx2 smep bmi2 erms invpcid xsaveopt
bugs		:
bogomips	: 5201.33
clflush size	: 64
cache_alignment	: 64
address sizes	: 39 bits physical, 48 bits virtual
power management:

processor	: 2
vendor_id	: GenuineIntel
cpu family	: 6
model		: 69
model name	: Intel(R) Core(TM) i5-4278U CPU @ 2.60GHz
stepping	: 1
microcode	: 0x1f
cpu MHz		: 3094.812
cache size	: 3072 KB
physical id	: 0
siblings	: 4
core id		: 0
cpu cores	: 2
apicid		: 1
initial apicid	: 1
fpu		: yes
fpu_exception	: yes
cpuid level	: 13
wp		: yes
flags		: fpu vme de pse tsc msr pae mce cx8 apic sep mtrr pge mca cmov pat pse36 clflush dts acpi mmx fxsr sse sse2 ss ht tm pbe syscall nx pdpe1gb rdtscp lm constant_tsc arch_perfmon pebs bts rep_good nopl xtopology nonstop_tsc aperfmperf eagerfpu pni pclmulqdq dtes64 monitor ds_cpl vmx est tm2 ssse3 sdbg fma cx16 xtpr pdcm pcid sse4_1 sse4_2 x2apic movbe popcnt tsc_deadline_timer aes xsave avx f16c rdrand lahf_lm abm ida arat epb pln pts dtherm tpr_shadow vnmi flexpriority ept vpid fsgsbase tsc_adjust bmi1 avx2 smep bmi2 erms invpcid xsaveopt
bugs		:
bogomips	: 5201.33
clflush size	: 64
cache_alignment	: 64
address sizes	: 39 bits physical, 48 bits virtual
power management:

processor	: 3
vendor_id	: GenuineIntel
cpu family	: 6
model		: 69
model name	: Intel(R) Core(TM) i5-4278U CPU @ 2.60GHz
stepping	: 1
microcode	: 0x1f
cpu MHz		: 2647.226
cache size	: 3072 KB
physical id	: 0
siblings	: 4
core id		: 1
cpu cores	: 2
apicid		: 3
initial apicid	: 3
fpu		: yes
fpu_exception	: yes
cpuid level	: 13
wp		: yes
flags		: fpu vme de pse tsc msr pae mce cx8 apic sep mtrr pge mca cmov pat pse36 clflush dts acpi mmx fxsr sse sse2 ss ht tm pbe syscall nx pdpe1gb rdtscp lm constant_tsc arch_perfmon pebs bts rep_good nopl xtopology nonstop_tsc aperfmperf eagerfpu pni pclmulqdq dtes64 monitor ds_cpl vmx est tm2 ssse3 sdbg fma cx16 xtpr pdcm pcid sse4_1 sse4_2 x2apic movbe popcnt tsc_deadline_timer aes xsave avx f16c rdrand lahf_lm abm ida arat epb pln pts dtherm tpr_shadow vnmi flexpriority ept vpid fsgsbase tsc_adjust bmi1 avx2 smep bmi2 erms invpcid xsaveopt
bugs		:
bogomips	: 5201.33
clflush size	: 64
cache_alignment	: 64
address sizes	: 39 bits physical, 48 bits virtual
power management:



Memory: 4k page, physical 16343820k(166876k free), swap 0k(0k free)

vm_info: Java HotSpot(TM) 64-Bit Server VM (25.112-b15) for linux-amd64 JRE (1.8.0_112-b15), built on Sep 22 2016 21:10:53 by "java_re" with gcc 4.3.0 20080428 (Red Hat 4.3.0-8)

time: Mon Apr 10 20:53:14 2017
elapsed time: 123 seconds (0d 0h 2m 3s)

