#
# There is insufficient memory for the Java Runtime Environment to continue.
# Native memory allocation (mmap) failed to map 864026624 bytes for committing reserved memory.
# Possible reasons:
#   The system is out of physical RAM or swap space
#   In 32 bit mode, the process size limit was hit
# Possible solutions:
#   Reduce memory load on the system
#   Increase physical memory or swap space
#   Check if swap backing store is full
#   Use 64 bit Java on a 64 bit OS
#   Decrease Java heap size (-Xmx/-Xms)
#   Decrease number of Java threads
#   Decrease Java thread stack sizes (-Xss)
#   Set larger code cache with -XX:ReservedCodeCacheSize=
# This output file may be truncated or incomplete.
#
#  Out of Memory Error (os_linux.cpp:2627), pid=8893, tid=0x00007f821c44d700
#
# JRE version: Java(TM) SE Runtime Environment (8.0_112-b15) (build 1.8.0_112-b15)
# Java VM: Java HotSpot(TM) 64-Bit Server VM (25.112-b15 mixed mode linux-amd64 compressed oops)
# Core dump written. Default location: /home/gunjan/git/GeolifeReloaded2_1_cleaned/core or core.8893
#

---------------  T H R E A D  ---------------

Current thread (0x00007f824407c000):  VMThread [stack: 0x00007f821c34d000,0x00007f821c44e000] [id=8900]

Stack: [0x00007f821c34d000,0x00007f821c44e000],  sp=0x00007f821c44c310,  free space=1020k
Native frames: (J=compiled Java code, j=interpreted, Vv=VM code, C=native code)
V  [libjvm.so+0xac6f7a]  VMError::report_and_die()+0x2ba
V  [libjvm.so+0x4fc71b]  report_vm_out_of_memory(char const*, int, unsigned long, VMErrorType, char const*)+0x8b
V  [libjvm.so+0x923b13]  os::Linux::commit_memory_impl(char*, unsigned long, bool)+0x103
V  [libjvm.so+0x924069]  os::pd_commit_memory(char*, unsigned long, unsigned long, bool)+0x29
V  [libjvm.so+0x91e37a]  os::commit_memory(char*, unsigned long, unsigned long, bool)+0x2a
V  [libjvm.so+0x992da3]  PSVirtualSpace::expand_by(unsigned long)+0x53
V  [libjvm.so+0x983670]  PSOldGen::expand(unsigned long)+0x170
V  [libjvm.so+0x98387b]  PSOldGen::resize(unsigned long)+0x1cb
V  [libjvm.so+0x98b571]  PSParallelCompact::invoke_no_policy(bool)+0x991
V  [libjvm.so+0x990ecd]  PSScavenge::invoke()+0x1ad
V  [libjvm.so+0x947ac0]  ParallelScavengeHeap::failed_mem_allocate(unsigned long)+0x70
V  [libjvm.so+0xac8997]  VM_ParallelGCFailedAllocation::doit()+0x97
V  [libjvm.so+0xad0475]  VM_Operation::evaluate()+0x55
V  [libjvm.so+0xace84a]  VMThread::evaluate_operation(VM_Operation*)+0xba
V  [libjvm.so+0xacebce]  VMThread::loop()+0x1ce
V  [libjvm.so+0xacf040]  VMThread::run()+0x70
V  [libjvm.so+0x926138]  java_start(Thread*)+0x108

VM_Operation (0x00007f824dacc280): ParallelGCFailedAllocation, mode: safepoint, requested by thread 0x00007f824400e000


---------------  P R O C E S S  ---------------

Java Threads: ( => current thread )
  0x00007f81d8006800 JavaThread "RMI TCP Connection(3)-127.0.0.1" daemon [_thread_blocked, id=8976, stack(0x00007f81fe348000,0x00007f81fe449000)]
  0x00007f81d8005000 JavaThread "RMI TCP Connection(idle)" daemon [_thread_blocked, id=8965, stack(0x00007f81fe449000,0x00007f81fe54a000)]
  0x00007f81dc00b800 JavaThread "JMX server connection timeout 14" daemon [_thread_blocked, id=8961, stack(0x00007f81fe750000,0x00007f81fe851000)]
  0x00007f81dc007000 JavaThread "RMI Scheduler(0)" daemon [_thread_blocked, id=8959, stack(0x00007f81fe851000,0x00007f81fe952000)]
  0x00007f81d8003800 JavaThread "RMI TCP Connection(idle)" daemon [_thread_blocked, id=8958, stack(0x00007f81fe952000,0x00007f81fea53000)]
  0x00007f81e40cc000 JavaThread "RMI TCP Accept-0" daemon [_thread_in_native, id=8944, stack(0x00007f81fea53000,0x00007f81feb54000)]
  0x00007f81f8001000 JavaThread "Attach Listener" daemon [_thread_blocked, id=8943, stack(0x00007f81ff595000,0x00007f81ff696000)]
  0x00007f82440c4800 JavaThread "Service Thread" daemon [_thread_blocked, id=8911, stack(0x00007f81ffa1b000,0x00007f81ffb1c000)]
  0x00007f82440c1800 JavaThread "C1 CompilerThread2" daemon [_thread_blocked, id=8910, stack(0x00007f81ffb1c000,0x00007f81ffc1d000)]
  0x00007f82440c0000 JavaThread "C2 CompilerThread1" daemon [_thread_blocked, id=8909, stack(0x00007f81ffc1d000,0x00007f81ffd1e000)]
  0x00007f82440bd000 JavaThread "C2 CompilerThread0" daemon [_thread_blocked, id=8908, stack(0x00007f81ffd1e000,0x00007f81ffe1f000)]
  0x00007f82440bb800 JavaThread "Signal Dispatcher" daemon [_thread_blocked, id=8907, stack(0x00007f821c04a000,0x00007f821c14b000)]
  0x00007f8244088000 JavaThread "Finalizer" daemon [_thread_blocked, id=8902, stack(0x00007f821c14b000,0x00007f821c24c000)]
  0x00007f8244083800 JavaThread "Reference Handler" daemon [_thread_blocked, id=8901, stack(0x00007f821c24c000,0x00007f821c34d000)]
  0x00007f824400e000 JavaThread "main" [_thread_blocked, id=8895, stack(0x00007f824d9cd000,0x00007f824dace000)]

Other Threads:
=>0x00007f824407c000 VMThread [stack: 0x00007f821c34d000,0x00007f821c44e000] [id=8900]
  0x00007f82440c8000 WatcherThread [stack: 0x00007f81ff91a000,0x00007f81ffa1b000] [id=8912]

VM state:at safepoint (normal execution)

VM Mutex/Monitor currently owned by a thread:  ([mutex/lock_event])
[0x00007f824400b5e0] ExpandHeap_lock - owner thread: 0x00007f824407c000
[0x00007f824400bc60] Threads_lock - owner thread: 0x00007f824407c000
[0x00007f824400c160] Heap_lock - owner thread: 0x00007f824400e000

Heap:
 PSYoungGen      total 530432K, used 0K [0x00000006d5580000, 0x0000000709700000, 0x00000007c0000000)
  eden space 215040K, 0% used [0x00000006d5580000,0x00000006d5580000,0x00000006e2780000)
  from space 315392K, 0% used [0x00000006e2780000,0x00000006e2780000,0x00000006f5b80000)
  to   space 306176K, 0% used [0x00000006f6c00000,0x00000006f6c00000,0x0000000709700000)
 ParOldGen       total 6548992K, used 5366730K [0x0000000500000000, 0x000000068fb80000, 0x00000006d5580000)
  object space 6548992K, 81% used [0x0000000500000000,0x00000006478f2830,0x000000068fb80000)
 Metaspace       used 12208K, capacity 12782K, committed 12928K, reserved 1060864K
  class space    used 1377K, capacity 1540K, committed 1664K, reserved 1048576K

Card table byte_map: [0x00007f82497e6000,0x00007f824ade7000] byte_map_base: 0x00007f8246fe6000

Marking Bits: (ParMarkBitMap*) 0x00007f824ceedc80
 Begin Bits: [0x00007f821f000000, 0x00007f822a000000)
 End Bits:   [0x00007f822a000000, 0x00007f8235000000)

Polling page: 0x00007f824db16000

CodeCache: size=245760Kb used=5811Kb max_used=5826Kb free=239948Kb
 bounds [0x00007f8235000000, 0x00007f82355f0000, 0x00007f8244000000]
 total_blobs=1961 nmethods=1565 adapters=310
 compilation: enabled

Compilation events (10 events):
Event: 125.922 Thread 0x00007f82440c1800 1816       3       com.sun.jmx.mbeanserver.JmxMBeanServer::cloneObjectName (11 bytes)
Event: 125.923 Thread 0x00007f82440c1800 nmethod 1816 0x00007f82352bb0d0 code [0x00007f82352bb2a0, 0x00007f82352bb858]
Event: 125.923 Thread 0x00007f82440c1800 1817       3       javax.management.ObjectName::getInstance (22 bytes)
Event: 125.924 Thread 0x00007f82440c1800 nmethod 1817 0x00007f82352ed590 code [0x00007f82352ed760, 0x00007f82352edd18]
Event: 126.953 Thread 0x00007f82440c1800 1818   !   3       java.io.ObjectStreamClass::invokeReadObject (93 bytes)
Event: 126.954 Thread 0x00007f82440bd000 1819       4       java.io.Bits::getLong (105 bytes)
Event: 126.954 Thread 0x00007f82440c1800 nmethod 1818 0x00007f82352fb590 code [0x00007f82352fb7a0, 0x00007f82352fc328]
Event: 126.955 Thread 0x00007f82440bd000 nmethod 1819 0x00007f82352ed250 code [0x00007f82352ed3a0, 0x00007f82352ed4b8]
Event: 127.897 Thread 0x00007f82440c1800 1820       3       com.sun.jmx.interceptor.DefaultMBeanServerInterceptor::nonDefaultDomain (43 bytes)
Event: 127.898 Thread 0x00007f82440c1800 nmethod 1820 0x00007f82352f1710 code [0x00007f82352f1980, 0x00007f82352f2828]

GC Heap History (10 events):
Event: 127.195 GC heap after
Heap after GC invocations=161 (full 14):
 PSYoungGen      total 511488K, used 191872K [0x00000006d5580000, 0x000000070ad80000, 0x00000007c0000000)
  eden space 171008K, 0% used [0x00000006d5580000,0x00000006d5580000,0x00000006dfc80000)
  from space 340480K, 56% used [0x00000006dfc80000,0x00000006eb7e0000,0x00000006f4900000)
  to   space 342528K, 0% used [0x00000006f5f00000,0x00000006f5f00000,0x000000070ad80000)
 ParOldGen       total 6548992K, used 6155200K [0x0000000500000000, 0x000000068fb80000, 0x00000006d5580000)
  object space 6548992K, 93% used [0x0000000500000000,0x0000000677af0270,0x000000068fb80000)
 Metaspace       used 12207K, capacity 12782K, committed 12928K, reserved 1060864K
  class space    used 1377K, capacity 1540K, committed 1664K, reserved 1048576K
}
Event: 127.290 GC heap before
{Heap before GC invocations=162 (full 14):
 PSYoungGen      total 511488K, used 362880K [0x00000006d5580000, 0x000000070ad80000, 0x00000007c0000000)
  eden space 171008K, 100% used [0x00000006d5580000,0x00000006dfc80000,0x00000006dfc80000)
  from space 340480K, 56% used [0x00000006dfc80000,0x00000006eb7e0000,0x00000006f4900000)
  to   space 342528K, 0% used [0x00000006f5f00000,0x00000006f5f00000,0x000000070ad80000)
 ParOldGen       total 6548992K, used 6155200K [0x0000000500000000, 0x000000068fb80000, 0x00000006d5580000)
  object space 6548992K, 93% used [0x0000000500000000,0x0000000677af0270,0x000000068fb80000)
 Metaspace       used 12207K, capacity 12782K, committed 12928K, reserved 1060864K
  class space    used 1377K, capacity 1540K, committed 1664K, reserved 1048576K
Event: 127.527 GC heap after
Heap after GC invocations=162 (full 14):
 PSYoungGen      total 532992K, used 195648K [0x00000006d5580000, 0x000000070b080000, 0x00000007c0000000)
  eden space 190464K, 0% used [0x00000006d5580000,0x00000006d5580000,0x00000006e0f80000)
  from space 342528K, 57% used [0x00000006f5f00000,0x0000000701e10000,0x000000070ad80000)
  to   space 343552K, 0% used [0x00000006e0f80000,0x00000006e0f80000,0x00000006f5f00000)
 ParOldGen       total 6548992K, used 6192992K [0x0000000500000000, 0x000000068fb80000, 0x00000006d5580000)
  object space 6548992K, 94% used [0x0000000500000000,0x0000000679fd8270,0x000000068fb80000)
 Metaspace       used 12207K, capacity 12782K, committed 12928K, reserved 1060864K
  class space    used 1377K, capacity 1540K, committed 1664K, reserved 1048576K
}
Event: 127.646 GC heap before
{Heap before GC invocations=163 (full 14):
 PSYoungGen      total 532992K, used 386112K [0x00000006d5580000, 0x000000070b080000, 0x00000007c0000000)
  eden space 190464K, 100% used [0x00000006d5580000,0x00000006e0f80000,0x00000006e0f80000)
  from space 342528K, 57% used [0x00000006f5f00000,0x0000000701e10000,0x000000070ad80000)
  to   space 343552K, 0% used [0x00000006e0f80000,0x00000006e0f80000,0x00000006f5f00000)
 ParOldGen       total 6548992K, used 6192992K [0x0000000500000000, 0x000000068fb80000, 0x00000006d5580000)
  object space 6548992K, 94% used [0x0000000500000000,0x0000000679fd8270,0x000000068fb80000)
 Metaspace       used 12207K, capacity 12782K, committed 12928K, reserved 1060864K
  class space    used 1377K, capacity 1540K, committed 1664K, reserved 1048576K
Event: 127.887 GC heap after
Heap after GC invocations=163 (full 14):
 PSYoungGen      total 534016K, used 166112K [0x00000006d5580000, 0x000000070b080000, 0x00000007c0000000)
  eden space 190464K, 0% used [0x00000006d5580000,0x00000006d5580000,0x00000006e0f80000)
  from space 343552K, 48% used [0x00000006e0f80000,0x00000006eb1b8000,0x00000006f5f00000)
  to   space 332288K, 0% used [0x00000006f6c00000,0x00000006f6c00000,0x000000070b080000)
 ParOldGen       total 6548992K, used 6268928K [0x0000000500000000, 0x000000068fb80000, 0x00000006d5580000)
  object space 6548992K, 95% used [0x0000000500000000,0x000000067ea00270,0x000000068fb80000)
 Metaspace       used 12207K, capacity 12782K, committed 12928K, reserved 1060864K
  class space    used 1377K, capacity 1540K, committed 1664K, reserved 1048576K
}
Event: 128.046 GC heap before
{Heap before GC invocations=164 (full 14):
 PSYoungGen      total 534016K, used 356576K [0x00000006d5580000, 0x000000070b080000, 0x00000007c0000000)
  eden space 190464K, 100% used [0x00000006d5580000,0x00000006e0f80000,0x00000006e0f80000)
  from space 343552K, 48% used [0x00000006e0f80000,0x00000006eb1b8000,0x00000006f5f00000)
  to   space 332288K, 0% used [0x00000006f6c00000,0x00000006f6c00000,0x000000070b080000)
 ParOldGen       total 6548992K, used 6268928K [0x0000000500000000, 0x000000068fb80000, 0x00000006d5580000)
  object space 6548992K, 95% used [0x0000000500000000,0x000000067ea00270,0x000000068fb80000)
 Metaspace       used 12208K, capacity 12782K, committed 12928K, reserved 1060864K
  class space    used 1377K, capacity 1540K, committed 1664K, reserved 1048576K
Event: 128.308 GC heap after
Heap after GC invocations=164 (full 14):
 PSYoungGen      total 513536K, used 133248K [0x00000006d5580000, 0x0000000708f80000, 0x00000007c0000000)
  eden space 215040K, 0% used [0x00000006d5580000,0x00000006d5580000,0x00000006e2780000)
  from space 298496K, 44% used [0x00000006f6c00000,0x00000006fee20000,0x0000000708f80000)
  to   space 315392K, 0% used [0x00000006e2780000,0x00000006e2780000,0x00000006f5b80000)
 ParOldGen       total 6548992K, used 6348243K [0x0000000500000000, 0x000000068fb80000, 0x00000006d5580000)
  object space 6548992K, 96% used [0x0000000500000000,0x0000000683774fc8,0x000000068fb80000)
 Metaspace       used 12208K, capacity 12782K, committed 12928K, reserved 1060864K
  class space    used 1377K, capacity 1540K, committed 1664K, reserved 1048576K
}
Event: 128.479 GC heap before
{Heap before GC invocations=165 (full 14):
 PSYoungGen      total 513536K, used 348288K [0x00000006d5580000, 0x0000000708f80000, 0x00000007c0000000)
  eden space 215040K, 100% used [0x00000006d5580000,0x00000006e2780000,0x00000006e2780000)
  from space 298496K, 44% used [0x00000006f6c00000,0x00000006fee20000,0x0000000708f80000)
  to   space 315392K, 0% used [0x00000006e2780000,0x00000006e2780000,0x00000006f5b80000)
 ParOldGen       total 6548992K, used 6348243K [0x0000000500000000, 0x000000068fb80000, 0x00000006d5580000)
  object space 6548992K, 96% used [0x0000000500000000,0x0000000683774fc8,0x000000068fb80000)
 Metaspace       used 12208K, capacity 12782K, committed 12928K, reserved 1060864K
  class space    used 1377K, capacity 1540K, committed 1664K, reserved 1048576K
Event: 128.649 GC heap after
Heap after GC invocations=165 (full 14):
 PSYoungGen      total 530432K, used 97824K [0x00000006d5580000, 0x0000000709700000, 0x00000007c0000000)
  eden space 215040K, 0% used [0x00000006d5580000,0x00000006d5580000,0x00000006e2780000)
  from space 315392K, 31% used [0x00000006e2780000,0x00000006e8708000,0x00000006f5b80000)
  to   space 306176K, 0% used [0x00000006f6c00000,0x00000006f6c00000,0x0000000709700000)
 ParOldGen       total 6548992K, used 6436056K [0x0000000500000000, 0x000000068fb80000, 0x00000006d5580000)
  object space 6548992K, 98% used [0x0000000500000000,0x0000000688d36320,0x000000068fb80000)
 Metaspace       used 12208K, capacity 12782K, committed 12928K, reserved 1060864K
  class space    used 1377K, capacity 1540K, committed 1664K, reserved 1048576K
}
Event: 128.649 GC heap before
{Heap before GC invocations=166 (full 15):
 PSYoungGen      total 530432K, used 97824K [0x00000006d5580000, 0x0000000709700000, 0x00000007c0000000)
  eden space 215040K, 0% used [0x00000006d5580000,0x00000006d5580000,0x00000006e2780000)
  from space 315392K, 31% used [0x00000006e2780000,0x00000006e8708000,0x00000006f5b80000)
  to   space 306176K, 0% used [0x00000006f6c00000,0x00000006f6c00000,0x0000000709700000)
 ParOldGen       total 6548992K, used 6436056K [0x0000000500000000, 0x000000068fb80000, 0x00000006d5580000)
  object space 6548992K, 98% used [0x0000000500000000,0x0000000688d36320,0x000000068fb80000)
 Metaspace       used 12208K, capacity 12782K, committed 12928K, reserved 1060864K
  class space    used 1377K, capacity 1540K, committed 1664K, reserved 1048576K

Deoptimization events (10 events):
Event: 122.770 Thread 0x00007f824400e000 Uncommon trap: reason=predicate action=maybe_recompile pc=0x00007f8235253540 method=java.util.regex.Pattern$Start.match(Ljava/util/regex/Matcher;ILjava/lang/CharSequence;)Z @ 37
Event: 122.992 Thread 0x00007f824400e000 Uncommon trap: reason=class_check action=maybe_recompile pc=0x00007f8235551b80 method=java.util.HashMap.putVal(ILjava/lang/Object;Ljava/lang/Object;ZZ)Ljava/lang/Object; @ 203
Event: 122.992 Thread 0x00007f824400e000 Uncommon trap: reason=class_check action=maybe_recompile pc=0x00007f8235551bec method=java.util.HashMap.putVal(ILjava/lang/Object;Ljava/lang/Object;ZZ)Ljava/lang/Object; @ 203
Event: 123.013 Thread 0x00007f824400e000 Uncommon trap: reason=class_check action=maybe_recompile pc=0x00007f8235551b80 method=java.util.HashMap.putVal(ILjava/lang/Object;Ljava/lang/Object;ZZ)Ljava/lang/Object; @ 203
Event: 123.013 Thread 0x00007f824400e000 Uncommon trap: reason=class_check action=maybe_recompile pc=0x00007f8235551bec method=java.util.HashMap.putVal(ILjava/lang/Object;Ljava/lang/Object;ZZ)Ljava/lang/Object; @ 203
Event: 123.874 Thread 0x00007f824400e000 Uncommon trap: reason=predicate action=maybe_recompile pc=0x00007f823518cf94 method=java.util.AbstractCollection.toArray([Ljava/lang/Object;)[Ljava/lang/Object; @ 49
Event: 123.899 Thread 0x00007f824400e000 Uncommon trap: reason=array_check action=maybe_recompile pc=0x00007f823529d108 method=java.util.AbstractCollection.toArray([Ljava/lang/Object;)[Ljava/lang/Object; @ 119
Event: 123.899 Thread 0x00007f824400e000 Uncommon trap: reason=array_check action=maybe_recompile pc=0x00007f823529d108 method=java.util.AbstractCollection.toArray([Ljava/lang/Object;)[Ljava/lang/Object; @ 119
Event: 123.899 Thread 0x00007f824400e000 Uncommon trap: reason=array_check action=maybe_recompile pc=0x00007f823529d108 method=java.util.AbstractCollection.toArray([Ljava/lang/Object;)[Ljava/lang/Object; @ 119
Event: 123.899 Thread 0x00007f824400e000 Uncommon trap: reason=array_check action=maybe_recompile pc=0x00007f823529d108 method=java.util.AbstractCollection.toArray([Ljava/lang/Object;)[Ljava/lang/Object; @ 119

Internal exceptions (10 events):
Event: 25.553 Thread 0x00007f81f8001000 Exception <a 'java/lang/ArrayIndexOutOfBoundsException'> (0x00000006d55aa270) thrown at [/HUDSON3/workspace/8-2-build-linux-amd64/jdk8u112/7884/hotspot/src/share/vm/runtime/sharedRuntime.cpp, line 605]
Event: 25.587 Thread 0x00007f81f8001000 Exception <a 'java/lang/ClassNotFoundException': javax/management/remote/rmi/RMIJRMPServerImpl$ExportedWrapper_Stub> (0x00000006d6567900) thrown at [/HUDSON3/workspace/8-2-build-linux-amd64/jdk8u112/7884/hotspot/src/share/vm/classfile/systemDictionary.cpp
Event: 33.082 Thread 0x00007f81d8003800 Exception <a 'java/lang/NoSuchMethodError': <clinit>> (0x00000006d7799b20) thrown at [/HUDSON3/workspace/8-2-build-linux-amd64/jdk8u112/7884/hotspot/src/share/vm/prims/jni.cpp, line 1613]
Event: 33.134 Thread 0x00007f81d8003800 Exception <a 'java/lang/ClassNotFoundException': javax/management/remote/rmi/RMIConnectionImpl_Skel> (0x00000006d77b09c0) thrown at [/HUDSON3/workspace/8-2-build-linux-amd64/jdk8u112/7884/hotspot/src/share/vm/classfile/systemDictionary.cpp, line 210]
Event: 33.777 Thread 0x00007f81d8003800 Exception <a 'java/lang/reflect/InvocationTargetException'> (0x00000006d55c5668) thrown at [/HUDSON3/workspace/8-2-build-linux-amd64/jdk8u112/7884/hotspot/src/share/vm/runtime/reflection.cpp, line 1092]
Event: 33.806 Thread 0x00007f81d8003800 Exception <a 'java/lang/NoSuchMethodError': <clinit>> (0x00000006d55ede88) thrown at [/HUDSON3/workspace/8-2-build-linux-amd64/jdk8u112/7884/hotspot/src/share/vm/prims/jni.cpp, line 1613]
Event: 52.786 Thread 0x00007f81d8005000 Exception <a 'java/lang/NoSuchMethodError': <clinit>> (0x00000006d5815030) thrown at [/HUDSON3/workspace/8-2-build-linux-amd64/jdk8u112/7884/hotspot/src/share/vm/prims/jni.cpp, line 1613]
Event: 94.996 Thread 0x00007f824400e000 Implicit null exception at 0x00007f82352c6051 to 0x00007f82352c6f89
Event: 95.000 Thread 0x00007f824400e000 Implicit null exception at 0x00007f823538626a to 0x00007f8235386d41
Event: 95.002 Thread 0x00007f824400e000 Implicit null exception at 0x00007f82352e66aa to 0x00007f82352e6d4d

Events (10 events):
Event: 126.952 Executing VM operation: ParallelGCFailedAllocation done
Event: 127.051 Executing VM operation: ParallelGCFailedAllocation
Event: 127.195 Executing VM operation: ParallelGCFailedAllocation done
Event: 127.290 Executing VM operation: ParallelGCFailedAllocation
Event: 127.527 Executing VM operation: ParallelGCFailedAllocation done
Event: 127.646 Executing VM operation: ParallelGCFailedAllocation
Event: 127.887 Executing VM operation: ParallelGCFailedAllocation done
Event: 128.046 Executing VM operation: ParallelGCFailedAllocation
Event: 128.308 Executing VM operation: ParallelGCFailedAllocation done
Event: 128.479 Executing VM operation: ParallelGCFailedAllocation


Dynamic libraries:
00400000-00401000 r-xp 00000000 08:04 1180653                            /usr/lib/jvm/java-8-jdk/jre/bin/java
00600000-00601000 rw-p 00000000 08:04 1180653                            /usr/lib/jvm/java-8-jdk/jre/bin/java
017a8000-017c9000 rw-p 00000000 00:00 0                                  [heap]
500000000-68fb80000 rw-p 00000000 00:00 0 
6c3380000-6d5580000 ---p 00000000 00:00 0 
6d5580000-709700000 rw-p 00000000 00:00 0 
709700000-7c0000000 ---p 00000000 00:00 0 
7c0000000-7c01a0000 rw-p 00000000 00:00 0 
7c01a0000-800000000 ---p 00000000 00:00 0 
7f81c8000000-7f81c8041000 rw-p 00000000 00:00 0 
7f81c8041000-7f81cc000000 ---p 00000000 00:00 0 
7f81cc000000-7f81cc021000 rw-p 00000000 00:00 0 
7f81cc021000-7f81d0000000 ---p 00000000 00:00 0 
7f81d0000000-7f81d0021000 rw-p 00000000 00:00 0 
7f81d0021000-7f81d4000000 ---p 00000000 00:00 0 
7f81d4000000-7f81d428d000 rw-p 00000000 00:00 0 
7f81d428d000-7f81d8000000 ---p 00000000 00:00 0 
7f81d8000000-7f81d8021000 rw-p 00000000 00:00 0 
7f81d8021000-7f81dc000000 ---p 00000000 00:00 0 
7f81dc000000-7f81dc021000 rw-p 00000000 00:00 0 
7f81dc021000-7f81e0000000 ---p 00000000 00:00 0 
7f81e0000000-7f81e0021000 rw-p 00000000 00:00 0 
7f81e0021000-7f81e4000000 ---p 00000000 00:00 0 
7f81e4000000-7f81e4106000 rw-p 00000000 00:00 0 
7f81e4106000-7f81e8000000 ---p 00000000 00:00 0 
7f81e8000000-7f81e83ca000 rw-p 00000000 00:00 0 
7f81e83ca000-7f81ec000000 ---p 00000000 00:00 0 
7f81ec000000-7f81ec021000 rw-p 00000000 00:00 0 
7f81ec021000-7f81f0000000 ---p 00000000 00:00 0 
7f81f0000000-7f81f0ee7000 rw-p 00000000 00:00 0 
7f81f0ee7000-7f81f4000000 ---p 00000000 00:00 0 
7f81f4000000-7f81f4e27000 rw-p 00000000 00:00 0 
7f81f4e27000-7f81f8000000 ---p 00000000 00:00 0 
7f81f8000000-7f81f8021000 rw-p 00000000 00:00 0 
7f81f8021000-7f81fc000000 ---p 00000000 00:00 0 
7f81fe348000-7f81fe34b000 ---p 00000000 00:00 0 
7f81fe34b000-7f81fe449000 rw-p 00000000 00:00 0 
7f81fe449000-7f81fe44c000 ---p 00000000 00:00 0 
7f81fe44c000-7f81fe54a000 rw-p 00000000 00:00 0 
7f81fe54a000-7f81fe54c000 r--s 0001a000 08:04 8395068                    /home/gunjan/.eclipse/org.eclipse.platform_4.6.2_155965261_linux_gtk_x86_64/plugins/org.jvmmonitor.core_3.8.1.201302030008/lib/jvmmonitor-agent.jar
7f81fe54e000-7f81fe550000 r--s 0001a000 08:04 8395068                    /home/gunjan/.eclipse/org.eclipse.platform_4.6.2_155965261_linux_gtk_x86_64/plugins/org.jvmmonitor.core_3.8.1.201302030008/lib/jvmmonitor-agent.jar
7f81fe550000-7f81fe650000 rw-p 00000000 00:00 0 
7f81fe650000-7f81fe750000 ---p 00000000 00:00 0 
7f81fe750000-7f81fe753000 ---p 00000000 00:00 0 
7f81fe753000-7f81fe851000 rw-p 00000000 00:00 0 
7f81fe851000-7f81fe854000 ---p 00000000 00:00 0 
7f81fe854000-7f81fe952000 rw-p 00000000 00:00 0 
7f81fe952000-7f81fe955000 ---p 00000000 00:00 0 
7f81fe955000-7f81fea53000 rw-p 00000000 00:00 0 
7f81fea53000-7f81fea56000 ---p 00000000 00:00 0 
7f81fea56000-7f81feb54000 rw-p 00000000 00:00 0 
7f81feb54000-7f81feb59000 r--s 00098000 08:04 1180456                    /usr/lib/jvm/java-8-jdk/jre/lib/jsse.jar
7f81feb59000-7f81feb5a000 r--s 00000000 08:04 1180447                    /usr/lib/jvm/java-8-jdk/jre/lib/management-agent.jar
7f81feb5a000-7f81feb6b000 r-xp 00000000 08:04 1180539                    /usr/lib/jvm/java-8-jdk/jre/lib/amd64/libnio.so
7f81feb6b000-7f81fed6a000 ---p 00011000 08:04 1180539                    /usr/lib/jvm/java-8-jdk/jre/lib/amd64/libnio.so
7f81fed6a000-7f81fed6b000 rw-p 00010000 08:04 1180539                    /usr/lib/jvm/java-8-jdk/jre/lib/amd64/libnio.so
7f81fed6b000-7f81fed74000 r-xp 00000000 08:04 1180528                    /usr/lib/jvm/java-8-jdk/jre/lib/amd64/libmanagement.so
7f81fed74000-7f81fef73000 ---p 00009000 08:04 1180528                    /usr/lib/jvm/java-8-jdk/jre/lib/amd64/libmanagement.so
7f81fef73000-7f81fef74000 rw-p 00008000 08:04 1180528                    /usr/lib/jvm/java-8-jdk/jre/lib/amd64/libmanagement.so
7f81fef74000-7f81ff174000 rw-p 00000000 00:00 0 
7f81ff174000-7f81ff18a000 r-xp 00000000 08:04 1180563                    /usr/lib/jvm/java-8-jdk/jre/lib/amd64/libnet.so
7f81ff18a000-7f81ff38a000 ---p 00016000 08:04 1180563                    /usr/lib/jvm/java-8-jdk/jre/lib/amd64/libnet.so
7f81ff38a000-7f81ff38b000 rw-p 00016000 08:04 1180563                    /usr/lib/jvm/java-8-jdk/jre/lib/amd64/libnet.so
7f81ff38b000-7f81ff395000 r-xp 00000000 08:04 1180507                    /usr/lib/jvm/java-8-jdk/jre/lib/amd64/libinstrument.so
7f81ff395000-7f81ff594000 ---p 0000a000 08:04 1180507                    /usr/lib/jvm/java-8-jdk/jre/lib/amd64/libinstrument.so
7f81ff594000-7f81ff595000 rw-p 00009000 08:04 1180507                    /usr/lib/jvm/java-8-jdk/jre/lib/amd64/libinstrument.so
7f81ff595000-7f81ff598000 ---p 00000000 00:00 0 
7f81ff598000-7f81ff696000 rw-p 00000000 00:00 0 
7f81ff696000-7f81ff697000 r--s 00223000 08:04 8401667                    /home/gunjan/EclipseWorkspace/EditDistanceStandAlone/build/libs/EditDistanceStandAlone-capsule.jar
7f81ff697000-7f81ff69b000 r--s 0001e000 08:04 8657503                    /home/gunjan/git/GeolifeReloaded2_1_cleaned/libs/hgapi83_amidst-64.jar
7f81ff69b000-7f81ff69c000 r--s 00223000 08:04 8657850                    /home/gunjan/git/GeolifeReloaded2_1_cleaned/libs/EditDistanceStandAlone-capsule.jar
7f81ff69c000-7f81ff6c1000 r--s 004f5000 08:04 8657504                    /home/gunjan/git/GeolifeReloaded2_1_cleaned/libs/spmf.zip
7f81ff6c1000-7f81ff6c3000 r--s 00027000 08:04 9438017                    /home/gunjan/.gradle/caches/modules-2/files-2.1/com.github.fommil.netlib/core/1.1.2/574b480eca62f535fad6d259e144fee3ef24b66e/core-1.1.2.jar
7f81ff6c3000-7f81ff6c5000 r--s 00001000 08:04 9438015                    /home/gunjan/.gradle/caches/modules-2/files-2.1/com.github.fommil/jniloader/1.1/4840f897eeb54d67ee14e478f8a45cc9937f3ce1/jniloader-1.1.jar
7f81ff6c5000-7f81ff6c6000 r--s 0000d000 08:04 9438013                    /home/gunjan/.gradle/caches/modules-2/files-2.1/com.github.fommil.netlib/native_system-java/1.1/3c6a2455f96b354a6940dce1393abb35ed7641da/native_system-java-1.1.jar
7f81ff6c6000-7f81ff6c7000 r--s 0000d000 08:04 9438011                    /home/gunjan/.gradle/caches/modules-2/files-2.1/com.github.fommil.netlib/native_ref-java/1.1/408c71ffbc3646dda7bee1e22bf19101e5e9ee90/native_ref-java-1.1.jar
7f81ff6c7000-7f81ff6c9000 r--s 00088000 08:04 9438009                    /home/gunjan/.gradle/caches/modules-2/files-2.1/com.github.fommil.netlib/netlib-native_system-win-i686/1.1/c25fd1881cf93f7716f47b7deec859f6b6b7be50/netlib-native_system-win-i686-1.1-natives.jar
7f81ff6c9000-7f81ff6ca000 r--s 0009b000 08:04 9438007                    /home/gunjan/.gradle/caches/modules-2/files-2.1/com.github.fommil.netlib/netlib-native_system-win-x86_64/1.1/222c7915be1daf1c26a4206f375d4957ae5f9d81/netlib-native_system-win-x86_64-1.1-natives.jar
7f81ff6ca000-7f81ff6cb000 r--s 0004b000 08:04 9438005                    /home/gunjan/.gradle/caches/modules-2/files-2.1/com.github.fommil.netlib/netlib-native_system-linux-armhf/1.1/27ae9f6a9c88b3f8d12ffa52d62941615f8ed416/netlib-native_system-linux-armhf-1.1-natives.jar
7f81ff6cb000-7f81ff6cc000 r--s 0006a000 08:04 9438003                    /home/gunjan/.gradle/caches/modules-2/files-2.1/com.github.fommil.netlib/netlib-native_system-linux-i686/1.1/dd43225560dbd9115d306f9be3ca195aed236b78/netlib-native_system-linux-i686-1.1-natives.jar
7f81ff6cc000-7f81ff6cd000 r--s 0006f000 08:04 9438001                    /home/gunjan/.gradle/caches/modules-2/files-2.1/com.github.fommil.netlib/netlib-native_system-linux-x86_64/1.1/163e88facabe7fa29952890dc2d3429e28501120/netlib-native_system-linux-x86_64-1.1-natives.jar
7f81ff6cd000-7f81ff6ce000 r--s 00087000 08:04 9437999                    /home/gunjan/.gradle/caches/modules-2/files-2.1/com.github.fommil.netlib/netlib-native_system-osx-x86_64/1.1/d724e33675dc8eaa5c8fcb05a3aaca6f3339afa7/netlib-native_system-osx-x86_64-1.1-natives.jar
7f81ff6ce000-7f81ff6cf000 r--s 00126000 08:04 9437997                    /home/gunjan/.gradle/caches/modules-2/files-2.1/com.github.fommil.netlib/netlib-native_ref-linux-armhf/1.1/ec467162f74710fd8897cff6888534ceaf297d9a/netlib-native_ref-linux-armhf-1.1-natives.jar
7f81ff6cf000-7f81ff6d0000 r--s 001bd000 08:04 9437995                    /home/gunjan/.gradle/caches/modules-2/files-2.1/com.github.fommil.netlib/netlib-native_ref-win-i686/1.1/167fb794a26cb0bfc74890c704c7137b1d5b50fd/netlib-native_ref-win-i686-1.1-natives.jar
7f81ff6d0000-7f81ff6d1000 r--s 00232000 08:04 9437993                    /home/gunjan/.gradle/caches/modules-2/files-2.1/com.github.fommil.netlib/netlib-native_ref-win-x86_64/1.1/4ab54511c2844546279d9f8e427c73953b794686/netlib-native_ref-win-x86_64-1.1-natives.jar
7f81ff6d1000-7f81ff6d2000 r--s 0016b000 08:04 9437990                    /home/gunjan/.gradle/caches/modules-2/files-2.1/com.github.fommil.netlib/netlib-native_ref-linux-i686/1.1/eedd845b214aea560bce317d778ebb52f8f46038/netlib-native_ref-linux-i686-1.1-natives.jar
7f81ff6d2000-7f81ff6d4000 r--s 001aa000 08:04 9437988                    /home/gunjan/.gradle/caches/modules-2/files-2.1/com.github.fommil.netlib/netlib-native_ref-linux-x86_64/1.1/5a3e5787d03c39790d5ae08cce189dd1ccc4a38/netlib-native_ref-linux-x86_64-1.1-natives.jar
7f81ff6d4000-7f81ff6d6000 r--s 001c0000 08:04 9437986                    /home/gunjan/.gradle/caches/modules-2/files-2.1/com.github.fommil.netlib/netlib-native_ref-osx-x86_64/1.1/80da53ec862f283dc3b191b9dbd3166ea6671831/netlib-native_ref-osx-x86_64-1.1-natives.jar
7f81ff6d6000-7f81ff6d7000 r--s 00001000 08:04 208                        /home/gunjan/.gradle/caches/modules-2/files-2.1/com.google.errorprone/error_prone_annotations/2.0.2/8382c6cdc18c8c8ad7840024fa340509cf16be11/error_prone_annotations-2.0.2.jar
7f81ff6d7000-7f81ff6da000 r--s 00006000 08:04 206                        /home/gunjan/.gradle/caches/modules-2/files-2.1/com.google.code.findbugs/jsr305/1.3.9/40719ea6961c0cb6afaeb6a921eaa1f6afd4cfdf/jsr305-1.3.9.jar
7f81ff6da000-7f81ff6e0000 r--s 0004b000 08:04 9437984                    /home/gunjan/.gradle/caches/modules-2/files-2.1/org.jfree/jcommon/1.0.23/a316f336ca996e0c6bec4e4fbd49be8f5e1c3968/jcommon-1.0.23.jar
7f81ff6e0000-7f81ff6e1000 r--s 00000000 08:04 9437982                    /home/gunjan/.gradle/caches/modules-2/files-2.1/net.jcip/jcip-annotations/1.0/afba4942caaeaf46aab0b976afd57cc7c181467e/jcip-annotations-1.0.jar
7f81ff6e1000-7f81ff6e7000 r--s 00026000 08:04 9437980                    /home/gunjan/.gradle/caches/modules-2/files-2.1/org.jetbrains.kotlin/kotlin-runtime/1.0.2/8ec2d49a780ddba5e9b6860a72969e4d5bbc0c55/kotlin-runtime-1.0.2.jar
7f81ff6e7000-7f81ff6e9000 r--s 0000c000 08:04 9437977                    /home/gunjan/.gradle/caches/modules-2/files-2.1/org.ow2.asm/asm/5.0.4/da08b8cce7bbf903602a25a3a163ae252435795/asm-5.0.4.jar
7f81ff6e9000-7f81ff6eb000 r--s 00011000 08:04 9437975                    /home/gunjan/.gradle/caches/modules-2/files-2.1/com.cedarsoftware/json-io/2.5.1/dd7fe37e5d02b93b014df08655da2b9e0dc2700a/json-io-2.5.1.jar
7f81ff6eb000-7f81ff6ed000 r--s 0000d000 08:04 9437973                    /home/gunjan/.gradle/caches/modules-2/files-2.1/commons-logging/commons-logging/1.1.1/5043bfebc3db072ed80fbd362e7caf00e885d8ae/commons-logging-1.1.1.jar
7f81ff6ed000-7f81ff6ef000 r--s 00009000 08:04 9437971                    /home/gunjan/.gradle/caches/modules-2/files-2.1/org.hamcrest/hamcrest-core/1.3/42a25dc3219429f0e5d060061f71acb49bf010a0/hamcrest-core-1.3.jar
7f81ff6ef000-7f81ff6f2000 r--s 00018000 08:04 9312811                    /home/gunjan/.gradle/caches/modules-2/files-2.1/commons-io/commons-io/1.4/a8762d07e76cfde2395257a5da47ba7c1dbd3dce/commons-io-1.4.jar
7f81ff6f2000-7f81ff6f6000 r--s 000dc000 08:04 9570848                    /home/gunjan/.gradle/caches/modules-2/files-2.1/net.java.dev.jna/jna/4.1.0/1c12d070e602efd8021891cdd7fd18bc129372d4/jna-4.1.0.jar
7f81ff6f6000-7f81ff708000 r--s 000a7000 08:04 204                        /home/gunjan/.gradle/caches/modules-2/files-2.1/com.google.guava/guava-testlib/19.0/ce5b880b206de3f76d364988a6308c68c726f74a/guava-testlib-19.0.jar
7f81ff708000-7f81ff711000 r--s 0006f000 08:04 9438180                    /home/gunjan/.gradle/caches/modules-2/files-2.1/log4j/log4j/1.2.17/5af35056b4d257e4b64b9e8069c0746e8b08629f/log4j-1.2.17.jar
7f81ff711000-7f81ff722000 r--s 0016e000 08:04 9437969                    /home/gunjan/.gradle/caches/modules-2/files-2.1/org.jfree/jfreechart/1.0.19/ba9ee7dbb2e4c57a6901c79f614ed2dea9cc0e20/jfreechart-1.0.19.jar
7f81ff722000-7f81ff724000 r--s 0000e000 08:04 9437967                    /home/gunjan/.gradle/caches/modules-2/files-2.1/com.beust/jcommander/1.48/bfcb96281ea3b59d626704f74bc6d625ff51cbce/jcommander-1.48.jar
7f81ff724000-7f81ff725000 r--s 00002000 08:04 9437963                    /home/gunjan/.gradle/caches/modules-2/files-2.1/org.slf4j/slf4j-simple/1.7.12/42db62298b899818ff17352cbc00050e940bbfb0/slf4j-simple-1.7.12.jar
7f81ff725000-7f81ff735000 r--s 00088000 08:04 9437961                    /home/gunjan/.gradle/caches/modules-2/files-2.1/joda-time/joda-time/2.8.2/d27c24204c5e507b16fec01006b3d0f1ec42aed4/joda-time-2.8.2.jar
7f81ff735000-7f81ff745000 r--s 00085000 08:04 9437959                    /home/gunjan/.gradle/caches/modules-2/files-2.1/com.mchange/mchange-commons-java/0.2.11/2a6a6c1fe25f28f5a073171956ce6250813467ef/mchange-commons-java-0.2.11.jar
7f81ff745000-7f81ff747000 r--s 00016000 08:04 9437957                    /home/gunjan/.gradle/caches/modules-2/files-2.1/com.googlecode.netlib-java/netlib-java/1.1/4a9c3b55b23430e5a6ad86101a88aea500ba8086/netlib-java-1.1.jar
7f81ff747000-7f81ff759000 r--s 00112000 08:04 9437955                    /home/gunjan/.gradle/caches/modules-2/files-2.1/net.sourceforge.f2j/arpack_combined_all/0.1/225619a060b42605b4d9fd4af11815664abf26eb/arpack_combined_all-0.1.jar
7f81ff759000-7f81ff75e000 r--s 0003d000 08:04 9437953                    /home/gunjan/.gradle/caches/modules-2/files-2.1/com.googlecode.matrix-toolkits-java/mtj/1.0.4/e14ed840ff5e15de92dba2d1af29201fa70a0f35/mtj-1.0.4.jar
7f81ff75e000-7f81ff762000 r--s 0002f000 08:04 9437951                    /home/gunjan/.gradle/caches/modules-2/files-2.1/nz.ac.waikato.cms.weka.thirdparty/bounce/0.18/d774f9a0aa5cbe08dea8907720c64c417aed861/bounce-0.18.jar
7f81ff762000-7f81ff764000 r--s 00016000 08:04 9437943                    /home/gunjan/.gradle/caches/modules-2/files-2.1/nz.ac.waikato.cms.weka.thirdparty/java-cup-11b/2015.03.26/6e97c5abd2e76d83220f09f72de0b89b6de18dc1/java-cup-11b-2015.03.26.jar
7f81ff764000-7f81ff768000 r--s 0001a000 08:04 9437936                    /home/gunjan/.gradle/caches/modules-2/files-2.1/org.mapdb/elsa/3.0.0-M5/d7c1920d084e741e04844f512af24012e745e809/elsa-3.0.0-M5.jar
7f81ff768000-7f81ff76a000 r--s 00038000 08:04 9437934                    /home/gunjan/.gradle/caches/modules-2/files-2.1/net.jpountz.lz4/lz4/1.3.0/c708bb2590c0652a642236ef45d9f99ff842a2ce/lz4-1.3.0.jar
7f81ff76a000-7f81ff796000 r--s 00208000 08:04 9437932                    /home/gunjan/.gradle/caches/modules-2/files-2.1/com.google.guava/guava/19.0/6ce200f6b23222af3d8abb6b6459e6c44f4bb0e9/guava-19.0.jar
7f81ff796000-7f81ff798000 r--s 00009000 08:04 11439006                   /home/gunjan/.gradle/caches/modules-2/files-2.1/org.eclipse.collections/eclipse-collections-forkjoin/7.1.1/892b970cb03461f8c10daba778edbef3f0a26846/eclipse-collections-forkjoin-7.1.1.jar
7f81ff798000-7f81ff836000 r--s 00896000 08:04 11439004                   /home/gunjan/.gradle/caches/modules-2/files-2.1/org.eclipse.collections/eclipse-collections/7.1.1/83eca9f03f1f2d055df453d72036c5ce2e82896b/eclipse-collections-7.1.1.jar
7f81ff836000-7f81ff859000 r--s 000a0000 08:04 11439002                   /home/gunjan/.gradle/caches/modules-2/files-2.1/org.eclipse.collections/eclipse-collections-api/7.1.1/806c2b3bef5364d1a1668f25ce70100fa2c6b919/eclipse-collections-api-7.1.1.jar
7f81ff859000-7f81ff862000 r--s 00084000 08:04 9437924                    /home/gunjan/.gradle/caches/modules-2/files-2.1/org.jetbrains.kotlin/kotlin-stdlib/1.0.2/22063f19bfd8e50f21fc310842a91ff5b31bb272/kotlin-stdlib-1.0.2.jar
7f81ff862000-7f81ff864000 r--s 00004000 08:04 9437920                    /home/gunjan/.gradle/caches/modules-2/files-2.1/com.esotericsoftware/reflectasm/1.11.3/8b102eed2f12412b254946811111ea48bc03a266/reflectasm-1.11.3.jar
7f81ff864000-7f81ff866000 r--s 0000d000 08:04 9437918                    /home/gunjan/.gradle/caches/modules-2/files-2.1/com.cedarsoftware/java-util/1.9.0/c5f6deb3213a693d0cc20a78b1052ecc9a2df09c/java-util-1.9.0.jar
7f81ff866000-7f81ff868000 r--s 0000b000 08:04 9437916                    /home/gunjan/.gradle/caches/modules-2/files-2.1/org.objenesis/objenesis/2.4/2916b6c96b50c5b3ec4452ed99401db745aabb27/objenesis-2.4.jar
7f81ff868000-7f81ff871000 r--s 000ae000 08:04 9437914                    /home/gunjan/.gradle/caches/modules-2/files-2.1/org.javassist/javassist/3.19.0-GA/50120f69224dd8684b445a6f3a5b08fe9b5c60f6/javassist-3.19.0-GA.jar
7f81ff871000-7f81ff875000 r--s 00041000 08:04 9437912                    /home/gunjan/.gradle/caches/modules-2/files-2.1/com.fasterxml.jackson.core/jackson-core/2.8.1/fd13b1c033741d48291315c6370f7d475a42dccf/jackson-core-2.8.1.jar
7f81ff875000-7f81ff87d000 r--s 00045000 08:04 9437910                    /home/gunjan/.gradle/caches/modules-2/files-2.1/junit/junit/4.12/2973d150c0dc1fefe998f834810d68f278ea58ec/junit-4.12.jar
7f81ff87d000-7f81ff880000 r--s 00012000 08:04 9312574                    /home/gunjan/.gradle/caches/modules-2/files-2.1/com.zaxxer/nuprocess/1.1.0/9479382344b61b36dd3ca1ec1b10aaa91295d632/nuprocess-1.1.0.jar
7f81ff880000-7f81ff8a8000 r--s 00241000 08:04 263                        /home/gunjan/.gradle/caches/modules-2/files-2.1/net.sf.trove4j/trove4j/3.0.3/42ccaf4761f0dfdfa805c9e340d99a755907e2dd/trove4j-3.0.3.jar
7f81ff8a8000-7f81ff8b0000 r--s 00042000 08:04 9437906                    /home/gunjan/.gradle/caches/modules-2/files-2.1/org.n52.matlab/matlab-control/5.0.0/ced8fdb8664759574b2f340aa00844f757dfcad0/matlab-control-5.0.0.jar
7f81ff8b0000-7f81ff8bb000 r--s 000b6000 08:04 9437904                    /home/gunjan/.gradle/caches/modules-2/files-2.1/org.tinyjee.jgraphx/jgraphx/3.4.1.3/a62939cbd5af2dff663e91d061b3e4edc7b8df85/jgraphx-3.4.1.3.jar
7f81ff8bb000-7f81ff91a000 r--s 00835000 08:04 9437892                    /home/gunjan/.gradle/caches/modules-2/files-2.1/nz.ac.waikato.cms.weka/weka-stable/3.8.0/5f6547867e775b416982cdcaa2dbef67855a6669/weka-stable-3.8.0.jar
7f81ff91a000-7f81ff91b000 ---p 00000000 00:00 0 
7f81ff91b000-7f81ffa1b000 rw-p 00000000 00:00 0 
7f81ffa1b000-7f81ffa1e000 ---p 00000000 00:00 0 
7f81ffa1e000-7f81ffb1c000 rw-p 00000000 00:00 0 
7f81ffb1c000-7f81ffb1f000 ---p 00000000 00:00 0 
7f81ffb1f000-7f81ffc1d000 rw-p 00000000 00:00 0 
7f81ffc1d000-7f81ffc20000 ---p 00000000 00:00 0 
7f81ffc20000-7f81ffd1e000 rw-p 00000000 00:00 0 
7f81ffd1e000-7f81ffd21000 ---p 00000000 00:00 0 
7f81ffd21000-7f81ffe1f000 rw-p 00000000 00:00 0 
7f81ffe1f000-7f8200000000 r--p 00000000 08:04 9986683                    /usr/lib/locale/locale-archive
7f8200000000-7f8200021000 rw-p 00000000 00:00 0 
7f8200021000-7f8204000000 ---p 00000000 00:00 0 
7f8204000000-7f8204021000 rw-p 00000000 00:00 0 
7f8204021000-7f8208000000 ---p 00000000 00:00 0 
7f8208000000-7f820bb84000 rw-p 00000000 00:00 0 
7f820bb84000-7f820c000000 ---p 00000000 00:00 0 
7f820c000000-7f820c2a0000 rw-p 00000000 00:00 0 
7f820c2a0000-7f8210000000 ---p 00000000 00:00 0 
7f8210000000-7f8213d05000 rw-p 00000000 00:00 0 
7f8213d05000-7f8214000000 ---p 00000000 00:00 0 
7f8214000000-7f8217e1b000 rw-p 00000000 00:00 0 
7f8217e1b000-7f8218000000 ---p 00000000 00:00 0 
7f8218000000-7f821b580000 rw-p 00000000 00:00 0 
7f821b580000-7f821c000000 ---p 00000000 00:00 0 
7f821c000000-7f821c002000 r--s 0000b000 08:04 9312810                    /home/gunjan/.gradle/caches/modules-2/files-2.1/org.zeroturnaround/zt-exec/1.9/a6c5747098b1ede9f4a6e9c36eaebb357a4430ed/zt-exec-1.9.jar
7f821c002000-7f821c005000 r--s 0001b000 08:04 9438178                    /home/gunjan/.gradle/caches/modules-2/files-2.1/com.google.uzaygezen/uzaygezen-core/0.2/611b82d4c4b4f67cc3d83cf0697ec660fcee2fff/uzaygezen-core-0.2.jar
7f821c005000-7f821c007000 r--s 0001e000 08:04 9437908                    /home/gunjan/.gradle/caches/modules-2/files-2.1/net.seninp/jmotif-sax/1.1.1/22909acc5e5c67cd9a4517070a7fb4f7ef926ab3/jmotif-sax-1.1.1.jar
7f821c007000-7f821c00a000 r--s 0001f000 08:04 9437902                    /home/gunjan/.gradle/caches/modules-2/files-2.1/com.zaxxer/HikariCP/2.5.1/b896b711e2d98fedf403de590559a123b5fbf1a6/HikariCP-2.5.1.jar
7f821c00a000-7f821c011000 r--s 00073000 08:04 9437900                    /home/gunjan/.gradle/caches/modules-2/files-2.1/com.mchange/c3p0/0.9.5.2/5f86cb6130bc6e8475615ed82d5b5e6fb226a86a/c3p0-0.9.5.2.jar
7f821c011000-7f821c018000 r--s 00067000 08:04 9437898                    /home/gunjan/.gradle/caches/modules-2/files-2.1/org.mariadb.jdbc/mariadb-java-client/1.5.4/bd0e2e8494245c2885a79fc92bc3693c88cbfab4/mariadb-java-client-1.5.4.jar
7f821c018000-7f821c01a000 r--s 0000c000 08:04 9437896                    /home/gunjan/.gradle/caches/modules-2/files-2.1/org.json/json/20160810/aca5eb39e2a12fddd6c472b240afe9ebea3a6733/json-20160810.jar
7f821c01a000-7f821c023000 r--s 00062000 08:04 9437894                    /home/gunjan/.gradle/caches/modules-2/files-2.1/org.jgrapht/jgrapht-core/1.0.0/c2adf22c2d37721489de12e70f5c226832045071/jgrapht-core-1.0.0.jar
7f821c023000-7f821c04a000 r--s 001f6000 08:04 9437884                    /home/gunjan/.gradle/caches/modules-2/files-2.1/org.apache.commons/commons-math3/3.6.1/e4ba98f1d4b3c80ec46392f25e094a6a2e58fcbf/commons-math3-3.6.1.jar
7f821c04a000-7f821c04d000 ---p 00000000 00:00 0 
7f821c04d000-7f821c14b000 rw-p 00000000 00:00 0 
7f821c14b000-7f821c14e000 ---p 00000000 00:00 0 
7f821c14e000-7f821c24c000 rw-p 00000000 00:00 0 
7f821c24c000-7f821c24f000 ---p 00000000 00:00 0 
7f821c24f000-7f821c34d000 rw-p 00000000 00:00 0 
7f821c34d000-7f821c34e000 ---p 00000000 00:00 0 
7f821c34e000-7f821da00000 rw-p 00000000 00:00 0 
7f821da00000-7f8235000000 rw-p 00000000 00:00 0 
7f8235000000-7f82355f0000 rwxp 00000000 00:00 0 
7f82355f0000-7f8244000000 ---p 00000000 00:00 0 
7f8244000000-7f8244736000 rw-p 00000000 00:00 0 
7f8244736000-7f8248000000 ---p 00000000 00:00 0 
7f8248000000-7f8248001000 r--s 00005000 08:04 9437949                    /home/gunjan/.gradle/caches/modules-2/files-2.1/nz.ac.waikato.cms.weka.thirdparty/java-cup-11b-runtime/2015.03.26/5466fad5c5866f33e3230c30ca623e7e8deff1f8/java-cup-11b-runtime-2015.03.26.jar
7f8248001000-7f824800a000 r--s 000aa000 08:04 9437890                    /home/gunjan/.gradle/caches/modules-2/files-2.1/org.mapdb/mapdb/3.0.2/bcd8209dda05a358318b29719a9e76b21d5e4683/mapdb-3.0.2.jar
7f824800a000-7f824820c000 rw-p 00000000 00:00 0 
7f824820c000-7f82483e5000 r--s 03d2c000 08:04 1180452                    /usr/lib/jvm/java-8-jdk/jre/lib/rt.jar
7f82483e5000-7f8248537000 rw-p 00000000 00:00 0 
7f8248537000-7f8248538000 ---p 00000000 00:00 0 
7f8248538000-7f8248638000 rw-p 00000000 00:00 0 
7f8248638000-7f8248639000 ---p 00000000 00:00 0 
7f8248639000-7f8248739000 rw-p 00000000 00:00 0 
7f8248739000-7f824873a000 ---p 00000000 00:00 0 
7f824873a000-7f824883a000 rw-p 00000000 00:00 0 
7f824883a000-7f824883b000 ---p 00000000 00:00 0 
7f824883b000-7f82495b9000 rw-p 00000000 00:00 0 
7f82495b9000-7f82497e6000 ---p 00000000 00:00 0 
7f82497e6000-7f824a464000 rw-p 00000000 00:00 0 
7f824a464000-7f824a690000 ---p 00000000 00:00 0 
7f824a690000-7f824a832000 rw-p 00000000 00:00 0 
7f824a832000-7f824ade6000 ---p 00000000 00:00 0 
7f824ade6000-7f824adff000 rw-p 00000000 00:00 0 
7f824adff000-7f824b1a7000 ---p 00000000 00:00 0 
7f824b1a7000-7f824b1c1000 r-xp 00000000 08:04 1180541                    /usr/lib/jvm/java-8-jdk/jre/lib/amd64/libzip.so
7f824b1c1000-7f824b3c1000 ---p 0001a000 08:04 1180541                    /usr/lib/jvm/java-8-jdk/jre/lib/amd64/libzip.so
7f824b3c1000-7f824b3c2000 rw-p 0001a000 08:04 1180541                    /usr/lib/jvm/java-8-jdk/jre/lib/amd64/libzip.so
7f824b3c2000-7f824b3cd000 r-xp 00000000 08:04 9962652                    /usr/lib/libnss_files-2.25.so
7f824b3cd000-7f824b5cc000 ---p 0000b000 08:04 9962652                    /usr/lib/libnss_files-2.25.so
7f824b5cc000-7f824b5cd000 r--p 0000a000 08:04 9962652                    /usr/lib/libnss_files-2.25.so
7f824b5cd000-7f824b5ce000 rw-p 0000b000 08:04 9962652                    /usr/lib/libnss_files-2.25.so
7f824b5ce000-7f824b5d4000 rw-p 00000000 00:00 0 
7f824b5d4000-7f824b5ff000 r-xp 00000000 08:04 1180515                    /usr/lib/jvm/java-8-jdk/jre/lib/amd64/libjava.so
7f824b5ff000-7f824b7fe000 ---p 0002b000 08:04 1180515                    /usr/lib/jvm/java-8-jdk/jre/lib/amd64/libjava.so
7f824b7fe000-7f824b800000 rw-p 0002a000 08:04 1180515                    /usr/lib/jvm/java-8-jdk/jre/lib/amd64/libjava.so
7f824b800000-7f824b80d000 r-xp 00000000 08:04 1180562                    /usr/lib/jvm/java-8-jdk/jre/lib/amd64/libverify.so
7f824b80d000-7f824ba0c000 ---p 0000d000 08:04 1180562                    /usr/lib/jvm/java-8-jdk/jre/lib/amd64/libverify.so
7f824ba0c000-7f824ba0e000 rw-p 0000c000 08:04 1180562                    /usr/lib/jvm/java-8-jdk/jre/lib/amd64/libverify.so
7f824ba0e000-7f824ba15000 r-xp 00000000 08:04 9962272                    /usr/lib/librt-2.25.so
7f824ba15000-7f824bc14000 ---p 00007000 08:04 9962272                    /usr/lib/librt-2.25.so
7f824bc14000-7f824bc15000 r--p 00006000 08:04 9962272                    /usr/lib/librt-2.25.so
7f824bc15000-7f824bc16000 rw-p 00007000 08:04 9962272                    /usr/lib/librt-2.25.so
7f824bc16000-7f824bd28000 r-xp 00000000 08:04 9962314                    /usr/lib/libm-2.25.so
7f824bd28000-7f824bf27000 ---p 00112000 08:04 9962314                    /usr/lib/libm-2.25.so
7f824bf27000-7f824bf28000 r--p 00111000 08:04 9962314                    /usr/lib/libm-2.25.so
7f824bf28000-7f824bf29000 rw-p 00112000 08:04 9962314                    /usr/lib/libm-2.25.so
7f824bf29000-7f824cbf7000 r-xp 00000000 08:04 1180572                    /usr/lib/jvm/java-8-jdk/jre/lib/amd64/server/libjvm.so
7f824cbf7000-7f824cdf7000 ---p 00cce000 08:04 1180572                    /usr/lib/jvm/java-8-jdk/jre/lib/amd64/server/libjvm.so
7f824cdf7000-7f824ced0000 rw-p 00cce000 08:04 1180572                    /usr/lib/jvm/java-8-jdk/jre/lib/amd64/server/libjvm.so
7f824ced0000-7f824cf1b000 rw-p 00000000 00:00 0 
7f824cf1b000-7f824d0b6000 r-xp 00000000 08:04 9963120                    /usr/lib/libc-2.25.so
7f824d0b6000-7f824d2b5000 ---p 0019b000 08:04 9963120                    /usr/lib/libc-2.25.so
7f824d2b5000-7f824d2b9000 r--p 0019a000 08:04 9963120                    /usr/lib/libc-2.25.so
7f824d2b9000-7f824d2bb000 rw-p 0019e000 08:04 9963120                    /usr/lib/libc-2.25.so
7f824d2bb000-7f824d2bf000 rw-p 00000000 00:00 0 
7f824d2bf000-7f824d2c2000 r-xp 00000000 08:04 9962388                    /usr/lib/libdl-2.25.so
7f824d2c2000-7f824d4c1000 ---p 00003000 08:04 9962388                    /usr/lib/libdl-2.25.so
7f824d4c1000-7f824d4c2000 r--p 00002000 08:04 9962388                    /usr/lib/libdl-2.25.so
7f824d4c2000-7f824d4c3000 rw-p 00003000 08:04 9962388                    /usr/lib/libdl-2.25.so
7f824d4c3000-7f824d4d8000 r-xp 00000000 08:04 1180570                    /usr/lib/jvm/java-8-jdk/jre/lib/amd64/jli/libjli.so
7f824d4d8000-7f824d6d8000 ---p 00015000 08:04 1180570                    /usr/lib/jvm/java-8-jdk/jre/lib/amd64/jli/libjli.so
7f824d6d8000-7f824d6d9000 rw-p 00015000 08:04 1180570                    /usr/lib/jvm/java-8-jdk/jre/lib/amd64/jli/libjli.so
7f824d6d9000-7f824d6f2000 r-xp 00000000 08:04 9963199                    /usr/lib/libpthread-2.25.so
7f824d6f2000-7f824d8f1000 ---p 00019000 08:04 9963199                    /usr/lib/libpthread-2.25.so
7f824d8f1000-7f824d8f2000 r--p 00018000 08:04 9963199                    /usr/lib/libpthread-2.25.so
7f824d8f2000-7f824d8f3000 rw-p 00019000 08:04 9963199                    /usr/lib/libpthread-2.25.so
7f824d8f3000-7f824d8f7000 rw-p 00000000 00:00 0 
7f824d8f7000-7f824d91a000 r-xp 00000000 08:04 9963124                    /usr/lib/ld-2.25.so
7f824d91a000-7f824d91b000 r--s 00001000 08:04 9437922                    /home/gunjan/.gradle/caches/modules-2/files-2.1/com.esotericsoftware/minlog/1.3.0/ff07b5f1b01d2f92bb00a337f9a94873712f0827/minlog-1.3.0.jar
7f824d91b000-7f824d923000 r--s 00048000 08:04 9437888                    /home/gunjan/.gradle/caches/modules-2/files-2.1/com.esotericsoftware/kryo/4.0.0/9f5c64c1315ec79bee0f56bb88e4ae94b65048ce/kryo-4.0.0.jar
7f824d923000-7f824d9cd000 rw-p 00000000 00:00 0 
7f824d9cd000-7f824d9d0000 ---p 00000000 00:00 0 
7f824d9d0000-7f824dad0000 rw-p 00000000 00:00 0 
7f824dad0000-7f824dad1000 r--s 00007000 08:04 202                        /home/gunjan/.gradle/caches/modules-2/files-2.1/com.github.mgunlogson/cuckoofilter4j/1.0.1/1ecac9da72e10f966c90d23c5d774f972d3e940f/cuckoofilter4j-1.0.1.jar
7f824dad1000-7f824dad8000 r--s 00057000 08:04 9437886                    /home/gunjan/.gradle/caches/modules-2/files-2.1/de.ruedigermoeller/fst/2.48/a04da9aca9ecc7dcf19c5e25b89bc21468e2a3e7/fst-2.48.jar
7f824dad8000-7f824dae0000 r--s 0006e000 08:04 9437882                    /home/gunjan/.gradle/caches/modules-2/files-2.1/org.apache.commons/commons-lang3/3.5/6c6c702c89bfff3cd9e80b04d668c5e190d588c6/commons-lang3-3.5.jar
7f824dae0000-7f824dae2000 r--s 0000c000 08:04 9437880                    /home/gunjan/.gradle/caches/modules-2/files-2.1/org.apache.commons/commons-exec/1.3/8dfb9facd0830a27b1b5f29f84593f0aeee7773b/commons-exec-1.3.jar
7f824dae2000-7f824dae3000 r--s 00009000 08:04 9308247                    /home/gunjan/.gradle/caches/modules-2/files-2.1/org.apache.commons/commons-csv/1.4/fc2512d2109144df353501266ac4bbe179058afd/commons-csv-1.4.jar
7f824dae3000-7f824dae5000 r--s 00009000 08:04 9308245                    /home/gunjan/.gradle/caches/modules-2/files-2.1/org.slf4j/slf4j-api/1.7.21/139535a69a4239db087de9bab0bee568bf8e0b70/slf4j-api-1.7.21.jar
7f824dae5000-7f824db0d000 rw-p 00000000 00:00 0 
7f824db0d000-7f824db15000 rw-s 00000000 00:23 47                         /tmp/hsperfdata_gunjan/8893
7f824db15000-7f824db16000 rw-p 00000000 00:00 0 
7f824db16000-7f824db17000 ---p 00000000 00:00 0 
7f824db17000-7f824db19000 rw-p 00000000 00:00 0 
7f824db19000-7f824db1a000 r--p 00022000 08:04 9963124                    /usr/lib/ld-2.25.so
7f824db1a000-7f824db1b000 rw-p 00023000 08:04 9963124                    /usr/lib/ld-2.25.so
7f824db1b000-7f824db1c000 rw-p 00000000 00:00 0 
7ffe8a42d000-7ffe8a451000 rw-p 00000000 00:00 0                          [stack]
7ffe8a576000-7ffe8a578000 r--p 00000000 00:00 0                          [vvar]
7ffe8a578000-7ffe8a57a000 r-xp 00000000 00:00 0                          [vdso]
ffffffffff600000-ffffffffff601000 r-xp 00000000 00:00 0                  [vsyscall]

VM Arguments:
jvm_args: -Xmx11g -Dfile.encoding=UTF-8 
java_command: org.activity.controller.SuperController
java_class_path (initial): /home/gunjan/git/GeolifeReloaded2_1_cleaned/bin:/home/gunjan/.gradle/caches/modules-2/files-2.1/org.slf4j/slf4j-api/1.7.21/139535a69a4239db087de9bab0bee568bf8e0b70/slf4j-api-1.7.21.jar:/home/gunjan/.gradle/caches/modules-2/files-2.1/org.apache.commons/commons-csv/1.4/fc2512d2109144df353501266ac4bbe179058afd/commons-csv-1.4.jar:/home/gunjan/.gradle/caches/modules-2/files-2.1/org.apache.commons/commons-exec/1.3/8dfb9facd0830a27b1b5f29f84593f0aeee7773b/commons-exec-1.3.jar:/home/gunjan/.gradle/caches/modules-2/files-2.1/org.apache.commons/commons-lang3/3.5/6c6c702c89bfff3cd9e80b04d668c5e190d588c6/commons-lang3-3.5.jar:/home/gunjan/.gradle/caches/modules-2/files-2.1/org.apache.commons/commons-math3/3.6.1/e4ba98f1d4b3c80ec46392f25e094a6a2e58fcbf/commons-math3-3.6.1.jar:/home/gunjan/.gradle/caches/modules-2/files-2.1/de.ruedigermoeller/fst/2.48/a04da9aca9ecc7dcf19c5e25b89bc21468e2a3e7/fst-2.48.jar:/home/gunjan/.gradle/caches/modules-2/files-2.1/com.esotericsoftware/kryo/4.0.0/9f5c64c1315ec79bee0f56bb88e4ae94b65048ce/kryo-4.0.0.jar:/home/gunjan/.gradle/caches/modules-2/files-2.1/org.mapdb/mapdb/3.0.2/bcd8209dda05a358318b29719a9e76b21d5e4683/mapdb-3.0.2.jar:/home/gunjan/.gradle/caches/modules-2/files-2.1/nz.ac.waikato.cms.weka/weka-stable/3.8.0/5f6547867e775b416982cdcaa2dbef67855a6669/weka-stable-3.8.0.jar:/home/gunjan/.gradle/caches/modules-2/files-2.1/org.jgrapht/jgrapht-core/1.0.0/c2adf22c2d37721489de12e70f5c226832045071/jgrapht-core-1.0.0.jar:/home/gunjan/.gradle/caches/modules-2/files-2.1/org.json/json/20160810/aca5eb39e2a12fddd6c472b240afe9ebea3a6733/json-20160810.jar:/home/gunjan/.gradle/caches/modules-2/files-2.1/org.mariadb.jdbc/mariadb-java-client/1.5.4/bd0e2e8494245c2885a79fc92bc3693c88cbfab4/mariadb-java-client-1.5.4.jar:/home/gunjan/.gradle/caches/modules-2/files-2.1/com.mchange/c3p0/0.9.5.2/5f86cb6130bc6e8475615ed82d5b5e6fb226a86a/c3p0-0.9.5.2.jar:/home/gunjan/.gradle/caches/modules-2/files-2.1/com.zaxxer/HikariCP/2.5.1/b896b711e2d
Launcher Type: SUN_STANDARD

Environment Variables:
PATH=/usr/local/sbin:/usr/local/bin:/usr/bin:/opt/android-sdk/platform-tools:/usr/lib/jvm/default/bin:/usr/bin/site_perl:/usr/bin/vendor_perl:/usr/bin/core_perl
SHELL=/bin/bash
DISPLAY=:0

Signal Handlers:
SIGSEGV: [libjvm.so+0xac7800], sa_mask[0]=11111111011111111101111111111110, sa_flags=SA_RESTART|SA_SIGINFO
SIGBUS: [libjvm.so+0xac7800], sa_mask[0]=11111111011111111101111111111110, sa_flags=SA_RESTART|SA_SIGINFO
SIGFPE: [libjvm.so+0x920990], sa_mask[0]=11111111011111111101111111111110, sa_flags=SA_RESTART|SA_SIGINFO
SIGPIPE: [libjvm.so+0x920990], sa_mask[0]=11111111011111111101111111111110, sa_flags=SA_RESTART|SA_SIGINFO
SIGXFSZ: [libjvm.so+0x920990], sa_mask[0]=11111111011111111101111111111110, sa_flags=SA_RESTART|SA_SIGINFO
SIGILL: [libjvm.so+0x920990], sa_mask[0]=11111111011111111101111111111110, sa_flags=SA_RESTART|SA_SIGINFO
SIGUSR1: SIG_DFL, sa_mask[0]=00000000000000000000000000000000, sa_flags=none
SIGUSR2: [libjvm.so+0x9221d0], sa_mask[0]=00100000000000000000000000000000, sa_flags=SA_RESTART|SA_SIGINFO
SIGHUP: [libjvm.so+0x9235d0], sa_mask[0]=11111111011111111101111111111110, sa_flags=SA_RESTART|SA_SIGINFO
SIGINT: SIG_IGN, sa_mask[0]=00000000000000000000000000000000, sa_flags=none
SIGTERM: [libjvm.so+0x9235d0], sa_mask[0]=11111111011111111101111111111110, sa_flags=SA_RESTART|SA_SIGINFO
SIGQUIT: [libjvm.so+0x9235d0], sa_mask[0]=11111111011111111101111111111110, sa_flags=SA_RESTART|SA_SIGINFO


---------------  S Y S T E M  ---------------

OS:DISTRIB_ID=ManjaroLinux
DISTRIB_RELEASE=17.0.1
DISTRIB_CODENAME=Gellivara
DISTRIB_DESCRIPTION="Manjaro Linux"

uname:Linux 4.4.59-1-MANJARO #1 SMP PREEMPT Fri Mar 31 16:51:12 UTC 2017 x86_64
libc:glibc 2.25 NPTL 2.25 
rlimit: STACK 8192k, CORE infinity, NPROC 62741, NOFILE 4096, AS infinity
load average:5.75 2.82 1.57

/proc/meminfo:
MemTotal:       16343820 kB
MemFree:          156716 kB
MemAvailable:     222164 kB
Buffers:            9712 kB
Cached:          1806524 kB
SwapCached:            0 kB
Active:         14299132 kB
Inactive:        1549088 kB
Active(anon):   14188572 kB
Inactive(anon):  1449800 kB
Active(file):     110560 kB
Inactive(file):    99288 kB
Unevictable:         140 kB
Mlocked:             140 kB
SwapTotal:             0 kB
SwapFree:              0 kB
Dirty:               452 kB
Writeback:             0 kB
AnonPages:      14033024 kB
Mapped:          1211488 kB
Shmem:           1605440 kB
Slab:             103908 kB
SReclaimable:      49072 kB
SUnreclaim:        54836 kB
KernelStack:       16896 kB
PageTables:       116264 kB
NFS_Unstable:          0 kB
Bounce:                0 kB
WritebackTmp:          0 kB
CommitLimit:     8171908 kB
Committed_AS:   24298568 kB
VmallocTotal:   34359738367 kB
VmallocUsed:           0 kB
VmallocChunk:          0 kB
HardwareCorrupted:     0 kB
AnonHugePages:   7864320 kB
HugePages_Total:       0
HugePages_Free:        0
HugePages_Rsvd:        0
HugePages_Surp:        0
Hugepagesize:       2048 kB
DirectMap4k:      178840 kB
DirectMap2M:    10213376 kB
DirectMap1G:     6291456 kB


CPU:total 4 (2 cores per cpu, 2 threads per core) family 6 model 69 stepping 1, cmov, cx8, fxsr, mmx, sse, sse2, sse3, ssse3, sse4.1, sse4.2, popcnt, avx, avx2, aes, clmul, erms, lzcnt, ht, tsc, tscinvbit, bmi1, bmi2

/proc/cpuinfo:
processor	: 0
vendor_id	: GenuineIntel
cpu family	: 6
model		: 69
model name	: Intel(R) Core(TM) i5-4278U CPU @ 2.60GHz
stepping	: 1
microcode	: 0x1f
cpu MHz		: 3087.804
cache size	: 3072 KB
physical id	: 0
siblings	: 4
core id		: 0
cpu cores	: 2
apicid		: 0
initial apicid	: 0
fpu		: yes
fpu_exception	: yes
cpuid level	: 13
wp		: yes
flags		: fpu vme de pse tsc msr pae mce cx8 apic sep mtrr pge mca cmov pat pse36 clflush dts acpi mmx fxsr sse sse2 ss ht tm pbe syscall nx pdpe1gb rdtscp lm constant_tsc arch_perfmon pebs bts rep_good nopl xtopology nonstop_tsc aperfmperf eagerfpu pni pclmulqdq dtes64 monitor ds_cpl vmx est tm2 ssse3 sdbg fma cx16 xtpr pdcm pcid sse4_1 sse4_2 x2apic movbe popcnt tsc_deadline_timer aes xsave avx f16c rdrand lahf_lm abm ida arat epb pln pts dtherm tpr_shadow vnmi flexpriority ept vpid fsgsbase tsc_adjust bmi1 avx2 smep bmi2 erms invpcid xsaveopt
bugs		:
bogomips	: 5202.77
clflush size	: 64
cache_alignment	: 64
address sizes	: 39 bits physical, 48 bits virtual
power management:

processor	: 1
vendor_id	: GenuineIntel
cpu family	: 6
model		: 69
model name	: Intel(R) Core(TM) i5-4278U CPU @ 2.60GHz
stepping	: 1
microcode	: 0x1f
cpu MHz		: 3082.523
cache size	: 3072 KB
physical id	: 0
siblings	: 4
core id		: 1
cpu cores	: 2
apicid		: 2
initial apicid	: 2
fpu		: yes
fpu_exception	: yes
cpuid level	: 13
wp		: yes
flags		: fpu vme de pse tsc msr pae mce cx8 apic sep mtrr pge mca cmov pat pse36 clflush dts acpi mmx fxsr sse sse2 ss ht tm pbe syscall nx pdpe1gb rdtscp lm constant_tsc arch_perfmon pebs bts rep_good nopl xtopology nonstop_tsc aperfmperf eagerfpu pni pclmulqdq dtes64 monitor ds_cpl vmx est tm2 ssse3 sdbg fma cx16 xtpr pdcm pcid sse4_1 sse4_2 x2apic movbe popcnt tsc_deadline_timer aes xsave avx f16c rdrand lahf_lm abm ida arat epb pln pts dtherm tpr_shadow vnmi flexpriority ept vpid fsgsbase tsc_adjust bmi1 avx2 smep bmi2 erms invpcid xsaveopt
bugs		:
bogomips	: 5202.77
clflush size	: 64
cache_alignment	: 64
address sizes	: 39 bits physical, 48 bits virtual
power management:

processor	: 2
vendor_id	: GenuineIntel
cpu family	: 6
model		: 69
model name	: Intel(R) Core(TM) i5-4278U CPU @ 2.60GHz
stepping	: 1
microcode	: 0x1f
cpu MHz		: 3089.835
cache size	: 3072 KB
physical id	: 0
siblings	: 4
core id		: 0
cpu cores	: 2
apicid		: 1
initial apicid	: 1
fpu		: yes
fpu_exception	: yes
cpuid level	: 13
wp		: yes
flags		: fpu vme de pse tsc msr pae mce cx8 apic sep mtrr pge mca cmov pat pse36 clflush dts acpi mmx fxsr sse sse2 ss ht tm pbe syscall nx pdpe1gb rdtscp lm constant_tsc arch_perfmon pebs bts rep_good nopl xtopology nonstop_tsc aperfmperf eagerfpu pni pclmulqdq dtes64 monitor ds_cpl vmx est tm2 ssse3 sdbg fma cx16 xtpr pdcm pcid sse4_1 sse4_2 x2apic movbe popcnt tsc_deadline_timer aes xsave avx f16c rdrand lahf_lm abm ida arat epb pln pts dtherm tpr_shadow vnmi flexpriority ept vpid fsgsbase tsc_adjust bmi1 avx2 smep bmi2 erms invpcid xsaveopt
bugs		:
bogomips	: 5202.77
clflush size	: 64
cache_alignment	: 64
address sizes	: 39 bits physical, 48 bits virtual
power management:

processor	: 3
vendor_id	: GenuineIntel
cpu family	: 6
model		: 69
model name	: Intel(R) Core(TM) i5-4278U CPU @ 2.60GHz
stepping	: 1
microcode	: 0x1f
cpu MHz		: 3089.835
cache size	: 3072 KB
physical id	: 0
siblings	: 4
core id		: 1
cpu cores	: 2
apicid		: 3
initial apicid	: 3
fpu		: yes
fpu_exception	: yes
cpuid level	: 13
wp		: yes
flags		: fpu vme de pse tsc msr pae mce cx8 apic sep mtrr pge mca cmov pat pse36 clflush dts acpi mmx fxsr sse sse2 ss ht tm pbe syscall nx pdpe1gb rdtscp lm constant_tsc arch_perfmon pebs bts rep_good nopl xtopology nonstop_tsc aperfmperf eagerfpu pni pclmulqdq dtes64 monitor ds_cpl vmx est tm2 ssse3 sdbg fma cx16 xtpr pdcm pcid sse4_1 sse4_2 x2apic movbe popcnt tsc_deadline_timer aes xsave avx f16c rdrand lahf_lm abm ida arat epb pln pts dtherm tpr_shadow vnmi flexpriority ept vpid fsgsbase tsc_adjust bmi1 avx2 smep bmi2 erms invpcid xsaveopt
bugs		:
bogomips	: 5202.77
clflush size	: 64
cache_alignment	: 64
address sizes	: 39 bits physical, 48 bits virtual
power management:



Memory: 4k page, physical 16343820k(157108k free), swap 0k(0k free)

vm_info: Java HotSpot(TM) 64-Bit Server VM (25.112-b15) for linux-amd64 JRE (1.8.0_112-b15), built on Sep 22 2016 21:10:53 by "java_re" with gcc 4.3.0 20080428 (Red Hat 4.3.0-8)

time: Wed Apr  5 22:50:20 2017
elapsed time: 138 seconds (0d 0h 2m 18s)

