#
# There is insufficient memory for the Java Runtime Environment to continue.
# Native memory allocation (mmap) failed to map 92274688 bytes for committing reserved memory.
# Possible reasons:
#   The system is out of physical RAM or swap space
#   In 32 bit mode, the process size limit was hit
# Possible solutions:
#   Reduce memory load on the system
#   Increase physical memory or swap space
#   Check if swap backing store is full
#   Use 64 bit Java on a 64 bit OS
#   Decrease Java heap size (-Xmx/-Xms)
#   Decrease number of Java threads
#   Decrease Java thread stack sizes (-Xss)
#   Set larger code cache with -XX:ReservedCodeCacheSize=
# This output file may be truncated or incomplete.
#
#  Out of Memory Error (os_linux.cpp:2627), pid=13712, tid=0x00007f87970f0700
#
# JRE version: Java(TM) SE Runtime Environment (8.0_112-b15) (build 1.8.0_112-b15)
# Java VM: Java HotSpot(TM) 64-Bit Server VM (25.112-b15 mixed mode linux-amd64 compressed oops)
# Core dump written. Default location: /home/gunjan/git/GeolifeReloaded2_1_cleaned/core or core.13712
#

---------------  T H R E A D  ---------------

Current thread (0x00007f87c407c000):  VMThread [stack: 0x00007f8796ff0000,0x00007f87970f1000] [id=13723]

Stack: [0x00007f8796ff0000,0x00007f87970f1000],  sp=0x00007f87970ef110,  free space=1020k
Native frames: (J=compiled Java code, j=interpreted, Vv=VM code, C=native code)
V  [libjvm.so+0xac6f7a]  VMError::report_and_die()+0x2ba
V  [libjvm.so+0x4fc71b]  report_vm_out_of_memory(char const*, int, unsigned long, VMErrorType, char const*)+0x8b
V  [libjvm.so+0x923b13]  os::Linux::commit_memory_impl(char*, unsigned long, bool)+0x103
V  [libjvm.so+0x924069]  os::pd_commit_memory(char*, unsigned long, unsigned long, bool)+0x29
V  [libjvm.so+0x91e37a]  os::commit_memory(char*, unsigned long, unsigned long, bool)+0x2a
V  [libjvm.so+0x992da3]  PSVirtualSpace::expand_by(unsigned long)+0x53
V  [libjvm.so+0x9941a8]  PSYoungGen::resize_generation(unsigned long, unsigned long)+0xf8
V  [libjvm.so+0x993302]  PSYoungGen::resize(unsigned long, unsigned long)+0x22
V  [libjvm.so+0x9905db]  PSScavenge::invoke_no_policy()+0xf3b
V  [libjvm.so+0x990d61]  PSScavenge::invoke()+0x41
V  [libjvm.so+0x947ac0]  ParallelScavengeHeap::failed_mem_allocate(unsigned long)+0x70
V  [libjvm.so+0xac8997]  VM_ParallelGCFailedAllocation::doit()+0x97
V  [libjvm.so+0xad0475]  VM_Operation::evaluate()+0x55
V  [libjvm.so+0xace84a]  VMThread::evaluate_operation(VM_Operation*)+0xba
V  [libjvm.so+0xacebce]  VMThread::loop()+0x1ce
V  [libjvm.so+0xacf040]  VMThread::run()+0x70
V  [libjvm.so+0x926138]  java_start(Thread*)+0x108

VM_Operation (0x00007f87cc787850): ParallelGCFailedAllocation, mode: safepoint, requested by thread 0x00007f87c400e000


---------------  P R O C E S S  ---------------

Java Threads: ( => current thread )
  0x00007f8764102800 JavaThread "RMI TCP Accept-0" daemon [_thread_in_native, id=13733, stack(0x00007f879570f000,0x00007f8795810000)]
  0x00007f877c001000 JavaThread "Attach Listener" daemon [_thread_blocked, id=13732, stack(0x00007f8796251000,0x00007f8796352000)]
  0x00007f87c40cd000 JavaThread "Service Thread" daemon [_thread_blocked, id=13730, stack(0x00007f8796708000,0x00007f8796809000)]
  0x00007f87c40c1800 JavaThread "C1 CompilerThread2" daemon [_thread_blocked, id=13729, stack(0x00007f8796809000,0x00007f879690a000)]
  0x00007f87c40c0000 JavaThread "C2 CompilerThread1" daemon [_thread_blocked, id=13728, stack(0x00007f879690a000,0x00007f8796a0b000)]
  0x00007f87c40bd000 JavaThread "C2 CompilerThread0" daemon [_thread_blocked, id=13727, stack(0x00007f8796a0b000,0x00007f8796b0c000)]
  0x00007f87c40bb800 JavaThread "Signal Dispatcher" daemon [_thread_blocked, id=13726, stack(0x00007f8796b0c000,0x00007f8796c0d000)]
  0x00007f87c4088000 JavaThread "Finalizer" daemon [_thread_blocked, id=13725, stack(0x00007f8796dee000,0x00007f8796eef000)]
  0x00007f87c4083800 JavaThread "Reference Handler" daemon [_thread_blocked, id=13724, stack(0x00007f8796eef000,0x00007f8796ff0000)]
  0x00007f87c400e000 JavaThread "main" [_thread_blocked, id=13714, stack(0x00007f87cc689000,0x00007f87cc78a000)]

Other Threads:
=>0x00007f87c407c000 VMThread [stack: 0x00007f8796ff0000,0x00007f87970f1000] [id=13723]
  0x00007f87c40d0000 WatcherThread [stack: 0x00007f8796607000,0x00007f8796708000] [id=13731]

VM state:at safepoint (normal execution)

VM Mutex/Monitor currently owned by a thread:  ([mutex/lock_event])
[0x00007f87c400bc60] Threads_lock - owner thread: 0x00007f87c407c000
[0x00007f87c400c160] Heap_lock - owner thread: 0x00007f87c400e000

Heap:
 PSYoungGen      total 2502656K, used 80874K [0x00000006d5580000, 0x0000000776900000, 0x00000007c0000000)
  eden space 2421760K, 0% used [0x00000006d5580000,0x00000006d5580000,0x0000000769280000)
  from space 80896K, 99% used [0x0000000771a00000,0x00000007768fa870,0x0000000776900000)
  to   space 76288K, 0% used [0x0000000769280000,0x0000000769280000,0x000000076dd00000)
 ParOldGen       total 7689728K, used 7080011K [0x0000000500000000, 0x00000006d5580000, 0x00000006d5580000)
  object space 7689728K, 92% used [0x0000000500000000,0x00000006b0212f60,0x00000006d5580000)
 Metaspace       used 12687K, capacity 13160K, committed 13312K, reserved 1060864K
  class space    used 1382K, capacity 1516K, committed 1536K, reserved 1048576K

Card table byte_map: [0x00007f87c84a2000,0x00007f87c9aa3000] byte_map_base: 0x00007f87c5ca2000

Marking Bits: (ParMarkBitMap*) 0x00007f87cbba9c80
 Begin Bits: [0x00007f879e155000, 0x00007f87a9155000)
 End Bits:   [0x00007f87a9155000, 0x00007f87b4155000)

Polling page: 0x00007f87cc7d2000

CodeCache: size=245760Kb used=9418Kb max_used=9463Kb free=236341Kb
 bounds [0x00007f87b5000000, 0x00007f87b5980000, 0x00007f87c4000000]
 total_blobs=2655 nmethods=2241 adapters=327
 compilation: enabled

Compilation events (10 events):
Event: 123.275 Thread 0x00007f87c40bd000 2640 %     4       org.activity.recomm.RecommendationMasterMar2017Gen::normalisedDistancesOverTheSet @ 193 (325 bytes)
Event: 123.293 Thread 0x00007f87c40bd000 nmethod 2640% 0x00007f87b5449050 code [0x00007f87b5449260, 0x00007f87b544a170]
Event: 123.616 Thread 0x00007f87c40c0000 2641       4       org.activity.recomm.RecommendationMasterMar2017Gen::getNumOfValidActsInActsGuidingRecomm (50 bytes)
Event: 123.622 Thread 0x00007f87c40c0000 nmethod 2641 0x00007f87b52b10d0 code [0x00007f87b52b1260, 0x00007f87b52b1938]
Event: 124.012 Thread 0x00007f87c40c1800 2642       1       org.activity.recomm.RecommendationMasterMar2017Gen::getThresholdAsDistance (5 bytes)
Event: 124.013 Thread 0x00007f87c40c1800 nmethod 2642 0x00007f87b51e62d0 code [0x00007f87b51e6420, 0x00007f87b51e6530]
Event: 124.346 Thread 0x00007f87c40bd000 2643       4       org.activity.recomm.RecommendationMasterMar2017Gen::normalisedDistancesOverTheSet (325 bytes)
Event: 124.376 Thread 0x00007f87c40bd000 nmethod 2643 0x00007f87b5512a50 code [0x00007f87b5512ce0, 0x00007f87b5514170]
Event: 125.694 Thread 0x00007f87c40c0000 2644       4       java.util.Spliterators$IteratorSpliterator::forEachRemaining (58 bytes)
Event: 125.719 Thread 0x00007f87c40c0000 nmethod 2644 0x00007f87b553a710 code [0x00007f87b553a900, 0x00007f87b553b2b8]

GC Heap History (10 events):
Event: 151.762 GC heap after
Heap after GC invocations=202 (full 11):
 PSYoungGen      total 2370560K, used 8559K [0x00000006d5580000, 0x000000076c980000, 0x00000007c0000000)
  eden space 2314240K, 0% used [0x00000006d5580000,0x00000006d5580000,0x0000000762980000)
  from space 56320K, 15% used [0x0000000762980000,0x00000007631dbeb8,0x0000000766080000)
  to   space 55296K, 0% used [0x0000000769380000,0x0000000769380000,0x000000076c980000)
 ParOldGen       total 7689728K, used 6979385K [0x0000000500000000, 0x00000006d5580000, 0x00000006d5580000)
  object space 7689728K, 90% used [0x0000000500000000,0x00000006a9fce598,0x00000006d5580000)
 Metaspace       used 12687K, capacity 13160K, committed 13312K, reserved 1060864K
  class space    used 1382K, capacity 1516K, committed 1536K, reserved 1048576K
}
Event: 152.556 GC heap before
{Heap before GC invocations=203 (full 11):
 PSYoungGen      total 2370560K, used 2322799K [0x00000006d5580000, 0x000000076c980000, 0x00000007c0000000)
  eden space 2314240K, 100% used [0x00000006d5580000,0x0000000762980000,0x0000000762980000)
  from space 56320K, 15% used [0x0000000762980000,0x00000007631dbeb8,0x0000000766080000)
  to   space 55296K, 0% used [0x0000000769380000,0x0000000769380000,0x000000076c980000)
 ParOldGen       total 7689728K, used 6979385K [0x0000000500000000, 0x00000006d5580000, 0x00000006d5580000)
  object space 7689728K, 90% used [0x0000000500000000,0x00000006a9fce598,0x00000006d5580000)
 Metaspace       used 12687K, capacity 13160K, committed 13312K, reserved 1060864K
  class space    used 1382K, capacity 1516K, committed 1536K, reserved 1048576K
Event: 152.688 GC heap after
Heap after GC invocations=203 (full 11):
 PSYoungGen      total 2423296K, used 1749K [0x00000006d5580000, 0x000000076d080000, 0x00000007c0000000)
  eden space 2368000K, 0% used [0x00000006d5580000,0x00000006d5580000,0x0000000765e00000)
  from space 55296K, 3% used [0x0000000769380000,0x00000007695355f8,0x000000076c980000)
  to   space 54784K, 0% used [0x0000000765e00000,0x0000000765e00000,0x0000000769380000)
 ParOldGen       total 7689728K, used 6979401K [0x0000000500000000, 0x00000006d5580000, 0x00000006d5580000)
  object space 7689728K, 90% used [0x0000000500000000,0x00000006a9fd2598,0x00000006d5580000)
 Metaspace       used 12687K, capacity 13160K, committed 13312K, reserved 1060864K
  class space    used 1382K, capacity 1516K, committed 1536K, reserved 1048576K
}
Event: 153.439 GC heap before
{Heap before GC invocations=204 (full 11):
 PSYoungGen      total 2423296K, used 2369749K [0x00000006d5580000, 0x000000076d080000, 0x00000007c0000000)
  eden space 2368000K, 100% used [0x00000006d5580000,0x0000000765e00000,0x0000000765e00000)
  from space 55296K, 3% used [0x0000000769380000,0x00000007695355f8,0x000000076c980000)
  to   space 54784K, 0% used [0x0000000765e00000,0x0000000765e00000,0x0000000769380000)
 ParOldGen       total 7689728K, used 6979401K [0x0000000500000000, 0x00000006d5580000, 0x00000006d5580000)
  object space 7689728K, 90% used [0x0000000500000000,0x00000006a9fd2598,0x00000006d5580000)
 Metaspace       used 12687K, capacity 13160K, committed 13312K, reserved 1060864K
  class space    used 1382K, capacity 1516K, committed 1536K, reserved 1048576K
Event: 153.511 GC heap after
Heap after GC invocations=204 (full 11):
 PSYoungGen      total 2422784K, used 54775K [0x00000006d5580000, 0x0000000773480000, 0x00000007c0000000)
  eden space 2368000K, 0% used [0x00000006d5580000,0x00000006d5580000,0x0000000765e00000)
  from space 54784K, 99% used [0x0000000765e00000,0x000000076937de90,0x0000000769380000)
  to   space 78336K, 0% used [0x000000076e800000,0x000000076e800000,0x0000000773480000)
 ParOldGen       total 7689728K, used 7016440K [0x0000000500000000, 0x00000006d5580000, 0x00000006d5580000)
  object space 7689728K, 91% used [0x0000000500000000,0x00000006ac3fe250,0x00000006d5580000)
 Metaspace       used 12687K, capacity 13160K, committed 13312K, reserved 1060864K
  class space    used 1382K, capacity 1516K, committed 1536K, reserved 1048576K
}
Event: 155.724 GC heap before
{Heap before GC invocations=205 (full 11):
 PSYoungGen      total 2422784K, used 2422775K [0x00000006d5580000, 0x0000000773480000, 0x00000007c0000000)
  eden space 2368000K, 100% used [0x00000006d5580000,0x0000000765e00000,0x0000000765e00000)
  from space 54784K, 99% used [0x0000000765e00000,0x000000076937de90,0x0000000769380000)
  to   space 78336K, 0% used [0x000000076e800000,0x000000076e800000,0x0000000773480000)
 ParOldGen       total 7689728K, used 7016440K [0x0000000500000000, 0x00000006d5580000, 0x00000006d5580000)
  object space 7689728K, 91% used [0x0000000500000000,0x00000006ac3fe250,0x00000006d5580000)
 Metaspace       used 12687K, capacity 13160K, committed 13312K, reserved 1060864K
  class space    used 1382K, capacity 1516K, committed 1536K, reserved 1048576K
Event: 155.798 GC heap after
Heap after GC invocations=205 (full 11):
 PSYoungGen      total 2486784K, used 6946K [0x00000006d5580000, 0x0000000772780000, 0x00000007c0000000)
  eden space 2421760K, 0% used [0x00000006d5580000,0x00000006d5580000,0x0000000769280000)
  from space 65024K, 10% used [0x000000076e800000,0x000000076eec8938,0x0000000772780000)
  to   space 76288K, 0% used [0x0000000769280000,0x0000000769280000,0x000000076dd00000)
 ParOldGen       total 7689728K, used 7016464K [0x0000000500000000, 0x00000006d5580000, 0x00000006d5580000)
  object space 7689728K, 91% used [0x0000000500000000,0x00000006ac404250,0x00000006d5580000)
 Metaspace       used 12687K, capacity 13160K, committed 13312K, reserved 1060864K
  class space    used 1382K, capacity 1516K, committed 1536K, reserved 1048576K
}
Event: 156.638 GC heap before
{Heap before GC invocations=206 (full 11):
 PSYoungGen      total 2486784K, used 2428706K [0x00000006d5580000, 0x0000000772780000, 0x00000007c0000000)
  eden space 2421760K, 100% used [0x00000006d5580000,0x0000000769280000,0x0000000769280000)
  from space 65024K, 10% used [0x000000076e800000,0x000000076eec8938,0x0000000772780000)
  to   space 76288K, 0% used [0x0000000769280000,0x0000000769280000,0x000000076dd00000)
 ParOldGen       total 7689728K, used 7016464K [0x0000000500000000, 0x00000006d5580000, 0x00000006d5580000)
  object space 7689728K, 91% used [0x0000000500000000,0x00000006ac404250,0x00000006d5580000)
 Metaspace       used 12687K, capacity 13160K, committed 13312K, reserved 1060864K
  class space    used 1382K, capacity 1516K, committed 1536K, reserved 1048576K
Event: 156.727 GC heap after
Heap after GC invocations=206 (full 11):
 PSYoungGen      total 2498048K, used 50250K [0x00000006d5580000, 0x0000000776900000, 0x00000007c0000000)
  eden space 2421760K, 0% used [0x00000006d5580000,0x00000006d5580000,0x0000000769280000)
  from space 76288K, 65% used [0x0000000769280000,0x000000076c392870,0x000000076dd00000)
  to   space 80896K, 0% used [0x0000000771a00000,0x0000000771a00000,0x0000000776900000)
 ParOldGen       total 7689728K, used 7016464K [0x0000000500000000, 0x00000006d5580000, 0x00000006d5580000)
  object space 7689728K, 91% used [0x0000000500000000,0x00000006ac404250,0x00000006d5580000)
 Metaspace       used 12687K, capacity 13160K, committed 13312K, reserved 1060864K
  class space    used 1382K, capacity 1516K, committed 1536K, reserved 1048576K
}
Event: 157.344 GC heap before
{Heap before GC invocations=207 (full 11):
 PSYoungGen      total 2498048K, used 2472010K [0x00000006d5580000, 0x0000000776900000, 0x00000007c0000000)
  eden space 2421760K, 100% used [0x00000006d5580000,0x0000000769280000,0x0000000769280000)
  from space 76288K, 65% used [0x0000000769280000,0x000000076c392870,0x000000076dd00000)
  to   space 80896K, 0% used [0x0000000771a00000,0x0000000771a00000,0x0000000776900000)
 ParOldGen       total 7689728K, used 7016464K [0x0000000500000000, 0x00000006d5580000, 0x00000006d5580000)
  object space 7689728K, 91% used [0x0000000500000000,0x00000006ac404250,0x00000006d5580000)
 Metaspace       used 12687K, capacity 13160K, committed 13312K, reserved 1060864K
  class space    used 1382K, capacity 1516K, committed 1536K, reserved 1048576K

Deoptimization events (10 events):
Event: 107.526 Thread 0x00007f87c400e000 Uncommon trap: reason=bimorphic action=maybe_recompile pc=0x00007f87b56bb674 method=java.util.stream.StreamOpFlag.fromCharacteristics(Ljava/util/Spliterator;)I @ 1
Event: 107.528 Thread 0x00007f87c400e000 Uncommon trap: reason=bimorphic action=maybe_recompile pc=0x00007f87b56bb674 method=java.util.stream.StreamOpFlag.fromCharacteristics(Ljava/util/Spliterator;)I @ 1
Event: 107.530 Thread 0x00007f87c400e000 Uncommon trap: reason=bimorphic action=maybe_recompile pc=0x00007f87b56bb674 method=java.util.stream.StreamOpFlag.fromCharacteristics(Ljava/util/Spliterator;)I @ 1
Event: 107.531 Thread 0x00007f87c400e000 Uncommon trap: reason=bimorphic action=maybe_recompile pc=0x00007f87b56bb674 method=java.util.stream.StreamOpFlag.fromCharacteristics(Ljava/util/Spliterator;)I @ 1
Event: 108.456 Thread 0x00007f87c400e000 Uncommon trap: reason=unstable_if action=reinterpret pc=0x00007f87b577045c method=sun.misc.FloatingDecimal$BinaryToASCIIBuffer.roundup()V @ 22
Event: 109.485 Thread 0x00007f87c400e000 Uncommon trap: reason=unstable_if action=reinterpret pc=0x00007f87b580b3f8 method=sun.misc.FloatingDecimal$BinaryToASCIIBuffer.dtoa(IJIZ)V @ 1213
Event: 112.370 Thread 0x00007f87c400e000 Uncommon trap: reason=unstable_if action=reinterpret pc=0x00007f87b58ca2b4 method=org.activity.stats.StatsUtils.minMaxNorm(DDD)D @ 6
Event: 117.499 Thread 0x00007f87c400e000 Uncommon trap: reason=unstable_if action=reinterpret pc=0x00007f87b58b93e0 method=java.math.BigDecimal.<init>(DLjava/math/MathContext;)V @ 187
Event: 117.499 Thread 0x00007f87c400e000 Uncommon trap: reason=unstable_if action=reinterpret pc=0x00007f87b58b2038 method=java.math.BigInteger.getLowestSetBit()I @ 10
Event: 119.667 Thread 0x00007f87c400e000 Uncommon trap: reason=unstable_if action=reinterpret pc=0x00007f87b57ad7cc method=java.math.BigDecimal.<init>([CIILjava/math/MathContext;)V @ 169

Internal exceptions (10 events):
Event: 0.704 Thread 0x00007f877c001000 Exception <a 'java/lang/ArrayIndexOutOfBoundsException'> (0x00000006d70f2588) thrown at [/HUDSON3/workspace/8-2-build-linux-amd64/jdk8u112/7884/hotspot/src/share/vm/runtime/sharedRuntime.cpp, line 605]
Event: 0.704 Thread 0x00007f877c001000 Exception <a 'java/lang/ArrayIndexOutOfBoundsException'> (0x00000006d70f3c28) thrown at [/HUDSON3/workspace/8-2-build-linux-amd64/jdk8u112/7884/hotspot/src/share/vm/runtime/sharedRuntime.cpp, line 605]
Event: 0.704 Thread 0x00007f877c001000 Exception <a 'java/lang/ArrayIndexOutOfBoundsException'> (0x00000006d70f61e0) thrown at [/HUDSON3/workspace/8-2-build-linux-amd64/jdk8u112/7884/hotspot/src/share/vm/runtime/sharedRuntime.cpp, line 605]
Event: 0.718 Thread 0x00007f877c001000 Exception <a 'java/lang/ArrayIndexOutOfBoundsException'> (0x00000006d71230c0) thrown at [/HUDSON3/workspace/8-2-build-linux-amd64/jdk8u112/7884/hotspot/src/share/vm/runtime/sharedRuntime.cpp, line 605]
Event: 0.732 Thread 0x00007f877c001000 Exception <a 'java/lang/ArrayIndexOutOfBoundsException'> (0x00000006d7143158) thrown at [/HUDSON3/workspace/8-2-build-linux-amd64/jdk8u112/7884/hotspot/src/share/vm/runtime/sharedRuntime.cpp, line 605]
Event: 0.791 Thread 0x00007f877c001000 Exception <a 'java/lang/ClassNotFoundException': javax/management/remote/rmi/RMIJRMPServerImpl$ExportedWrapper_Stub> (0x00000006d785dce0) thrown at [/HUDSON3/workspace/8-2-build-linux-amd64/jdk8u112/7884/hotspot/src/share/vm/classfile/systemDictionary.cpp
Event: 48.153 Thread 0x00007f87c400e000 Implicit null exception at 0x00007f87b53599ce to 0x00007f87b535c8e9
Event: 102.964 Thread 0x00007f87c400e000 Implicit null exception at 0x00007f87b557f9c5 to 0x00007f87b5580225
Event: 104.972 Thread 0x00007f87c400e000 Implicit null exception at 0x00007f87b561e715 to 0x00007f87b56219ad
Event: 106.853 Thread 0x00007f87c400e000 Implicit null exception at 0x00007f87b54c0bd5 to 0x00007f87b54c0ded

Events (10 events):
Event: 151.762 Executing VM operation: ParallelGCFailedAllocation done
Event: 152.556 Executing VM operation: ParallelGCFailedAllocation
Event: 152.688 Executing VM operation: ParallelGCFailedAllocation done
Event: 153.439 Executing VM operation: ParallelGCFailedAllocation
Event: 153.511 Executing VM operation: ParallelGCFailedAllocation done
Event: 155.706 Executing VM operation: ParallelGCFailedAllocation
Event: 155.798 Executing VM operation: ParallelGCFailedAllocation done
Event: 156.638 Executing VM operation: ParallelGCFailedAllocation
Event: 156.727 Executing VM operation: ParallelGCFailedAllocation done
Event: 157.343 Executing VM operation: ParallelGCFailedAllocation


Dynamic libraries:
00400000-00401000 r-xp 00000000 08:04 1180653                            /usr/lib/jvm/java-8-jdk/jre/bin/java
00600000-00601000 rw-p 00000000 08:04 1180653                            /usr/lib/jvm/java-8-jdk/jre/bin/java
0140e000-0142f000 rw-p 00000000 00:00 0                                  [heap]
500000000-6d5580000 rw-p 00000000 00:00 0 
6d5580000-776900000 rw-p 00000000 00:00 0 
77c100000-7c0000000 ---p 00000000 00:00 0 
7c0000000-7c0180000 rw-p 00000000 00:00 0 
7c0180000-800000000 ---p 00000000 00:00 0 
7f8758000000-7f8758021000 rw-p 00000000 00:00 0 
7f8758021000-7f875c000000 ---p 00000000 00:00 0 
7f8760000000-7f8760021000 rw-p 00000000 00:00 0 
7f8760021000-7f8764000000 ---p 00000000 00:00 0 
7f8764000000-7f876410f000 rw-p 00000000 00:00 0 
7f876410f000-7f8768000000 ---p 00000000 00:00 0 
7f8768000000-7f8768480000 rw-p 00000000 00:00 0 
7f8768480000-7f876c000000 ---p 00000000 00:00 0 
7f876c000000-7f876c021000 rw-p 00000000 00:00 0 
7f876c021000-7f8770000000 ---p 00000000 00:00 0 
7f8770000000-7f87714dc000 rw-p 00000000 00:00 0 
7f87714dc000-7f8774000000 ---p 00000000 00:00 0 
7f8774000000-7f8775620000 rw-p 00000000 00:00 0 
7f8775620000-7f8778000000 ---p 00000000 00:00 0 
7f8778000000-7f8778021000 rw-p 00000000 00:00 0 
7f8778021000-7f877c000000 ---p 00000000 00:00 0 
7f877c000000-7f877c021000 rw-p 00000000 00:00 0 
7f877c021000-7f8780000000 ---p 00000000 00:00 0 
7f8780000000-7f878028f000 rw-p 00000000 00:00 0 
7f878028f000-7f8784000000 ---p 00000000 00:00 0 
7f8784000000-7f8784021000 rw-p 00000000 00:00 0 
7f8784021000-7f8788000000 ---p 00000000 00:00 0 
7f8788000000-7f878bc95000 rw-p 00000000 00:00 0 
7f878bc95000-7f878c000000 ---p 00000000 00:00 0 
7f878c000000-7f878e303000 rw-p 00000000 00:00 0 
7f878e303000-7f8790000000 ---p 00000000 00:00 0 
7f8790000000-7f8793633000 rw-p 00000000 00:00 0 
7f8793633000-7f8794000000 ---p 00000000 00:00 0 
7f879550f000-7f879568f000 rw-p 00000000 00:00 0 
7f879568f000-7f879570f000 ---p 00000000 00:00 0 
7f879570f000-7f8795712000 ---p 00000000 00:00 0 
7f8795712000-7f8795810000 rw-p 00000000 00:00 0 
7f8795810000-7f8795815000 r--s 00098000 08:04 1180456                    /usr/lib/jvm/java-8-jdk/jre/lib/jsse.jar
7f8795815000-7f8795826000 r-xp 00000000 08:04 1180539                    /usr/lib/jvm/java-8-jdk/jre/lib/amd64/libnio.so
7f8795826000-7f8795a25000 ---p 00011000 08:04 1180539                    /usr/lib/jvm/java-8-jdk/jre/lib/amd64/libnio.so
7f8795a25000-7f8795a26000 rw-p 00010000 08:04 1180539                    /usr/lib/jvm/java-8-jdk/jre/lib/amd64/libnio.so
7f8795a26000-7f8795a27000 r--s 00000000 08:04 1180447                    /usr/lib/jvm/java-8-jdk/jre/lib/management-agent.jar
7f8795a27000-7f8795c27000 rw-p 00000000 00:00 0 
7f8795c27000-7f8795c30000 r-xp 00000000 08:04 1180528                    /usr/lib/jvm/java-8-jdk/jre/lib/amd64/libmanagement.so
7f8795c30000-7f8795e2f000 ---p 00009000 08:04 1180528                    /usr/lib/jvm/java-8-jdk/jre/lib/amd64/libmanagement.so
7f8795e2f000-7f8795e30000 rw-p 00008000 08:04 1180528                    /usr/lib/jvm/java-8-jdk/jre/lib/amd64/libmanagement.so
7f8795e30000-7f8795e46000 r-xp 00000000 08:04 1180563                    /usr/lib/jvm/java-8-jdk/jre/lib/amd64/libnet.so
7f8795e46000-7f8796046000 ---p 00016000 08:04 1180563                    /usr/lib/jvm/java-8-jdk/jre/lib/amd64/libnet.so
7f8796046000-7f8796047000 rw-p 00016000 08:04 1180563                    /usr/lib/jvm/java-8-jdk/jre/lib/amd64/libnet.so
7f8796047000-7f8796051000 r-xp 00000000 08:04 1180507                    /usr/lib/jvm/java-8-jdk/jre/lib/amd64/libinstrument.so
7f8796051000-7f8796250000 ---p 0000a000 08:04 1180507                    /usr/lib/jvm/java-8-jdk/jre/lib/amd64/libinstrument.so
7f8796250000-7f8796251000 rw-p 00009000 08:04 1180507                    /usr/lib/jvm/java-8-jdk/jre/lib/amd64/libinstrument.so
7f8796251000-7f8796254000 ---p 00000000 00:00 0 
7f8796254000-7f8796352000 rw-p 00000000 00:00 0 
7f8796352000-7f8796353000 r--s 00223000 08:04 8401667                    /home/gunjan/EclipseWorkspace/EditDistanceStandAlone/build/libs/EditDistanceStandAlone-capsule.jar
7f8796353000-7f8796357000 r--s 0001e000 08:04 8657503                    /home/gunjan/git/GeolifeReloaded2_1_cleaned/libs/hgapi83_amidst-64.jar
7f8796357000-7f8796358000 r--s 00223000 08:04 8657850                    /home/gunjan/git/GeolifeReloaded2_1_cleaned/libs/EditDistanceStandAlone-capsule.jar
7f8796358000-7f879637d000 r--s 004f5000 08:04 8657504                    /home/gunjan/git/GeolifeReloaded2_1_cleaned/libs/spmf.zip
7f879637d000-7f879637f000 r--s 00027000 08:04 9438017                    /home/gunjan/.gradle/caches/modules-2/files-2.1/com.github.fommil.netlib/core/1.1.2/574b480eca62f535fad6d259e144fee3ef24b66e/core-1.1.2.jar
7f879637f000-7f8796381000 r--s 00001000 08:04 9438015                    /home/gunjan/.gradle/caches/modules-2/files-2.1/com.github.fommil/jniloader/1.1/4840f897eeb54d67ee14e478f8a45cc9937f3ce1/jniloader-1.1.jar
7f8796381000-7f8796382000 r--s 0000d000 08:04 9438013                    /home/gunjan/.gradle/caches/modules-2/files-2.1/com.github.fommil.netlib/native_system-java/1.1/3c6a2455f96b354a6940dce1393abb35ed7641da/native_system-java-1.1.jar
7f8796382000-7f8796383000 r--s 0000d000 08:04 9438011                    /home/gunjan/.gradle/caches/modules-2/files-2.1/com.github.fommil.netlib/native_ref-java/1.1/408c71ffbc3646dda7bee1e22bf19101e5e9ee90/native_ref-java-1.1.jar
7f8796383000-7f8796385000 r--s 00088000 08:04 9438009                    /home/gunjan/.gradle/caches/modules-2/files-2.1/com.github.fommil.netlib/netlib-native_system-win-i686/1.1/c25fd1881cf93f7716f47b7deec859f6b6b7be50/netlib-native_system-win-i686-1.1-natives.jar
7f8796385000-7f8796386000 r--s 0009b000 08:04 9438007                    /home/gunjan/.gradle/caches/modules-2/files-2.1/com.github.fommil.netlib/netlib-native_system-win-x86_64/1.1/222c7915be1daf1c26a4206f375d4957ae5f9d81/netlib-native_system-win-x86_64-1.1-natives.jar
7f8796386000-7f8796387000 r--s 0004b000 08:04 9438005                    /home/gunjan/.gradle/caches/modules-2/files-2.1/com.github.fommil.netlib/netlib-native_system-linux-armhf/1.1/27ae9f6a9c88b3f8d12ffa52d62941615f8ed416/netlib-native_system-linux-armhf-1.1-natives.jar
7f8796387000-7f8796388000 r--s 0006a000 08:04 9438003                    /home/gunjan/.gradle/caches/modules-2/files-2.1/com.github.fommil.netlib/netlib-native_system-linux-i686/1.1/dd43225560dbd9115d306f9be3ca195aed236b78/netlib-native_system-linux-i686-1.1-natives.jar
7f8796388000-7f8796389000 r--s 0006f000 08:04 9438001                    /home/gunjan/.gradle/caches/modules-2/files-2.1/com.github.fommil.netlib/netlib-native_system-linux-x86_64/1.1/163e88facabe7fa29952890dc2d3429e28501120/netlib-native_system-linux-x86_64-1.1-natives.jar
7f8796389000-7f879638a000 r--s 00087000 08:04 9437999                    /home/gunjan/.gradle/caches/modules-2/files-2.1/com.github.fommil.netlib/netlib-native_system-osx-x86_64/1.1/d724e33675dc8eaa5c8fcb05a3aaca6f3339afa7/netlib-native_system-osx-x86_64-1.1-natives.jar
7f879638a000-7f879638b000 r--s 00126000 08:04 9437997                    /home/gunjan/.gradle/caches/modules-2/files-2.1/com.github.fommil.netlib/netlib-native_ref-linux-armhf/1.1/ec467162f74710fd8897cff6888534ceaf297d9a/netlib-native_ref-linux-armhf-1.1-natives.jar
7f879638b000-7f879638c000 r--s 001bd000 08:04 9437995                    /home/gunjan/.gradle/caches/modules-2/files-2.1/com.github.fommil.netlib/netlib-native_ref-win-i686/1.1/167fb794a26cb0bfc74890c704c7137b1d5b50fd/netlib-native_ref-win-i686-1.1-natives.jar
7f879638c000-7f879638d000 r--s 00232000 08:04 9437993                    /home/gunjan/.gradle/caches/modules-2/files-2.1/com.github.fommil.netlib/netlib-native_ref-win-x86_64/1.1/4ab54511c2844546279d9f8e427c73953b794686/netlib-native_ref-win-x86_64-1.1-natives.jar
7f879638d000-7f879638e000 r--s 0016b000 08:04 9437990                    /home/gunjan/.gradle/caches/modules-2/files-2.1/com.github.fommil.netlib/netlib-native_ref-linux-i686/1.1/eedd845b214aea560bce317d778ebb52f8f46038/netlib-native_ref-linux-i686-1.1-natives.jar
7f879638e000-7f8796390000 r--s 001aa000 08:04 9437988                    /home/gunjan/.gradle/caches/modules-2/files-2.1/com.github.fommil.netlib/netlib-native_ref-linux-x86_64/1.1/5a3e5787d03c39790d5ae08cce189dd1ccc4a38/netlib-native_ref-linux-x86_64-1.1-natives.jar
7f8796390000-7f8796392000 r--s 001c0000 08:04 9437986                    /home/gunjan/.gradle/caches/modules-2/files-2.1/com.github.fommil.netlib/netlib-native_ref-osx-x86_64/1.1/80da53ec862f283dc3b191b9dbd3166ea6671831/netlib-native_ref-osx-x86_64-1.1-natives.jar
7f8796392000-7f8796393000 r--s 00001000 08:04 208                        /home/gunjan/.gradle/caches/modules-2/files-2.1/com.google.errorprone/error_prone_annotations/2.0.2/8382c6cdc18c8c8ad7840024fa340509cf16be11/error_prone_annotations-2.0.2.jar
7f8796393000-7f8796396000 r--s 00006000 08:04 206                        /home/gunjan/.gradle/caches/modules-2/files-2.1/com.google.code.findbugs/jsr305/1.3.9/40719ea6961c0cb6afaeb6a921eaa1f6afd4cfdf/jsr305-1.3.9.jar
7f8796396000-7f879639c000 r--s 0004b000 08:04 9437984                    /home/gunjan/.gradle/caches/modules-2/files-2.1/org.jfree/jcommon/1.0.23/a316f336ca996e0c6bec4e4fbd49be8f5e1c3968/jcommon-1.0.23.jar
7f879639c000-7f879639d000 r--s 00000000 08:04 9437982                    /home/gunjan/.gradle/caches/modules-2/files-2.1/net.jcip/jcip-annotations/1.0/afba4942caaeaf46aab0b976afd57cc7c181467e/jcip-annotations-1.0.jar
7f879639d000-7f87963a3000 r--s 00026000 08:04 9437980                    /home/gunjan/.gradle/caches/modules-2/files-2.1/org.jetbrains.kotlin/kotlin-runtime/1.0.2/8ec2d49a780ddba5e9b6860a72969e4d5bbc0c55/kotlin-runtime-1.0.2.jar
7f87963a3000-7f87963a5000 r--s 0000c000 08:04 9437977                    /home/gunjan/.gradle/caches/modules-2/files-2.1/org.ow2.asm/asm/5.0.4/da08b8cce7bbf903602a25a3a163ae252435795/asm-5.0.4.jar
7f87963a5000-7f87963a7000 r--s 00011000 08:04 9437975                    /home/gunjan/.gradle/caches/modules-2/files-2.1/com.cedarsoftware/json-io/2.5.1/dd7fe37e5d02b93b014df08655da2b9e0dc2700a/json-io-2.5.1.jar
7f87963a7000-7f87963a9000 r--s 0000d000 08:04 9437973                    /home/gunjan/.gradle/caches/modules-2/files-2.1/commons-logging/commons-logging/1.1.1/5043bfebc3db072ed80fbd362e7caf00e885d8ae/commons-logging-1.1.1.jar
7f87963a9000-7f87963ab000 r--s 00009000 08:04 9437971                    /home/gunjan/.gradle/caches/modules-2/files-2.1/org.hamcrest/hamcrest-core/1.3/42a25dc3219429f0e5d060061f71acb49bf010a0/hamcrest-core-1.3.jar
7f87963ab000-7f87963ae000 r--s 00018000 08:04 9312811                    /home/gunjan/.gradle/caches/modules-2/files-2.1/commons-io/commons-io/1.4/a8762d07e76cfde2395257a5da47ba7c1dbd3dce/commons-io-1.4.jar
7f87963ae000-7f87963b2000 r--s 000dc000 08:04 9570848                    /home/gunjan/.gradle/caches/modules-2/files-2.1/net.java.dev.jna/jna/4.1.0/1c12d070e602efd8021891cdd7fd18bc129372d4/jna-4.1.0.jar
7f87963b2000-7f87963c4000 r--s 000a7000 08:04 204                        /home/gunjan/.gradle/caches/modules-2/files-2.1/com.google.guava/guava-testlib/19.0/ce5b880b206de3f76d364988a6308c68c726f74a/guava-testlib-19.0.jar
7f87963c4000-7f87963cd000 r--s 0006f000 08:04 9438180                    /home/gunjan/.gradle/caches/modules-2/files-2.1/log4j/log4j/1.2.17/5af35056b4d257e4b64b9e8069c0746e8b08629f/log4j-1.2.17.jar
7f87963cd000-7f87963de000 r--s 0016e000 08:04 9437969                    /home/gunjan/.gradle/caches/modules-2/files-2.1/org.jfree/jfreechart/1.0.19/ba9ee7dbb2e4c57a6901c79f614ed2dea9cc0e20/jfreechart-1.0.19.jar
7f87963de000-7f87963e0000 r--s 0000e000 08:04 9437967                    /home/gunjan/.gradle/caches/modules-2/files-2.1/com.beust/jcommander/1.48/bfcb96281ea3b59d626704f74bc6d625ff51cbce/jcommander-1.48.jar
7f87963e0000-7f87963e1000 r--s 00002000 08:04 9437963                    /home/gunjan/.gradle/caches/modules-2/files-2.1/org.slf4j/slf4j-simple/1.7.12/42db62298b899818ff17352cbc00050e940bbfb0/slf4j-simple-1.7.12.jar
7f87963e1000-7f87963f1000 r--s 00088000 08:04 9437961                    /home/gunjan/.gradle/caches/modules-2/files-2.1/joda-time/joda-time/2.8.2/d27c24204c5e507b16fec01006b3d0f1ec42aed4/joda-time-2.8.2.jar
7f87963f1000-7f8796401000 r--s 00085000 08:04 9437959                    /home/gunjan/.gradle/caches/modules-2/files-2.1/com.mchange/mchange-commons-java/0.2.11/2a6a6c1fe25f28f5a073171956ce6250813467ef/mchange-commons-java-0.2.11.jar
7f8796401000-7f8796403000 r--s 00016000 08:04 9437957                    /home/gunjan/.gradle/caches/modules-2/files-2.1/com.googlecode.netlib-java/netlib-java/1.1/4a9c3b55b23430e5a6ad86101a88aea500ba8086/netlib-java-1.1.jar
7f8796403000-7f8796415000 r--s 00112000 08:04 9437955                    /home/gunjan/.gradle/caches/modules-2/files-2.1/net.sourceforge.f2j/arpack_combined_all/0.1/225619a060b42605b4d9fd4af11815664abf26eb/arpack_combined_all-0.1.jar
7f8796415000-7f879641a000 r--s 0003d000 08:04 9437953                    /home/gunjan/.gradle/caches/modules-2/files-2.1/com.googlecode.matrix-toolkits-java/mtj/1.0.4/e14ed840ff5e15de92dba2d1af29201fa70a0f35/mtj-1.0.4.jar
7f879641a000-7f879641e000 r--s 0002f000 08:04 9437951                    /home/gunjan/.gradle/caches/modules-2/files-2.1/nz.ac.waikato.cms.weka.thirdparty/bounce/0.18/d774f9a0aa5cbe08dea8907720c64c417aed861/bounce-0.18.jar
7f879641e000-7f879641f000 r--s 00005000 08:04 9437949                    /home/gunjan/.gradle/caches/modules-2/files-2.1/nz.ac.waikato.cms.weka.thirdparty/java-cup-11b-runtime/2015.03.26/5466fad5c5866f33e3230c30ca623e7e8deff1f8/java-cup-11b-runtime-2015.03.26.jar
7f879641f000-7f8796421000 r--s 00016000 08:04 9437943                    /home/gunjan/.gradle/caches/modules-2/files-2.1/nz.ac.waikato.cms.weka.thirdparty/java-cup-11b/2015.03.26/6e97c5abd2e76d83220f09f72de0b89b6de18dc1/java-cup-11b-2015.03.26.jar
7f8796421000-7f8796425000 r--s 0001a000 08:04 9437936                    /home/gunjan/.gradle/caches/modules-2/files-2.1/org.mapdb/elsa/3.0.0-M5/d7c1920d084e741e04844f512af24012e745e809/elsa-3.0.0-M5.jar
7f8796425000-7f8796427000 r--s 00038000 08:04 9437934                    /home/gunjan/.gradle/caches/modules-2/files-2.1/net.jpountz.lz4/lz4/1.3.0/c708bb2590c0652a642236ef45d9f99ff842a2ce/lz4-1.3.0.jar
7f8796427000-7f8796453000 r--s 00208000 08:04 9437932                    /home/gunjan/.gradle/caches/modules-2/files-2.1/com.google.guava/guava/19.0/6ce200f6b23222af3d8abb6b6459e6c44f4bb0e9/guava-19.0.jar
7f8796453000-7f8796455000 r--s 00009000 08:04 11439006                   /home/gunjan/.gradle/caches/modules-2/files-2.1/org.eclipse.collections/eclipse-collections-forkjoin/7.1.1/892b970cb03461f8c10daba778edbef3f0a26846/eclipse-collections-forkjoin-7.1.1.jar
7f8796455000-7f87964f3000 r--s 00896000 08:04 11439004                   /home/gunjan/.gradle/caches/modules-2/files-2.1/org.eclipse.collections/eclipse-collections/7.1.1/83eca9f03f1f2d055df453d72036c5ce2e82896b/eclipse-collections-7.1.1.jar
7f87964f3000-7f8796516000 r--s 000a0000 08:04 11439002                   /home/gunjan/.gradle/caches/modules-2/files-2.1/org.eclipse.collections/eclipse-collections-api/7.1.1/806c2b3bef5364d1a1668f25ce70100fa2c6b919/eclipse-collections-api-7.1.1.jar
7f8796516000-7f879651f000 r--s 00084000 08:04 9437924                    /home/gunjan/.gradle/caches/modules-2/files-2.1/org.jetbrains.kotlin/kotlin-stdlib/1.0.2/22063f19bfd8e50f21fc310842a91ff5b31bb272/kotlin-stdlib-1.0.2.jar
7f879651f000-7f8796521000 r--s 00004000 08:04 9437920                    /home/gunjan/.gradle/caches/modules-2/files-2.1/com.esotericsoftware/reflectasm/1.11.3/8b102eed2f12412b254946811111ea48bc03a266/reflectasm-1.11.3.jar
7f8796521000-7f8796523000 r--s 0000d000 08:04 9437918                    /home/gunjan/.gradle/caches/modules-2/files-2.1/com.cedarsoftware/java-util/1.9.0/c5f6deb3213a693d0cc20a78b1052ecc9a2df09c/java-util-1.9.0.jar
7f8796523000-7f8796525000 r--s 0000b000 08:04 9437916                    /home/gunjan/.gradle/caches/modules-2/files-2.1/org.objenesis/objenesis/2.4/2916b6c96b50c5b3ec4452ed99401db745aabb27/objenesis-2.4.jar
7f8796525000-7f879652e000 r--s 000ae000 08:04 9437914                    /home/gunjan/.gradle/caches/modules-2/files-2.1/org.javassist/javassist/3.19.0-GA/50120f69224dd8684b445a6f3a5b08fe9b5c60f6/javassist-3.19.0-GA.jar
7f879652e000-7f8796532000 r--s 00041000 08:04 9437912                    /home/gunjan/.gradle/caches/modules-2/files-2.1/com.fasterxml.jackson.core/jackson-core/2.8.1/fd13b1c033741d48291315c6370f7d475a42dccf/jackson-core-2.8.1.jar
7f8796532000-7f879653a000 r--s 00045000 08:04 9437910                    /home/gunjan/.gradle/caches/modules-2/files-2.1/junit/junit/4.12/2973d150c0dc1fefe998f834810d68f278ea58ec/junit-4.12.jar
7f879653a000-7f879653c000 r--s 0000b000 08:04 9312810                    /home/gunjan/.gradle/caches/modules-2/files-2.1/org.zeroturnaround/zt-exec/1.9/a6c5747098b1ede9f4a6e9c36eaebb357a4430ed/zt-exec-1.9.jar
7f879653c000-7f879653f000 r--s 00012000 08:04 9312574                    /home/gunjan/.gradle/caches/modules-2/files-2.1/com.zaxxer/nuprocess/1.1.0/9479382344b61b36dd3ca1ec1b10aaa91295d632/nuprocess-1.1.0.jar
7f879653f000-7f8796567000 r--s 00241000 08:04 263                        /home/gunjan/.gradle/caches/modules-2/files-2.1/net.sf.trove4j/trove4j/3.0.3/42ccaf4761f0dfdfa805c9e340d99a755907e2dd/trove4j-3.0.3.jar
7f8796567000-7f879656f000 r--s 00042000 08:04 9437906                    /home/gunjan/.gradle/caches/modules-2/files-2.1/org.n52.matlab/matlab-control/5.0.0/ced8fdb8664759574b2f340aa00844f757dfcad0/matlab-control-5.0.0.jar
7f879656f000-7f879657a000 r--s 000b6000 08:04 9437904                    /home/gunjan/.gradle/caches/modules-2/files-2.1/org.tinyjee.jgraphx/jgraphx/3.4.1.3/a62939cbd5af2dff663e91d061b3e4edc7b8df85/jgraphx-3.4.1.3.jar
7f879657a000-7f8796581000 r--s 00073000 08:04 9437900                    /home/gunjan/.gradle/caches/modules-2/files-2.1/com.mchange/c3p0/0.9.5.2/5f86cb6130bc6e8475615ed82d5b5e6fb226a86a/c3p0-0.9.5.2.jar
7f8796581000-7f87965e0000 r--s 00835000 08:04 9437892                    /home/gunjan/.gradle/caches/modules-2/files-2.1/nz.ac.waikato.cms.weka/weka-stable/3.8.0/5f6547867e775b416982cdcaa2dbef67855a6669/weka-stable-3.8.0.jar
7f87965e0000-7f8796607000 r--s 001f6000 08:04 9437884                    /home/gunjan/.gradle/caches/modules-2/files-2.1/org.apache.commons/commons-math3/3.6.1/e4ba98f1d4b3c80ec46392f25e094a6a2e58fcbf/commons-math3-3.6.1.jar
7f8796607000-7f8796608000 ---p 00000000 00:00 0 
7f8796608000-7f8796708000 rw-p 00000000 00:00 0 
7f8796708000-7f879670b000 ---p 00000000 00:00 0 
7f879670b000-7f8796809000 rw-p 00000000 00:00 0 
7f8796809000-7f879680c000 ---p 00000000 00:00 0 
7f879680c000-7f879690a000 rw-p 00000000 00:00 0 
7f879690a000-7f879690d000 ---p 00000000 00:00 0 
7f879690d000-7f8796a0b000 rw-p 00000000 00:00 0 
7f8796a0b000-7f8796a0e000 ---p 00000000 00:00 0 
7f8796a0e000-7f8796b0c000 rw-p 00000000 00:00 0 
7f8796b0c000-7f8796b0f000 ---p 00000000 00:00 0 
7f8796b0f000-7f8796c0d000 rw-p 00000000 00:00 0 
7f8796c0d000-7f8796dee000 r--p 00000000 08:04 9986683                    /usr/lib/locale/locale-archive
7f8796dee000-7f8796df1000 ---p 00000000 00:00 0 
7f8796df1000-7f8796eef000 rw-p 00000000 00:00 0 
7f8796eef000-7f8796ef2000 ---p 00000000 00:00 0 
7f8796ef2000-7f8796ff0000 rw-p 00000000 00:00 0 
7f8796ff0000-7f8796ff1000 ---p 00000000 00:00 0 
7f8796ff1000-7f8798000000 rw-p 00000000 00:00 0 
7f8798000000-7f879bc5a000 rw-p 00000000 00:00 0 
7f879bc5a000-7f879c000000 ---p 00000000 00:00 0 
7f879c000000-7f879c003000 r--s 0001b000 08:04 9438178                    /home/gunjan/.gradle/caches/modules-2/files-2.1/com.google.uzaygezen/uzaygezen-core/0.2/611b82d4c4b4f67cc3d83cf0697ec660fcee2fff/uzaygezen-core-0.2.jar
7f879c003000-7f879c00a000 r--s 00067000 08:04 9437898                    /home/gunjan/.gradle/caches/modules-2/files-2.1/org.mariadb.jdbc/mariadb-java-client/1.5.4/bd0e2e8494245c2885a79fc92bc3693c88cbfab4/mariadb-java-client-1.5.4.jar
7f879c00a000-7f879c013000 r--s 00062000 08:04 9437894                    /home/gunjan/.gradle/caches/modules-2/files-2.1/org.jgrapht/jgrapht-core/1.0.0/c2adf22c2d37721489de12e70f5c226832045071/jgrapht-core-1.0.0.jar
7f879c013000-7f879c01c000 r--s 000aa000 08:04 9437890                    /home/gunjan/.gradle/caches/modules-2/files-2.1/org.mapdb/mapdb/3.0.2/bcd8209dda05a358318b29719a9e76b21d5e4683/mapdb-3.0.2.jar
7f879c01c000-7f879c0a0000 rw-p 00000000 00:00 0 
7f879c0a0000-7f879c279000 r--s 03d2c000 08:04 1180452                    /usr/lib/jvm/java-8-jdk/jre/lib/rt.jar
7f879c279000-7f879ca79000 rw-p 00000000 00:00 0 
7f879ca79000-7f87b5000000 rw-p 00000000 00:00 0 
7f87b5000000-7f87b5980000 rwxp 00000000 00:00 0 
7f87b5980000-7f87c4000000 ---p 00000000 00:00 0 
7f87c4000000-7f87c48d4000 rw-p 00000000 00:00 0 
7f87c48d4000-7f87c8000000 ---p 00000000 00:00 0 
7f87c8000000-7f87c8002000 r--s 0001e000 08:04 9437908                    /home/gunjan/.gradle/caches/modules-2/files-2.1/net.seninp/jmotif-sax/1.1.1/22909acc5e5c67cd9a4517070a7fb4f7ef926ab3/jmotif-sax-1.1.1.jar
7f87c8002000-7f87c8005000 r--s 0001f000 08:04 9437902                    /home/gunjan/.gradle/caches/modules-2/files-2.1/com.zaxxer/HikariCP/2.5.1/b896b711e2d98fedf403de590559a123b5fbf1a6/HikariCP-2.5.1.jar
7f87c8005000-7f87c8007000 r--s 0000c000 08:04 9437896                    /home/gunjan/.gradle/caches/modules-2/files-2.1/org.json/json/20160810/aca5eb39e2a12fddd6c472b240afe9ebea3a6733/json-20160810.jar
7f87c8007000-7f87c809e000 rw-p 00000000 00:00 0 
7f87c809e000-7f87c809f000 ---p 00000000 00:00 0 
7f87c809f000-7f87c819f000 rw-p 00000000 00:00 0 
7f87c819f000-7f87c81a0000 ---p 00000000 00:00 0 
7f87c81a0000-7f87c82a0000 rw-p 00000000 00:00 0 
7f87c82a0000-7f87c82a1000 ---p 00000000 00:00 0 
7f87c82a1000-7f87c83a1000 rw-p 00000000 00:00 0 
7f87c83a1000-7f87c83a2000 ---p 00000000 00:00 0 
7f87c83a2000-7f87c934c000 rw-p 00000000 00:00 0 
7f87c934c000-7f87c9857000 rw-p 00000000 00:00 0 
7f87c9857000-7f87c9aa2000 ---p 00000000 00:00 0 
7f87c9aa2000-7f87c9ac9000 rw-p 00000000 00:00 0 
7f87c9ac9000-7f87c9e63000 ---p 00000000 00:00 0 
7f87c9e63000-7f87c9e7d000 r-xp 00000000 08:04 1180541                    /usr/lib/jvm/java-8-jdk/jre/lib/amd64/libzip.so
7f87c9e7d000-7f87ca07d000 ---p 0001a000 08:04 1180541                    /usr/lib/jvm/java-8-jdk/jre/lib/amd64/libzip.so
7f87ca07d000-7f87ca07e000 rw-p 0001a000 08:04 1180541                    /usr/lib/jvm/java-8-jdk/jre/lib/amd64/libzip.so
7f87ca07e000-7f87ca089000 r-xp 00000000 08:04 9962652                    /usr/lib/libnss_files-2.25.so
7f87ca089000-7f87ca288000 ---p 0000b000 08:04 9962652                    /usr/lib/libnss_files-2.25.so
7f87ca288000-7f87ca289000 r--p 0000a000 08:04 9962652                    /usr/lib/libnss_files-2.25.so
7f87ca289000-7f87ca28a000 rw-p 0000b000 08:04 9962652                    /usr/lib/libnss_files-2.25.so
7f87ca28a000-7f87ca290000 rw-p 00000000 00:00 0 
7f87ca290000-7f87ca2bb000 r-xp 00000000 08:04 1180515                    /usr/lib/jvm/java-8-jdk/jre/lib/amd64/libjava.so
7f87ca2bb000-7f87ca4ba000 ---p 0002b000 08:04 1180515                    /usr/lib/jvm/java-8-jdk/jre/lib/amd64/libjava.so
7f87ca4ba000-7f87ca4bc000 rw-p 0002a000 08:04 1180515                    /usr/lib/jvm/java-8-jdk/jre/lib/amd64/libjava.so
7f87ca4bc000-7f87ca4c9000 r-xp 00000000 08:04 1180562                    /usr/lib/jvm/java-8-jdk/jre/lib/amd64/libverify.so
7f87ca4c9000-7f87ca6c8000 ---p 0000d000 08:04 1180562                    /usr/lib/jvm/java-8-jdk/jre/lib/amd64/libverify.so
7f87ca6c8000-7f87ca6ca000 rw-p 0000c000 08:04 1180562                    /usr/lib/jvm/java-8-jdk/jre/lib/amd64/libverify.so
7f87ca6ca000-7f87ca6d1000 r-xp 00000000 08:04 9962272                    /usr/lib/librt-2.25.so
7f87ca6d1000-7f87ca8d0000 ---p 00007000 08:04 9962272                    /usr/lib/librt-2.25.so
7f87ca8d0000-7f87ca8d1000 r--p 00006000 08:04 9962272                    /usr/lib/librt-2.25.so
7f87ca8d1000-7f87ca8d2000 rw-p 00007000 08:04 9962272                    /usr/lib/librt-2.25.so
7f87ca8d2000-7f87ca9e4000 r-xp 00000000 08:04 9962314                    /usr/lib/libm-2.25.so
7f87ca9e4000-7f87cabe3000 ---p 00112000 08:04 9962314                    /usr/lib/libm-2.25.so
7f87cabe3000-7f87cabe4000 r--p 00111000 08:04 9962314                    /usr/lib/libm-2.25.so
7f87cabe4000-7f87cabe5000 rw-p 00112000 08:04 9962314                    /usr/lib/libm-2.25.so
7f87cabe5000-7f87cb8b3000 r-xp 00000000 08:04 1180572                    /usr/lib/jvm/java-8-jdk/jre/lib/amd64/server/libjvm.so
7f87cb8b3000-7f87cbab3000 ---p 00cce000 08:04 1180572                    /usr/lib/jvm/java-8-jdk/jre/lib/amd64/server/libjvm.so
7f87cbab3000-7f87cbb8c000 rw-p 00cce000 08:04 1180572                    /usr/lib/jvm/java-8-jdk/jre/lib/amd64/server/libjvm.so
7f87cbb8c000-7f87cbbd7000 rw-p 00000000 00:00 0 
7f87cbbd7000-7f87cbd72000 r-xp 00000000 08:04 9963120                    /usr/lib/libc-2.25.so
7f87cbd72000-7f87cbf71000 ---p 0019b000 08:04 9963120                    /usr/lib/libc-2.25.so
7f87cbf71000-7f87cbf75000 r--p 0019a000 08:04 9963120                    /usr/lib/libc-2.25.so
7f87cbf75000-7f87cbf77000 rw-p 0019e000 08:04 9963120                    /usr/lib/libc-2.25.so
7f87cbf77000-7f87cbf7b000 rw-p 00000000 00:00 0 
7f87cbf7b000-7f87cbf7e000 r-xp 00000000 08:04 9962388                    /usr/lib/libdl-2.25.so
7f87cbf7e000-7f87cc17d000 ---p 00003000 08:04 9962388                    /usr/lib/libdl-2.25.so
7f87cc17d000-7f87cc17e000 r--p 00002000 08:04 9962388                    /usr/lib/libdl-2.25.so
7f87cc17e000-7f87cc17f000 rw-p 00003000 08:04 9962388                    /usr/lib/libdl-2.25.so
7f87cc17f000-7f87cc194000 r-xp 00000000 08:04 1180570                    /usr/lib/jvm/java-8-jdk/jre/lib/amd64/jli/libjli.so
7f87cc194000-7f87cc394000 ---p 00015000 08:04 1180570                    /usr/lib/jvm/java-8-jdk/jre/lib/amd64/jli/libjli.so
7f87cc394000-7f87cc395000 rw-p 00015000 08:04 1180570                    /usr/lib/jvm/java-8-jdk/jre/lib/amd64/jli/libjli.so
7f87cc395000-7f87cc3ae000 r-xp 00000000 08:04 9963199                    /usr/lib/libpthread-2.25.so
7f87cc3ae000-7f87cc5ad000 ---p 00019000 08:04 9963199                    /usr/lib/libpthread-2.25.so
7f87cc5ad000-7f87cc5ae000 r--p 00018000 08:04 9963199                    /usr/lib/libpthread-2.25.so
7f87cc5ae000-7f87cc5af000 rw-p 00019000 08:04 9963199                    /usr/lib/libpthread-2.25.so
7f87cc5af000-7f87cc5b3000 rw-p 00000000 00:00 0 
7f87cc5b3000-7f87cc5d6000 r-xp 00000000 08:04 9963124                    /usr/lib/ld-2.25.so
7f87cc5d6000-7f87cc5d7000 r--s 00001000 08:04 9437922                    /home/gunjan/.gradle/caches/modules-2/files-2.1/com.esotericsoftware/minlog/1.3.0/ff07b5f1b01d2f92bb00a337f9a94873712f0827/minlog-1.3.0.jar
7f87cc5d7000-7f87cc5df000 r--s 00048000 08:04 9437888                    /home/gunjan/.gradle/caches/modules-2/files-2.1/com.esotericsoftware/kryo/4.0.0/9f5c64c1315ec79bee0f56bb88e4ae94b65048ce/kryo-4.0.0.jar
7f87cc5df000-7f87cc689000 rw-p 00000000 00:00 0 
7f87cc689000-7f87cc68c000 ---p 00000000 00:00 0 
7f87cc68c000-7f87cc78c000 rw-p 00000000 00:00 0 
7f87cc78c000-7f87cc78d000 r--s 00007000 08:04 202                        /home/gunjan/.gradle/caches/modules-2/files-2.1/com.github.mgunlogson/cuckoofilter4j/1.0.1/1ecac9da72e10f966c90d23c5d774f972d3e940f/cuckoofilter4j-1.0.1.jar
7f87cc78d000-7f87cc794000 r--s 00057000 08:04 9437886                    /home/gunjan/.gradle/caches/modules-2/files-2.1/de.ruedigermoeller/fst/2.48/a04da9aca9ecc7dcf19c5e25b89bc21468e2a3e7/fst-2.48.jar
7f87cc794000-7f87cc79c000 r--s 0006e000 08:04 9437882                    /home/gunjan/.gradle/caches/modules-2/files-2.1/org.apache.commons/commons-lang3/3.5/6c6c702c89bfff3cd9e80b04d668c5e190d588c6/commons-lang3-3.5.jar
7f87cc79c000-7f87cc79e000 r--s 0000c000 08:04 9437880                    /home/gunjan/.gradle/caches/modules-2/files-2.1/org.apache.commons/commons-exec/1.3/8dfb9facd0830a27b1b5f29f84593f0aeee7773b/commons-exec-1.3.jar
7f87cc79e000-7f87cc79f000 r--s 00009000 08:04 9308247                    /home/gunjan/.gradle/caches/modules-2/files-2.1/org.apache.commons/commons-csv/1.4/fc2512d2109144df353501266ac4bbe179058afd/commons-csv-1.4.jar
7f87cc79f000-7f87cc7a1000 r--s 00009000 08:04 9308245                    /home/gunjan/.gradle/caches/modules-2/files-2.1/org.slf4j/slf4j-api/1.7.21/139535a69a4239db087de9bab0bee568bf8e0b70/slf4j-api-1.7.21.jar
7f87cc7a1000-7f87cc7c9000 rw-p 00000000 00:00 0 
7f87cc7c9000-7f87cc7d1000 rw-s 00000000 00:23 45                         /tmp/hsperfdata_gunjan/13712
7f87cc7d1000-7f87cc7d2000 rw-p 00000000 00:00 0 
7f87cc7d2000-7f87cc7d3000 ---p 00000000 00:00 0 
7f87cc7d3000-7f87cc7d5000 rw-p 00000000 00:00 0 
7f87cc7d5000-7f87cc7d6000 r--p 00022000 08:04 9963124                    /usr/lib/ld-2.25.so
7f87cc7d6000-7f87cc7d7000 rw-p 00023000 08:04 9963124                    /usr/lib/ld-2.25.so
7f87cc7d7000-7f87cc7d8000 rw-p 00000000 00:00 0 
7fff9554f000-7fff95573000 rw-p 00000000 00:00 0                          [stack]
7fff955a5000-7fff955a7000 r--p 00000000 00:00 0                          [vvar]
7fff955a7000-7fff955a9000 r-xp 00000000 00:00 0                          [vdso]
ffffffffff600000-ffffffffff601000 r-xp 00000000 00:00 0                  [vsyscall]

VM Arguments:
jvm_args: -Xmx11g -Dfile.encoding=UTF-8 
java_command: org.activity.controller.SuperController
java_class_path (initial): /home/gunjan/git/GeolifeReloaded2_1_cleaned/bin:/home/gunjan/.gradle/caches/modules-2/files-2.1/org.slf4j/slf4j-api/1.7.21/139535a69a4239db087de9bab0bee568bf8e0b70/slf4j-api-1.7.21.jar:/home/gunjan/.gradle/caches/modules-2/files-2.1/org.apache.commons/commons-csv/1.4/fc2512d2109144df353501266ac4bbe179058afd/commons-csv-1.4.jar:/home/gunjan/.gradle/caches/modules-2/files-2.1/org.apache.commons/commons-exec/1.3/8dfb9facd0830a27b1b5f29f84593f0aeee7773b/commons-exec-1.3.jar:/home/gunjan/.gradle/caches/modules-2/files-2.1/org.apache.commons/commons-lang3/3.5/6c6c702c89bfff3cd9e80b04d668c5e190d588c6/commons-lang3-3.5.jar:/home/gunjan/.gradle/caches/modules-2/files-2.1/org.apache.commons/commons-math3/3.6.1/e4ba98f1d4b3c80ec46392f25e094a6a2e58fcbf/commons-math3-3.6.1.jar:/home/gunjan/.gradle/caches/modules-2/files-2.1/de.ruedigermoeller/fst/2.48/a04da9aca9ecc7dcf19c5e25b89bc21468e2a3e7/fst-2.48.jar:/home/gunjan/.gradle/caches/modules-2/files-2.1/com.esotericsoftware/kryo/4.0.0/9f5c64c1315ec79bee0f56bb88e4ae94b65048ce/kryo-4.0.0.jar:/home/gunjan/.gradle/caches/modules-2/files-2.1/org.mapdb/mapdb/3.0.2/bcd8209dda05a358318b29719a9e76b21d5e4683/mapdb-3.0.2.jar:/home/gunjan/.gradle/caches/modules-2/files-2.1/nz.ac.waikato.cms.weka/weka-stable/3.8.0/5f6547867e775b416982cdcaa2dbef67855a6669/weka-stable-3.8.0.jar:/home/gunjan/.gradle/caches/modules-2/files-2.1/org.jgrapht/jgrapht-core/1.0.0/c2adf22c2d37721489de12e70f5c226832045071/jgrapht-core-1.0.0.jar:/home/gunjan/.gradle/caches/modules-2/files-2.1/org.json/json/20160810/aca5eb39e2a12fddd6c472b240afe9ebea3a6733/json-20160810.jar:/home/gunjan/.gradle/caches/modules-2/files-2.1/org.mariadb.jdbc/mariadb-java-client/1.5.4/bd0e2e8494245c2885a79fc92bc3693c88cbfab4/mariadb-java-client-1.5.4.jar:/home/gunjan/.gradle/caches/modules-2/files-2.1/com.mchange/c3p0/0.9.5.2/5f86cb6130bc6e8475615ed82d5b5e6fb226a86a/c3p0-0.9.5.2.jar:/home/gunjan/.gradle/caches/modules-2/files-2.1/com.zaxxer/HikariCP/2.5.1/b896b711e2d
Launcher Type: SUN_STANDARD

Environment Variables:
PATH=/usr/local/sbin:/usr/local/bin:/usr/bin:/opt/android-sdk/platform-tools:/usr/lib/jvm/default/bin:/usr/bin/site_perl:/usr/bin/vendor_perl:/usr/bin/core_perl
SHELL=/bin/bash
DISPLAY=:0

Signal Handlers:
SIGSEGV: [libjvm.so+0xac7800], sa_mask[0]=11111111011111111101111111111110, sa_flags=SA_RESTART|SA_SIGINFO
SIGBUS: [libjvm.so+0xac7800], sa_mask[0]=11111111011111111101111111111110, sa_flags=SA_RESTART|SA_SIGINFO
SIGFPE: [libjvm.so+0x920990], sa_mask[0]=11111111011111111101111111111110, sa_flags=SA_RESTART|SA_SIGINFO
SIGPIPE: [libjvm.so+0x920990], sa_mask[0]=11111111011111111101111111111110, sa_flags=SA_RESTART|SA_SIGINFO
SIGXFSZ: [libjvm.so+0x920990], sa_mask[0]=11111111011111111101111111111110, sa_flags=SA_RESTART|SA_SIGINFO
SIGILL: [libjvm.so+0x920990], sa_mask[0]=11111111011111111101111111111110, sa_flags=SA_RESTART|SA_SIGINFO
SIGUSR1: SIG_DFL, sa_mask[0]=00000000000000000000000000000000, sa_flags=none
SIGUSR2: [libjvm.so+0x9221d0], sa_mask[0]=00100000000000000000000000000000, sa_flags=SA_RESTART|SA_SIGINFO
SIGHUP: [libjvm.so+0x9235d0], sa_mask[0]=11111111011111111101111111111110, sa_flags=SA_RESTART|SA_SIGINFO
SIGINT: SIG_IGN, sa_mask[0]=00000000000000000000000000000000, sa_flags=none
SIGTERM: [libjvm.so+0x9235d0], sa_mask[0]=11111111011111111101111111111110, sa_flags=SA_RESTART|SA_SIGINFO
SIGQUIT: [libjvm.so+0x9235d0], sa_mask[0]=11111111011111111101111111111110, sa_flags=SA_RESTART|SA_SIGINFO


---------------  S Y S T E M  ---------------

OS:DISTRIB_ID=ManjaroLinux
DISTRIB_RELEASE=17.0.1
DISTRIB_CODENAME=Gellivara
DISTRIB_DESCRIPTION="Manjaro Linux"

uname:Linux 4.4.59-1-MANJARO #1 SMP PREEMPT Fri Mar 31 16:51:12 UTC 2017 x86_64
libc:glibc 2.25 NPTL 2.25 
rlimit: STACK 8192k, CORE infinity, NPROC 62742, NOFILE 4096, AS infinity
load average:2.71 1.53 0.93

/proc/meminfo:
MemTotal:       16343820 kB
MemFree:          143336 kB
MemAvailable:     105600 kB
Buffers:            1080 kB
Cached:          1106972 kB
SwapCached:            0 kB
Active:         14870180 kB
Inactive:         977076 kB
Active(anon):   14854832 kB
Inactive(anon):   954600 kB
Active(file):      15348 kB
Inactive(file):    22476 kB
Unevictable:         172 kB
Mlocked:             172 kB
SwapTotal:             0 kB
SwapFree:              0 kB
Dirty:                 4 kB
Writeback:             0 kB
AnonPages:      14741236 kB
Mapped:           614524 kB
Shmem:           1068368 kB
Slab:             113580 kB
SReclaimable:      55636 kB
SUnreclaim:        57944 kB
KernelStack:       16256 kB
PageTables:       115652 kB
NFS_Unstable:          0 kB
Bounce:                0 kB
WritebackTmp:          0 kB
CommitLimit:     8171908 kB
Committed_AS:   24674508 kB
VmallocTotal:   34359738367 kB
VmallocUsed:           0 kB
VmallocChunk:          0 kB
HardwareCorrupted:     0 kB
AnonHugePages:   8654848 kB
HugePages_Total:       0
HugePages_Free:        0
HugePages_Rsvd:        0
HugePages_Surp:        0
Hugepagesize:       2048 kB
DirectMap4k:      252568 kB
DirectMap2M:    12236800 kB
DirectMap1G:     4194304 kB


CPU:total 4 (2 cores per cpu, 2 threads per core) family 6 model 69 stepping 1, cmov, cx8, fxsr, mmx, sse, sse2, sse3, ssse3, sse4.1, sse4.2, popcnt, avx, avx2, aes, clmul, erms, lzcnt, ht, tsc, tscinvbit, bmi1, bmi2

/proc/cpuinfo:
processor	: 0
vendor_id	: GenuineIntel
cpu family	: 6
model		: 69
model name	: Intel(R) Core(TM) i5-4278U CPU @ 2.60GHz
stepping	: 1
microcode	: 0x1f
cpu MHz		: 2594.007
cache size	: 3072 KB
physical id	: 0
siblings	: 4
core id		: 0
cpu cores	: 2
apicid		: 0
initial apicid	: 0
fpu		: yes
fpu_exception	: yes
cpuid level	: 13
wp		: yes
flags		: fpu vme de pse tsc msr pae mce cx8 apic sep mtrr pge mca cmov pat pse36 clflush dts acpi mmx fxsr sse sse2 ss ht tm pbe syscall nx pdpe1gb rdtscp lm constant_tsc arch_perfmon pebs bts rep_good nopl xtopology nonstop_tsc aperfmperf eagerfpu pni pclmulqdq dtes64 monitor ds_cpl vmx est tm2 ssse3 sdbg fma cx16 xtpr pdcm pcid sse4_1 sse4_2 x2apic movbe popcnt tsc_deadline_timer aes xsave avx f16c rdrand lahf_lm abm ida arat epb pln pts dtherm tpr_shadow vnmi flexpriority ept vpid fsgsbase tsc_adjust bmi1 avx2 smep bmi2 erms invpcid xsaveopt
bugs		:
bogomips	: 5202.65
clflush size	: 64
cache_alignment	: 64
address sizes	: 39 bits physical, 48 bits virtual
power management:

processor	: 1
vendor_id	: GenuineIntel
cpu family	: 6
model		: 69
model name	: Intel(R) Core(TM) i5-4278U CPU @ 2.60GHz
stepping	: 1
microcode	: 0x1f
cpu MHz		: 2512.453
cache size	: 3072 KB
physical id	: 0
siblings	: 4
core id		: 1
cpu cores	: 2
apicid		: 2
initial apicid	: 2
fpu		: yes
fpu_exception	: yes
cpuid level	: 13
wp		: yes
flags		: fpu vme de pse tsc msr pae mce cx8 apic sep mtrr pge mca cmov pat pse36 clflush dts acpi mmx fxsr sse sse2 ss ht tm pbe syscall nx pdpe1gb rdtscp lm constant_tsc arch_perfmon pebs bts rep_good nopl xtopology nonstop_tsc aperfmperf eagerfpu pni pclmulqdq dtes64 monitor ds_cpl vmx est tm2 ssse3 sdbg fma cx16 xtpr pdcm pcid sse4_1 sse4_2 x2apic movbe popcnt tsc_deadline_timer aes xsave avx f16c rdrand lahf_lm abm ida arat epb pln pts dtherm tpr_shadow vnmi flexpriority ept vpid fsgsbase tsc_adjust bmi1 avx2 smep bmi2 erms invpcid xsaveopt
bugs		:
bogomips	: 5202.65
clflush size	: 64
cache_alignment	: 64
address sizes	: 39 bits physical, 48 bits virtual
power management:

processor	: 2
vendor_id	: GenuineIntel
cpu family	: 6
model		: 69
model name	: Intel(R) Core(TM) i5-4278U CPU @ 2.60GHz
stepping	: 1
microcode	: 0x1f
cpu MHz		: 2600.101
cache size	: 3072 KB
physical id	: 0
siblings	: 4
core id		: 0
cpu cores	: 2
apicid		: 1
initial apicid	: 1
fpu		: yes
fpu_exception	: yes
cpuid level	: 13
wp		: yes
flags		: fpu vme de pse tsc msr pae mce cx8 apic sep mtrr pge mca cmov pat pse36 clflush dts acpi mmx fxsr sse sse2 ss ht tm pbe syscall nx pdpe1gb rdtscp lm constant_tsc arch_perfmon pebs bts rep_good nopl xtopology nonstop_tsc aperfmperf eagerfpu pni pclmulqdq dtes64 monitor ds_cpl vmx est tm2 ssse3 sdbg fma cx16 xtpr pdcm pcid sse4_1 sse4_2 x2apic movbe popcnt tsc_deadline_timer aes xsave avx f16c rdrand lahf_lm abm ida arat epb pln pts dtherm tpr_shadow vnmi flexpriority ept vpid fsgsbase tsc_adjust bmi1 avx2 smep bmi2 erms invpcid xsaveopt
bugs		:
bogomips	: 5202.65
clflush size	: 64
cache_alignment	: 64
address sizes	: 39 bits physical, 48 bits virtual
power management:

processor	: 3
vendor_id	: GenuineIntel
cpu family	: 6
model		: 69
model name	: Intel(R) Core(TM) i5-4278U CPU @ 2.60GHz
stepping	: 1
microcode	: 0x1f
cpu MHz		: 2599.695
cache size	: 3072 KB
physical id	: 0
siblings	: 4
core id		: 1
cpu cores	: 2
apicid		: 3
initial apicid	: 3
fpu		: yes
fpu_exception	: yes
cpuid level	: 13
wp		: yes
flags		: fpu vme de pse tsc msr pae mce cx8 apic sep mtrr pge mca cmov pat pse36 clflush dts acpi mmx fxsr sse sse2 ss ht tm pbe syscall nx pdpe1gb rdtscp lm constant_tsc arch_perfmon pebs bts rep_good nopl xtopology nonstop_tsc aperfmperf eagerfpu pni pclmulqdq dtes64 monitor ds_cpl vmx est tm2 ssse3 sdbg fma cx16 xtpr pdcm pcid sse4_1 sse4_2 x2apic movbe popcnt tsc_deadline_timer aes xsave avx f16c rdrand lahf_lm abm ida arat epb pln pts dtherm tpr_shadow vnmi flexpriority ept vpid fsgsbase tsc_adjust bmi1 avx2 smep bmi2 erms invpcid xsaveopt
bugs		:
bogomips	: 5202.65
clflush size	: 64
cache_alignment	: 64
address sizes	: 39 bits physical, 48 bits virtual
power management:



Memory: 4k page, physical 16343820k(143336k free), swap 0k(0k free)

vm_info: Java HotSpot(TM) 64-Bit Server VM (25.112-b15) for linux-amd64 JRE (1.8.0_112-b15), built on Sep 22 2016 21:10:53 by "java_re" with gcc 4.3.0 20080428 (Red Hat 4.3.0-8)

time: Tue Apr 11 02:02:31 2017
elapsed time: 157 seconds (0d 0h 2m 37s)

