2017-12-18 02:10:19,456 [agent   :7778 ] INFO  - Plumbr native logging started. Native agent version B2058 build B2058
2017-12-18 02:10:19,457 [agent   :7778 ] DEBUG - Child process tracking started.
2017-12-18 02:10:19,459 [agent   :7778 ] DEBUG - Started child process 7805. Now tracking 1 processes.
2017-12-18 02:10:19,459 [agent   :7778 ] INFO  - Abort signal handler installed.
2017-12-18 02:10:19,460 [monitor :7805 ] INFO  - Process monitor succesfully started, monitoring PID 7778.
2017-12-18 02:10:19,466 [agent   :7778 ] INFO  - Status of loading Serviceability API symbols: available
2017-12-18 02:10:25,564 [monitor :7805 ] INFO  - Monitored process exited, no crash log found.
2017-12-18 02:11:17,566 [agent   :7848 ] INFO  - Plumbr native logging started. Native agent version B2058 build B2058
2017-12-18 02:11:17,567 [agent   :7848 ] DEBUG - Child process tracking started.
2017-12-18 02:11:17,569 [agent   :7848 ] DEBUG - Started child process 7872. Now tracking 1 processes.
2017-12-18 02:11:17,569 [agent   :7848 ] INFO  - Abort signal handler installed.
2017-12-18 02:11:17,570 [monitor :7872 ] INFO  - Process monitor succesfully started, monitoring PID 7848.
2017-12-18 02:11:17,576 [agent   :7848 ] INFO  - Status of loading Serviceability API symbols: available
2017-12-18 02:12:13,133 [agent   :7848 ] DEBUG - Starting collecting heap dump
2017-12-18 02:12:13,134 [agent   :7848 ] DEBUG - Beginning to process snapshot {"type":"preemptive","flags":0,"description":"More than 50% of Old Generation used after Major GC"} of type 3 (started at 1513543332990).
2017-12-18 02:12:13,134 [agent   :7848 ] DEBUG - Sending processing message start: 
2017-12-18 02:12:13,138 [agent   :7848 ] DEBUG - Started child process 7985. Now tracking 2 processes.
2017-12-18 02:12:13,138 [agent   :7848 ] DEBUG - Disk space check passed (3831504896 available, 1000000000 required, 0 written)
2017-12-18 02:12:13,138 [agent   :7848 ] INFO  - Memory state before taking a memory snapshot: 16732966912 total physical memory, 5717991424 available (minimum allowed 334659338).
2017-12-18 02:12:13,139 [notify  :7985 ] INFO  - Sending OOM status notification start: .
2017-12-18 02:12:16,564 [agent   :7848 ] DEBUG - Disk space check passed (3781406720 available, 1000000000 required, 50000008 written)
2017-12-18 02:12:17,568 [agent   :7848 ] WARN  - Child process 7985 exited with signal 11.
2017-12-18 02:12:17,568 [agent   :7848 ] DEBUG - 1 tracked processes still active.
2017-12-18 02:12:19,227 [agent   :7848 ] DEBUG - Disk space check passed (3731324928 available, 1000000000 required, 100000009 written)
2017-12-18 02:12:21,287 [agent   :7848 ] DEBUG - Disk space check passed (3681304576 available, 1000000000 required, 150000002 written)
2017-12-18 02:12:23,797 [agent   :7848 ] DEBUG - Disk space check passed (3631296512 available, 1000000000 required, 200000009 written)
2017-12-18 02:12:25,867 [agent   :7848 ] DEBUG - Disk space check passed (3581288448 available, 1000000000 required, 250000004 written)
2017-12-18 02:12:28,281 [agent   :7848 ] DEBUG - Disk space check passed (3531292672 available, 1000000000 required, 300000016 written)
2017-12-18 02:12:31,395 [agent   :7848 ] DEBUG - Disk space check passed (3481280512 available, 1000000000 required, 350000010 written)
2017-12-18 02:12:33,753 [agent   :7848 ] DEBUG - Disk space check passed (3431211008 available, 1000000000 required, 400000009 written)
2017-12-18 02:12:35,852 [agent   :7848 ] DEBUG - Disk space check passed (3381198848 available, 1000000000 required, 450000009 written)
2017-12-18 02:12:37,891 [agent   :7848 ] DEBUG - Disk space check passed (3331182592 available, 1000000000 required, 500000010 written)
2017-12-18 02:12:40,289 [agent   :7848 ] DEBUG - Disk space check passed (3281162240 available, 1000000000 required, 550000016 written)
2017-12-18 02:12:42,558 [agent   :7848 ] DEBUG - Disk space check passed (3231100928 available, 1000000000 required, 600000006 written)
2017-12-18 02:12:44,985 [agent   :7848 ] DEBUG - Disk space check passed (3181137920 available, 1000000000 required, 650000007 written)
2017-12-18 02:12:48,898 [agent   :7848 ] DEBUG - Disk space check passed (3131113472 available, 1000000000 required, 700000001 written)
2017-12-18 02:12:50,902 [agent   :7848 ] DEBUG - Disk space check passed (3081109504 available, 1000000000 required, 750000015 written)
2017-12-18 02:12:52,988 [agent   :7848 ] DEBUG - Disk space check passed (3031097344 available, 1000000000 required, 800000004 written)
2017-12-18 02:12:55,130 [agent   :7848 ] DEBUG - Disk space check passed (2981044224 available, 1000000000 required, 850000005 written)
2017-12-18 02:12:57,720 [agent   :7848 ] DEBUG - Disk space check passed (2931032064 available, 1000000000 required, 900000002 written)
2017-12-18 02:13:00,169 [agent   :7848 ] DEBUG - Disk space check passed (2881028096 available, 1000000000 required, 950000007 written)
2017-12-18 02:13:02,488 [agent   :7848 ] DEBUG - Disk space check passed (2831011840 available, 1000000000 required, 1000000002 written)
2017-12-18 02:13:05,418 [agent   :7848 ] DEBUG - Disk space check passed (2780934144 available, 1000000000 required, 1050000001 written)
2017-12-18 02:13:07,923 [agent   :7848 ] DEBUG - Disk space check passed (2730913792 available, 1000000000 required, 1100000000 written)
2017-12-18 02:13:10,399 [agent   :7848 ] DEBUG - Disk space check passed (2680897536 available, 1000000000 required, 1150000003 written)
2017-12-18 02:13:13,063 [agent   :7848 ] DEBUG - Disk space check passed (2630852608 available, 1000000000 required, 1200000005 written)
2017-12-18 02:13:16,358 [agent   :7848 ] DEBUG - Disk space check passed (2580824064 available, 1000000000 required, 1250000009 written)
2017-12-18 02:13:19,489 [agent   :7848 ] DEBUG - Disk space check passed (2529579008 available, 1000000000 required, 1300000002 written)
2017-12-18 02:13:22,559 [agent   :7848 ] DEBUG - Disk space check passed (2479558656 available, 1000000000 required, 1350000012 written)
2017-12-18 02:13:25,608 [agent   :7848 ] DEBUG - Disk space check passed (2429550592 available, 1000000000 required, 1400000008 written)
2017-12-18 02:13:28,632 [agent   :7848 ] DEBUG - Disk space check passed (2379513856 available, 1000000000 required, 1450000001 written)
2017-12-18 02:13:31,640 [agent   :7848 ] DEBUG - Disk space check passed (2329501696 available, 1000000000 required, 1500000003 written)
2017-12-18 02:13:34,667 [agent   :7848 ] DEBUG - Disk space check passed (2279493632 available, 1000000000 required, 1550000013 written)
2017-12-18 02:13:37,881 [agent   :7848 ] DEBUG - Disk space check passed (2229481472 available, 1000000000 required, 1600000004 written)
2017-12-18 02:13:40,866 [agent   :7848 ] DEBUG - Disk space check passed (2179469312 available, 1000000000 required, 1650000008 written)
2017-12-18 02:13:46,284 [agent   :7848 ] WARN  - Available memory safety check failed - available 1702846464 of 16732966912, but a decrease by 1422146408 must leave it above the minimum threshold of 334659338
2017-12-18 02:13:46,284 [agent   :7848 ] WARN  - Memory snapshot aborted due to failed memory usage safety check.
2017-12-18 02:13:47,165 [agent   :7848 ] ERROR - Not enough memory to safely complete the memory snapshot. (snapshot_dump_object_graph:1213)
2017-12-18 02:13:47,165 [agent   :7848 ] ERROR - Sending snapshot processing error (level error): memory_limit_reached
2017-12-18 02:13:47,170 [agent   :7848 ] DEBUG - Started child process 8089. Now tracking 2 processes.
2017-12-18 02:13:47,181 [notify  :8089 ] INFO  - Sending OOM status notification error: memory_limit_reached.
2017-12-18 02:13:47,569 [agent   :7848 ] WARN  - Child process 8089 exited with signal 11.
2017-12-18 02:13:47,569 [agent   :7848 ] DEBUG - 1 tracked processes still active.
2017-12-18 02:13:56,949 [agent   :7848 ] DEBUG - Started child process 8098. Now tracking 2 processes.
2017-12-18 02:13:56,949 [agent   :7848 ] DEBUG - Snapshot processing finished.
2017-12-18 02:13:56,949 [agent   :7848 ] DEBUG - Finished collecting heap dump
2017-12-18 02:13:57,409 [uploader:8098 ] INFO  - Plumbr native logging started. Native agent version B2058 build B2058
2017-12-18 02:13:57,964 [uploader:8098 ] INFO  - Starting to compress files /home/gunjan/Immovables/plumbr/plumbr/tmp/plumbr/oom_1513543332990/oom_info.txt and /home/gunjan/Immovables/plumbr/plumbr/tmp/plumbr/oom_1513543332990/oom_graph.bin to /home/gunjan/Immovables/plumbr/plumbr/tmp/plumbr/oom_1513543332990/oom.tbz2.
2017-12-18 02:14:53,215 [monitor :7872 ] INFO  - Monitored process exited, crash log found.
2017-12-18 02:17:32,403 [agent   :8510 ] INFO  - Plumbr native logging started. Native agent version B2058 build B2058
2017-12-18 02:17:32,404 [agent   :8510 ] DEBUG - Child process tracking started.
2017-12-18 02:17:32,406 [agent   :8510 ] DEBUG - Started child process 8534. Now tracking 1 processes.
2017-12-18 02:17:32,406 [agent   :8510 ] INFO  - Abort signal handler installed.
2017-12-18 02:17:32,407 [monitor :8534 ] INFO  - Process monitor succesfully started, monitoring PID 8510.
2017-12-18 02:17:32,413 [agent   :8510 ] INFO  - Status of loading Serviceability API symbols: available
2017-12-18 02:17:32,416 [agent   :8510 ] DEBUG - Started child process 8535. Now tracking 2 processes.
2017-12-18 02:17:32,762 [uploader:8535 ] INFO  - Plumbr native logging started. Native agent version B2058 build B2058
2017-12-18 02:17:33,148 [uploader:8535 ] INFO  - Starting to compress files /home/gunjan/Immovables/plumbr/plumbr/tmp/plumbr/oom_1513543332990/oom_info.txt and /home/gunjan/Immovables/plumbr/plumbr/tmp/plumbr/oom_1513543332990/oom_graph.bin to /home/gunjan/Immovables/plumbr/plumbr/tmp/plumbr/oom_1513543332990/oom.tbz2.
2017-12-18 02:18:38,150 [agent   :8510 ] DEBUG - Starting collecting heap dump
2017-12-18 02:18:38,150 [agent   :8510 ] DEBUG - Beginning to process snapshot {"type":"preemptive","flags":0,"description":"More than 50% of Old Generation used after Major GC"} of type 3 (started at 1513543718008).
2017-12-18 02:18:38,150 [agent   :8510 ] DEBUG - Sending processing message start: 
2017-12-18 02:18:38,152 [agent   :8510 ] DEBUG - Started child process 8591. Now tracking 3 processes.
2017-12-18 02:18:38,152 [agent   :8510 ] DEBUG - Disk space check passed (2060075008 available, 1000000000 required, 0 written)
2017-12-18 02:18:38,152 [agent   :8510 ] INFO  - Memory state before taking a memory snapshot: 16732966912 total physical memory, 5938040832 available (minimum allowed 334659338).
2017-12-18 02:18:38,158 [notify  :8591 ] INFO  - Sending OOM status notification start: .
2017-12-18 02:18:41,584 [agent   :8510 ] DEBUG - Disk space check passed (2003750912 available, 1000000000 required, 50000002 written)
2017-12-18 02:18:42,405 [agent   :8510 ] WARN  - Child process 8591 exited with signal 11.
2017-12-18 02:18:42,405 [agent   :8510 ] DEBUG - 2 tracked processes still active.
2017-12-18 02:18:44,203 [agent   :8510 ] DEBUG - Disk space check passed (1948160000 available, 1000000000 required, 100000003 written)
2017-12-18 02:18:46,287 [agent   :8510 ] DEBUG - Disk space check passed (1893445632 available, 1000000000 required, 150000002 written)
2017-12-18 02:18:48,750 [agent   :8510 ] DEBUG - Disk space check passed (1838718976 available, 1000000000 required, 200000010 written)
2017-12-18 02:18:50,657 [agent   :8510 ] DEBUG - Disk space check passed (1784025088 available, 1000000000 required, 250000004 written)
2017-12-18 02:18:52,821 [agent   :8510 ] DEBUG - Disk space check passed (1730154496 available, 1000000000 required, 300000000 written)
2017-12-18 02:18:55,780 [agent   :8510 ] DEBUG - Disk space check passed (1673752576 available, 1000000000 required, 350000011 written)
2017-12-18 02:18:57,686 [agent   :8510 ] DEBUG - Disk space check passed (1619869696 available, 1000000000 required, 400000010 written)
2017-12-18 02:18:59,644 [agent   :8510 ] DEBUG - Disk space check passed (1565155328 available, 1000000000 required, 450000010 written)
2017-12-18 02:19:01,674 [agent   :8510 ] DEBUG - Disk space check passed (1511272448 available, 1000000000 required, 500000011 written)
2017-12-18 02:19:03,803 [agent   :8510 ] DEBUG - Disk space check passed (1456562176 available, 1000000000 required, 550000016 written)
2017-12-18 02:19:06,274 [agent   :8510 ] DEBUG - Disk space check passed (1401040896 available, 1000000000 required, 600000007 written)
2017-12-18 02:19:08,547 [agent   :8510 ] DEBUG - Disk space check passed (1346326528 available, 1000000000 required, 650000007 written)
2017-12-18 02:19:12,339 [agent   :8510 ] DEBUG - Disk space check passed (1284837376 available, 1000000000 required, 700000002 written)
2017-12-18 02:19:14,165 [agent   :8510 ] DEBUG - Disk space check passed (1226244096 available, 1000000000 required, 750000016 written)
2017-12-18 02:19:16,040 [agent   :8510 ] DEBUG - Disk space check passed (1169858560 available, 1000000000 required, 800000005 written)
2017-12-18 02:19:17,951 [agent   :8510 ] DEBUG - Disk space check passed (1111302144 available, 1000000000 required, 850000015 written)
2017-12-18 02:19:20,148 [agent   :8510 ] DEBUG - Disk space check passed (1053171712 available, 1000000000 required, 900000008 written)
2017-12-18 02:19:22,377 [agent   :8510 ] WARN  - Disk is too full to continue snapshot (993509376 available, 1000000000 required, 950000010 written)
2017-12-18 02:19:31,819 [uploader:8535 ] ERROR - Aborting archive writing because available disk space is below 957538304 (below 1000000000).
2017-12-18 02:19:31,831 [uploader:8535 ] INFO  - Finished compression to /home/gunjan/Immovables/plumbr/plumbr/tmp/plumbr/oom_1513543332990/oom.tbz2.
2017-12-18 02:19:33,667 [agent   :8510 ] ERROR - Sending snapshot processing error (level fatal): disk is too full to continue
2017-12-18 02:19:33,668 [agent   :8510 ] DEBUG - Started child process 8623. Now tracking 3 processes.
2017-12-18 02:19:33,668 [agent   :8510 ] ERROR - Dumping was interrupted with a fatal error: disk is too full to continue. Deleting graph and info files, the rest of the OOM directory will be cleaned up by Java agent on next launch.
2017-12-18 02:19:33,702 [notify  :8623 ] INFO  - Sending OOM status notification fatal: disk is too full to continue.
2017-12-18 02:19:33,799 [agent   :8510 ] DEBUG - Snapshot processing finished.
2017-12-18 02:19:33,799 [agent   :8510 ] DEBUG - Finished collecting heap dump
2017-12-18 02:19:37,406 [agent   :8510 ] DEBUG - Child process 8535 finished successfully with exit code 0.
2017-12-18 02:19:37,406 [agent   :8510 ] WARN  - Child process 8623 exited with signal 11.
2017-12-18 02:19:37,406 [agent   :8510 ] DEBUG - 1 tracked processes still active.
2017-12-18 02:22:33,342 [monitor :8534 ] INFO  - Monitored process exited, crash log found.
2017-12-18 02:32:47,132 [agent   :9768 ] INFO  - Plumbr native logging started. Native agent version B2058 build B2058
2017-12-18 02:32:47,133 [agent   :9768 ] DEBUG - Child process tracking started.
2017-12-18 02:32:47,135 [agent   :9768 ] DEBUG - Started child process 9793. Now tracking 1 processes.
2017-12-18 02:32:47,135 [agent   :9768 ] INFO  - Abort signal handler installed.
2017-12-18 02:32:47,135 [monitor :9793 ] INFO  - Process monitor succesfully started, monitoring PID 9768.
2017-12-18 02:32:47,142 [agent   :9768 ] INFO  - Status of loading Serviceability API symbols: available
2017-12-18 02:32:47,144 [agent   :9768 ] DEBUG - Started child process 9794. Now tracking 2 processes.
2017-12-18 02:32:47,523 [uploader:9794 ] INFO  - Plumbr native logging started. Native agent version B2058 build B2058
2017-12-18 02:32:47,933 [uploader:9794 ] INFO  - Starting to compress files /home/gunjan/Immovables/plumbr/plumbr/tmp/plumbr/oom_1513543332990/oom_info.txt and /home/gunjan/Immovables/plumbr/plumbr/tmp/plumbr/oom_1513543332990/oom_graph.bin to /home/gunjan/Immovables/plumbr/plumbr/tmp/plumbr/oom_1513543332990/oom.tbz2.
2017-12-18 02:33:51,511 [agent   :9768 ] DEBUG - Starting collecting heap dump
2017-12-18 02:33:51,512 [agent   :9768 ] DEBUG - Beginning to process snapshot {"type":"preemptive","flags":0,"description":"More than 50% of Old Generation used after Major GC"} of type 3 (started at 1513544631355).
2017-12-18 02:33:51,512 [agent   :9768 ] DEBUG - Sending processing message start: 
2017-12-18 02:33:51,512 [agent   :9768 ] DEBUG - Started child process 9948. Now tracking 3 processes.
2017-12-18 02:33:51,512 [agent   :9768 ] DEBUG - Disk space check passed (1904427008 available, 1000000000 required, 0 written)
2017-12-18 02:33:51,512 [agent   :9768 ] INFO  - Memory state before taking a memory snapshot: 16732966912 total physical memory, 8912334848 available (minimum allowed 334659338).
2017-12-18 02:33:51,514 [notify  :9948 ] INFO  - Sending OOM status notification start: .
2017-12-18 02:33:52,134 [agent   :9768 ] WARN  - Child process 9948 exited with signal 11.
2017-12-18 02:33:52,134 [agent   :9768 ] DEBUG - 2 tracked processes still active.
2017-12-18 02:33:55,163 [agent   :9768 ] DEBUG - Disk space check passed (1847947264 available, 1000000000 required, 50000000 written)
2017-12-18 02:33:58,136 [agent   :9768 ] DEBUG - Disk space check passed (1792544768 available, 1000000000 required, 100000004 written)
2017-12-18 02:34:00,222 [agent   :9768 ] DEBUG - Disk space check passed (1738665984 available, 1000000000 required, 150000012 written)
2017-12-18 02:34:03,380 [agent   :9768 ] DEBUG - Disk space check passed (1683103744 available, 1000000000 required, 200000003 written)
2017-12-18 02:34:05,491 [agent   :9768 ] DEBUG - Disk space check passed (1629216768 available, 1000000000 required, 250000015 written)
2017-12-18 02:34:07,696 [agent   :9768 ] DEBUG - Disk space check passed (1575170048 available, 1000000000 required, 300000010 written)
2017-12-18 02:34:10,996 [agent   :9768 ] DEBUG - Disk space check passed (1518919680 available, 1000000000 required, 350000004 written)
2017-12-18 02:34:13,604 [agent   :9768 ] DEBUG - Disk space check passed (1465737216 available, 1000000000 required, 400000003 written)
2017-12-18 02:34:15,626 [agent   :9768 ] DEBUG - Disk space check passed (1411862528 available, 1000000000 required, 450000003 written)
2017-12-18 02:34:17,632 [agent   :9768 ] DEBUG - Disk space check passed (1357991936 available, 1000000000 required, 500000004 written)
2017-12-18 02:34:19,802 [agent   :9768 ] DEBUG - Disk space check passed (1303281664 available, 1000000000 required, 550000009 written)
2017-12-18 02:34:22,131 [agent   :9768 ] DEBUG - Disk space check passed (1249411072 available, 1000000000 required, 600000000 written)
2017-12-18 02:34:24,923 [agent   :9768 ] DEBUG - Disk space check passed (1193775104 available, 1000000000 required, 650000001 written)
2017-12-18 02:34:28,677 [agent   :9768 ] DEBUG - Disk space check passed (1136742400 available, 1000000000 required, 700000012 written)
2017-12-18 02:34:30,631 [agent   :9768 ] DEBUG - Disk space check passed (1082884096 available, 1000000000 required, 750000009 written)
2017-12-18 02:34:32,452 [agent   :9768 ] DEBUG - Disk space check passed (1029689344 available, 1000000000 required, 800000015 written)
2017-12-18 02:34:34,352 [agent   :9768 ] WARN  - Disk is too full to continue snapshot (975818752 available, 1000000000 required, 850000001 written)
2017-12-18 02:34:44,924 [uploader:9794 ] ERROR - Aborting archive writing because available disk space is below 939180032 (below 1000000000).
2017-12-18 02:34:44,989 [uploader:9794 ] INFO  - Finished compression to /home/gunjan/Immovables/plumbr/plumbr/tmp/plumbr/oom_1513543332990/oom.tbz2.
2017-12-18 02:34:45,408 [agent   :9768 ] ERROR - Sending snapshot processing error (level fatal): disk is too full to continue
2017-12-18 02:34:45,408 [agent   :9768 ] DEBUG - Started child process 9990. Now tracking 3 processes.
2017-12-18 02:34:45,408 [agent   :9768 ] ERROR - Dumping was interrupted with a fatal error: disk is too full to continue. Deleting graph and info files, the rest of the OOM directory will be cleaned up by Java agent on next launch.
2017-12-18 02:34:45,409 [notify  :9990 ] INFO  - Sending OOM status notification fatal: disk is too full to continue.
2017-12-18 02:34:45,536 [agent   :9768 ] DEBUG - Snapshot processing finished.
2017-12-18 02:34:45,536 [agent   :9768 ] DEBUG - Finished collecting heap dump
2017-12-18 02:34:47,136 [agent   :9768 ] DEBUG - Child process 9794 finished successfully with exit code 0.
2017-12-18 02:34:47,136 [agent   :9768 ] WARN  - Child process 9990 exited with signal 11.
2017-12-18 02:34:47,136 [agent   :9768 ] DEBUG - 1 tracked processes still active.
2017-12-18 02:51:49,027 [agent   :12400] INFO  - Plumbr native logging started. Native agent version B2058 build B2058
2017-12-18 02:51:49,027 [agent   :12400] DEBUG - Child process tracking started.
2017-12-18 02:51:49,030 [agent   :12400] DEBUG - Started child process 12423. Now tracking 1 processes.
2017-12-18 02:51:49,030 [agent   :12400] INFO  - Abort signal handler installed.
2017-12-18 02:51:49,030 [monitor :12423] INFO  - Process monitor succesfully started, monitoring PID 12400.
2017-12-18 02:51:49,030 [agent   :12400] DEBUG - Debug info file not found at: 
2017-12-18 02:51:49,030 [agent   :12400] DEBUG - Debug info file not found at: /usr/lib/jvm/java-8-openjdk/jre/lib/amd64/server/libjvm.debuginfo
2017-12-18 02:51:49,030 [agent   :12400] DEBUG - Debug info file not found at: /usr/lib/jvm/java-8-openjdk/jre/lib/amd64/server/.debug/libjvm.debuginfo
2017-12-18 02:51:49,030 [agent   :12400] DEBUG - Debug info file not found at: /usr/lib/debug/libjvm.debuginfo
2017-12-18 02:51:49,031 [agent   :12400] INFO  - Status of loading Serviceability API symbols: debug_file_not_found
2017-12-18 02:51:49,032 [agent   :12400] DEBUG - Started child process 12424. Now tracking 2 processes.
2017-12-18 02:51:49,320 [uploader:12424] INFO  - Plumbr native logging started. Native agent version B2058 build B2058
2017-12-18 02:51:54,027 [agent   :12400] DEBUG - Child process 12424 finished successfully with exit code 0.
2017-12-18 02:51:54,028 [agent   :12400] DEBUG - 1 tracked processes still active.
2017-12-18 02:52:16,456 [monitor :12423] INFO  - Monitored process exited, no crash log found.
2017-12-18 15:57:06,296 [agent   :27652] INFO  - Plumbr native logging started. Native agent version B2058 build B2058
2017-12-18 15:57:06,297 [agent   :27652] DEBUG - Child process tracking started.
2017-12-18 15:57:06,299 [agent   :27652] DEBUG - Started child process 27677. Now tracking 1 processes.
2017-12-18 15:57:06,299 [agent   :27652] INFO  - Abort signal handler installed.
2017-12-18 15:57:06,300 [monitor :27677] INFO  - Process monitor succesfully started, monitoring PID 27652.
2017-12-18 15:57:06,300 [agent   :27652] DEBUG - Debug info file not found at: 
2017-12-18 15:57:06,300 [agent   :27652] DEBUG - Debug info file not found at: /usr/lib/jvm/java-8-openjdk/jre/lib/amd64/server/libjvm.debuginfo
2017-12-18 15:57:06,300 [agent   :27652] DEBUG - Debug info file not found at: /usr/lib/jvm/java-8-openjdk/jre/lib/amd64/server/.debug/libjvm.debuginfo
2017-12-18 15:57:06,300 [agent   :27652] DEBUG - Debug info file not found at: /usr/lib/debug/libjvm.debuginfo
2017-12-18 15:57:06,300 [agent   :27652] INFO  - Status of loading Serviceability API symbols: debug_file_not_found
2017-12-18 15:57:21,835 [monitor :27677] INFO  - Monitored process exited, no crash log found.
